Flattening unmatched subcell sky130_fd_sc_hd__dfxbp_1 in circuit dff_stdcell (0)(1 instance)
Warning: Equate pins:  cell sky130_fd_pr__pfet_01v8_hvt has no definition, treated as a black box.
Warning: Equate pins:  cell sky130_fd_pr__pfet_01v8_hvt has no definition, treated as a black box.

Subcircuit pins:
Circuit 1: sky130_fd_pr__pfet_01v8_hvt     |Circuit 2: sky130_fd_pr__pfet_01v8_hvt     
-------------------------------------------|-------------------------------------------
1                                          |1                                          
2                                          |2                                          
3                                          |3                                          
4                                          |4                                          
---------------------------------------------------------------------------------------
Cell pin lists are equivalent.
Device classes sky130_fd_pr__pfet_01v8_hvt and sky130_fd_pr__pfet_01v8_hvt are equivalent.
Warning: Equate pins:  cell sky130_fd_pr__nfet_01v8 has no definition, treated as a black box.
Warning: Equate pins:  cell sky130_fd_pr__nfet_01v8 has no definition, treated as a black box.

Subcircuit pins:
Circuit 1: sky130_fd_pr__nfet_01v8         |Circuit 2: sky130_fd_pr__nfet_01v8         
-------------------------------------------|-------------------------------------------
1                                          |1                                          
2                                          |2                                          
3                                          |3                                          
4                                          |4                                          
---------------------------------------------------------------------------------------
Cell pin lists are equivalent.
Device classes sky130_fd_pr__nfet_01v8 and sky130_fd_pr__nfet_01v8 are equivalent.

Subcircuit summary:
Circuit 1: dff_stdcell                     |Circuit 2: dff_stdcell_flat                
-------------------------------------------|-------------------------------------------
sky130_fd_pr__pfet_01v8_hvt (14)           |sky130_fd_pr__pfet_01v8_hvt (14)           
sky130_fd_pr__nfet_01v8 (14)               |sky130_fd_pr__nfet_01v8 (14)               
Number of devices: 28                      |Number of devices: 28                      
Number of nets: 18 **Mismatch**            |Number of nets: 20 **Mismatch**            
---------------------------------------------------------------------------------------
NET mismatches: Class fragments follow (with fanout counts):
Circuit 1: dff_stdcell                     |Circuit 2: dff_stdcell_flat                

---------------------------------------------------------------------------------------
(no matching net)                          |Net: sky130_fd_sc_hd__dfxbp_1_0/VNB        
                                           |  sky130_fd_pr__nfet_01v8/4 = 14           
                                           |                                           
(no matching net)                          |Net: sky130_fd_sc_hd__dfxbp_1_0/VPB        
                                           |  sky130_fd_pr__pfet_01v8_hvt/4 = 14       
---------------------------------------------------------------------------------------

---------------------------------------------------------------------------------------
(no matching net)                          |Net: VSS                                   
                                           |  sky130_fd_pr__nfet_01v8/(1|3) = 10       
                                           |                                           
(no matching net)                          |Net: VDD                                   
                                           |  sky130_fd_pr__pfet_01v8_hvt/(1|3) = 10   
---------------------------------------------------------------------------------------

---------------------------------------------------------------------------------------
Net: sky130_fd_sc_hd__dfxbp_112/a_634_159# |Net: a_241_n57#                            
  sky130_fd_pr__pfet_01v8_hvt/(1|3) = 2    |  sky130_fd_pr__pfet_01v8_hvt/(1|3) = 1    
  sky130_fd_pr__nfet_01v8/(1|3) = 2        |  sky130_fd_pr__nfet_01v8/(1|3) = 1        
  sky130_fd_pr__pfet_01v8_hvt/2 = 1        |  sky130_fd_pr__nfet_01v8/2 = 2            
  sky130_fd_pr__nfet_01v8/2 = 1            |  sky130_fd_pr__pfet_01v8_hvt/2 = 2        
                                           |                                           
Net: sky130_fd_sc_hd__dfxbp_112/a_466_413# |Net: a_939_309#                            
  sky130_fd_pr__pfet_01v8_hvt/(1|3) = 2    |  sky130_fd_pr__nfet_01v8/2 = 1            
  sky130_fd_pr__pfet_01v8_hvt/2 = 1        |  sky130_fd_pr__pfet_01v8_hvt/(1|3) = 2    
  sky130_fd_pr__nfet_01v8/2 = 1            |  sky130_fd_pr__nfet_01v8/(1|3) = 2        
  sky130_fd_pr__nfet_01v8/(1|3) = 2        |  sky130_fd_pr__pfet_01v8_hvt/2 = 1        
                                           |                                           
Net: sky130_fd_sc_hd__dfxbp_112/a_193_47#  |Net: a_514_309#                            
  sky130_fd_pr__pfet_01v8_hvt/2 = 2        |  sky130_fd_pr__pfet_01v8_hvt/2 = 1        
  sky130_fd_pr__nfet_01v8/2 = 2            |  sky130_fd_pr__nfet_01v8/(1|3) = 2        
  sky130_fd_pr__nfet_01v8/(1|3) = 1        |  sky130_fd_pr__pfet_01v8_hvt/(1|3) = 2    
  sky130_fd_pr__pfet_01v8_hvt/(1|3) = 1    |  sky130_fd_pr__nfet_01v8/2 = 1            
                                           |                                           
Net: sky130_fd_sc_hd__dfxbp_112/a_891_413# |Net: a_682_55#                             
  sky130_fd_pr__pfet_01v8_hvt/(1|3) = 2    |  sky130_fd_pr__pfet_01v8_hvt/(1|3) = 2    
  sky130_fd_pr__nfet_01v8/(1|3) = 2        |  sky130_fd_pr__nfet_01v8/2 = 1            
  sky130_fd_pr__pfet_01v8_hvt/2 = 1        |  sky130_fd_pr__pfet_01v8_hvt/2 = 1        
  sky130_fd_pr__nfet_01v8/2 = 1            |  sky130_fd_pr__nfet_01v8/(1|3) = 2        
---------------------------------------------------------------------------------------

---------------------------------------------------------------------------------------
Net: sky130_fd_sc_hd__dfxbp_112/a_27_47#   |Net: a_75_n57#                             
  sky130_fd_pr__pfet_01v8_hvt/2 = 3        |  sky130_fd_pr__pfet_01v8_hvt/2 = 3        
  sky130_fd_pr__nfet_01v8/2 = 3            |  sky130_fd_pr__nfet_01v8/2 = 3            
  sky130_fd_pr__nfet_01v8/(1|3) = 1        |  sky130_fd_pr__nfet_01v8/(1|3) = 1        
  sky130_fd_pr__pfet_01v8_hvt/(1|3) = 1    |  sky130_fd_pr__pfet_01v8_hvt/(1|3) = 1    
                                           |                                           
Net: sky130_fd_sc_hd__dfxbp_112/a_1059_315 |Net: a_1107_211#                           
  sky130_fd_pr__pfet_01v8_hvt/2 = 3        |  sky130_fd_pr__nfet_01v8/(1|3) = 1        
  sky130_fd_pr__nfet_01v8/2 = 3            |  sky130_fd_pr__pfet_01v8_hvt/2 = 3        
  sky130_fd_pr__pfet_01v8_hvt/(1|3) = 1    |  sky130_fd_pr__nfet_01v8/2 = 3            
  sky130_fd_pr__nfet_01v8/(1|3) = 1        |  sky130_fd_pr__pfet_01v8_hvt/(1|3) = 1    
---------------------------------------------------------------------------------------

---------------------------------------------------------------------------------------
Net: sky130_fd_sc_hd__dfxbp_112/a_381_47#  |Net: a_429_n57#                            
  sky130_fd_pr__pfet_01v8_hvt/(1|3) = 2    |  sky130_fd_pr__nfet_01v8/(1|3) = 2        
  sky130_fd_pr__nfet_01v8/(1|3) = 2        |  sky130_fd_pr__pfet_01v8_hvt/(1|3) = 2    
                                           |                                           
Net: sky130_fd_sc_hd__dfxbp_112/a_1490_369 |Net: a_1538_265#                           
  sky130_fd_pr__pfet_01v8_hvt/(1|3) = 1    |  sky130_fd_pr__pfet_01v8_hvt/(1|3) = 1    
  sky130_fd_pr__nfet_01v8/2 = 1            |  sky130_fd_pr__pfet_01v8_hvt/2 = 1        
  sky130_fd_pr__nfet_01v8/(1|3) = 1        |  sky130_fd_pr__nfet_01v8/2 = 1            
  sky130_fd_pr__pfet_01v8_hvt/2 = 1        |  sky130_fd_pr__nfet_01v8/(1|3) = 1        
---------------------------------------------------------------------------------------

---------------------------------------------------------------------------------------
Net: VDD                                   |(no matching net)                          
  sky130_fd_pr__pfet_01v8_hvt/(1|3) = 10   |                                           
  sky130_fd_pr__pfet_01v8_hvt/4 = 14       |                                           
                                           |                                           
Net: VSS                                   |(no matching net)                          
  sky130_fd_pr__nfet_01v8/(1|3) = 10       |                                           
  sky130_fd_pr__nfet_01v8/4 = 14           |                                           
---------------------------------------------------------------------------------------

---------------------------------------------------------------------------------------
Net: CLK                                   |Net: CLK                                   
  sky130_fd_pr__nfet_01v8/2 = 1            |  sky130_fd_pr__nfet_01v8/2 = 1            
  sky130_fd_pr__pfet_01v8_hvt/2 = 1        |  sky130_fd_pr__pfet_01v8_hvt/2 = 1        
                                           |                                           
Net: D                                     |Net: D                                     
  sky130_fd_pr__pfet_01v8_hvt/2 = 1        |  sky130_fd_pr__pfet_01v8_hvt/2 = 1        
  sky130_fd_pr__nfet_01v8/2 = 1            |  sky130_fd_pr__nfet_01v8/2 = 1            
                                           |                                           
Net: QB                                    |Net: QB                                    
  sky130_fd_pr__nfet_01v8/(1|3) = 1        |  sky130_fd_pr__nfet_01v8/(1|3) = 1        
  sky130_fd_pr__pfet_01v8_hvt/(1|3) = 1    |  sky130_fd_pr__pfet_01v8_hvt/(1|3) = 1    
                                           |                                           
Net: sky130_fd_sc_hd__dfxbp_112/a_975_413# |Net: a_609_309#                            
  sky130_fd_pr__pfet_01v8_hvt/(1|3) = 2    |  sky130_fd_pr__pfet_01v8_hvt/(1|3) = 2    
                                           |                                           
Net: sky130_fd_sc_hd__dfxbp_112/a_561_413# |Net: a_640_n57#                            
  sky130_fd_pr__pfet_01v8_hvt/(1|3) = 2    |  sky130_fd_pr__nfet_01v8/(1|3) = 2        
                                           |                                           
Net: Q                                     |Net: Q                                     
  sky130_fd_pr__pfet_01v8_hvt/(1|3) = 1    |  sky130_fd_pr__nfet_01v8/(1|3) = 1        
  sky130_fd_pr__nfet_01v8/(1|3) = 1        |  sky130_fd_pr__pfet_01v8_hvt/(1|3) = 1    
                                           |                                           
Net: sky130_fd_sc_hd__dfxbp_112/a_1017_47# |Net: a_1023_309#                           
  sky130_fd_pr__nfet_01v8/(1|3) = 2        |  sky130_fd_pr__pfet_01v8_hvt/(1|3) = 2    
                                           |                                           
Net: sky130_fd_sc_hd__dfxbp_112/a_592_47#  |Net: a_1065_n57#                           
  sky130_fd_pr__nfet_01v8/(1|3) = 2        |  sky130_fd_pr__nfet_01v8/(1|3) = 2        
---------------------------------------------------------------------------------------
DEVICE mismatches: Class fragments follow (with node fanout counts):
Circuit 1: dff_stdcell                     |Circuit 2: dff_stdcell_flat                

---------------------------------------------------------------------------------------
Instance: sky130_fd_sc_hd__dfxbp_112/sky13 |Instance: sky130_fd_pr__nfet_01v827        
  (1,3) = (24,4)                           |  (1,3) = (6,6)                            
  2 = 2                                    |  2 = 6                                    
  4 = 24                                   |  4 = 14                                   
                                           |                                           
Instance: sky130_fd_sc_hd__dfxbp_112/sky13 |Instance: sky130_fd_pr__nfet_01v826        
  (1,3) = (24,4)                           |  (1,3) = (6,4)                            
  2 = 8                                    |  2 = 8                                    
  4 = 24                                   |  4 = 14                                   
                                           |                                           
Instance: sky130_fd_sc_hd__dfxbp_112/sky13 |Instance: sky130_fd_pr__nfet_01v825        
  (1,3) = (24,8)                           |  (1,3) = (10,6)                           
  2 = 6                                    |  2 = 6                                    
  4 = 24                                   |  4 = 14                                   
                                           |                                           
Instance: sky130_fd_sc_hd__dfxbp_112/sky13 |Instance: sky130_fd_pr__nfet_01v822        
  (1,3) = (24,8)                           |  (1,3) = (10,4)                           
  2 = 2                                    |  2 = 8                                    
  4 = 24                                   |  4 = 14                                   
                                           |                                           
Instance: sky130_fd_sc_hd__dfxbp_112/sky13 |Instance: sky130_fd_pr__nfet_01v819        
  (1,3) = (6,4)                            |  (1,3) = (10,8)                           
  2 = 8                                    |  2 = 2                                    
  4 = 24                                   |  4 = 14                                   
                                           |                                           
Instance: sky130_fd_sc_hd__dfxbp_112/sky13 |Instance: sky130_fd_pr__nfet_01v817        
  (1,3) = (24,6)                           |  (1,3) = (10,4)                           
  2 = 8                                    |  2 = 2                                    
  4 = 24                                   |  4 = 14                                   
                                           |                                           
Instance: sky130_fd_sc_hd__dfxbp_112/sky13 |Instance: sky130_fd_pr__nfet_01v816        
  (1,3) = (6,2)                            |  (1,3) = (10,2)                           
  2 = 6                                    |  2 = 4                                    
  4 = 24                                   |  4 = 14                                   
                                           |                                           
Instance: sky130_fd_sc_hd__dfxbp_112/sky13 |Instance: sky130_fd_pr__nfet_01v814        
  (1,3) = (24,2)                           |  (1,3) = (6,2)                            
  2 = 6                                    |  2 = 6                                    
  4 = 24                                   |  4 = 14                                   
                                           |                                           
Instance: sky130_fd_sc_hd__dfxbp_112/sky13 |Instance: sky130_fd_pr__nfet_01v813        
  (1,3) = (6,6)                            |  (1,3) = (10,6)                           
  2 = 6                                    |  2 = 8                                    
  4 = 24                                   |  4 = 14                                   
                                           |                                           
Instance: sky130_fd_sc_hd__dfxbp_112/sky13 |Instance: sky130_fd_pr__nfet_01v87         
  (1,3) = (6,2)                            |  (1,3) = (10,2)                           
  2 = 8                                    |  2 = 6                                    
  4 = 24                                   |  4 = 14                                   
                                           |                                           
Instance: sky130_fd_sc_hd__dfxbp_112/sky13 |Instance: sky130_fd_pr__nfet_01v84         
  (1,3) = (24,6)                           |  (1,3) = (6,2)                            
  2 = 6                                    |  2 = 8                                    
  4 = 24                                   |  4 = 14                                   
                                           |                                           
Instance: sky130_fd_sc_hd__dfxbp_112/sky13 |Instance: sky130_fd_pr__nfet_01v81         
  (1,3) = (24,2)                           |  (1,3) = (10,8)                           
  2 = 4                                    |  2 = 6                                    
  4 = 24                                   |  4 = 14                                   
---------------------------------------------------------------------------------------

---------------------------------------------------------------------------------------
Instance: sky130_fd_sc_hd__dfxbp_112/sky13 |(no matching instance)                     
  (1,3) = (24,2)                           |                                           
  2 = 8                                    |                                           
  4 = 24                                   |                                           
                                           |                                           
                                           |                                           
Instance: sky130_fd_sc_hd__dfxbp_112/sky13 |(no matching instance)                     
  (1,3) = (24,2)                           |                                           
  2 = 8                                    |                                           
  4 = 24                                   |                                           
                                           |                                           
---------------------------------------------------------------------------------------

---------------------------------------------------------------------------------------
(no matching instance)                     |Instance: sky130_fd_pr__nfet_01v86         
                                           |  (1,3) = (10,2)                           
                                           |  2 = 8                                    
                                           |  4 = 14                                   
                                           |                                           
                                           |                                           
(no matching instance)                     |Instance: sky130_fd_pr__nfet_01v812        
                                           |  (1,3) = (10,2)                           
                                           |  2 = 8                                    
                                           |  4 = 14                                   
                                           |                                           
---------------------------------------------------------------------------------------

---------------------------------------------------------------------------------------
Instance: sky130_fd_sc_hd__dfxbp_112/sky13 |Instance: sky130_fd_pr__pfet_01v8_hvt24    
  (1,3) = (24,2)                           |  (1,3) = (6,4)                            
  2 = 4                                    |  2 = 6                                    
  4 = 24                                   |  4 = 14                                   
                                           |                                           
Instance: sky130_fd_sc_hd__dfxbp_112/sky13 |Instance: sky130_fd_pr__pfet_01v8_hvt23    
  (1,3) = (24,6)                           |  (1,3) = (10,8)                           
  2 = 8                                    |  2 = 2                                    
  4 = 24                                   |  4 = 14                                   
                                           |                                           
Instance: sky130_fd_sc_hd__dfxbp_112/sky13 |Instance: sky130_fd_pr__pfet_01v8_hvt21    
  (1,3) = (24,8)                           |  (1,3) = (6,2)                            
  2 = 2                                    |  2 = 6                                    
  4 = 24                                   |  4 = 14                                   
                                           |                                           
Instance: sky130_fd_sc_hd__dfxbp_112/sky13 |Instance: sky130_fd_pr__pfet_01v8_hvt20    
  (1,3) = (24,8)                           |  (1,3) = (10,4)                           
  2 = 6                                    |  2 = 2                                    
  4 = 24                                   |  4 = 14                                   
                                           |                                           
Instance: sky130_fd_sc_hd__dfxbp_112/sky13 |Instance: sky130_fd_pr__pfet_01v8_hvt18    
  (1,3) = (24,2)                           |  (1,3) = (6,2)                            
  2 = 6                                    |  2 = 8                                    
  4 = 24                                   |  4 = 14                                   
                                           |                                           
Instance: sky130_fd_sc_hd__dfxbp_112/sky13 |Instance: sky130_fd_pr__pfet_01v8_hvt11    
  (1,3) = (24,6)                           |  (1,3) = (10,2)                           
  2 = 6                                    |  2 = 4                                    
  4 = 24                                   |  4 = 14                                   
                                           |                                           
Instance: sky130_fd_sc_hd__dfxbp_112/sky13 |Instance: sky130_fd_pr__pfet_01v8_hvt10    
  (1,3) = (24,4)                           |  (1,3) = (10,4)                           
  2 = 2                                    |  2 = 8                                    
  4 = 24                                   |  4 = 14                                   
                                           |                                           
Instance: sky130_fd_sc_hd__dfxbp_112/sky13 |Instance: sky130_fd_pr__pfet_01v8_hvt9     
  (1,3) = (6,4)                            |  (1,3) = (10,2)                           
  2 = 6                                    |  2 = 6                                    
  4 = 24                                   |  4 = 14                                   
                                           |                                           
Instance: sky130_fd_sc_hd__dfxbp_112/sky13 |Instance: sky130_fd_pr__pfet_01v8_hvt8     
  (1,3) = (6,6)                            |  (1,3) = (10,8)                           
  2 = 8                                    |  2 = 6                                    
  4 = 24                                   |  4 = 14                                   
                                           |                                           
Instance: sky130_fd_sc_hd__dfxbp_112/sky13 |Instance: sky130_fd_pr__pfet_01v8_hvt3     
  (1,3) = (6,2)                            |  (1,3) = (6,6)                            
  2 = 8                                    |  2 = 8                                    
  4 = 24                                   |  4 = 14                                   
                                           |                                           
Instance: sky130_fd_sc_hd__dfxbp_112/sky13 |Instance: sky130_fd_pr__pfet_01v8_hvt2     
  (1,3) = (6,2)                            |  (1,3) = (10,6)                           
  2 = 6                                    |  2 = 8                                    
  4 = 24                                   |  4 = 14                                   
                                           |                                           
Instance: sky130_fd_sc_hd__dfxbp_112/sky13 |Instance: sky130_fd_pr__pfet_01v8_hvt0     
  (1,3) = (24,4)                           |  (1,3) = (10,6)                           
  2 = 8                                    |  2 = 6                                    
  4 = 24                                   |  4 = 14                                   
---------------------------------------------------------------------------------------

---------------------------------------------------------------------------------------
Instance: sky130_fd_sc_hd__dfxbp_112/sky13 |(no matching instance)                     
  (1,3) = (24,2)                           |                                           
  2 = 8                                    |                                           
  4 = 24                                   |                                           
                                           |                                           
                                           |                                           
Instance: sky130_fd_sc_hd__dfxbp_112/sky13 |(no matching instance)                     
  (1,3) = (24,2)                           |                                           
  2 = 8                                    |                                           
  4 = 24                                   |                                           
                                           |                                           
---------------------------------------------------------------------------------------

---------------------------------------------------------------------------------------
(no matching instance)                     |Instance: sky130_fd_pr__pfet_01v8_hvt5     
                                           |  (1,3) = (10,2)                           
                                           |  2 = 8                                    
                                           |  4 = 14                                   
                                           |                                           
                                           |                                           
(no matching instance)                     |Instance: sky130_fd_pr__pfet_01v8_hvt15    
                                           |  (1,3) = (10,2)                           
                                           |  2 = 8                                    
                                           |  4 = 14                                   
                                           |                                           
---------------------------------------------------------------------------------------
Netlists do not match.
Netlists do not match.
