 
****************************************
Report : reference
Design : sar_adc_controller
Version: L-2016.03-SP5-5
Date   : Mon Jul 19 16:02:25 2021
****************************************

Attributes:
    b - black box (unknown)
   bo - allows boundary optimization
    d - dont_touch
   mo - map_only
    h - hierarchical
    n - noncombinational
    r - removable
    s - synthetic operator
    u - contains unmapped logic

Reference          Library       Unit Area   Count    Total Area   Attributes
-----------------------------------------------------------------------------
sar_adc_controller_SNPS_CLOCK_GATE_HIGH_sar_adc_controller_0    18.768000       1    18.768000 b, h
sky130_fd_sc_hd__a21oi_1 sky130_fd_sc_hd__tt_025C_1v80     5.004800       1     5.004800
sky130_fd_sc_hd__and2_1 sky130_fd_sc_hd__tt_025C_1v80     6.256000      19   118.864001
sky130_fd_sc_hd__dfxtp_1 sky130_fd_sc_hd__tt_025C_1v80    20.019199      20   400.383987 n
sky130_fd_sc_hd__inv_1 sky130_fd_sc_hd__tt_025C_1v80     3.753600      11    41.289599
sky130_fd_sc_hd__inv_2 sky130_fd_sc_hd__tt_025C_1v80     3.753600       1     3.753600
sky130_fd_sc_hd__nand2_1 sky130_fd_sc_hd__tt_025C_1v80     3.753600       3    11.260800
sky130_fd_sc_hd__nand2b_1 sky130_fd_sc_hd__tt_025C_1v80     6.256000       1     6.256000
sky130_fd_sc_hd__nand3_1 sky130_fd_sc_hd__tt_025C_1v80     5.004800       1     5.004800
sky130_fd_sc_hd__nor2_1 sky130_fd_sc_hd__tt_025C_1v80     3.753600      18    67.564798
sky130_fd_sc_hd__nor2b_1 sky130_fd_sc_hd__tt_025C_1v80     6.256000       7    43.792000
sky130_fd_sc_hd__o21ai_1 sky130_fd_sc_hd__tt_025C_1v80     5.004800       1     5.004800
-----------------------------------------------------------------------------
Total 12 references                                   726.947184

****************************************
Design: sar_adc_controller_SNPS_CLOCK_GATE_HIGH_sar_adc_controller_0 
****************************************
Reference          Library       Unit Area   Count    Total Area   Attributes
-----------------------------------------------------------------------------
sky130_fd_sc_hd__sdlclkp_1 sky130_fd_sc_hd__tt_025C_1v80    18.768000       1    18.768000 b
-----------------------------------------------------------------------------
Total 1 references                                     18.768000
1
