 
****************************************
Report : saif
        -hier
        -rtl_saif
Design : sar_adc_controller
Version: L-2016.03-SP5-5
Date   : Mon Jul 19 16:02:25 2021
****************************************

  

--------------------------------------------------------------------------------
              User              Default           Propagated
Object type   Annotated (%)     Activity (%)      Activity (%)       Total
--------------------------------------------------------------------------------
  
 Ports        12(85.71%)        0(0.00%)          2(14.29%)          14
 Seq Cells    0(0.00%)          0(0.00%)          20(100.00%)        20
 Tri Cells    0(0.00%)          0(0.00%)          0(0.00%)           0
--------------------------------------------------------------------------------

 List of Annotated ports :

   adc_val[0] 
   adc_val[1] 
   adc_val[2] 
   adc_val[3] 
   adc_val[4] 
   adc_val[5] 
   adc_val[6] 
   adc_val[7] 
   comparator_val 
   adc_start 
   rst_n 
   clk 

 List of Annotated sequential cells :

   0 sequential cells

 List of Annotated three-state cells :

   0 three-state cells

--------------------------------------------------------------------------------
1
