
Design          Type    Object                  New Name
--------------------------------------------------------------------------------
Warning: The specified replacement character (_) is conflicting with the specified allowed or restricted character.   (UCN-4)
sar_adc_controller
                cell    dac_mask_reg[0]         dac_mask_reg_0_
sar_adc_controller
                cell    state_r_reg[0]          state_r_reg_0_
sar_adc_controller
                cell    state_r_reg[1]          state_r_reg_1_
sar_adc_controller
                cell    dac_mask_reg[7]         dac_mask_reg_7_
sar_adc_controller
                cell    dac_select_bits_reg[0]  dac_select_bits_reg_0_
sar_adc_controller
                cell    dac_select_bits_reg[7]  dac_select_bits_reg_7_
sar_adc_controller
                cell    dac_mask_reg[6]         dac_mask_reg_6_
sar_adc_controller
                cell    dac_select_bits_reg[6]  dac_select_bits_reg_6_
sar_adc_controller
                cell    dac_mask_reg[5]         dac_mask_reg_5_
sar_adc_controller
                cell    dac_select_bits_reg[5]  dac_select_bits_reg_5_
sar_adc_controller
                cell    dac_mask_reg[4]         dac_mask_reg_4_
sar_adc_controller
                cell    dac_select_bits_reg[4]  dac_select_bits_reg_4_
sar_adc_controller
                cell    dac_mask_reg[3]         dac_mask_reg_3_
sar_adc_controller
                cell    dac_select_bits_reg[3]  dac_select_bits_reg_3_
sar_adc_controller
                cell    dac_mask_reg[2]         dac_mask_reg_2_
sar_adc_controller
                cell    dac_select_bits_reg[2]  dac_select_bits_reg_2_
sar_adc_controller
                cell    dac_mask_reg[1]         dac_mask_reg_1_
sar_adc_controller
                cell    dac_select_bits_reg[1]  dac_select_bits_reg_1_
sar_adc_controller
                net     *Logic0*                n_Logic0_
1
