ADK_ANTENNA_CELL     = "sky130_fd_sc_hd__diode_2"
ADK_BASE_LAYER_IDX   = "1"
ADK_BUF_CELL_LIST    = "sky130_fd_sc_hd__buf_1    sky130_fd_sc_hd__buf_2    sky130_fd_sc_hd__buf_4    sky130_fd_sc_hd__buf_6    sky130_fd_sc_hd__buf_8    sky130_fd_sc_hd__buf_12    sky130_fd_sc_hd__buf_16"
ADK_DRIVING_CELL     = "sky130_fd_sc_hd__inv_2"
ADK_END_CAP_CELL     = "sky130_fd_sc_hd__decap_3"
ADK_FILLER_CELLS     = "sky130_fd_sc_hd__fill_8    sky130_fd_sc_hd__fill_4    sky130_fd_sc_hd__fill_2    sky130_fd_sc_hd__fill_1"
ADK_LVS_EXCLUDE_CELL_LIST = "sky130_fd_sc_hd__fill_*    sky130_fd_sc_hd__tapvpwrvgnd_1"
ADK_MAX_ROUTING_LAYER_DC = "met5"
ADK_MAX_ROUTING_LAYER_INNOVUS = "6"
ADK_MIN_BUF_CELL     = "sky130_fd_sc_hd__buf_1"
ADK_MIN_BUF_PORT_I   = "A"
ADK_MIN_BUF_PORT_O   = "X"
ADK_MIN_ROUTING_LAYER_DC = "met2"
ADK_POWER_MESH_BOT_LAYER = "5"
ADK_POWER_MESH_TOP_LAYER = "6"
ADK_PROCESS          = "130"
ADK_TIE_CELLS        = "sky130_fd_sc_hd__conb_1"
ADK_TIE_HI_CELL      = "sky130_fd_sc_hd__conb_1"
ADK_TIE_HI_PORT      = "HI"
ADK_TIE_LO_CELL      = "sky130_fd_sc_hd__conb_1"
ADK_TIE_LO_PORT      = "LO"
ADK_TYPICAL_ON_CHIP_LOAD = "0.009"
ADK_VIRTUOSO_EXCLUDE_CELL_LIST = "sky130_fd_sc_hd__fill_*    sky130_fd_sc_hd__tapvpwrvgnd_1"
ADK_WELL_TAP_CELL    = "sky130_fd_sc_hd__tapvpwrvgnd_1"
ADK_WELL_TAP_INTERVAL = "13"
DW_lp_op_iso_mode    = "NONE"
HIERARCHY_DELIMITER  = "/"
_Variable_Groups     = "<array?>"
__err                = "can't read "::env(LMC_HOME)": no such variable"
_acs_html_filename   = "Results.html"
_acs_top_html_filename = "ACS_results"
_mv_allow_upf_cells_without_upf_disable_all_upf = "true"
abstraction_enable_power_calculation = "true"
abstraction_ignore_percentage = "25"
access_internal_pins = "false"
acs_area_report_suffix = "area"
acs_attr             = "OptimizationPriorities PreserveBoundaries CompileVerify TestReadyCompile MaxArea CanFlatten FullCompile IncrementalCompile BoundaryCompile UltraOptimization AutoUngroup UseTopAllPaths CompileUltra TargetCompiler"
acs_autopart_max_area = "0.0"
acs_autopart_max_percent = "0.0"
acs_budgeted_cstr_suffix = "con"
acs_compile_script_suffix = "autoscr"
acs_constraint_file_suffix = "con"
acs_dc_exec          = ""
acs_ddc_suffix       = "ddc"
acs_default_pass_name = "pass"
acs_dir              = "<array?>"
acs_exclude_extensions = ""
acs_exclude_list     = "/cad/synopsys/syn/L-2016.03-SP5-5"
acs_hdl_source       = ""
acs_hdl_sverilog_define_list = ""
acs_hdl_verilog_define_list = ""
acs_insert_level_shifter = "true"
acs_lic_wait         = "0"
acs_make_args        = "set acs_make_args"
acs_make_exec        = "gmake"
acs_num_parallel_jobs = "1"
acs_override_report_suffix = "report"
acs_preferred_target_compiler = ""
acs_submit_log_uses_o_option = "true"
acs_sverilog_extensions = ".sv"
acs_svf_suffix       = "svf"
acs_use_autopartition = "false"
acs_use_default_delays = "false"
acs_user_budgeting_script = "budget.scr"
acs_user_top_compile_strategy_script = "default_top"
acs_verilog_extensions = ".v"
acs_vhdl_extensions  = ".vhd"
adk_dir              = "inputs/adk"
alib_library_analysis_path = "alib"
allow_input_delay_min_greater_than_max = "false"
annotation_control   = "64"
arch                 = "linux64"
atpg_bidirect_output_only = "false"
atpg_test_asynchronous_pins = "true"
auto_attr_spread_debug = "false"
auto_index           = "<array?>"
auto_insert_level_shifters = "true"
auto_insert_level_shifters_on_clocks = ""
auto_link_disable    = "false"
auto_link_options    = "-all"
auto_noexec          = "1"
auto_oldpath         = ""
auto_path            = "/cad/synopsys/syn/L-2016.03-SP5-5/auxx/tcllib/lib/tcl8.6 /cad/synopsys/syn/L-2016.03-SP5-5/auxx/tcllib/snps_tcl /cad/synopsys/syn/L-2016.03-SP5-5/auxx/tcllib/syn /cad/synopsys/syn/L-2016.03-SP5-5/auxx/tcllib/lib /cad/synopsys/syn/L-2016.03-SP5-5/amd64/syn/lib /cad/synopsys/syn/L-2016.03-SP5-5/auxx/syn/lib /cad/synopsys/syn/L-2016.03-SP5-5/auxx/gui /cad/synopsys/syn/L-2016.03-SP5-5/auxx/gui/common /cad/synopsys/syn/L-2016.03-SP5-5/auxx/gui/syn/layout"
auto_ungroup_preserve_constraints = "true"
banking_enable_concatenate_name = "true"
bin_path             = "/cad/synopsys/syn/L-2016.03-SP5-5/linux64/syn/bin"
bind_unused_hierarchical_pins = "true"
bit_blasted_bus_linking_naming_styles = "%s\[%d\] %s(%d) %s_%d_"
bit_blasted_bus_linking_order = "reference"
bsd_max_in_switching_limit = "60000"
bsd_max_out_switching_limit = "60000"
bsd_physical_effort  = "medium"
budget_generate_critical_range = "false"
budget_map_clock_gating_cells = "false"
bus_inference_descending_sort = "true"
bus_inference_style  = ""
bus_minus_style      = "-%d"
bus_multiple_name_separator_style = ",,"
bus_multiple_separator_style = ","
bus_naming_style     = "%s[%d]"
bus_range_separator_style = ":"
cache_dir_chmod_octal = "777"
cache_file_chmod_octal = "666"
cache_read           = "~"
cache_read_info      = "false"
cache_write          = "~"
cache_write_info     = "false"
case_analysis_log_file = ""
case_analysis_propagate_through_icg = "false"
case_analysis_sequential_propagation = "never"
case_analysis_with_logic_constants = "true"
ccl_enable_always    = "false"
change_names_bit_blast_negative_index = "false"
change_names_dont_change_bus_members = "false"
check_design_allow_inconsistent_input_port = "false"
check_design_allow_multiply_driven_nets_by_inputs_and_outputs = "false"
check_design_allow_non_tri_drivers_on_tri_bus = "true"
check_design_allow_unknown_wired_logic_type = "true"
check_design_check_for_wire_loop = "true"
check_error_list     = "CMD-004 CMD-006 CMD-007 CMD-008 CMD-009 CMD-010 CMD-011 CMD-012 CMD-014 CMD-015 CMD-016 CMD-019 CMD-026 CMD-031 CMD-037 DB-1 DCSH-11 DES-001 ACS-193 FILE-1 FILE-2 FILE-3 FILE-4 LINK-7 LINT-7 LINT-20 LNK-023 OPT-100 OPT-101 OPT-102 OPT-114 OPT-124 OPT-127 OPT-128 OPT-155 OPT-157 OPT-181 OPT-462 UI-11 UI-14 UI-15 UI-16 UI-17 UI-19 UI-20 UI-21 UI-22 UI-23 UI-40 UI-41 UID-4 UID-6 UID-7 UID-8 UID-9 UID-13 UID-14 UID-15 UID-19 UID-20 UID-25 UID-27 UID-28 UID-29 UID-30 UID-32 UID-58 UID-87 UID-103 UID-109 UID-270 UID-272 UID-403 UID-440 UID-444 UIO-2 UIO-3 UIO-4 UIO-25 UIO-65 UIO-66 UIO-75 UIO-94 UIO-95 EQN-6 EQN-11 EQN-15 EQN-16 EQN-18 EQN-20"
clock_arnoldi_dbg_file = ""
clock_name           = "ideal_clock"
clock_net            = "clk"
clock_period         = "20.0"
cmds                 = "{ Cell Cells get_cells "get_cells -hierarchical -all" hierarchical,filter,quiet,regexp,nocase,exact,all,of_objects,logical,physical } { Net  Nets  get_nets  "get_nets -hierarchical"  hierarchical,filter,quiet,regexp,nocase,exact,top_net_of_hierarchical_group,segments,of_objects,logical,physical } { Pin  Pins  get_pins  "get_pins -hierarchical"  hierarchical,filter,quiet,regexp,nocase,exact,leaf,of_objects,logical,physical } { Port Ports get_ports "get_ports -hierarchical" hierarchical,filter,quiet,regexp,nocase,exact,of_objects,logical,physical }"
collection_deletion_effort = "medium"
collection_result_display_limit = "100"
command_log_file     = "./command.log"
company              = ""
compatibility_version = "L-2016.03-SP5-5"
compile_advanced_fix_multiple_port_nets = "false"
compile_allow_dw_hierarchical_inverter_opt = "false"
compile_assume_fully_decoded_three_state_busses = "false"
compile_auto_ungroup_area_num_cells = "30"
compile_auto_ungroup_count_leaf_cells = "false"
compile_auto_ungroup_override_wlm = "false"
compile_automatic_clock_phase_inference = "strict"
compile_clock_gating_through_hierarchy = "false"
compile_cpu_limit    = "0.0"
compile_delete_unloaded_sequential_cells = "true"
compile_disable_hierarchical_inverter_opt = "false"
compile_dont_use_dedicated_scanout = "1"
compile_enable_async_mux_mapping = "true"
compile_enable_constant_propagation_with_no_boundary_opt = "true"
compile_enable_register_merging = "true"
compile_enable_register_merging_with_exceptions = "false"
compile_enhanced_resource_sharing = "false"
compile_error_on_missing_physical_cells = "false"
compile_final_drc_fix = "none"
compile_implementation_selection = "true"
compile_instance_name_prefix = "U"
compile_instance_name_suffix = ""
compile_keep_original_for_external_references = "false"
compile_log_format   = "  %elap_time %area %wns %tns %drc %endpoint"
compile_negative_logic_methodology = "false"
compile_no_new_cells_at_top_level = "false"
compile_optimize_unloaded_seq_logic_with_no_bound_opt = "true"
compile_power_domain_boundary_optimization = "true"
compile_prefer_mux   = "false"
compile_preserve_subdesign_interfaces = "true"
compile_prioritize_leakage = "false"
compile_register_replication = "default"
compile_register_replication_across_hierarchy = "false"
compile_register_replication_do_size_only = "true"
compile_restructure_sync_set_reset = "false"
compile_retime_exception_registers = "false"
compile_retime_license_behavior = "wait"
compile_selector_merging = "true"
compile_seqmap_enable_output_inversion = "false"
compile_seqmap_honor_sync_set_reset = "true"
compile_seqmap_identify_shift_registers = "true"
compile_seqmap_identify_shift_registers_with_synchronous_logic = "false"
compile_seqmap_identify_shift_registers_with_synchronous_logic_ascii = "false"
compile_seqmap_propagate_constants = "true"
compile_seqmap_propagate_constants_size_only = "true"
compile_seqmap_propagate_high_effort = "true"
compile_slack_driven_buffering = "false"
compile_state_reachability_high_effort_merge = "false"
compile_timing_high_effort = "false"
compile_top_acs_partition = "false"
compile_top_all_paths = "false"
compile_ultra_options = " -no_autoungroup -no_boundary_optimization -gate_clock"
compile_ultra_ungroup_dw = "false"
compile_ultra_ungroup_small_hierarchies = "true"
complete_mixed_mode_extraction = "true"
create_clock_no_input_delay = "false"
ctldb_use_old_prot_flow = "false"
cts_clock_source_is_exclude_pin = "true"
cts_insert_boundary_cell = "false"
current_design       = "sar_adc_controller"
current_instance     = ""
db_load_ccs_data     = "false"
db_load_ccs_noise_data = "false"
db_load_ccs_power_data = "false"
dc_additional_search_path = "inputs/adk"
dc_adk_tcl           = "inputs/adk/adk.tcl"
dc_alib_dir          = "alib"
dc_allow_rtl_pg      = "false"
dc_clock_period      = "20.0"
dc_design_name       = "sar_adc_controller"
dc_extra_link_libraries = "inputs/adk/stdcells-bc.db inputs/adk/stdcells.db"
dc_flatten_effort    = "0"
dc_gate_clock        = "True"
dc_high_effort_area_opt = "False"
dc_milkyway_ref_libraries = "inputs/adk/stdcells.mwlib"
dc_milkyway_tf       = "inputs/adk/rtk-tech.tf"
dc_num_cores         = "16"
dc_reports_dir       = "reports"
dc_results_dir       = "results"
dc_rtl_handoff       = "inputs/design.v"
dc_saif_instance     = "sar_adc_controller_tb/sar_adc_controller_inst"
dc_shell_mode        = "tcl"
dc_suppress_msg      = "False"
dc_suppressed_msg    = "TFCHK-072 TFCHK-014 TFCHK-049 TFCHK-050 TFCHK-012 TFCHK-073 TFCHK-092 PSYN-651 PSYN-650"
dc_target_libraries  = "stdcells.db"
dc_tluplus_map       = "inputs/adk/rtk-tluplus.map"
dc_tluplus_max       = "inputs/adk/rtk-max.tluplus"
dc_tluplus_min       = "inputs/adk/rtk-min.tluplus"
dc_topographical     = "True"
dc_uniquify_with_design_name = "True"
dct_adjust_net_model = "false"
dct_enable_track_auto_fill = "true"
dct_enable_va_aware_ao_synthesis = "false"
dct_placement_ignore_scan = "false"
dct_port_dont_snap_onto_tracks = "false"
dct_preserve_all_preroutes = "false"
dct_prioritize_area_correlation = "false"
ddc_allow_unknown_packed_commands = "true"
de_enable_upf_exploration = "true"
de_log_redirect_enable = "false"
default_input_delay  = "30"
default_name_rules   = ""
default_output_delay = "30"
default_port_connection_class = "universal"
default_schematic_options = "-size infinite"
derived_upf          = "false"
design_name          = "sar_adc_controller"
designer             = ""
disable_auto_time_borrow = "false"
disable_case_analysis = "false"
disable_conditional_mode_analysis = "false"
disable_delta_slew_for_tran_cstr = "false"
disable_library_transition_degradation = "false"
disable_mdb_stop_points = "false"
disable_multicore_resource_checks = "false"
do_operand_isolation = "false"
dont_bind_unused_pins_to_logic_constant = "false"
dont_touch_nets_with_size_only_cells = "false"
dpcm_slewlimit       = "TRUE"
dps_distributed_licensing = "true"
dps_merge_grd_arch   = "none"
dps_merge_grd_args   = "none"
dps_merge_lsf_arch   = "none"
dps_merge_lsf_args   = "none"
dps_top_grd_arch     = "none"
dps_top_grd_args     = "none"
dps_top_lsf_arch     = "none"
dps_top_lsf_args     = "none"
duplicate_ports      = "false"
echo_include_commands = "true"
enable_auto_attr_spread = "true"
enable_bit_blasted_bus_linking = "false"
enable_cell_based_verilog_reader = "false"
enable_clock_to_data_analysis = "false"
enable_golden_upf    = "false"
enable_instances_in_report_net = "true"
enable_keep_signal   = "false"
enable_keep_signal_dt_net = "false"
enable_netl_view     = "TRUE"
enable_nldm_timing_noise_signoff = "0"
enable_page_mode     = "false"
enable_recovery_removal_arcs = "false"
enable_rule_based_query = "false"
enable_slew_degradation = "true"
enable_special_level_shifter_naming = "false"
enable_verilog_netlist_reader = "true"
enable_vhdl_netlist_reader = "FALSE"
err                  = "1.7"
estimate_io_latency  = "false"
estimate_resource_preference = "fast"
exit_delete_command_log_file = "false"
exit_delete_filename_log_file = "true"
extract_max_parallel_computations = "0"
fanin_fanout_trace_arcs = "timing"
filename_log_file    = "filenames.log"
find_allow_only_non_hier_ports = "false"
find_converts_name_lists = "false"
find_ignore_case     = "false"
focalopt_power_critical_range = "0"
font_library         = "1_25.font"
fp_snap_type         = "<array?>"
fsm_auto_inferring   = "FALSE"
fsm_enable_state_minimization = "FALSE"
fsm_export_formality_state_info = "FALSE"
ft_array             = "<array?>"
gen_bussing_exact_implicit = "false"
gen_cell_pin_name_separator = "/"
gen_create_netlist_busses = "true"
gen_dont_show_single_bit_busses = "false"
gen_match_ripper_wire_widths = "false"
gen_max_compound_name_length = "256"
gen_max_ports_on_symbol_side = "0"
gen_open_name_postfix = ""
gen_open_name_prefix = "Open"
gen_show_created_busses = "false"
gen_show_created_symbols = "false"
gen_single_osc_per_name = "false"
generic_symbol_library = "generic.sdb"
golden_upf_report_missing_objects = "false"
gr_small_blockage_xsize = "1975.53"
gr_small_blockage_ysize = "1975.53"
gui_auto_start       = "0"
gui_online_browser   = "netscape"
gui_start_option_no_windows = "0"
hdl_keep_licenses    = "true"
hdl_preferred_license = ""
hdlin_analyze_verbose_mode = "0"
hdlin_auto_save_templates = "FALSE"
hdlin_autoread_exclude_extensions = ""
hdlin_autoread_sverilog_extensions = ".sv .sverilog"
hdlin_autoread_verilog_extensions = ".v"
hdlin_autoread_vhdl_extensions = ".vhd .vhdl"
hdlin_check_input_netlist = "FALSE"
hdlin_check_no_latch = "FALSE"
hdlin_elab_errors_deep = "FALSE"
hdlin_enable_assertions = "FALSE"
hdlin_enable_configurations = "FALSE"
hdlin_enable_elaborate_ref_linking = "FALSE"
hdlin_enable_hier_naming = "FALSE"
hdlin_enable_relative_placement = "rb"
hdlin_enable_rtldrc_info = "false"
hdlin_enable_upf_compatible_naming = "FALSE"
hdlin_ff_always_async_set_reset = "TRUE"
hdlin_ff_always_sync_set_reset = "true"
hdlin_field_naming_style = ""
hdlin_generate_naming_style = "%s_%d"
hdlin_generate_separator_style = "_"
hdlin_ignore_textio_constructs = "TRUE"
hdlin_infer_function_local_latches = "FALSE"
hdlin_infer_multibit = "default_none"
hdlin_infer_mux      = "default"
hdlin_interface_port_ABI = "3"
hdlin_keep_signal_name = "all_driving"
hdlin_latch_always_async_set_reset = "FALSE"
hdlin_module_arch_name_splitting = "FALSE"
hdlin_module_name_limit = "256"
hdlin_mux_for_array_read_sparseness_limit = "90"
hdlin_mux_oversize_ratio = "100"
hdlin_mux_rp_limit   = "128x4"
hdlin_mux_size_limit = "32"
hdlin_mux_size_min   = "2"
hdlin_mux_size_only  = "1"
hdlin_preserve_sequential = "none"
hdlin_presto_cell_name_prefix = "C"
hdlin_presto_net_name_prefix = "N"
hdlin_prohibit_nontri_multiple_drivers = "TRUE"
hdlin_report_sequential_pruning = "FALSE"
hdlin_reporting_level = "basic"
hdlin_shorten_long_module_name = "false"
hdlin_strict_verilog_reader = "FALSE"
hdlin_subprogram_default_values = "FALSE"
hdlin_sv_blackbox_modules = ""
hdlin_sv_packages    = "enable"
hdlin_sv_tokens      = "FALSE"
hdlin_sv_union_member_naming = "FALSE"
hdlin_sverilog_std   = "2012"
hdlin_upcase_names   = "FALSE"
hdlin_verification_priority = "FALSE"
hdlin_vhdl93_concat  = "TRUE"
hdlin_vhdl_mixed_language_instantiation = "FALSE"
hdlin_vhdl_std       = "2008"
hdlin_vhdl_syntax_extensions = "FALSE"
hdlin_vrlg_std       = "2005"
hdlin_while_loop_iterations = "4096"
hdlout_internal_busses = "FALSE"
hier_dont_trace_ungroup = "0"
high_fanout_net_pin_capacitance = "1.000000"
high_fanout_net_threshold = "1000"
hlo_resource_allocation = "constraint_driven"
html_log_enable      = "false"
html_log_filename    = "default.html"
ignore_clock_input_delay_for_skew = "false"
ignore_tf_error      = "false"
in_gui_session       = "false"
inherit_parent_dont_touch = "false"
init_path            = "/cad/synopsys/syn/L-2016.03-SP5-5/auxx/syn"
initial_target_library = ""
insert_dft_clean_up  = "true"
insert_test_design_naming_style = "%s_test_%d"
itclClass            = "::itcl::clazz"
lbo_cells_in_regions = "false"
lc                   = "NLS_LANG"
lc_check_lib_dbs     = "* stdcells.db inputs/adk/stdcells-bc.db inputs/adk/stdcells.db dw_foundation.sldb"
lc_check_lib_mw_libs = "/home/users/nhpoole/ee272b/ee272b_mixed_signal_mmwave_accelerator/digital_synth_pnr/sar_adc_controller/build/5-skywater-130nm/view-standard/stdcells.mwlib"
lc_enable_common_shell_lc = "false"
lc_enable_legacy_library_compiler = "false"
lc_run_from_legacy_library_compiler = "true"
ldd_return_val       = "0"
level_shifter_naming_prefix = ""
lib_cell_using_delay_from_ccs = "true"
lib_pin_using_cap_from_ccs = "true"
lib_use_thresholds_per_pin = "true"
libsetup_max_auto_opcond_message = "10"
link_allow_pin_name_synonym = "true"
link_force_case      = "check_reference"
link_library         = "* stdcells.db inputs/adk/stdcells-bc.db inputs/adk/stdcells.db dw_foundation.sldb"
link_path            = "* stdcells.db inputs/adk/stdcells-bc.db inputs/adk/stdcells.db dw_foundation.sldb"
link_portname_allow_period_to_match_underscore = "false"
link_portname_allow_square_bracket_to_match_underscore = "false"
list_of_file_types   = "verilog(v)   vhdl(vhd)   global_cstr(con)   pass_cstr(con)   user_override_constraint(con)   user_override_script(scr)   user_budget_script()   user_report_script(report)   user_compile_strategy_script(compile)   user_compile_script(tcl)   pass_compile_script(autoscr)   elab_db(db)   elab_ddc(ddc)   lib_db(db)   pre_db(db)   post_db(db)   pre_ddc(ddc)   post_ddc(ddc)   svf(svf)   global_log(log)   pass_log(log)   makefile()   oc.tcl(oc.tcl)   cstr.tcl(cstr.tcl)   pass_area_report(area)   pass_timing_report(tim)   pass_qor_report(qor)   pass_cstr_report(cstr)   global_report()   env()"
ltl_obstruction_type = "placement_only"
magnet_placement_disable_overlap = "false"
magnet_placement_fanout_limit = "1000"
magnet_placement_stop_after_seq_cell = "false"
mcmm_high_capacity_effort_level = "0"
milkyway_library     = "sar_adc_controller_lib"
motif_files          = "/cad/synopsys/syn/L-2016.03-SP5-5/admin/setup"
multi_pass_test_generation = "false"
mux_auto_inferring_effort = "2"
mv_allow_force_ls_with_iso_violations = "true"
mv_allow_ls_on_leaf_pin_boundary = "false"
mv_allow_pg_pin_reconnection = "false"
mv_allow_upf_cells_without_upf = "false"
mv_allow_va_beyond_core_area = "false"
mv_disable_voltage_area_aware_detour_routing = "false"
mv_input_enforce_simple_names = "false"
mv_insert_level_shifters_on_ideal_nets = ""
mv_make_primary_supply_available_for_always_on = "true"
mv_mtcmos_detour_obstruction = "false"
mv_no_always_on_buffer_for_redundant_isolation = "false"
mv_no_cells_at_default_va = "false"
mv_no_main_power_violations = "true"
mv_output_enforce_simple_names = "false"
mv_output_upf_line_indent = "2"
mv_output_upf_line_width = "0"
mv_skip_opcond_checking_for_unloaded_level_shifter = "false"
mv_upf_enable_forward_bias_check = "false"
mv_upf_enable_forward_reverse_bias_check = "false"
mv_upf_enable_reverse_bias_check = "false"
mv_upf_tracking      = "true"
mv_use_std_cell_for_isolation = "false"
mw_allow_unescaped_slash_in_pin_name = "false"
mw_cel_as_escaped    = "true"
mw_cell_name         = ""
mw_create_netlist_from_CEL = "false"
mw_current_design    = ""
mw_design_library    = "sar_adc_controller_lib"
mw_disable_escape_char = "true"
mw_enable_net_bus    = "false"
mw_ground_port       = ""
mw_hdl_bus_dir_for_undef_cell = "0"
mw_hdl_expand_cell_with_no_instance = "false"
mw_hdl_stop_at_FRAM_cells = "false"
mw_hdl_top_module_list = ""
mw_hvo_core_filler_cells = "true"
mw_hvo_corner_pad_cells = "true"
mw_hvo_diode_ports   = "false"
mw_hvo_dump_master_names = ""
mw_hvo_empty_cell_definition = "false"
mw_hvo_generate_macro_definition = "false"
mw_hvo_must_not_dump_master_names = ""
mw_hvo_output_onezero_for_pg = "true"
mw_hvo_output_wire_declaration = "false"
mw_hvo_pad_filler_cells = "true"
mw_hvo_pg_nets       = "true"
mw_hvo_pg_ports      = "false"
mw_hvo_split_bus     = "false"
mw_hvo_strip_backslash_before_hiersep = "true"
mw_hvo_unconnected_cells = "true"
mw_hvo_unconnected_ports = "false"
mw_logic0_net        = "VSS"
mw_logic1_net        = "VDD"
mw_pgconn_cell_inst  = ""
mw_pgconn_cell_master = ""
mw_power_port        = ""
mw_read_ignore_corner_cell = "true"
mw_read_ignore_filler_cell = "true"
mw_read_ignore_pad_cell = "true"
mw_read_ignore_unconnected_cell = "true"
mw_reference_library = ""
mw_site_name_mapping = ""
mw_support_hier_fill_view = "true"
mw_use_pdb_lib_format = "false"
net_auto_layer_promotion_max_utilization = "1"
new_idn_switch       = "true"
nglc_intermediate_db_files = ""
nglc_is_none_tech_file = "false"
nglc_is_symbol_file  = "false"
nglc_keep_nglc_temp_files = "false"
nglc_log_path        = "6617_1626735599813834"
nglc_replay_tcl_file = "nglc_shell_command.tcl"
nglc_result_path     = "/tmp"
nglc_search_path     = "/cad/synopsys/lc/M-2017.06-SP3/linux64/lc/bin/lc_shell_exec"
optimize_reg_add_path_groups = "false"
order                = "designer-interface.tcl setup-session.tcl read-design.tcl constraints.tcl make-path-groups.tcl compile-options.tcl compile.tcl generate-results.tcl reporting.tcl"
pass_dependent_file_types = "pass_cstr   user_override_constraint   user_report_script   user_compile_strategy_script   user_override_script   pass_compile_script   user_budget_script   pre_db   post_db   pre_ddc   post_ddc   svf   makefile   pass_area_report   pass_timing_report   pass_qor_report   pass_cstr_report   pass_log   env   oc.tcl   cstr.tcl"
pdefout_diff_original = "TRUE"
pgnet_power_nets_on_bb = ""
physopt_area_critical_range = "-1.04858e+06"
physopt_cell_count_threshold = "0"
physopt_create_missing_physical_libcells = "false"
physopt_enable_root_via_res_support = "false"
physopt_enable_via_res_support = "true"
physopt_hard_keepout_distance = "0"
physopt_ignore_lpin_fanout = "false"
physopt_power_critical_range = "-1.04858e+06"
placer_channel_detect_mode = "false"
placer_congestion_effort = "auto"
placer_disable_auto_bound_for_gated_clock = "true"
placer_disable_macro_placement_timeout = "false"
placer_dont_error_out_on_conflicting_bounds = "true"
placer_enable_enhanced_router = "false"
placer_enable_enhanced_soft_blockages = "true"
placer_enable_redefined_blockage_behavior = "true"
placer_gated_register_area_multiplier = "20"
placer_max_allowed_timing_depth = "20000"
placer_max_cell_density_threshold = "-1"
placer_max_parallel_computations = "0"
placer_reduce_high_density_regions = "false"
placer_tns_driven    = "false"
port_complement_naming_style = "%s_BAR"
ports_clock_root     = "_sel17"
power_cg_all_registers = "false"
power_cg_auto_identify = "false"
power_cg_balance_stages = "false"
power_cg_cell_naming_style = ""
power_cg_derive_related_clock = "false"
power_cg_designware  = "false"
power_cg_enable_alternative_algorithm = "false"
power_cg_ext_feedback_loop = "true"
power_cg_flatten     = "false"
power_cg_gated_clock_net_naming_style = ""
power_cg_high_effort_enable_fanin_analysis = "false"
power_cg_ignore_setup_condition = "false"
power_cg_inherit_timing_exceptions = "false"
power_cg_iscgs_enable = "false"
power_cg_module_naming_style = ""
power_cg_physically_aware_cg = "false"
power_cg_print_enable_conditions = "false"
power_cg_print_enable_conditions_max_terms = "10"
power_cg_reconfig_stages = "false"
power_default_static_probability = "0.5"
power_default_toggle_rate = "0.1"
power_default_toggle_rate_type = "fastest_clock"
power_do_not_size_icg_cells = "true"
power_enable_clock_scaling = "false"
power_enable_datapath_gating = "TRUE"
power_enable_one_pass_power_gating = "false"
power_enable_power_gating = "false"
power_fix_sdpd_annotation = "true"
power_fix_sdpd_annotation_verbose = "false"
power_hdlc_do_not_split_cg_cells = "false"
power_keep_license_after_power_commands = "false"
power_lib2saif_rise_fall_pd = "false"
power_low_power_placement = "false"
power_min_internal_power_threshold = ""
power_model_preference = "nlpm"
power_opto_extra_high_dynamic_power_effort = "false"
power_preserve_rtl_hier_names = "false"
power_rclock_inputs_use_clocks_fanout = "true"
power_rclock_unrelated_use_fastest = "true"
power_rclock_use_asynch_inputs = "false"
power_remove_redundant_clock_gates = "true"
power_rtl_saif_file  = "power_rtl.saif"
power_same_switching_activity_on_connected_objects = "false"
power_scale_internal_arc = "false"
power_sdpd_message_tolerance = "0.00001"
preroute_opt_verbose = "0"
prev_sh_source_logging = "true"
product              = "Design Vision"
product_build_date   = "Apr 21, 2017"
product_version      = "L-2016.03-SP5-5"
psynopt_density_limit = "-1"
psynopt_tns_high_effort = "false"
query_objects_format = "Legacy"
rc_degrade_min_slew_when_rd_less_than_rnet = "false"
rc_driver_model_mode = "advanced"
rc_input_threshold_pct_fall = "50.000000"
rc_input_threshold_pct_rise = "50.000000"
rc_noise_model_mode  = "basic"
rc_output_threshold_pct_fall = "50.000000"
rc_output_threshold_pct_rise = "50.000000"
rc_receiver_model_mode = "advanced"
rc_slew_derate_from_library = "1.000000"
rc_slew_lower_threshold_pct_fall = "20.000000"
rc_slew_lower_threshold_pct_rise = "20.000000"
rc_slew_upper_threshold_pct_fall = "80.000000"
rc_slew_upper_threshold_pct_rise = "80.000000"
read_translate_msff  = "TRUE"
register_duplicate   = "false"
register_replication_naming_style = "%s_rep%d"
report_capacitance_use_ccs_receiver_model = "true"
report_default_significant_digits = "-1"
report_timing_use_accurate_delay_symbol = "true"
rom_auto_inferring   = "TRUE"
route_guide_naming_style = "%s_%d"
rtl_load_resistance_factor = "0.0"
sdc_version          = "2.0"
sdc_write_unambiguous_names = "true"
sdf_enable_cond_start_end = "false"
search_path          = ". inputs/adk . /cad/synopsys/syn/L-2016.03-SP5-5/libraries/syn /cad/synopsys/syn/L-2016.03-SP5-5/minpower/syn /cad/synopsys/syn/L-2016.03-SP5-5/dw/syn_ver /cad/synopsys/syn/L-2016.03-SP5-5/dw/sim_ver"
set_isolate_ports    = "false"
sh_allow_tcl_with_set_app_var = "true"
sh_allow_tcl_with_set_app_var_no_message_list = ""
sh_arch              = "linux64"
sh_command_abbrev_mode = "Anywhere"
sh_command_abbrev_options = "true"
sh_command_log_file  = "command.log"
sh_continue_on_error = "true"
sh_deprecated_is_error = "false"
sh_dev_null          = "/dev/null"
sh_enable_line_editing = "true"
sh_enable_page_mode  = "false"
sh_enable_stdout_redirect = "true"
sh_help_shows_group_overview = "true"
sh_line_editing_mode = "emacs"
sh_new_variable_message = "false"
sh_new_variable_message_in_proc = "false"
sh_new_variable_message_in_script = "false"
sh_new_variable_message_tmp = "false"
sh_obsolete_is_error = "false"
sh_output_log_file   = "logs/dc.log"
sh_product_version   = "L-2016.03-SP5-5"
sh_script_stop_severity = "None"
sh_source_emits_line_numbers = "None"
sh_source_logging    = "true"
sh_source_uses_search_path = "true"
sh_tcllib_app_dirname = "syn"
sh_user_man_path     = ""
sheet_sizes          = ""
si_ccs_use_gate_level_simulation = "false"
si_filter_accum_aggr_noise_peak_ratio = "0.03"
si_filter_per_aggr_noise_peak_ratio = "0.01"
si_max_parallel_computations = "0"
si_xtalk_composite_aggr_noise_peak_ratio = "0.01"
si_xtalk_composite_aggr_quantile_high_pct = "99.73"
simplified_verification_mode = "FALSE"
simplified_verification_mode_allow_retiming = "FALSE"
single_group_per_sheet = "false"
site_info_file       = "/cad/synopsys/syn/L-2016.03-SP5-5/admin/license/site_info"
sort_outputs         = "false"
spg_congestion_placement_in_incremental_compile = "false"
spg_enable_via_ladder_opto = "false"
spg_enable_via_resistance_support = "false"
spg_enable_zroute_layer_promotion = "false"
spg_enhanced_timing_model = "false"
spg_place_enable_precluster = "false"
suppress_errors      = ""
symbol_library       = "your_library.sdb"
synlib_abort_wo_dw_license = "FALSE"
synlib_dont_get_license = ""
synlib_dwhomeip      = ""
synlib_enable_analyze_dw_power = "0"
synlib_hiis_force_on_cells = ""
synlib_iis_use_netlist = "FALSE"
synlib_preferred_ff_chains = ""
synlib_preferred_ffs = ""
synlib_wait_for_design_license = ""
synopsys_exec        = "/cad/synopsys/syn/L-2016.03-SP5-5/amd64/syn/bin/common_shell_exec"
synopsys_program_name = "dc_shell"
synopsys_root        = "/cad/synopsys/syn/L-2016.03-SP5-5"
synthetic_library    = "dw_foundation.sldb"
systemcout_debug_mode = "false"
systemcout_levelize  = "true"
target_library       = "stdcells.db"
tcl                  = "reporting.tcl"
tcl_interactive      = "0"
tcl_library          = "/cad/synopsys/syn/L-2016.03-SP5-5/auxx/tcllib/lib/tcl8.6"
tcl_patchLevel       = "8.6.3"
tcl_pkgPath          = "/cad/synopsys/syn/L-2016.03-SP5-5/auxx/tcllib/lib/tcl8.6"
tcl_platform         = "<array?>"
tcl_precision        = "12"
tcl_prompt1          = "echo -n "dc_shell-topo> ""
tcl_version          = "8.6"
template_naming_style = "%s_%p"
template_parameter_style = "%s%d"
template_separator_style = "_"
test_allow_clock_reconvergence = "true"
test_allow_internal_pins_in_hierarchical_flow = "false"
test_ate_sync_cycles = "1"
test_bsd_allow_tolerable_violations = "false"
test_bsd_control_cell_drive_limit = "0"
test_bsd_dead_cycle_after_update_dr = "0"
test_bsd_default_bidir_delay = "0.0"
test_bsd_default_delay = "0.0"
test_bsd_default_strobe = "95.0"
test_bsd_default_strobe_width = "0.0"
test_bsd_input_ac_parametrics = "false"
test_bsd_make_private_instructions_public = "false"
test_bsd_manufacturer_id = "0"
test_bsd_new_output_parametrics = "false"
test_bsd_optimize_control_cell = "false"
test_bsd_part_number = "0"
test_bsd_synthesis_gated_tck = "false"
test_bsd_version_number = "0"
test_bsdl_default_suffix_name = "bsdl"
test_bsdl_max_line_length = "80"
test_capture_clock_skew = "small_skew"
test_cc_ir_masked_bits = "0"
test_cc_ir_value_of_masked_bits = "0"
test_check_port_changes_in_capture = "true"
test_clock_port_naming_style = "test_c%s"
test_dedicated_clock_chain_clock = "false"
test_dedicated_subdesign_scan_outs = "false"
test_default_bidir_delay = "0.0"
test_default_delay   = "0.0"
test_default_min_fault_coverage = "95"
test_default_period  = "100.0"
test_default_scan_style = "multiplexed_flip_flop"
test_default_strobe  = "40.0"
test_default_strobe_width = "0.0"
test_disable_enhanced_dft_drc_reporting = "true"
test_disable_find_best_scan_out = "false"
test_disconnect_non_functional_so = "1"
test_dont_fix_constraint_violations = "false"
test_enable_capture_checks = "true"
test_enable_codec_sharing = "false"
test_enable_scan_reordering_in_compile_incremental = "true"
test_icg_n_ref_for_dft = ""
test_icg_p_ref_for_dft = ""
test_infer_slave_clock_pulse_after_capture = "infer"
test_isolate_hier_scan_out = "0"
test_jump_over_bufs_invs = "true"
test_keep_connected_scan_en = "false"
test_mode_port_inverted_naming_style = "test_mode_i%s"
test_mode_port_naming_style = "test_mode%s"
test_mux_constant_si = "false"
test_mux_constant_so = "false"
test_non_scan_clock_port_naming_style = "test_nsc_%s"
test_occ_insert_clock_gating_cells = "false"
test_point_keep_hierarchy = "false"
test_preview_scan_shows_cell_types = "false"
test_protocol_add_cycle = "true"
test_rtldrc_latch_check_style = "default"
test_scan_clock_a_port_naming_style = "test_sca%s"
test_scan_clock_b_port_naming_style = "test_scb%s"
test_scan_clock_port_naming_style = "test_sc%s"
test_scan_enable_inverted_port_naming_style = "test_sei%s"
test_scan_enable_port_naming_style = "test_se%s"
test_scan_in_port_naming_style = "test_si%s%s"
test_scan_link_so_lockup_key = "l"
test_scan_link_wire_key = "w"
test_scan_out_port_naming_style = "test_so%s%s"
test_scan_segment_key = "s"
test_scan_true_key   = "t"
test_serialize_put_fsm_clock_output = "true"
test_setup_additional_clock_pulse = "false"
test_shared_codec_io_architecture = "false"
test_simulation_library = ""
test_stil_max_line_length = "72"
test_stil_multiclock_capture_procedures = "false"
test_stil_netlist_format = "db"
test_suppress_toggling_instance_name_prefix = ""
test_sync_occ_1x_period = "20"
test_use_test_models = "false"
test_user_defined_instruction_naming_style = "USER%d"
test_user_test_data_register_naming_style = "UTDR%d"
test_validate_test_model_connectivity = "false"
test_wrapper_new_wrp_clock_timing = ""
test_write_four_cycle_stil_protocol = "false"
tested_technology    = ""
testsim_print_stats_file = "true"
timing_check_defaults = "generated_clock loops no_input_delay unconstrained_endpoints pulse_clock_cell_type no_driving_cell partial_input_delay"
timing_clock_gating_propagate_enable = "false"
timing_clock_reconvergence_pessimism = "normal"
timing_consider_internal_startpoints = "true"
timing_crpr_remove_clock_to_data_crp = "false"
timing_crpr_remove_muxed_clock_crp = "true"
timing_crpr_threshold_ps = "5"
timing_disable_cond_default_arcs = "false"
timing_disable_recovery_removal_checks = "true"
timing_dont_traverse_pg_net = "true"
timing_early_launch_at_borrowing_latches = "true"
timing_edge_specific_source_latency = "false"
timing_enable_multiple_clocks_per_reg = "true"
timing_enable_non_sequential_checks = "false"
timing_enable_normalized_slack = "false"
timing_enable_slack_distribution = "false"
timing_enable_through_paths = "false"
timing_gclock_source_network_num_master_registers = "10000000"
timing_ignore_paths_within_block_abstraction = "false"
timing_input_port_default_clock = "false"
timing_library_derate_is_scenario_specific = "FALSE"
timing_library_max_cap_from_lookup_table = "false"
timing_max_normalization_cycles = "4"
timing_max_parallel_computations = "0"
timing_ocvm_ocv_precedence_compatibility = "false"
timing_pocv_ignore_aocvm_mode = "false"
timing_pocvm_corner_sigma = "3"
timing_pocvm_enable_analysis = "false"
timing_remove_clock_reconvergence_pessimism = "false"
timing_report_fast_mode = "false"
timing_report_union_tns = "true"
timing_save_library_derate = "false"
timing_scgc_override_library_setup_hold = "true"
timing_self_loops_no_skew = "false"
timing_separate_clock_gating_group = "false"
timing_through_path_max_segments = "5"
timing_use_ceff_for_drc = "false"
timing_use_clock_specific_transition = "true"
timing_use_driver_arc_transition_at_clock_source = "true"
timing_use_enhanced_capacitance_modeling = "true"
tio_preload_block_site_rows = "false"
tio_preserve_routes_for_block = "false"
ungroup_keep_original_design = "false"
uniquify_keep_original_design = "false"
uniquify_naming_style = "sar_adc_controller_%s_%d"
upf_allow_DD_primary_with_supply_sets = "false"
upf_allow_refer_before_define = "false"
upf_block_partition  = ""
upf_charz_allow_port_punch = "true"
upf_charz_enable_supply_port_punching = "true"
upf_charz_max_srsn_messages = "10"
upf_check_bias_supply_connections = "true"
upf_create_implicit_supply_sets = "true"
upf_derive_ao_supply_on_exception_conns = "false"
upf_enable_legacy_block = "true"
upf_enable_relaxed_charz = "true"
upf_extension        = "true"
upf_iso_filter_elements_with_applies_to = "ENABLE"
upf_isols_allow_instances_in_elements = "true"
upf_levshi_on_constraint_only = "false"
upf_name_map         = ""
upf_name_map_version = "v1.0"
upf_report_isolation_matching = "false"
upf_set_interface_cell_rel_sn = "false"
upf_skip_ao_check_for_els_input = "true"
upf_skip_retention_on_dft_cells = "false"
upf_suppress_etm_model_checking = "false"
upf_suppress_message_in_black_box = "true"
upf_suppress_message_in_etm = "true"
upf_use_additional_db_attributes = "true"
use_port_name_for_oscs = "false"
vao_feedthrough_module_name_prefix = ""
var_mux_mbm          = "TRUE"
verbose_messages     = "true"
veriloglib_all_cells_in_one_file = "false"
veriloglib_cell_name_map = ""
veriloglib_delay_signal_naming_style = ""
veriloglib_insert_timing_in_specify_block = "false"
veriloglib_sdf3.0_support = "false"
veriloglib_sdf_edge  = "true"
veriloglib_tb_compare = "0"
veriloglib_tb_use_sensitization_as_vectors = "true"
veriloglib_tb_x_eq_dontcare = "false"
veriloglib_violation_notifier_name = ""
veriloglib_write_recrem_as_setuphold = "false"
veriloglib_zero_delay_model = "false"
verilogout_equation  = "false"
verilogout_higher_designs_first = "FALSE"
verilogout_ignore_case = "false"
verilogout_include_files = ""
verilogout_indirect_inout_connection = "FALSE"
verilogout_inout_is_in = "false"
verilogout_no_negative_index = "FALSE"
verilogout_no_tri    = "true"
verilogout_show_unconnected_pins = "FALSE"
verilogout_single_bit = "false"
verilogout_unconnected_prefix = "SYNOPSYS_UNCONNECTED_"
vhdllib_cell_name_map_file = ""
vhdllib_insert_timing = "false"
vhdllib_sdf_edge     = "false"
vhdllib_vital_99     = "false"
vhdlout_bit_type     = "std_logic"
vhdlout_bit_vector_type = "std_logic_vector"
vhdlout_dont_create_dummy_nets = "FALSE"
vhdlout_equations    = "FALSE"
vhdlout_follow_vector_direction = "TRUE"
vhdlout_lower_design_vector = "TRUE"
vhdlout_one_name     = "'1'"
vhdlout_package_naming_style = "CONV_PACK_%d"
vhdlout_preserve_hierarchical_types = "VECTOR"
vhdlout_separate_scan_in = "FALSE"
vhdlout_single_bit   = "USER"
vhdlout_target_simulator = ""
vhdlout_three_state_name = "'Z'"
vhdlout_three_state_res_func = ""
vhdlout_top_configuration_arch_name = "A"
vhdlout_top_configuration_entity_name = "E"
vhdlout_top_configuration_name = "CFG_TB_E"
vhdlout_top_design_vector = "FALSE"
vhdlout_unconnected_pin_prefix = "n"
vhdlout_unknown_name = "'X'"
vhdlout_upcase       = "FALSE"
vhdlout_use_packages = "IEEE.std_logic_1164"
vhdlout_wired_and_res_func = ""
vhdlout_wired_or_res_func = ""
vhdlout_write_architecture = "TRUE"
vhdlout_write_attributes = "FALSE"
vhdlout_write_components = "TRUE"
vhdlout_write_entity = "TRUE"
vhdlout_write_top_configuration = "FALSE"
vhdlout_zero_name    = "'0'"
view_arch_types      = "sparcOS5 hpux10 rs6000 sgimips"
view_background      = "black"
view_command_log_file = "./view_command.log"
view_execute_script_suffix = ".script .scr .dcs .dcv .dc .con .tcl"
view_icon_path       = ""
view_read_file_suffix = "db gdb sdb edif eqn fnc lsi mif NET pla st tdl v vhd vhdl xnf"
view_report_append   = "true"
view_report_interactive = "true"
view_report_output2file = "false"
view_write_file_suffix = "gdb db sdb do edif eqn fnc lsi NET neted pla st tdl v vhd vhdl xnf"
when_analysis_permitted = "true"
when_analysis_without_case_analysis = "false"
write_converted_tf_syntax = "false"
write_name_nets_same_as_ports = "false"
write_sdc_output_lumped_net_capacitance = "false"
write_sdc_output_net_resistance = "false"
write_test_formats   = "synopsys tssi_ascii tds verilog vhdl wgl"
write_test_include_scan_cell_info = "true"
write_test_input_dont_care_value = "X"
write_test_max_cycles = "0"
write_test_max_scan_patterns = "0"
write_test_new_translation_engine = "false"
write_test_pattern_set_naming_style = "TC_Syn_%d"
write_test_round_timing_values = "true"
write_test_scan_check_file_naming_style = "%s_schk.%s"
write_test_vector_file_naming_style = "%s_%d.%s"
write_test_vhdlout   = "inline"
x11_set_cursor_background = ""
x11_set_cursor_foreground = "magenta"
x11_set_cursor_number = "-1"
xt_filter_logic_constant_aggressors = "true"
zrt_max_parallel_computations = "0"
