Information: Propagating switching activity (low effort zero delay simulation). (PWR-6)
Warning: Design has unannotated sequential cell outputs. (PWR-415)
 
****************************************
Report : power
        -hier
        -analysis_effort low
Design : sar_adc_controller
Version: L-2016.03-SP5-5
Date   : Mon Jul 19 16:02:25 2021
****************************************


Library(s) Used:

    sky130_fd_sc_hd__tt_025C_1v80 (File: /home/users/nhpoole/ee272b/ee272b_mixed_signal_mmwave_accelerator/digital_synth_pnr/sar_adc_controller/build/9-synopsys-dc-synthesis/inputs/adk/stdcells.db)


Operating Conditions: tt_025C_1v80   Library: sky130_fd_sc_hd__tt_025C_1v80
Wire Load Model Mode: Inactive.


Global Operating Voltage = 1.8  
Power-specific unit information :
    Voltage Units = 1V
    Capacitance Units = 1.000000pf
    Time Units = 1ns
    Dynamic Power Units = 1mW    (derived from V,C,T units)
    Leakage Power Units = 1nW


--------------------------------------------------------------------------------
                                       Switch   Int      Leak     Total
Hierarchy                              Power    Power    Power    Power    %
--------------------------------------------------------------------------------
sar_adc_controller                     3.98e-03 3.88e-02    0.354 4.27e-02 100.0
1
