Flattening unmatched subcell inv1 in circuit amux_2to1_lvs (0)(1 instance)
Flattening unmatched subcell inv1 in circuit dac_8bit_lvs (0)(1 instance)
Flattening unmatched subcell se_fold_casc_wide_swing_ota_lvs in circuit dac_8bit_lvs (0)(1 instance)
Flattening unmatched subcell latched_comparator_folded_lvs in circuit dac_8bit_lvs (0)(1 instance)
Flattening unmatched subcell amux_2to1_lvs in circuit dac_8bit_lvs (0)(18 instances)
Warning: Equate pins:  cell sky130_fd_pr__nfet_01v8 has no definition, treated as a black box.
Warning: Equate pins:  cell sky130_fd_pr__nfet_01v8 has no definition, treated as a black box.

Subcircuit pins:
Circuit 1: sky130_fd_pr__nfet_01v8         |Circuit 2: sky130_fd_pr__nfet_01v8         
-------------------------------------------|-------------------------------------------
1                                          |1                                          
2                                          |2                                          
3                                          |3                                          
4                                          |4                                          
---------------------------------------------------------------------------------------
Cell pin lists are equivalent.
Device classes sky130_fd_pr__nfet_01v8 and sky130_fd_pr__nfet_01v8 are equivalent.
Warning: Equate pins:  cell sky130_fd_pr__pfet_01v8_hvt has no definition, treated as a black box.
Warning: Equate pins:  cell sky130_fd_pr__pfet_01v8_hvt has no definition, treated as a black box.

Subcircuit pins:
Circuit 1: sky130_fd_pr__pfet_01v8_hvt     |Circuit 2: sky130_fd_pr__pfet_01v8_hvt     
-------------------------------------------|-------------------------------------------
1                                          |1                                          
2                                          |2                                          
3                                          |3                                          
4                                          |4                                          
---------------------------------------------------------------------------------------
Cell pin lists are equivalent.
Device classes sky130_fd_pr__pfet_01v8_hvt and sky130_fd_pr__pfet_01v8_hvt are equivalent.
Warning: Equate pins:  cell sky130_fd_pr__pfet_01v8 has no definition, treated as a black box.
Warning: Equate pins:  cell sky130_fd_pr__pfet_01v8 has no definition, treated as a black box.

Subcircuit pins:
Circuit 1: sky130_fd_pr__pfet_01v8         |Circuit 2: sky130_fd_pr__pfet_01v8         
-------------------------------------------|-------------------------------------------
1                                          |1                                          
2                                          |2                                          
3                                          |3                                          
4                                          |4                                          
---------------------------------------------------------------------------------------
Cell pin lists are equivalent.
Device classes sky130_fd_pr__pfet_01v8 and sky130_fd_pr__pfet_01v8 are equivalent.
Warning: Equate pins:  cell sky130_fd_pr__pfet_01v8_lvt has no definition, treated as a black box.
Warning: Equate pins:  cell sky130_fd_pr__pfet_01v8_lvt has no definition, treated as a black box.

Subcircuit pins:
Circuit 1: sky130_fd_pr__pfet_01v8_lvt     |Circuit 2: sky130_fd_pr__pfet_01v8_lvt     
-------------------------------------------|-------------------------------------------
1                                          |1                                          
2                                          |2                                          
3                                          |3                                          
4                                          |4                                          
---------------------------------------------------------------------------------------
Cell pin lists are equivalent.
Device classes sky130_fd_pr__pfet_01v8_lvt and sky130_fd_pr__pfet_01v8_lvt are equivalent.
Warning: Equate pins:  cell sky130_fd_pr__nfet_01v8_lvt has no definition, treated as a black box.
Warning: Equate pins:  cell sky130_fd_pr__nfet_01v8_lvt has no definition, treated as a black box.

Subcircuit pins:
Circuit 1: sky130_fd_pr__nfet_01v8_lvt     |Circuit 2: sky130_fd_pr__nfet_01v8_lvt     
-------------------------------------------|-------------------------------------------
1                                          |1                                          
2                                          |2                                          
3                                          |3                                          
4                                          |4                                          
---------------------------------------------------------------------------------------
Cell pin lists are equivalent.
Device classes sky130_fd_pr__nfet_01v8_lvt and sky130_fd_pr__nfet_01v8_lvt are equivalent.
Warning: Equate pins:  cell sky130_fd_pr__cap_mim_m3_1 has no definition, treated as a black box.
Warning: Equate pins:  cell sky130_fd_pr__cap_mim_m3_1 has no definition, treated as a black box.

Subcircuit pins:
Circuit 1: sky130_fd_pr__cap_mim_m3_1      |Circuit 2: sky130_fd_pr__cap_mim_m3_1      
-------------------------------------------|-------------------------------------------
1                                          |1                                          
2                                          |2                                          
---------------------------------------------------------------------------------------
Cell pin lists are equivalent.
Device classes sky130_fd_pr__cap_mim_m3_1 and sky130_fd_pr__cap_mim_m3_1 are equivalent.
Warning: Equate pins:  cell sky130_fd_pr__cap_mim_m3_2 has no definition, treated as a black box.
Warning: Equate pins:  cell sky130_fd_pr__cap_mim_m3_2 has no definition, treated as a black box.

Subcircuit pins:
Circuit 1: sky130_fd_pr__cap_mim_m3_2      |Circuit 2: sky130_fd_pr__cap_mim_m3_2      
-------------------------------------------|-------------------------------------------
1                                          |1                                          
2                                          |2                                          
---------------------------------------------------------------------------------------
Cell pin lists are equivalent.
Device classes sky130_fd_pr__cap_mim_m3_2 and sky130_fd_pr__cap_mim_m3_2 are equivalent.
Class dac_8bit_lvs:  Merged 37 devices.
Class dac_8bit_flat:  Merged 1068 devices.

Subcircuit summary:
Circuit 1: dac_8bit_lvs                    |Circuit 2: dac_8bit_flat                   
-------------------------------------------|-------------------------------------------
sky130_fd_pr__pfet_01v8_hvt (77)           |sky130_fd_pr__pfet_01v8_hvt (77)           
sky130_fd_pr__nfet_01v8 (100)              |sky130_fd_pr__nfet_01v8 (100)              
sky130_fd_pr__pfet_01v8 (27)               |sky130_fd_pr__pfet_01v8 (27)               
sky130_fd_pr__pfet_01v8_lvt (21)           |sky130_fd_pr__pfet_01v8_lvt (21)           
sky130_fd_pr__nfet_01v8_lvt (8)            |sky130_fd_pr__nfet_01v8_lvt (8)            
sky130_fd_pr__cap_mim_m3_1 (12)            |sky130_fd_pr__cap_mim_m3_1 (12)            
sky130_fd_pr__cap_mim_m3_2 (2)             |sky130_fd_pr__cap_mim_m3_2 (2)             
Number of devices: 247                     |Number of devices: 247                     
Number of nets: 86                         |Number of nets: 86                         
---------------------------------------------------------------------------------------
Resolving automorphisms by property value.
Netlists match uniquely.
Netlists match uniquely.
Circuits match correctly.

Subcircuit pins:
Circuit 1: dac_8bit_lvs                    |Circuit 2: dac_8bit_flat                   
-------------------------------------------|-------------------------------------------
q7                                         |q7                                         
q6                                         |q6                                         
q5                                         |q5                                         
q4                                         |q4                                         
q3                                         |q3                                         
q2                                         |q2                                         
q1                                         |q1                                         
q0                                         |q0                                         
vin                                        |vin                                        
vref                                       |vref                                       
adc_clk                                    |adc_clk                                    
comp_outm                                  |comp_outm                                  
comp_out                                   |comp_out                                   
ibiasn                                     |ibiasn                                     
VSS                                        |VSS                                        
sample                                     |sample                                     
VDD                                        |VDD                                        
vlow                                       |vlow                                       
ibiasp                                     |ibiasp                                     
vcom                                       |vcom                                       
---------------------------------------------------------------------------------------
Cell pin lists are equivalent.
Device classes dac_8bit_lvs and dac_8bit_flat are equivalent.
Circuits match uniquely.
