Netgen 1.5.189 compiled on Sun Jun 20 19:52:12 PDT 2021
Warning: netgen command 'format' use fully-qualified name '::netgen::format'
Warning: netgen command 'global' use fully-qualified name '::netgen::global'
Reading netlist file ../../simulations/dac_8bit_lvs.spice
Call to undefined subcircuit sky130_fd_pr__pfet_01v8_hvt
Creating placeholder cell definition.
Call to undefined subcircuit sky130_fd_pr__nfet_01v8
Creating placeholder cell definition.
Call to undefined subcircuit inv1
Creating placeholder cell definition.
Call to undefined subcircuit se_fold_casc_wide_swing_ota_lvs
Creating placeholder cell definition.
Call to undefined subcircuit latched_comparator_folded_lvs
Creating placeholder cell definition.
Call to undefined subcircuit amux_2to1_lvs
Creating placeholder cell definition.
Call to undefined subcircuit sky130_fd_pr__cap_mim_m3_1
Creating placeholder cell definition.
Call to undefined subcircuit sky130_fd_pr__pfet_01v8
Creating placeholder cell definition.
Call to undefined subcircuit sky130_fd_pr__pfet_01v8_lvt
Creating placeholder cell definition.
Call to undefined subcircuit sky130_fd_pr__nfet_01v8_lvt
Creating placeholder cell definition.
Call to undefined subcircuit sky130_fd_pr__cap_mim_m3_2
Creating placeholder cell definition.
Reading netlist file dac_8bit_lvs_layout.spice
Call to undefined subcircuit sky130_fd_pr__pfet_01v8_lvt
Creating placeholder cell definition.
Call to undefined subcircuit sky130_fd_pr__nfet_01v8
Creating placeholder cell definition.
Call to undefined subcircuit sky130_fd_pr__pfet_01v8_hvt
Creating placeholder cell definition.
Call to undefined subcircuit sky130_fd_pr__pfet_01v8
Creating placeholder cell definition.
Call to undefined subcircuit sky130_fd_pr__cap_mim_m3_1
Creating placeholder cell definition.
Call to undefined subcircuit sky130_fd_pr__nfet_01v8_lvt
Creating placeholder cell definition.
Call to undefined subcircuit sky130_fd_pr__cap_mim_m3_2
Creating placeholder cell definition.
Reading setup file /home/users/nhpoole/PDKS/sky130A/libs.tech/netgen/sky130A_setup.tcl
Model sky130_fd_pr__nfet_01v8 pin 1 == 3
Model sky130_fd_pr__nfet_01v8 pin 1 == 3
No property mult found for device sky130_fd_pr__nfet_01v8
No property sa found for device sky130_fd_pr__nfet_01v8
No property sb found for device sky130_fd_pr__nfet_01v8
No property sd found for device sky130_fd_pr__nfet_01v8
No property nf found for device sky130_fd_pr__nfet_01v8
No property nrd found for device sky130_fd_pr__nfet_01v8
No property nrs found for device sky130_fd_pr__nfet_01v8
Model sky130_fd_pr__nfet_01v8_lvt pin 1 == 3
Model sky130_fd_pr__nfet_01v8_lvt pin 1 == 3
No property mult found for device sky130_fd_pr__nfet_01v8_lvt
No property sa found for device sky130_fd_pr__nfet_01v8_lvt
No property sb found for device sky130_fd_pr__nfet_01v8_lvt
No property sd found for device sky130_fd_pr__nfet_01v8_lvt
No property nf found for device sky130_fd_pr__nfet_01v8_lvt
No property nrd found for device sky130_fd_pr__nfet_01v8_lvt
No property nrs found for device sky130_fd_pr__nfet_01v8_lvt
Model sky130_fd_pr__pfet_01v8 pin 1 == 3
Model sky130_fd_pr__pfet_01v8 pin 1 == 3
No property mult found for device sky130_fd_pr__pfet_01v8
No property sa found for device sky130_fd_pr__pfet_01v8
No property sb found for device sky130_fd_pr__pfet_01v8
No property sd found for device sky130_fd_pr__pfet_01v8
No property nf found for device sky130_fd_pr__pfet_01v8
No property nrd found for device sky130_fd_pr__pfet_01v8
No property nrs found for device sky130_fd_pr__pfet_01v8
Model sky130_fd_pr__pfet_01v8_lvt pin 1 == 3
Model sky130_fd_pr__pfet_01v8_lvt pin 1 == 3
No property mult found for device sky130_fd_pr__pfet_01v8_lvt
No property sa found for device sky130_fd_pr__pfet_01v8_lvt
No property sb found for device sky130_fd_pr__pfet_01v8_lvt
No property sd found for device sky130_fd_pr__pfet_01v8_lvt
No property nf found for device sky130_fd_pr__pfet_01v8_lvt
No property nrd found for device sky130_fd_pr__pfet_01v8_lvt
No property nrs found for device sky130_fd_pr__pfet_01v8_lvt
Model sky130_fd_pr__pfet_01v8_hvt pin 1 == 3
Model sky130_fd_pr__pfet_01v8_hvt pin 1 == 3
No property mult found for device sky130_fd_pr__pfet_01v8_hvt
No property sa found for device sky130_fd_pr__pfet_01v8_hvt
No property sb found for device sky130_fd_pr__pfet_01v8_hvt
No property sd found for device sky130_fd_pr__pfet_01v8_hvt
No property nf found for device sky130_fd_pr__pfet_01v8_hvt
No property nrd found for device sky130_fd_pr__pfet_01v8_hvt
No property nrs found for device sky130_fd_pr__pfet_01v8_hvt
No property area found for device sky130_fd_pr__cap_mim_m3_1
No property value found for device sky130_fd_pr__cap_mim_m3_1
No property mult found for device sky130_fd_pr__cap_mim_m3_1
No property perim found for device sky130_fd_pr__cap_mim_m3_1
No property area found for device sky130_fd_pr__cap_mim_m3_1
No property value found for device sky130_fd_pr__cap_mim_m3_1
No property mult found for device sky130_fd_pr__cap_mim_m3_1
No property perim found for device sky130_fd_pr__cap_mim_m3_1
No property mf found for device sky130_fd_pr__cap_mim_m3_1
No property area found for device sky130_fd_pr__cap_mim_m3_2
No property value found for device sky130_fd_pr__cap_mim_m3_2
No property mult found for device sky130_fd_pr__cap_mim_m3_2
No property perim found for device sky130_fd_pr__cap_mim_m3_2
No property area found for device sky130_fd_pr__cap_mim_m3_2
No property value found for device sky130_fd_pr__cap_mim_m3_2
No property mult found for device sky130_fd_pr__cap_mim_m3_2
No property perim found for device sky130_fd_pr__cap_mim_m3_2
No property mf found for device sky130_fd_pr__cap_mim_m3_2
Comparison output logged to file comp.out
Logging to file "comp.out" enabled
Contents of circuit 1:  Circuit: 'sky130_fd_pr__nfet_01v8'
Circuit sky130_fd_pr__nfet_01v8 contains 0 device instances.
Circuit contains 0 nets.
Contents of circuit 2:  Circuit: 'sky130_fd_pr__nfet_01v8'
Circuit sky130_fd_pr__nfet_01v8 contains 0 device instances.
Circuit contains 0 nets.

Circuit sky130_fd_pr__nfet_01v8 contains no devices.
Contents of circuit 1:  Circuit: 'sky130_fd_pr__pfet_01v8_hvt'
Circuit sky130_fd_pr__pfet_01v8_hvt contains 0 device instances.
Circuit contains 0 nets.
Contents of circuit 2:  Circuit: 'sky130_fd_pr__pfet_01v8_hvt'
Circuit sky130_fd_pr__pfet_01v8_hvt contains 0 device instances.
Circuit contains 0 nets.

Circuit sky130_fd_pr__pfet_01v8_hvt contains no devices.
Contents of circuit 1:  Circuit: 'sky130_fd_pr__pfet_01v8'
Circuit sky130_fd_pr__pfet_01v8 contains 0 device instances.
Circuit contains 0 nets.
Contents of circuit 2:  Circuit: 'sky130_fd_pr__pfet_01v8'
Circuit sky130_fd_pr__pfet_01v8 contains 0 device instances.
Circuit contains 0 nets.

Circuit sky130_fd_pr__pfet_01v8 contains no devices.
Contents of circuit 1:  Circuit: 'sky130_fd_pr__pfet_01v8_lvt'
Circuit sky130_fd_pr__pfet_01v8_lvt contains 0 device instances.
Circuit contains 0 nets.
Contents of circuit 2:  Circuit: 'sky130_fd_pr__pfet_01v8_lvt'
Circuit sky130_fd_pr__pfet_01v8_lvt contains 0 device instances.
Circuit contains 0 nets.

Circuit sky130_fd_pr__pfet_01v8_lvt contains no devices.
Contents of circuit 1:  Circuit: 'sky130_fd_pr__nfet_01v8_lvt'
Circuit sky130_fd_pr__nfet_01v8_lvt contains 0 device instances.
Circuit contains 0 nets.
Contents of circuit 2:  Circuit: 'sky130_fd_pr__nfet_01v8_lvt'
Circuit sky130_fd_pr__nfet_01v8_lvt contains 0 device instances.
Circuit contains 0 nets.

Circuit sky130_fd_pr__nfet_01v8_lvt contains no devices.
Contents of circuit 1:  Circuit: 'sky130_fd_pr__cap_mim_m3_1'
Circuit sky130_fd_pr__cap_mim_m3_1 contains 0 device instances.
Circuit contains 0 nets.
Contents of circuit 2:  Circuit: 'sky130_fd_pr__cap_mim_m3_1'
Circuit sky130_fd_pr__cap_mim_m3_1 contains 0 device instances.
Circuit contains 0 nets.

Circuit sky130_fd_pr__cap_mim_m3_1 contains no devices.
Contents of circuit 1:  Circuit: 'sky130_fd_pr__cap_mim_m3_2'
Circuit sky130_fd_pr__cap_mim_m3_2 contains 0 device instances.
Circuit contains 0 nets.
Contents of circuit 2:  Circuit: 'sky130_fd_pr__cap_mim_m3_2'
Circuit sky130_fd_pr__cap_mim_m3_2 contains 0 device instances.
Circuit contains 0 nets.

Circuit sky130_fd_pr__cap_mim_m3_2 contains no devices.
Contents of circuit 1:  Circuit: 'dac_8bit_lvs'
Circuit dac_8bit_lvs contains 284 device instances.
  Class: sky130_fd_pr__nfet_01v8 instances: 108
  Class: sky130_fd_pr__cap_mim_m3_1 instances:  13
  Class: sky130_fd_pr__cap_mim_m3_2 instances:   3
  Class: sky130_fd_pr__nfet_01v8_lvt instances:   8
  Class: sky130_fd_pr__pfet_01v8_hvt instances: 101
  Class: sky130_fd_pr__pfet_01v8 instances:  28
  Class: sky130_fd_pr__pfet_01v8_lvt instances:  23
Circuit contains 86 nets.
Contents of circuit 2:  Circuit: 'dac_8bit_flat'
Circuit dac_8bit_flat contains 1315 device instances.
  Class: sky130_fd_pr__nfet_01v8 instances: 401
  Class: sky130_fd_pr__cap_mim_m3_1 instances: 336
  Class: sky130_fd_pr__cap_mim_m3_2 instances:  12
  Class: sky130_fd_pr__nfet_01v8_lvt instances: 116
  Class: sky130_fd_pr__pfet_01v8_hvt instances: 249
  Class: sky130_fd_pr__pfet_01v8 instances:  80
  Class: sky130_fd_pr__pfet_01v8_lvt instances: 121
Circuit contains 86 nets.

Circuit was modified by parallel/series device merging.
New circuit summary:

Contents of circuit 1:  Circuit: 'dac_8bit_lvs'
Circuit dac_8bit_lvs contains 247 device instances.
  Class: sky130_fd_pr__nfet_01v8 instances: 100
  Class: sky130_fd_pr__cap_mim_m3_1 instances:  12
  Class: sky130_fd_pr__cap_mim_m3_2 instances:   2
  Class: sky130_fd_pr__nfet_01v8_lvt instances:   8
  Class: sky130_fd_pr__pfet_01v8_hvt instances:  77
  Class: sky130_fd_pr__pfet_01v8 instances:  27
  Class: sky130_fd_pr__pfet_01v8_lvt instances:  21
Circuit contains 86 nets.
Contents of circuit 2:  Circuit: 'dac_8bit_flat'
Circuit dac_8bit_flat contains 247 device instances.
  Class: sky130_fd_pr__nfet_01v8 instances: 100
  Class: sky130_fd_pr__cap_mim_m3_1 instances:  12
  Class: sky130_fd_pr__cap_mim_m3_2 instances:   2
  Class: sky130_fd_pr__nfet_01v8_lvt instances:   8
  Class: sky130_fd_pr__pfet_01v8_hvt instances:  77
  Class: sky130_fd_pr__pfet_01v8 instances:  27
  Class: sky130_fd_pr__pfet_01v8_lvt instances:  21
Circuit contains 86 nets.

Circuit 1 contains 247 devices, Circuit 2 contains 247 devices.
Circuit 1 contains 86 nets,    Circuit 2 contains 86 nets.

No more changes can be made to series/parallel networks.
No more changes can be made to series/parallel networks.
No more changes can be made to series/parallel networks.
No more changes can be made to series/parallel networks.
No more changes can be made to series/parallel networks.
Circuits match with 20 symmetries.
Resolving automorphisms by property value.
Netlists match uniquely.
Netlists match uniquely.
Circuits match correctly.
Result: Circuits match uniquely.
Logging to file "comp.out" disabled
LVS Done.
