Netgen 1.5.189 compiled on Sun Jun 20 19:52:12 PDT 2021
Warning: netgen command 'format' use fully-qualified name '::netgen::format'
Warning: netgen command 'global' use fully-qualified name '::netgen::global'
Reading netlist file ../../simulations/user_analog_project_wrapper.spice
Call to undefined subcircuit chip_top_level
Creating placeholder cell definition.
Call to undefined subcircuit analog_top_level_lvs
Creating placeholder cell definition.
Call to undefined subcircuit sky130_fd_pr__nfet_g5v0d10v5
Creating placeholder cell definition.
Call to undefined subcircuit sky130_fd_pr__pfet_g5v0d10v5
Creating placeholder cell definition.
Call to undefined subcircuit input_amplifier_lvs
Creating placeholder cell definition.
Call to undefined subcircuit biquad_gm_c_filter_lvs
Creating placeholder cell definition.
Call to undefined subcircuit diff_to_se_converter_lvs
Creating placeholder cell definition.
Call to undefined subcircuit bias_current_distribution_lvs
Creating placeholder cell definition.
Call to undefined subcircuit comparator_lvs
Creating placeholder cell definition.
Call to undefined subcircuit peak_detector_lvs
Creating placeholder cell definition.
Call to undefined subcircuit sample_and_hold_lvs
Creating placeholder cell definition.
Call to undefined subcircuit low_freq_pll_block_lvs
Creating placeholder cell definition.
Call to undefined subcircuit dac_8bit_lvs
Creating placeholder cell definition.
Call to undefined subcircuit pulse_generator_lvs
Creating placeholder cell definition.
Call to undefined subcircuit txgate_lvs
Creating placeholder cell definition.
Call to undefined subcircuit sky130_fd_pr__cap_mim_m3_1
Creating placeholder cell definition.
Call to undefined subcircuit diff_fold_casc_ota_lvs
Creating placeholder cell definition.
Call to undefined subcircuit inv1
Creating placeholder cell definition.
Call to undefined subcircuit gm_c_stage_lvs
Creating placeholder cell definition.
Call to undefined subcircuit se_fold_casc_wide_swing_ota_lvs
Creating placeholder cell definition.
Call to undefined subcircuit sky130_fd_pr__pfet_01v8
Creating placeholder cell definition.
Call to undefined subcircuit sky130_fd_pr__nfet_01v8
Creating placeholder cell definition.
Call to undefined subcircuit sky130_fd_pr__nfet_01v8_lvt
Creating placeholder cell definition.
Call to undefined subcircuit sky130_fd_pr__pfet_01v8_hvt
Creating placeholder cell definition.
Call to undefined subcircuit sky130_fd_pr__cap_mim_m3_2
Creating placeholder cell definition.
Call to undefined subcircuit cs_ring_osc_lvs
Creating placeholder cell definition.
Call to undefined subcircuit freq_div_lvs
Creating placeholder cell definition.
Call to undefined subcircuit pfd_cp_lpf_lvs
Creating placeholder cell definition.
Call to undefined subcircuit latched_comparator_folded_lvs
Creating placeholder cell definition.
Call to undefined subcircuit amux_2to1_lvs
Creating placeholder cell definition.
Call to undefined subcircuit dff_stdcell
Creating placeholder cell definition.
Call to undefined subcircuit and2
Creating placeholder cell definition.
Call to undefined subcircuit sky130_fd_pr__pfet_01v8_lvt
Creating placeholder cell definition.
Call to undefined subcircuit cs_ring_osc_stage_lvs_exp
Creating placeholder cell definition.
Call to undefined subcircuit inv4
Creating placeholder cell definition.
Call to undefined subcircuit inv
Creating placeholder cell definition.
Call to undefined subcircuit nand2
Creating placeholder cell definition.
Call to undefined subcircuit dffr_stdcell
Creating placeholder cell definition.
Call to undefined subcircuit sky130_fd_sc_hd__dfxbp_1
Creating placeholder cell definition.
Call to undefined subcircuit sky130_fd_sc_hd__dfrbp_1
Creating placeholder cell definition.
Reading netlist file user_analog_project_wrapper_lvs_layout.spice
Call to undefined subcircuit sky130_fd_pr__nfet_g5v0d10v5
Creating placeholder cell definition.
Call to undefined subcircuit sky130_fd_pr__pfet_g5v0d10v5
Creating placeholder cell definition.
Call to undefined subcircuit sky130_fd_pr__nfet_01v8
Creating placeholder cell definition.
Call to undefined subcircuit sky130_fd_pr__pfet_01v8_hvt
Creating placeholder cell definition.
Call to undefined subcircuit sky130_fd_pr__cap_mim_m3_1
Creating placeholder cell definition.
Call to undefined subcircuit sky130_fd_pr__nfet_01v8_lvt
Creating placeholder cell definition.
Call to undefined subcircuit sky130_fd_pr__pfet_01v8_lvt
Creating placeholder cell definition.
Call to undefined subcircuit sky130_fd_pr__pfet_01v8
Creating placeholder cell definition.
Call to undefined subcircuit sky130_fd_pr__cap_mim_m3_2
Creating placeholder cell definition.
Reading setup file /home/users/nhpoole/PDKS/sky130A/libs.tech/netgen/sky130A_setup.tcl
Model sky130_fd_pr__res_generic_po pin end_a == end_b
No property mult found for device sky130_fd_pr__res_generic_po
Model sky130_fd_pr__res_generic_m1 pin end_a == end_b
No property mult found for device sky130_fd_pr__res_generic_m1
Model sky130_fd_pr__nfet_01v8 pin 1 == 3
Model sky130_fd_pr__nfet_01v8 pin 1 == 3
No property mult found for device sky130_fd_pr__nfet_01v8
No property sa found for device sky130_fd_pr__nfet_01v8
No property sb found for device sky130_fd_pr__nfet_01v8
No property sd found for device sky130_fd_pr__nfet_01v8
No property nf found for device sky130_fd_pr__nfet_01v8
No property nrd found for device sky130_fd_pr__nfet_01v8
No property nrs found for device sky130_fd_pr__nfet_01v8
Model sky130_fd_pr__nfet_01v8_lvt pin 1 == 3
Model sky130_fd_pr__nfet_01v8_lvt pin 1 == 3
No property mult found for device sky130_fd_pr__nfet_01v8_lvt
No property sa found for device sky130_fd_pr__nfet_01v8_lvt
No property sb found for device sky130_fd_pr__nfet_01v8_lvt
No property sd found for device sky130_fd_pr__nfet_01v8_lvt
No property nf found for device sky130_fd_pr__nfet_01v8_lvt
No property nrd found for device sky130_fd_pr__nfet_01v8_lvt
No property nrs found for device sky130_fd_pr__nfet_01v8_lvt
Model sky130_fd_pr__nfet_g5v0d10v5 pin 1 == 3
Model sky130_fd_pr__nfet_g5v0d10v5 pin 1 == 3
No property mult found for device sky130_fd_pr__nfet_g5v0d10v5
No property sa found for device sky130_fd_pr__nfet_g5v0d10v5
No property sb found for device sky130_fd_pr__nfet_g5v0d10v5
No property sd found for device sky130_fd_pr__nfet_g5v0d10v5
No property nf found for device sky130_fd_pr__nfet_g5v0d10v5
No property nrd found for device sky130_fd_pr__nfet_g5v0d10v5
No property nrs found for device sky130_fd_pr__nfet_g5v0d10v5
Model sky130_fd_pr__pfet_01v8 pin 1 == 3
Model sky130_fd_pr__pfet_01v8 pin 1 == 3
No property mult found for device sky130_fd_pr__pfet_01v8
No property sa found for device sky130_fd_pr__pfet_01v8
No property sb found for device sky130_fd_pr__pfet_01v8
No property sd found for device sky130_fd_pr__pfet_01v8
No property nf found for device sky130_fd_pr__pfet_01v8
No property nrd found for device sky130_fd_pr__pfet_01v8
No property nrs found for device sky130_fd_pr__pfet_01v8
Model sky130_fd_pr__pfet_01v8_lvt pin 1 == 3
Model sky130_fd_pr__pfet_01v8_lvt pin 1 == 3
No property mult found for device sky130_fd_pr__pfet_01v8_lvt
No property sa found for device sky130_fd_pr__pfet_01v8_lvt
No property sb found for device sky130_fd_pr__pfet_01v8_lvt
No property sd found for device sky130_fd_pr__pfet_01v8_lvt
No property nf found for device sky130_fd_pr__pfet_01v8_lvt
No property nrd found for device sky130_fd_pr__pfet_01v8_lvt
No property nrs found for device sky130_fd_pr__pfet_01v8_lvt
Model sky130_fd_pr__pfet_01v8_hvt pin 1 == 3
Model sky130_fd_pr__pfet_01v8_hvt pin 1 == 3
No property mult found for device sky130_fd_pr__pfet_01v8_hvt
No property sa found for device sky130_fd_pr__pfet_01v8_hvt
No property sb found for device sky130_fd_pr__pfet_01v8_hvt
No property sd found for device sky130_fd_pr__pfet_01v8_hvt
No property nf found for device sky130_fd_pr__pfet_01v8_hvt
No property nrd found for device sky130_fd_pr__pfet_01v8_hvt
No property nrs found for device sky130_fd_pr__pfet_01v8_hvt
Model sky130_fd_pr__pfet_g5v0d10v5 pin 1 == 3
Model sky130_fd_pr__pfet_g5v0d10v5 pin 1 == 3
No property mult found for device sky130_fd_pr__pfet_g5v0d10v5
No property sa found for device sky130_fd_pr__pfet_g5v0d10v5
No property sb found for device sky130_fd_pr__pfet_g5v0d10v5
No property sd found for device sky130_fd_pr__pfet_g5v0d10v5
No property nf found for device sky130_fd_pr__pfet_g5v0d10v5
No property nrd found for device sky130_fd_pr__pfet_g5v0d10v5
No property nrs found for device sky130_fd_pr__pfet_g5v0d10v5
No property area found for device sky130_fd_pr__cap_mim_m3_1
No property value found for device sky130_fd_pr__cap_mim_m3_1
No property mult found for device sky130_fd_pr__cap_mim_m3_1
No property perim found for device sky130_fd_pr__cap_mim_m3_1
No property area found for device sky130_fd_pr__cap_mim_m3_1
No property value found for device sky130_fd_pr__cap_mim_m3_1
No property mult found for device sky130_fd_pr__cap_mim_m3_1
No property perim found for device sky130_fd_pr__cap_mim_m3_1
No property mf found for device sky130_fd_pr__cap_mim_m3_1
No property area found for device sky130_fd_pr__cap_mim_m3_2
No property value found for device sky130_fd_pr__cap_mim_m3_2
No property mult found for device sky130_fd_pr__cap_mim_m3_2
No property perim found for device sky130_fd_pr__cap_mim_m3_2
No property area found for device sky130_fd_pr__cap_mim_m3_2
No property value found for device sky130_fd_pr__cap_mim_m3_2
No property mult found for device sky130_fd_pr__cap_mim_m3_2
No property perim found for device sky130_fd_pr__cap_mim_m3_2
No property mf found for device sky130_fd_pr__cap_mim_m3_2
Comparison output logged to file comp.out
Logging to file "comp.out" enabled
Contents of circuit 1:  Circuit: 'sky130_fd_pr__pfet_01v8_hvt'
Circuit sky130_fd_pr__pfet_01v8_hvt contains 0 device instances.
Circuit contains 0 nets.
Contents of circuit 2:  Circuit: 'sky130_fd_pr__pfet_01v8_hvt'
Circuit sky130_fd_pr__pfet_01v8_hvt contains 0 device instances.
Circuit contains 0 nets.

Circuit sky130_fd_pr__pfet_01v8_hvt contains no devices.
Contents of circuit 1:  Circuit: 'sky130_fd_pr__nfet_01v8'
Circuit sky130_fd_pr__nfet_01v8 contains 0 device instances.
Circuit contains 0 nets.
Contents of circuit 2:  Circuit: 'sky130_fd_pr__nfet_01v8'
Circuit sky130_fd_pr__nfet_01v8 contains 0 device instances.
Circuit contains 0 nets.

Circuit sky130_fd_pr__nfet_01v8 contains no devices.
Contents of circuit 1:  Circuit: 'sky130_fd_pr__cap_mim_m3_1'
Circuit sky130_fd_pr__cap_mim_m3_1 contains 0 device instances.
Circuit contains 0 nets.
Contents of circuit 2:  Circuit: 'sky130_fd_pr__cap_mim_m3_1'
Circuit sky130_fd_pr__cap_mim_m3_1 contains 0 device instances.
Circuit contains 0 nets.

Circuit sky130_fd_pr__cap_mim_m3_1 contains no devices.
Contents of circuit 1:  Circuit: 'sky130_fd_sc_hd__dfxbp_1'
Circuit sky130_fd_sc_hd__dfxbp_1 contains 28 device instances.
  Class: sky130_fd_pr__nfet_01v8 instances:  14
  Class: sky130_fd_pr__pfet_01v8_hvt instances:  14
Circuit contains 20 nets.
Contents of circuit 2:  Circuit: 'sky130_fd_sc_hd__dfxbp_1'
Circuit sky130_fd_sc_hd__dfxbp_1 contains 28 device instances.
  Class: sky130_fd_pr__nfet_01v8 instances:  14
  Class: sky130_fd_pr__pfet_01v8_hvt instances:  14
Circuit contains 20 nets.

Circuit 1 contains 28 devices, Circuit 2 contains 28 devices.
Circuit 1 contains 20 nets,    Circuit 2 contains 20 nets.

Netlists match uniquely.
Contents of circuit 1:  Circuit: 'sky130_fd_sc_hd__dfrbp_1'
Circuit sky130_fd_sc_hd__dfrbp_1 contains 32 device instances.
  Class: sky130_fd_pr__nfet_01v8 instances:  16
  Class: sky130_fd_pr__pfet_01v8_hvt instances:  16
Circuit contains 23 nets.
Contents of circuit 2:  Circuit: 'sky130_fd_sc_hd__dfrbp_1'
Circuit sky130_fd_sc_hd__dfrbp_1 contains 32 device instances.
  Class: sky130_fd_pr__nfet_01v8 instances:  16
  Class: sky130_fd_pr__pfet_01v8_hvt instances:  16
Circuit contains 23 nets.

Circuit 1 contains 32 devices, Circuit 2 contains 32 devices.
Circuit 1 contains 23 nets,    Circuit 2 contains 23 nets.

Netlists match uniquely.
Contents of circuit 1:  Circuit: 'sky130_fd_pr__pfet_01v8'
Circuit sky130_fd_pr__pfet_01v8 contains 0 device instances.
Circuit contains 0 nets.
Contents of circuit 2:  Circuit: 'sky130_fd_pr__pfet_01v8'
Circuit sky130_fd_pr__pfet_01v8 contains 0 device instances.
Circuit contains 0 nets.

Circuit sky130_fd_pr__pfet_01v8 contains no devices.
Contents of circuit 1:  Circuit: 'sky130_fd_pr__pfet_01v8_lvt'
Circuit sky130_fd_pr__pfet_01v8_lvt contains 0 device instances.
Circuit contains 0 nets.
Contents of circuit 2:  Circuit: 'sky130_fd_pr__pfet_01v8_lvt'
Circuit sky130_fd_pr__pfet_01v8_lvt contains 0 device instances.
Circuit contains 0 nets.

Circuit sky130_fd_pr__pfet_01v8_lvt contains no devices.
Contents of circuit 1:  Circuit: 'sky130_fd_pr__nfet_01v8_lvt'
Circuit sky130_fd_pr__nfet_01v8_lvt contains 0 device instances.
Circuit contains 0 nets.
Contents of circuit 2:  Circuit: 'sky130_fd_pr__nfet_01v8_lvt'
Circuit sky130_fd_pr__nfet_01v8_lvt contains 0 device instances.
Circuit contains 0 nets.

Circuit sky130_fd_pr__nfet_01v8_lvt contains no devices.
Contents of circuit 1:  Circuit: 'sky130_fd_pr__cap_mim_m3_2'
Circuit sky130_fd_pr__cap_mim_m3_2 contains 0 device instances.
Circuit contains 0 nets.
Contents of circuit 2:  Circuit: 'sky130_fd_pr__cap_mim_m3_2'
Circuit sky130_fd_pr__cap_mim_m3_2 contains 0 device instances.
Circuit contains 0 nets.

Circuit sky130_fd_pr__cap_mim_m3_2 contains no devices.
Contents of circuit 1:  Circuit: 'user_analog_project_wrapper'
Circuit user_analog_project_wrapper contains 1864 device instances.
  Class: sky130_fd_pr__nfet_01v8 instances: 732
  Class: sky130_fd_pr__cap_mim_m3_1 instances:  98
  Class: sky130_fd_pr__cap_mim_m3_2 instances:  24
  Class: sky130_fd_pr__nfet_01v8_lvt instances: 100
  Class: sky130_fd_pr__pfet_01v8_hvt instances: 460
  Class: sky130_fd_pr__pfet_01v8 instances: 288
  Class: sky130_fd_sc_hd__dfxbp_1 instances:  15
  Class: sky130_fd_pr__pfet_01v8_lvt instances: 145
  Class: sky130_fd_sc_hd__dfrbp_1 instances:   2
Circuit contains 773 nets, and 28 disconnected pins.
Contents of circuit 2:  Circuit: 'user_analog_project_wrapper_ext'
Circuit user_analog_project_wrapper_ext contains 8164 device instances.
  Class: sky130_fd_pr__nfet_01v8 instances: 3208
  Class: sky130_fd_pr__cap_mim_m3_1 instances: 1160
  Class: sky130_fd_pr__cap_mim_m3_2 instances:  96
  Class: sky130_fd_pr__nfet_01v8_lvt instances: 1137
  Class: sky130_fd_pr__pfet_01v8_hvt instances: 895
  Class: sky130_fd_pr__pfet_01v8 instances: 850
  Class: sky130_fd_sc_hd__dfxbp_1 instances:  15
  Class: sky130_fd_pr__pfet_01v8_lvt instances: 801
  Class: sky130_fd_sc_hd__dfrbp_1 instances:   2
Circuit contains 771 nets, and 634 disconnected pins.

Circuit was modified by parallel/series device merging.
New circuit summary:

Contents of circuit 1:  Circuit: 'user_analog_project_wrapper'
Circuit user_analog_project_wrapper contains 1684 device instances.
  Class: sky130_fd_pr__nfet_01v8 instances: 697
  Class: sky130_fd_pr__cap_mim_m3_1 instances:  59
  Class: sky130_fd_pr__cap_mim_m3_2 instances:   9
  Class: sky130_fd_pr__nfet_01v8_lvt instances:  99
  Class: sky130_fd_pr__pfet_01v8_hvt instances: 398
  Class: sky130_fd_pr__pfet_01v8 instances: 270
  Class: sky130_fd_sc_hd__dfxbp_1 instances:  15
  Class: sky130_fd_pr__pfet_01v8_lvt instances: 135
  Class: sky130_fd_sc_hd__dfrbp_1 instances:   2
Circuit contains 773 nets, and 28 disconnected pins.
Contents of circuit 2:  Circuit: 'user_analog_project_wrapper_ext'
Circuit user_analog_project_wrapper_ext contains 1684 device instances.
  Class: sky130_fd_pr__nfet_01v8 instances: 697
  Class: sky130_fd_pr__cap_mim_m3_1 instances:  59
  Class: sky130_fd_pr__cap_mim_m3_2 instances:   9
  Class: sky130_fd_pr__nfet_01v8_lvt instances:  99
  Class: sky130_fd_pr__pfet_01v8_hvt instances: 398
  Class: sky130_fd_pr__pfet_01v8 instances: 270
  Class: sky130_fd_sc_hd__dfxbp_1 instances:  15
  Class: sky130_fd_pr__pfet_01v8_lvt instances: 135
  Class: sky130_fd_sc_hd__dfrbp_1 instances:   2
Circuit contains 771 nets, and 634 disconnected pins.

Circuit 1 contains 1684 devices, Circuit 2 contains 1684 devices.
Circuit 1 contains 771 nets,    Circuit 2 contains 771 nets.

No more changes can be made to series/parallel networks.
No more changes can be made to series/parallel networks.
No more changes can be made to series/parallel networks.
No more changes can be made to series/parallel networks.
No more changes can be made to series/parallel networks.
No more changes can be made to series/parallel networks.
No more changes can be made to series/parallel networks.
No more changes can be made to series/parallel networks.
No more changes can be made to series/parallel networks.
No more changes can be made to series/parallel networks.
Circuits match with 40 symmetries.
Resolving automorphisms by property value.
Netlists match uniquely.
Netlists match uniquely.
Circuits match correctly.
Result: The top level cell failed pin matching.

Logging to file "comp.out" disabled
LVS Done.
