###############################################################
#  Generated by:      Cadence Innovus 20.13-s083_1
#  OS:                Linux x86_64(Host ID caddy13)
#  Generated on:      Sun Jul 11 16:16:56 2021
#  Design:            deconv_kernel_estimator_top_level
#  Command:           checkDesign -all
###############################################################
Design: deconv_kernel_estimator_top_level

------ Design Summary:
Total Standard Cell Number   (cells) : 9889
Total Block Cell Number      (cells) : 16
Total I/O Pad Cell Number    (cells) : 0
Total Standard Cell Area     ( um^2) : 105311.00
Total Block Cell Area        ( um^2) : 4552615.58
Total I/O Pad Cell Area      ( um^2) : 0.00

------ Design Statistics:

Number of Instances            : 9905
Number of Non-uniquified Insts : 9899
Number of Nets                 : 13249
Average number of Pins per Net : 2.80
Maximum number of Pins in Net  : 751

------ I/O Port summary

Number of Primary I/O Ports    : 29
Number of Input Ports          : 26
Number of Output Ports         : 3
Number of Bidirectional Ports  : 0
Number of Power/Ground Ports   : 0



------------------------------------------------------------
Detail report:


------ I/O Pad/Port Checking


