
Cadence Innovus(TM) Implementation System.
Copyright 2020 Cadence Design Systems, Inc. All rights reserved worldwide.

Version:	v20.13-s083_1, built Tue Jan 19 16:51:46 PST 2021
Options:	-no_gui -no_logv -batch -execute writeFlowTemplate 
Date:		Mon Jul 19 16:27:48 2021
Host:		caddy13 (x86_64 w/Linux 3.10.0-1160.31.1.el7.x86_64) (8cores*16cpus*Common KVM processor 16384KB)
OS:		CentOS Linux release 7.9.2009 (Core)

License:
		invs	Innovus Implementation System	20.1	checkout succeeded
		8 CPU jobs allowed with the current license(s). Use setMultiCpuUsage to set your required CPU count.
The soft stacksize limit is either up to the hard limit or larger than 0.2% of RAM. No change is needed.

**INFO:  MMMC transition support version v31-84 

<CMD> set_global _enable_mmmc_by_default_flow      $CTE::mmmc_default
<CMD> suppressMessage ENCEXT-2799
Executing cmd 'writeFlowTemplate' ...
<CMD> writeFlowTemplate
Saved Foundation Flow Templates to .

*** Memory Usage v#2 (Current mem = 645.820M, initial mem = 267.602M) ***
*** Message Summary: 0 warning(s), 0 error(s)

--- Ending "Innovus" (totcpu=0:00:40.7, real=0:01:06, mem=645.8M) ---
