Flattening unmatched subcell sky130_fd_sc_hd__dfrbp_1 in circuit dffr_stdcell (0)(1 instance)
Warning: Equate pins:  cell sky130_fd_pr__pfet_01v8_hvt has no definition, treated as a black box.
Warning: Equate pins:  cell sky130_fd_pr__pfet_01v8_hvt has no definition, treated as a black box.

Subcircuit pins:
Circuit 1: sky130_fd_pr__pfet_01v8_hvt     |Circuit 2: sky130_fd_pr__pfet_01v8_hvt     
-------------------------------------------|-------------------------------------------
1                                          |1                                          
2                                          |2                                          
3                                          |3                                          
4                                          |4                                          
---------------------------------------------------------------------------------------
Cell pin lists are equivalent.
Device classes sky130_fd_pr__pfet_01v8_hvt and sky130_fd_pr__pfet_01v8_hvt are equivalent.
Warning: Equate pins:  cell sky130_fd_pr__nfet_01v8 has no definition, treated as a black box.
Warning: Equate pins:  cell sky130_fd_pr__nfet_01v8 has no definition, treated as a black box.

Subcircuit pins:
Circuit 1: sky130_fd_pr__nfet_01v8         |Circuit 2: sky130_fd_pr__nfet_01v8         
-------------------------------------------|-------------------------------------------
1                                          |1                                          
2                                          |2                                          
3                                          |3                                          
4                                          |4                                          
---------------------------------------------------------------------------------------
Cell pin lists are equivalent.
Device classes sky130_fd_pr__nfet_01v8 and sky130_fd_pr__nfet_01v8 are equivalent.

Subcircuit summary:
Circuit 1: dffr_stdcell                    |Circuit 2: dffr_stdcell_flat               
-------------------------------------------|-------------------------------------------
sky130_fd_pr__pfet_01v8_hvt (16)           |sky130_fd_pr__pfet_01v8_hvt (16)           
sky130_fd_pr__nfet_01v8 (16)               |sky130_fd_pr__nfet_01v8 (16)               
Number of devices: 32                      |Number of devices: 32                      
Number of nets: 21                         |Number of nets: 21                         
---------------------------------------------------------------------------------------
Circuits match uniquely.
Netlists match uniquely.

Subcircuit pins:
Circuit 1: dffr_stdcell                    |Circuit 2: dffr_stdcell_flat               
-------------------------------------------|-------------------------------------------
VDD                                        |VDD                                        
VSS                                        |VSS                                        
RN                                         |RN                                         
D                                          |D                                          
Q                                          |Q                                          
QB                                         |QB                                         
CLK                                        |CLK                                        
---------------------------------------------------------------------------------------
Cell pin lists are equivalent.
Device classes dffr_stdcell and dffr_stdcell_flat are equivalent.
Circuits match uniquely.
