** NOTE: Created directory path 'logs' for file 'logs/run.log'.

Cadence Innovus(TM) Implementation System.
Copyright 2020 Cadence Design Systems, Inc. All rights reserved worldwide.

Version:	v20.13-s083_1, built Tue Jan 19 16:51:46 PST 2021
Options:	-overwrite -nowin -init START.tcl -log logs/run.log 
Date:		Sun Jul 11 16:16:06 2021
Host:		caddy13 (x86_64 w/Linux 3.10.0-1160.31.1.el7.x86_64) (8cores*16cpus*Common KVM processor 16384KB)
OS:		CentOS Linux release 7.9.2009 (Core)

License:
		invs	Innovus Implementation System	20.1	checkout succeeded
		8 CPU jobs allowed with the current license(s). Use setMultiCpuUsage to set your required CPU count.
Create and set the environment variable TMPDIR to /tmp/innovus_temp_16932_caddy13_nhpoole_DlFgpM.

The soft stacksize limit is either up to the hard limit or larger than 0.2% of RAM. No change is needed.

**INFO:  MMMC transition support version v31-84 

Sourcing file "START.tcl" ...
The timeout for a remote job to respond is 3600 seconds.
Submit command for task runs will be: local
<FF> Plugin -> always_source_tcl
<FF> LOADING 'always_source_tcl' PLUG-IN FILE(s) 
<FF> -> innovus-foundation-flow/custom-scripts/always-source.tcl

  > Info: Sourcing "scripts/main.tcl"

### Start verbose source output (echo mode) for 'scripts/main.tcl' ...
# source -verbose innovus-foundation-flow/INNOVUS/run_init.tcl
### Start verbose source output (echo mode) for 'innovus-foundation-flow/INNOVUS/run_init.tcl' ...
# if {[file exists innovus-foundation-flow/vars.tcl]} {
   source innovus-foundation-flow/vars.tcl
}
# foreach file $vars(config_files) {
   source $file
}
# source innovus-foundation-flow/procs.tcl
# ff_procs::system_info
# setDistributeHost -local
The timeout for a remote job to respond is 3600 seconds.
Submit command for task runs will be: local
# setMultiCpuUsage -localCpu 16
# set vars(step) init
# set vars(init,start_time) [clock seconds]
# exec mkdir -p $env(VPATH)
# puts "<FF> Plugin -> pre_init_tcl"
<FF> Plugin -> pre_init_tcl
# source innovus-foundation-flow/init.tcl
# init_design
#% Begin Load MMMC data ... (date=07/11 16:16:44, mem=567.2M)
#% End Load MMMC data ... (date=07/11 16:16:44, total cpu=0:00:00.0, real=0:00:00.0, peak res=567.9M, current mem=567.9M)

Loading LEF file inputs/adk/rtk-tech.lef ...

Loading LEF file inputs/adk/stdcells.lef ...
WARNING (LEFPARS-2008): NOWIREEXTENSIONATPIN statement is obsolete in version 5.6 or later.
The NOWIREEXTENSIONATPIN statement will be ignored. See file inputs/adk/stdcells.lef at line 18.
Set DBUPerIGU to M1 pitch 460.

Loading LEF file inputs/sky130_sram_2kbyte_1rw1r_32x512_8.lef ...
**WARN: (IMPLF-246):	The 'UNITS' attribute is only allowed to be set in the first LEF file (technology LEF). The attribute was found in this LEF file, and will be ignored.
**WARN: (IMPLF-200):	Pin 'din0[0]' in macro 'sky130_sram_2kbyte_1rw1r_32x512_8' has no ANTENNAGATEAREA value defined. The library data is incomplete and some process antenna rules will not be checked correctly.
Type 'man IMPLF-200' for more detail.
**WARN: (IMPLF-200):	Pin 'din0[1]' in macro 'sky130_sram_2kbyte_1rw1r_32x512_8' has no ANTENNAGATEAREA value defined. The library data is incomplete and some process antenna rules will not be checked correctly.
Type 'man IMPLF-200' for more detail.
**WARN: (IMPLF-200):	Pin 'din0[2]' in macro 'sky130_sram_2kbyte_1rw1r_32x512_8' has no ANTENNAGATEAREA value defined. The library data is incomplete and some process antenna rules will not be checked correctly.
Type 'man IMPLF-200' for more detail.
**WARN: (IMPLF-200):	Pin 'din0[3]' in macro 'sky130_sram_2kbyte_1rw1r_32x512_8' has no ANTENNAGATEAREA value defined. The library data is incomplete and some process antenna rules will not be checked correctly.
Type 'man IMPLF-200' for more detail.
**WARN: (IMPLF-200):	Pin 'din0[4]' in macro 'sky130_sram_2kbyte_1rw1r_32x512_8' has no ANTENNAGATEAREA value defined. The library data is incomplete and some process antenna rules will not be checked correctly.
Type 'man IMPLF-200' for more detail.
**WARN: (IMPLF-200):	Pin 'din0[5]' in macro 'sky130_sram_2kbyte_1rw1r_32x512_8' has no ANTENNAGATEAREA value defined. The library data is incomplete and some process antenna rules will not be checked correctly.
Type 'man IMPLF-200' for more detail.
**WARN: (IMPLF-200):	Pin 'din0[6]' in macro 'sky130_sram_2kbyte_1rw1r_32x512_8' has no ANTENNAGATEAREA value defined. The library data is incomplete and some process antenna rules will not be checked correctly.
Type 'man IMPLF-200' for more detail.
**WARN: (IMPLF-200):	Pin 'din0[7]' in macro 'sky130_sram_2kbyte_1rw1r_32x512_8' has no ANTENNAGATEAREA value defined. The library data is incomplete and some process antenna rules will not be checked correctly.
Type 'man IMPLF-200' for more detail.
**WARN: (IMPLF-200):	Pin 'din0[8]' in macro 'sky130_sram_2kbyte_1rw1r_32x512_8' has no ANTENNAGATEAREA value defined. The library data is incomplete and some process antenna rules will not be checked correctly.
Type 'man IMPLF-200' for more detail.
**WARN: (IMPLF-200):	Pin 'din0[9]' in macro 'sky130_sram_2kbyte_1rw1r_32x512_8' has no ANTENNAGATEAREA value defined. The library data is incomplete and some process antenna rules will not be checked correctly.
Type 'man IMPLF-200' for more detail.
**WARN: (IMPLF-200):	Pin 'din0[10]' in macro 'sky130_sram_2kbyte_1rw1r_32x512_8' has no ANTENNAGATEAREA value defined. The library data is incomplete and some process antenna rules will not be checked correctly.
Type 'man IMPLF-200' for more detail.
**WARN: (IMPLF-200):	Pin 'din0[11]' in macro 'sky130_sram_2kbyte_1rw1r_32x512_8' has no ANTENNAGATEAREA value defined. The library data is incomplete and some process antenna rules will not be checked correctly.
Type 'man IMPLF-200' for more detail.
**WARN: (IMPLF-200):	Pin 'din0[12]' in macro 'sky130_sram_2kbyte_1rw1r_32x512_8' has no ANTENNAGATEAREA value defined. The library data is incomplete and some process antenna rules will not be checked correctly.
Type 'man IMPLF-200' for more detail.
**WARN: (IMPLF-200):	Pin 'din0[13]' in macro 'sky130_sram_2kbyte_1rw1r_32x512_8' has no ANTENNAGATEAREA value defined. The library data is incomplete and some process antenna rules will not be checked correctly.
Type 'man IMPLF-200' for more detail.
**WARN: (IMPLF-200):	Pin 'din0[14]' in macro 'sky130_sram_2kbyte_1rw1r_32x512_8' has no ANTENNAGATEAREA value defined. The library data is incomplete and some process antenna rules will not be checked correctly.
Type 'man IMPLF-200' for more detail.
**WARN: (IMPLF-200):	Pin 'din0[15]' in macro 'sky130_sram_2kbyte_1rw1r_32x512_8' has no ANTENNAGATEAREA value defined. The library data is incomplete and some process antenna rules will not be checked correctly.
Type 'man IMPLF-200' for more detail.
**WARN: (IMPLF-200):	Pin 'din0[16]' in macro 'sky130_sram_2kbyte_1rw1r_32x512_8' has no ANTENNAGATEAREA value defined. The library data is incomplete and some process antenna rules will not be checked correctly.
Type 'man IMPLF-200' for more detail.
**WARN: (IMPLF-200):	Pin 'din0[17]' in macro 'sky130_sram_2kbyte_1rw1r_32x512_8' has no ANTENNAGATEAREA value defined. The library data is incomplete and some process antenna rules will not be checked correctly.
Type 'man IMPLF-200' for more detail.
**WARN: (IMPLF-200):	Pin 'din0[18]' in macro 'sky130_sram_2kbyte_1rw1r_32x512_8' has no ANTENNAGATEAREA value defined. The library data is incomplete and some process antenna rules will not be checked correctly.
Type 'man IMPLF-200' for more detail.
**WARN: (IMPLF-200):	Pin 'din0[19]' in macro 'sky130_sram_2kbyte_1rw1r_32x512_8' has no ANTENNAGATEAREA value defined. The library data is incomplete and some process antenna rules will not be checked correctly.
Type 'man IMPLF-200' for more detail.
**WARN: (EMS-27):	Message (IMPLF-200) has exceeded the current message display limit of 20.
To increase the message display limit, refer to the product command reference manual.
**WARN: (IMPLF-201):	Pin 'dout0[0]' in macro 'sky130_sram_2kbyte_1rw1r_32x512_8' has no ANTENNADIFFAREA value defined. The library data is incomplete and some process antenna rules will not be checked correctly.
Type 'man IMPLF-201' for more detail.
**WARN: (IMPLF-201):	Pin 'dout0[1]' in macro 'sky130_sram_2kbyte_1rw1r_32x512_8' has no ANTENNADIFFAREA value defined. The library data is incomplete and some process antenna rules will not be checked correctly.
Type 'man IMPLF-201' for more detail.
**WARN: (IMPLF-201):	Pin 'dout0[2]' in macro 'sky130_sram_2kbyte_1rw1r_32x512_8' has no ANTENNADIFFAREA value defined. The library data is incomplete and some process antenna rules will not be checked correctly.
Type 'man IMPLF-201' for more detail.
**WARN: (IMPLF-201):	Pin 'dout0[3]' in macro 'sky130_sram_2kbyte_1rw1r_32x512_8' has no ANTENNADIFFAREA value defined. The library data is incomplete and some process antenna rules will not be checked correctly.
Type 'man IMPLF-201' for more detail.
**WARN: (IMPLF-201):	Pin 'dout0[4]' in macro 'sky130_sram_2kbyte_1rw1r_32x512_8' has no ANTENNADIFFAREA value defined. The library data is incomplete and some process antenna rules will not be checked correctly.
Type 'man IMPLF-201' for more detail.
**WARN: (IMPLF-201):	Pin 'dout0[5]' in macro 'sky130_sram_2kbyte_1rw1r_32x512_8' has no ANTENNADIFFAREA value defined. The library data is incomplete and some process antenna rules will not be checked correctly.
Type 'man IMPLF-201' for more detail.
**WARN: (IMPLF-201):	Pin 'dout0[6]' in macro 'sky130_sram_2kbyte_1rw1r_32x512_8' has no ANTENNADIFFAREA value defined. The library data is incomplete and some process antenna rules will not be checked correctly.
Type 'man IMPLF-201' for more detail.
**WARN: (IMPLF-201):	Pin 'dout0[7]' in macro 'sky130_sram_2kbyte_1rw1r_32x512_8' has no ANTENNADIFFAREA value defined. The library data is incomplete and some process antenna rules will not be checked correctly.
Type 'man IMPLF-201' for more detail.
**WARN: (IMPLF-201):	Pin 'dout0[8]' in macro 'sky130_sram_2kbyte_1rw1r_32x512_8' has no ANTENNADIFFAREA value defined. The library data is incomplete and some process antenna rules will not be checked correctly.
Type 'man IMPLF-201' for more detail.
**WARN: (IMPLF-201):	Pin 'dout0[9]' in macro 'sky130_sram_2kbyte_1rw1r_32x512_8' has no ANTENNADIFFAREA value defined. The library data is incomplete and some process antenna rules will not be checked correctly.
Type 'man IMPLF-201' for more detail.
**WARN: (IMPLF-201):	Pin 'dout0[10]' in macro 'sky130_sram_2kbyte_1rw1r_32x512_8' has no ANTENNADIFFAREA value defined. The library data is incomplete and some process antenna rules will not be checked correctly.
Type 'man IMPLF-201' for more detail.
**WARN: (IMPLF-201):	Pin 'dout0[11]' in macro 'sky130_sram_2kbyte_1rw1r_32x512_8' has no ANTENNADIFFAREA value defined. The library data is incomplete and some process antenna rules will not be checked correctly.
Type 'man IMPLF-201' for more detail.
**WARN: (IMPLF-201):	Pin 'dout0[12]' in macro 'sky130_sram_2kbyte_1rw1r_32x512_8' has no ANTENNADIFFAREA value defined. The library data is incomplete and some process antenna rules will not be checked correctly.
Type 'man IMPLF-201' for more detail.
**WARN: (IMPLF-201):	Pin 'dout0[13]' in macro 'sky130_sram_2kbyte_1rw1r_32x512_8' has no ANTENNADIFFAREA value defined. The library data is incomplete and some process antenna rules will not be checked correctly.
Type 'man IMPLF-201' for more detail.
**WARN: (IMPLF-201):	Pin 'dout0[14]' in macro 'sky130_sram_2kbyte_1rw1r_32x512_8' has no ANTENNADIFFAREA value defined. The library data is incomplete and some process antenna rules will not be checked correctly.
Type 'man IMPLF-201' for more detail.
**WARN: (IMPLF-201):	Pin 'dout0[15]' in macro 'sky130_sram_2kbyte_1rw1r_32x512_8' has no ANTENNADIFFAREA value defined. The library data is incomplete and some process antenna rules will not be checked correctly.
Type 'man IMPLF-201' for more detail.
**WARN: (IMPLF-201):	Pin 'dout0[16]' in macro 'sky130_sram_2kbyte_1rw1r_32x512_8' has no ANTENNADIFFAREA value defined. The library data is incomplete and some process antenna rules will not be checked correctly.
Type 'man IMPLF-201' for more detail.
**WARN: (IMPLF-201):	Pin 'dout0[17]' in macro 'sky130_sram_2kbyte_1rw1r_32x512_8' has no ANTENNADIFFAREA value defined. The library data is incomplete and some process antenna rules will not be checked correctly.
Type 'man IMPLF-201' for more detail.
**WARN: (IMPLF-201):	Pin 'dout0[18]' in macro 'sky130_sram_2kbyte_1rw1r_32x512_8' has no ANTENNADIFFAREA value defined. The library data is incomplete and some process antenna rules will not be checked correctly.
Type 'man IMPLF-201' for more detail.
**WARN: (IMPLF-201):	Pin 'dout0[19]' in macro 'sky130_sram_2kbyte_1rw1r_32x512_8' has no ANTENNADIFFAREA value defined. The library data is incomplete and some process antenna rules will not be checked correctly.
Type 'man IMPLF-201' for more detail.
**WARN: (EMS-27):	Message (IMPLF-201) has exceeded the current message display limit of 20.
To increase the message display limit, refer to the product command reference manual.

viaInitial starts at Sun Jul 11 16:16:44 2021
viaInitial ends at Sun Jul 11 16:16:44 2021

##  Check design process and node:  
##  Both design process and tech node are not set.

Loading view definition file from innovus-foundation-flow/view_definition.tcl
Starting library reading in 'Multi-threaded flow' (with '16' threads)

Threads Configured:16
Reading libs_typical timing library /home/users/nhpoole/ee272b/ee272b_mixed_signal_mmwave_accelerator/digital_synth_pnr/deconvolution_kernel_estimator_2ksram/build/5-skywater-130nm/view-standard/stdcells.lib.
**WARN: (TECHLIB-302):	No function defined for cell 'sky130_fd_sc_hd__lpflow_decapkapwr_8'. The cell will only be used for analysis. (File /home/users/nhpoole/ee272b/ee272b_mixed_signal_mmwave_accelerator/digital_synth_pnr/deconvolution_kernel_estimator_2ksram/build/5-skywater-130nm/view-standard/stdcells.lib)
**WARN: (TECHLIB-302):	No function defined for cell 'sky130_fd_sc_hd__lpflow_decapkapwr_6'. The cell will only be used for analysis. (File /home/users/nhpoole/ee272b/ee272b_mixed_signal_mmwave_accelerator/digital_synth_pnr/deconvolution_kernel_estimator_2ksram/build/5-skywater-130nm/view-standard/stdcells.lib)
**WARN: (TECHLIB-302):	No function defined for cell 'sky130_fd_sc_hd__lpflow_decapkapwr_4'. The cell will only be used for analysis. (File /home/users/nhpoole/ee272b/ee272b_mixed_signal_mmwave_accelerator/digital_synth_pnr/deconvolution_kernel_estimator_2ksram/build/5-skywater-130nm/view-standard/stdcells.lib)
**WARN: (TECHLIB-302):	No function defined for cell 'sky130_fd_sc_hd__lpflow_decapkapwr_3'. The cell will only be used for analysis. (File /home/users/nhpoole/ee272b/ee272b_mixed_signal_mmwave_accelerator/digital_synth_pnr/deconvolution_kernel_estimator_2ksram/build/5-skywater-130nm/view-standard/stdcells.lib)
**WARN: (TECHLIB-302):	No function defined for cell 'sky130_fd_sc_hd__lpflow_decapkapwr_12'. The cell will only be used for analysis. (File /home/users/nhpoole/ee272b/ee272b_mixed_signal_mmwave_accelerator/digital_synth_pnr/deconvolution_kernel_estimator_2ksram/build/5-skywater-130nm/view-standard/stdcells.lib)
**WARN: (TECHLIB-302):	No function defined for cell 'sky130_fd_sc_hd__lpflow_bleeder_1'. The cell will only be used for analysis. (File /home/users/nhpoole/ee272b/ee272b_mixed_signal_mmwave_accelerator/digital_synth_pnr/deconvolution_kernel_estimator_2ksram/build/5-skywater-130nm/view-standard/stdcells.lib)
**WARN: (TECHLIB-302):	No function defined for cell 'sky130_fd_sc_hd__diode_2'. The cell will only be used for analysis. (File /home/users/nhpoole/ee272b/ee272b_mixed_signal_mmwave_accelerator/digital_synth_pnr/deconvolution_kernel_estimator_2ksram/build/5-skywater-130nm/view-standard/stdcells.lib)
**WARN: (TECHLIB-302):	No function defined for cell 'sky130_fd_sc_hd__decap_8'. The cell will only be used for analysis. (File /home/users/nhpoole/ee272b/ee272b_mixed_signal_mmwave_accelerator/digital_synth_pnr/deconvolution_kernel_estimator_2ksram/build/5-skywater-130nm/view-standard/stdcells.lib)
**WARN: (TECHLIB-302):	No function defined for cell 'sky130_fd_sc_hd__decap_6'. The cell will only be used for analysis. (File /home/users/nhpoole/ee272b/ee272b_mixed_signal_mmwave_accelerator/digital_synth_pnr/deconvolution_kernel_estimator_2ksram/build/5-skywater-130nm/view-standard/stdcells.lib)
**WARN: (TECHLIB-302):	No function defined for cell 'sky130_fd_sc_hd__decap_4'. The cell will only be used for analysis. (File /home/users/nhpoole/ee272b/ee272b_mixed_signal_mmwave_accelerator/digital_synth_pnr/deconvolution_kernel_estimator_2ksram/build/5-skywater-130nm/view-standard/stdcells.lib)
**WARN: (TECHLIB-302):	No function defined for cell 'sky130_fd_sc_hd__decap_3'. The cell will only be used for analysis. (File /home/users/nhpoole/ee272b/ee272b_mixed_signal_mmwave_accelerator/digital_synth_pnr/deconvolution_kernel_estimator_2ksram/build/5-skywater-130nm/view-standard/stdcells.lib)
**WARN: (TECHLIB-302):	No function defined for cell 'sky130_fd_sc_hd__decap_12'. The cell will only be used for analysis. (File /home/users/nhpoole/ee272b/ee272b_mixed_signal_mmwave_accelerator/digital_synth_pnr/deconvolution_kernel_estimator_2ksram/build/5-skywater-130nm/view-standard/stdcells.lib)
Read 427 cells in library sky130_fd_sc_hd__tt_025C_1v80.
Reading libs_typical timing library /home/users/nhpoole/ee272b/ee272b_mixed_signal_mmwave_accelerator/digital_synth_pnr/deconvolution_kernel_estimator_2ksram/build/6-sram/outputs/sky130_sram_2kbyte_1rw1r_32x512_8_TT_1p8V_25C.lib.
Read 1 cells in library sky130_sram_2kbyte_1rw1r_32x512_8_TT_1p8V_25C_lib.
Library reading multithread flow ended.
Starting library reading in 'Multi-threaded flow' (with '16' threads)

Threads Configured:16
Reading libs_bc timing library /home/users/nhpoole/ee272b/ee272b_mixed_signal_mmwave_accelerator/digital_synth_pnr/deconvolution_kernel_estimator_2ksram/build/5-skywater-130nm/view-standard/stdcells-bc.lib.
**WARN: (TECHLIB-302):	No function defined for cell 'sky130_fd_sc_hd__lpflow_decapkapwr_8'. The cell will only be used for analysis. (File /home/users/nhpoole/ee272b/ee272b_mixed_signal_mmwave_accelerator/digital_synth_pnr/deconvolution_kernel_estimator_2ksram/build/5-skywater-130nm/view-standard/stdcells-bc.lib)
**WARN: (TECHLIB-302):	No function defined for cell 'sky130_fd_sc_hd__lpflow_decapkapwr_6'. The cell will only be used for analysis. (File /home/users/nhpoole/ee272b/ee272b_mixed_signal_mmwave_accelerator/digital_synth_pnr/deconvolution_kernel_estimator_2ksram/build/5-skywater-130nm/view-standard/stdcells-bc.lib)
**WARN: (TECHLIB-302):	No function defined for cell 'sky130_fd_sc_hd__lpflow_decapkapwr_4'. The cell will only be used for analysis. (File /home/users/nhpoole/ee272b/ee272b_mixed_signal_mmwave_accelerator/digital_synth_pnr/deconvolution_kernel_estimator_2ksram/build/5-skywater-130nm/view-standard/stdcells-bc.lib)
**WARN: (TECHLIB-302):	No function defined for cell 'sky130_fd_sc_hd__lpflow_decapkapwr_3'. The cell will only be used for analysis. (File /home/users/nhpoole/ee272b/ee272b_mixed_signal_mmwave_accelerator/digital_synth_pnr/deconvolution_kernel_estimator_2ksram/build/5-skywater-130nm/view-standard/stdcells-bc.lib)
**WARN: (TECHLIB-302):	No function defined for cell 'sky130_fd_sc_hd__lpflow_decapkapwr_12'. The cell will only be used for analysis. (File /home/users/nhpoole/ee272b/ee272b_mixed_signal_mmwave_accelerator/digital_synth_pnr/deconvolution_kernel_estimator_2ksram/build/5-skywater-130nm/view-standard/stdcells-bc.lib)
**WARN: (TECHLIB-302):	No function defined for cell 'sky130_fd_sc_hd__lpflow_bleeder_1'. The cell will only be used for analysis. (File /home/users/nhpoole/ee272b/ee272b_mixed_signal_mmwave_accelerator/digital_synth_pnr/deconvolution_kernel_estimator_2ksram/build/5-skywater-130nm/view-standard/stdcells-bc.lib)
**WARN: (TECHLIB-302):	No function defined for cell 'sky130_fd_sc_hd__diode_2'. The cell will only be used for analysis. (File /home/users/nhpoole/ee272b/ee272b_mixed_signal_mmwave_accelerator/digital_synth_pnr/deconvolution_kernel_estimator_2ksram/build/5-skywater-130nm/view-standard/stdcells-bc.lib)
**WARN: (TECHLIB-302):	No function defined for cell 'sky130_fd_sc_hd__decap_8'. The cell will only be used for analysis. (File /home/users/nhpoole/ee272b/ee272b_mixed_signal_mmwave_accelerator/digital_synth_pnr/deconvolution_kernel_estimator_2ksram/build/5-skywater-130nm/view-standard/stdcells-bc.lib)
Message <TECHLIB-302> has exceeded the message display limit of '20'. Use 'set_message -no_limit -id list_of_msgIDs' to reset the message limit.
Read 427 cells in library sky130_fd_sc_hd__ff_100C_1v95.
Library reading multithread flow ended.
Starting consistency checks on late and early library sets of delay corner 'delay_default'
late library set: libs_typical
early library set: libs_bc
Completed consistency checks. Status: Successful
*** End library_loading (cpu=0.14min, real=0.03min, mem=68.5M, fe_cpu=0.75min, fe_real=0.67min, fe_mem=724.0M) ***
#% Begin Load netlist data ... (date=07/11 16:16:46, mem=600.9M)
*** Begin netlist parsing (mem=724.0M) ***
Created 428 new cells from 3 timing libraries.
Reading netlist ...
Backslashed names will retain backslash and a trailing blank character.
Reading verilog netlist './inputs/design.v'

*** Memory Usage v#2 (Current mem = 724.039M, initial mem = 267.605M) ***
*** End netlist parsing (cpu=0:00:00.2, real=0:00:00.0, mem=724.0M) ***
#% End Load netlist data ... (date=07/11 16:16:46, total cpu=0:00:00.2, real=0:00:00.0, peak res=612.6M, current mem=612.6M)
Set top cell to deconv_kernel_estimator_top_level.
Starting consistency checks on late and early library sets of delay corner 'delay_default'
late library set: libs_typical
early library set: libs_bc
Completed consistency checks. Status: Successful
Starting consistency checks on late and early library sets of delay corner 'delay_default'
late library set: libs_typical
early library set: libs_bc
Completed consistency checks. Status: Successful
Hooked 855 DB cells to tlib cells.
Starting recursive module instantiation check.
No recursion found.
Building hierarchical netlist for Cell deconv_kernel_estimator_top_level ...
*** Netlist is unique.
** info: there are 960 modules.
** info: there are 9889 stdCell insts.
** info: there are 16 macros.

*** Memory Usage v#2 (Current mem = 734.953M, initial mem = 267.605M) ***
**WARN: (IMPFP-3961):	The techSite 'unithddbl' has no related standard cells in LEF/OA library. Cannot make calculations for this site type unless standard cell models of this type exist in the LEF/OA library. If the SITE is not used by the library you can ignore this warning or remove the SITE definition from the LEF/OA to avoid this message.
Type 'man IMPFP-3961' for more detail.
Adjust met3 preferred direction offset from 0.34 to 0.17.
Adjust met4 preferred direction offset from 0.46 to 0.23.
Adjust met5 preferred direction offset from 1.7 to 0.17.
Generated pitch 3.66 in met5 is different from 3.4 defined in technology file in preferred direction.
Generated pitch 0.69 in met4 is different from 0.92 defined in technology file in preferred direction.
Generated pitch 0.61 in met3 is different from 0.68 defined in technology file in preferred direction.
Set Default Net Delay as 1000 ps.
Set Default Net Load as 0.5 pF. 
Set Default Input Pin Transition as 0.1 ps.
Extraction setup Started 
Initializing multi-corner RC extraction with 1 active RC Corners ...
Reading Capacitance Table File inputs/adk/rtk-typical.captable ...
Process name: (null).
Allocated an empty WireEdgeEnlargement table in typical [6].
Allocated an empty WireEdgeEnlargement table in typical [6].
Importing multi-corner RC tables ... 
Summary of Active RC-Corners : 
 
 Analysis View: analysis_default
    RC-Corner Name        : typical
    RC-Corner Index       : 0
    RC-Corner Temperature : 25 Celsius
    RC-Corner Cap Table   : 'inputs/adk/rtk-typical.captable'
    RC-Corner PreRoute Res Factor         : 1
    RC-Corner PreRoute Cap Factor         : 1
    RC-Corner PostRoute Res Factor        : 1 {1 1 1}
    RC-Corner PostRoute Cap Factor        : 1 {1 1 1}
    RC-Corner PostRoute XCap Factor       : 1 {1 1 1}
    RC-Corner PreRoute Clock Res Factor   : 1	[Derived from postRoute_res (effortLevel low)]
    RC-Corner PreRoute Clock Cap Factor   : 1	[Derived from postRoute_cap (effortLevel low)]
    RC-Corner PostRoute Clock Cap Factor  : 1 {1 1 1} 	[Derived from postRoute_cap (effortLevel low)]
    RC-Corner PostRoute Clock Res Factor  : 1 {1 1 1} 	[Derived from postRoute_res (effortLevel low)]
Updating RC grid for preRoute extraction ...
Initializing multi-corner capacitance tables ... 
Initializing multi-corner resistance tables ...
*Info: initialize multi-corner CTS.
Reading timing constraints file './inputs/design.sdc' ...
Current (total cpu=0:00:47.2, real=0:00:42.0, peak res=861.2M, current mem=861.2M)
**WARN: (TCLCMD-1461):	Skipped unsupported command: set_units (File ./inputs/design.sdc, Line 8).

**WARN: (TCLNL-330):	set_input_delay on clock root 'clk' is not supported. You should use the -source option to set_clock_latency to provide this offset. You can also use the global timing_allow_input_delay_on_clock_source to allow set_input_delay assertion to have an effect on clock source paths beginning at this clock root. (File ./inputs/design.sdc, Line 44).

INFO (CTE): Reading of timing constraints file ./inputs/design.sdc completed, with 2 WARNING
Ending "Constraint file reading stats" (total cpu=0:00:00.1, real=0:00:00.0, peak res=882.6M, current mem=882.6M)
Current (total cpu=0:00:47.3, real=0:00:42.0, peak res=882.6M, current mem=882.6M)
**WARN: (TA-976):	Path groups asserted by the group_path constraint are considered by the software to be global in nature - they cannot be restricted to specific constraint modes. Due to this restriction, the group_path constraint is not supported directly in the constraint files which are configured in mode-specific commands such as create_constraint_mode. The current group_path entry will be ignored. You can enter the group_path constraint interactively or as part of a general command script -  where it will be interpreted as global and will be in effect for all modes.
Total number of combinational cells: 328
Total number of sequential cells: 68
Total number of tristate cells: 13
Total number of level shifter cells: 7
Total number of power gating cells: 0
Total number of isolation cells: 11
Total number of power switch cells: 0
Total number of pulse generator cells: 0
Total number of always on buffers: 0
Total number of retention cells: 0
List of usable buffers: sky130_fd_sc_hd__buf_1 sky130_fd_sc_hd__buf_12 sky130_fd_sc_hd__buf_16 sky130_fd_sc_hd__buf_2 sky130_fd_sc_hd__buf_4 sky130_fd_sc_hd__buf_6 sky130_fd_sc_hd__buf_8 sky130_fd_sc_hd__clkbuf_1 sky130_fd_sc_hd__clkbuf_16 sky130_fd_sc_hd__clkbuf_2 sky130_fd_sc_hd__clkbuf_4 sky130_fd_sc_hd__clkbuf_8 sky130_fd_sc_hd__dlymetal6s2s_1 sky130_fd_sc_hd__probec_p_8 sky130_fd_sc_hd__probe_p_8
Total number of usable buffers: 15
List of unusable buffers:
Total number of unusable buffers: 0
List of usable inverters: sky130_fd_sc_hd__bufinv_16 sky130_fd_sc_hd__clkinv_1 sky130_fd_sc_hd__bufinv_8 sky130_fd_sc_hd__clkinv_16 sky130_fd_sc_hd__clkinv_2 sky130_fd_sc_hd__clkinv_4 sky130_fd_sc_hd__clkinv_8 sky130_fd_sc_hd__inv_1 sky130_fd_sc_hd__clkinvlp_2 sky130_fd_sc_hd__clkinvlp_4 sky130_fd_sc_hd__inv_12 sky130_fd_sc_hd__inv_16 sky130_fd_sc_hd__inv_2 sky130_fd_sc_hd__inv_4 sky130_fd_sc_hd__inv_6 sky130_fd_sc_hd__inv_8
Total number of usable inverters: 16
List of unusable inverters:
Total number of unusable inverters: 0
List of identified usable delay cells: sky130_fd_sc_hd__bufbuf_16 sky130_fd_sc_hd__bufbuf_8 sky130_fd_sc_hd__clkdlybuf4s15_1 sky130_fd_sc_hd__clkdlybuf4s15_2 sky130_fd_sc_hd__clkdlybuf4s18_1 sky130_fd_sc_hd__clkdlybuf4s18_2 sky130_fd_sc_hd__clkdlybuf4s25_1 sky130_fd_sc_hd__clkdlybuf4s50_1 sky130_fd_sc_hd__clkdlybuf4s25_2 sky130_fd_sc_hd__clkdlybuf4s50_2 sky130_fd_sc_hd__dlygate4sd2_1 sky130_fd_sc_hd__dlygate4sd1_1 sky130_fd_sc_hd__dlygate4sd3_1 sky130_fd_sc_hd__dlymetal6s6s_1 sky130_fd_sc_hd__dlymetal6s4s_1
Total number of identified usable delay cells: 15
List of identified unusable delay cells:
Total number of identified unusable delay cells: 0
#% Begin Load MMMC data ... (date=07/11 16:16:48, mem=903.2M)
#% End Load MMMC data ... (date=07/11 16:16:48, total cpu=0:00:00.0, real=0:00:00.0, peak res=903.2M, current mem=903.2M)

*** Summary of all messages that are not suppressed in this session:
Severity  ID               Count  Summary                                  
WARNING   IMPLF-200           59  Pin '%s' in macro '%s' has no ANTENNAGAT...
WARNING   IMPLF-201           66  Pin '%s' in macro '%s' has no ANTENNADIF...
WARNING   IMPLF-246            1  The '%s' attribute is only allowed to be...
WARNING   IMPFP-3961           1  The techSite '%s' has no related standar...
WARNING   TA-976               1  Path groups asserted by the group_path c...
WARNING   TCLCMD-1461          1  Skipped unsupported command: %s          
WARNING   TCLNL-330            1  set_input_delay on clock root '%s' is no...
WARNING   TECHLIB-302         24  No function defined for cell '%s'. The c...
*** Message Summary: 154 warning(s), 0 error(s)

# um::enable_metrics -on
# um::push_snapshot_stack
# puts "<FF> Plugin -> always_source_tcl"
<FF> Plugin -> always_source_tcl
# ff_procs::source_plug always_source_tcl
<FF> LOADING 'always_source_tcl' PLUG-IN FILE(s) 
<FF> -> innovus-foundation-flow/custom-scripts/always-source.tcl
# set_power_analysis_mode -analysis_view analysis_default
** WARN:  (VOLTUS_POWR-3212): The 'set_power_analysis_mode -leakage_power_view |-dynamic_power_view|-analysis_view' will be obsolete in 18.20 release. Use 'set_analysis_view -leakage <> | -dynamic <>' to set leakage and dynamic power views.

# source innovus-foundation-flow/timingderate.sdc
<FF> DERATING DELAY CORNERS ...
# setMaxRouteLayer 6
**WARN: (IMPPSP-1003):	Found use of 'setRouteMode -earlyGlobalMaxRouteLayer'. This will continue to work in this release; however, it is recommended to use 'setDesignMode -topRoutingLayer' instead.
**WARN: (IMPPTN-867):	Found use of setPinAssignMode -maxLayer. This will continue to work in this release; however, it is recommended to use setDesignMode -topRoutingLayer instead.
#WARNING (NRIF-91) Option setNanoRouteMode -routeTopRoutingLayer is obsolete. It will continue to work for the current release. To ensure compatibility with future releases, use option setDesignMode -topRoutingLayer instead.
**WARN: (IMPSYT-21024):	Command "setMaxRouteLayer" has become obsolete. It will be removed in the next release and is replaced by "setDesignMode -topRoutingLayer". The obsolete command still works in this release, but to avoid this warning and to ensure compatibility with future releases, update your scripts.
# setDesignMode -process 130 -powerEffort high
##  Process: 130           (User Set)               
##     Node: (not set)                           

##  Check design process and node:  
##  Design tech node is not set.

Applying the recommended capacitance filtering threshold values for 130nm process node: total_c_th=0, relative_c_th=1 and coupling_c_th=0.4.
	These values will be used by all post-route extraction engines, including TQuantus, IQuantus and Quantus QRC extraction.
	Capacitance filtering mode(-capFilterMode option of the setExtractRCMode) is 'relAndCoup' for all engines.
	The accuracy mode for postRoute effortLevel low extraction will be set to 'standard'.
	Default value for EffortLevel(-effortLevel option of the setExtractRCMode) in postRoute extraction mode is 'low'.
# puts "<FF> Plugin -> post_init_tcl"
<FF> Plugin -> post_init_tcl
# timeDesign -preplace -prefix preplace -outDir reports -expandedViews
*** timeDesign #1 [begin] : totSession cpu/real = 0:00:47.7/0:00:41.1 (1.2), mem = 985.4M

**INFO: Power effort not set by setOptMode, so setting 'setOptMode -powerEffort high', as set by setDesignMode
Setting timing_disable_library_data_to_data_checks to 'true'.
Setting timing_disable_user_data_to_data_checks to 'true'.
Total CPU(s) requested: 16
Total CPU(s) enabled with current License(s): 8
Current free CPU(s): 8
Additional license(s) checked out: 1 Innovus_CPU_Opt license(s) for 8 CPU(s)
Total CPU(s) now enabled: 16
Multithreaded Timing Analysis is initialized with 16 threads

Set Using Default Delay Limit as 101.
**WARN: (IMPDC-1629):	The default delay limit was set to 101. This is less than the default of 1000 and may result in inaccurate delay calculation for nets with a fanout higher than the setting.  If needed, the default delay limit may be adjusted by running the command 'set delaycal_use_default_delay_limit'.
Setting High Fanout Nets ( > 100 ) as ideal temporarily for -prePlace option
Set Default Net Delay as 0 ps.
Set Default Net Load as 0 pF. 
Starting delay calculation for Setup views
**WARN: (IMPESI-3505):	setDelayCalMode -eng_copyNetPropToNewNet true (default=false) will be obsoleted along with its sgs2set equivalent.  This parameter will continue to be supported in the current release, but will be removed in the next major release of the software.
AAE DB initialization (MEM=1381.06 CPU=0:00:00.0 REAL=0:00:00.0) 
#################################################################################
# Design Stage: PreRoute
# Design Name: deconv_kernel_estimator_top_level
# Design Mode: 130nm
# Analysis Mode: MMMC Non-OCV 
# Parasitics Mode: No SPEF/RCDB 
# Signoff Settings: SI Off 
#################################################################################
Calculate delays in BcWc mode...
Start delay calculation (fullDC) (16 T). (MEM=1383.06)
Total number of fetched objects 12497
AAE_INFO: Total number of nets for which stage creation was skipped for all views 0
End delay calculation. (MEM=2318.26 CPU=0:00:07.4 REAL=0:00:01.0)
End delay calculation (fullDC). (MEM=2045.64 CPU=0:00:09.9 REAL=0:00:02.0)
*** Done Building Timing Graph (cpu=0:00:14.3 real=0:00:04.0 totSessionCpu=0:01:06 mem=1578.7M)

------------------------------------------------------------------
          timeDesign Summary
------------------------------------------------------------------

Setup views included:
 analysis_default 

+--------------------+---------+---------+---------+---------+
|     Setup mode     |   all   | reg2reg |reg2cgate| default |
+--------------------+---------+---------+---------+---------+
|           WNS (ns):|  3.249  |  3.249  | 18.092  |  7.661  |
|           TNS (ns):|  0.000  |  0.000  |  0.000  |  0.000  |
|    Violating Paths:|    0    |    0    |    0    |    0    |
|          All Paths:|  2417   |  2383   |   28    |   396   |
+--------------------+---------+---------+---------+---------+
|analysis_default    |  3.249  |  3.249  | 18.092  |  7.661  |
|                    |  0.000  |  0.000  |  0.000  |  0.000  |
|                    |    0    |    0    |    0    |    0    |
|                    |  2417   |  2383   |   28    |   396   |
+--------------------+---------+---------+---------+---------+

Density: 69.720%
------------------------------------------------------------------
Set Using Default Delay Limit as 1000.
Resetting back High Fanout Nets as non-ideal
Set Default Net Delay as 1000 ps.
Set Default Net Load as 0.5 pF. 
Reported timing to dir reports
Total CPU time: 20.67 sec
Total Real time: 8.0 sec
Total Memory Usage: 1414.570312 Mbytes
*** timeDesign #1 [finish] : cpu/real = 0:00:20.6/0:00:07.7 (2.7), totSession cpu/real = 0:01:08.3/0:00:48.8 (1.4), mem = 1414.6M
# checkDesign -all
Creating directory checkDesign.
**WARN: (IMPREPO-210):	There are 6 Cells PG Pins with missing geometry.
Begin checking placement ... (start mem=1414.6M, init mem=1444.6M)
*info: Recommended don't use cell = 0           
*info: Placed = 0             
*info: Unplaced = 9905         (BLOCKS = 16)
Placement Density:69.63%(4657927/6689666)
Placement Density (including fixed std cells):69.63%(4657927/6689666)
Finished checkPlace (total: cpu=0:00:00.5, real=0:00:00.0; vio checks: cpu=0:00:00.0, real=0:00:00.0; mem=1444.6M)
############################################################################
# Innovus Netlist Design Rule Check
# Sun Jul 11 16:16:56 2021

############################################################################
Design: deconv_kernel_estimator_top_level

------ Design Summary:
Total Standard Cell Number   (cells) : 9889
Total Block Cell Number      (cells) : 16
Total I/O Pad Cell Number    (cells) : 0
Total Standard Cell Area     ( um^2) : 105311.00
Total Block Cell Area        ( um^2) : 4552615.58
Total I/O Pad Cell Area      ( um^2) : 0.00

------ Design Statistics:

Number of Instances            : 9905
Number of Non-uniquified Insts : 9899
Number of Nets                 : 13249
Average number of Pins per Net : 2.80
Maximum number of Pins in Net  : 751

------ I/O Port summary

Number of Primary I/O Ports    : 29
Number of Input Ports          : 26
Number of Output Ports         : 3
Number of Bidirectional Ports  : 0
Number of Power/Ground Ports   : 0
Number of Floating Ports                     *: 0
Number of Ports Connected to Multiple Pads   *: 0
Number of Ports Connected to Core Instances   : 29
**WARN: (IMPREPO-202):	There are 29 Ports connected to core instances.

------ Design Rule Checking:

Number of Output Pins connect to Power/Ground *: 0
Number of Insts with Input Pins tied together ?: 63
**WARN: (IMPDB-2148):	TieLo term 'SCE' of instance 'clk_gate_b_coeffs_reg_2_/latch' is tied to net 'clk_gate_b_coeffs_reg_2_/TE'.  However, none of the instance's ground terms is connected to the net.  Usually an instance's tieHi/Lo term and one of the Power/Ground (P/G) terms of the instance should connect to the same P/G net.  Check the input netlist, and also make sure proper global net connections are applied to the instance's tieHi/Lo terms and P/G terms.
Type 'man IMPDB-2148' for more detail.
**WARN: (IMPDB-2148):	TieLo term 'SCE' of instance 'clk_gate_a_coeffs_reg_0_/latch' is tied to net 'clk_gate_a_coeffs_reg_0_/TE'.  However, none of the instance's ground terms is connected to the net.  Usually an instance's tieHi/Lo term and one of the Power/Ground (P/G) terms of the instance should connect to the same P/G net.  Check the input netlist, and also make sure proper global net connections are applied to the instance's tieHi/Lo terms and P/G terms.
Type 'man IMPDB-2148' for more detail.
**WARN: (IMPDB-2148):	TieLo term 'SCE' of instance 'clk_gate_a_coeffs_reg_1_/latch' is tied to net 'clk_gate_a_coeffs_reg_1_/TE'.  However, none of the instance's ground terms is connected to the net.  Usually an instance's tieHi/Lo term and one of the Power/Ground (P/G) terms of the instance should connect to the same P/G net.  Check the input netlist, and also make sure proper global net connections are applied to the instance's tieHi/Lo terms and P/G terms.
Type 'man IMPDB-2148' for more detail.
**WARN: (IMPDB-2148):	TieLo term 'SCE' of instance 'clk_gate_a_coeffs_reg_2_/latch' is tied to net 'clk_gate_a_coeffs_reg_2_/TE'.  However, none of the instance's ground terms is connected to the net.  Usually an instance's tieHi/Lo term and one of the Power/Ground (P/G) terms of the instance should connect to the same P/G net.  Check the input netlist, and also make sure proper global net connections are applied to the instance's tieHi/Lo terms and P/G terms.
Type 'man IMPDB-2148' for more detail.
**WARN: (IMPDB-2148):	TieLo term 'SCE' of instance 'clk_gate_tf_coeff_radr_reg/latch' is tied to net 'clk_gate_tf_coeff_radr_reg/TE'.  However, none of the instance's ground terms is connected to the net.  Usually an instance's tieHi/Lo term and one of the Power/Ground (P/G) terms of the instance should connect to the same P/G net.  Check the input netlist, and also make sure proper global net connections are applied to the instance's tieHi/Lo terms and P/G terms.
Type 'man IMPDB-2148' for more detail.
**WARN: (IMPDB-2148):	TieLo term 'SCE' of instance 'clk_gate_coeff_table_base_addr_bypass_reg/latch' is tied to net 'clk_gate_coeff_table_base_addr_bypass_reg/TE'.  However, none of the instance's ground terms is connected to the net.  Usually an instance's tieHi/Lo term and one of the Power/Ground (P/G) terms of the instance should connect to the same P/G net.  Check the input netlist, and also make sure proper global net connections are applied to the instance's tieHi/Lo terms and P/G terms.
Type 'man IMPDB-2148' for more detail.
**WARN: (IMPDB-2148):	TieLo term 'SCE' of instance 'clk_gate_nfft_cntr_reg/latch' is tied to net 'clk_gate_nfft_cntr_reg/TE'.  However, none of the instance's ground terms is connected to the net.  Usually an instance's tieHi/Lo term and one of the Power/Ground (P/G) terms of the instance should connect to the same P/G net.  Check the input netlist, and also make sure proper global net connections are applied to the instance's tieHi/Lo terms and P/G terms.
Type 'man IMPDB-2148' for more detail.
**WARN: (IMPDB-2148):	TieLo term 'SCE' of instance 'clk_gate_config_nfft_reg/latch' is tied to net 'clk_gate_config_nfft_reg/TE'.  However, none of the instance's ground terms is connected to the net.  Usually an instance's tieHi/Lo term and one of the Power/Ground (P/G) terms of the instance should connect to the same P/G net.  Check the input netlist, and also make sure proper global net connections are applied to the instance's tieHi/Lo terms and P/G terms.
Type 'man IMPDB-2148' for more detail.
**WARN: (IMPDB-2148):	TieLo term 'SCE' of instance 'deconv_kernel_phase_sram_interface_inst/clk_gate_wadr_r_reg/latch' is tied to net 'deconv_kernel_phase_sram_interface_inst/clk_gate_wadr_r_reg/TE'.  However, none of the instance's ground terms is connected to the net.  Usually an instance's tieHi/Lo term and one of the Power/Ground (P/G) terms of the instance should connect to the same P/G net.  Check the input netlist, and also make sure proper global net connections are applied to the instance's tieHi/Lo terms and P/G terms.
Type 'man IMPDB-2148' for more detail.
**WARN: (IMPDB-2148):	TieLo term 'SCE' of instance 'deconv_kernel_phase_sram_interface_inst/clk_gate_radr_r_reg/latch' is tied to net 'deconv_kernel_phase_sram_interface_inst/clk_gate_radr_r_reg/TE'.  However, none of the instance's ground terms is connected to the net.  Usually an instance's tieHi/Lo term and one of the Power/Ground (P/G) terms of the instance should connect to the same P/G net.  Check the input netlist, and also make sure proper global net connections are applied to the instance's tieHi/Lo terms and P/G terms.
Type 'man IMPDB-2148' for more detail.
**WARN: (IMPDB-2148):	TieLo term 'SCE' of instance 'deconv_kernel_magnitude_sram_interface_inst/clk_gate_wadr_r_reg/latch' is tied to net 'deconv_kernel_magnitude_sram_interface_inst/clk_gate_wadr_r_reg/TE'.  However, none of the instance's ground terms is connected to the net.  Usually an instance's tieHi/Lo term and one of the Power/Ground (P/G) terms of the instance should connect to the same P/G net.  Check the input netlist, and also make sure proper global net connections are applied to the instance's tieHi/Lo terms and P/G terms.
Type 'man IMPDB-2148' for more detail.
**WARN: (IMPDB-2148):	TieLo term 'SCE' of instance 'deconv_kernel_magnitude_sram_interface_inst/clk_gate_radr_r_reg/latch' is tied to net 'deconv_kernel_magnitude_sram_interface_inst/clk_gate_radr_r_reg/TE'.  However, none of the instance's ground terms is connected to the net.  Usually an instance's tieHi/Lo term and one of the Power/Ground (P/G) terms of the instance should connect to the same P/G net.  Check the input netlist, and also make sure proper global net connections are applied to the instance's tieHi/Lo terms and P/G terms.
Type 'man IMPDB-2148' for more detail.
**WARN: (IMPDB-2148):	TieLo term 'SCE' of instance 'tf_coeff_sram_interface_inst/clk_gate_rwadr_r_reg/latch' is tied to net 'tf_coeff_sram_interface_inst/clk_gate_rwadr_r_reg/TE'.  However, none of the instance's ground terms is connected to the net.  Usually an instance's tieHi/Lo term and one of the Power/Ground (P/G) terms of the instance should connect to the same P/G net.  Check the input netlist, and also make sure proper global net connections are applied to the instance's tieHi/Lo terms and P/G terms.
Type 'man IMPDB-2148' for more detail.
**WARN: (IMPDB-2148):	TieLo term 'SCE' of instance 'tf_coeff_sram_interface_inst/clk_gate_radr_r_reg/latch' is tied to net 'tf_coeff_sram_interface_inst/clk_gate_radr_r_reg/TE'.  However, none of the instance's ground terms is connected to the net.  Usually an instance's tieHi/Lo term and one of the Power/Ground (P/G) terms of the instance should connect to the same P/G net.  Check the input netlist, and also make sure proper global net connections are applied to the instance's tieHi/Lo terms and P/G terms.
Type 'man IMPDB-2148' for more detail.
**WARN: (IMPDB-2148):	TieLo term 'SCE' of instance 'phase_vec_sram_interface_inst/clk_gate_rwadr_r_reg/latch' is tied to net 'phase_vec_sram_interface_inst/clk_gate_rwadr_r_reg/TE'.  However, none of the instance's ground terms is connected to the net.  Usually an instance's tieHi/Lo term and one of the Power/Ground (P/G) terms of the instance should connect to the same P/G net.  Check the input netlist, and also make sure proper global net connections are applied to the instance's tieHi/Lo terms and P/G terms.
Type 'man IMPDB-2148' for more detail.
**WARN: (IMPDB-2148):	TieLo term 'SCE' of instance 'phase_vec_sram_interface_inst/clk_gate_radr_r_reg/latch' is tied to net 'phase_vec_sram_interface_inst/clk_gate_radr_r_reg/TE'.  However, none of the instance's ground terms is connected to the net.  Usually an instance's tieHi/Lo term and one of the Power/Ground (P/G) terms of the instance should connect to the same P/G net.  Check the input netlist, and also make sure proper global net connections are applied to the instance's tieHi/Lo terms and P/G terms.
Type 'man IMPDB-2148' for more detail.
**WARN: (IMPDB-2148):	TieLo term 'SCE' of instance 'iir_notch_filter_inst/clk_gate_reset_filt_reg/latch' is tied to net 'iir_notch_filter_inst/clk_gate_reset_filt_reg/TE'.  However, none of the instance's ground terms is connected to the net.  Usually an instance's tieHi/Lo term and one of the Power/Ground (P/G) terms of the instance should connect to the same P/G net.  Check the input netlist, and also make sure proper global net connections are applied to the instance's tieHi/Lo terms and P/G terms.
Type 'man IMPDB-2148' for more detail.
**WARN: (IMPDB-2148):	TieLo term 'SCE' of instance 'iir_notch_filter_inst/clk_gate_phase_mem_indices_reg_1_/latch' is tied to net 'iir_notch_filter_inst/clk_gate_phase_mem_indices_reg_1_/TE'.  However, none of the instance's ground terms is connected to the net.  Usually an instance's tieHi/Lo term and one of the Power/Ground (P/G) terms of the instance should connect to the same P/G net.  Check the input netlist, and also make sure proper global net connections are applied to the instance's tieHi/Lo terms and P/G terms.
Type 'man IMPDB-2148' for more detail.
**WARN: (IMPDB-2148):	TieLo term 'SCE' of instance 'iir_notch_filter_inst/clk_gate_state_r_reg/latch' is tied to net 'iir_notch_filter_inst/clk_gate_state_r_reg/TE'.  However, none of the instance's ground terms is connected to the net.  Usually an instance's tieHi/Lo term and one of the Power/Ground (P/G) terms of the instance should connect to the same P/G net.  Check the input netlist, and also make sure proper global net connections are applied to the instance's tieHi/Lo terms and P/G terms.
Type 'man IMPDB-2148' for more detail.
**WARN: (IMPDB-2148):	TieLo term 'SCE' of instance 'iir_notch_filter_inst/clk_gate_den_phase_reg/latch' is tied to net 'iir_notch_filter_inst/clk_gate_den_phase_reg/TE'.  However, none of the instance's ground terms is connected to the net.  Usually an instance's tieHi/Lo term and one of the Power/Ground (P/G) terms of the instance should connect to the same P/G net.  Check the input netlist, and also make sure proper global net connections are applied to the instance's tieHi/Lo terms and P/G terms.
Type 'man IMPDB-2148' for more detail.
**WARN: (EMS-27):	Message (IMPDB-2148) has exceeded the current message display limit of 20.
To increase the message display limit, refer to the product command reference manual.
Number of TieHi/Lo term nets not connected to instance's PG terms ?: 30
Number of Input/InOut Floating Pins            : 0
Number of Output Floating Pins                 : 0
Number of Output Term Marked TieHi/Lo         *: 0

**WARN: (IMPREPO-216):	There are 63 Instances with input pins tied together.
**WARN: (IMPREPO-217):	There are 30 TieHi/Lo term nets not connected to instance's PG terms.
Number of nets with tri-state drivers          : 0
Number of nets with parallel drivers           : 0
Number of nets with multiple drivers           : 0
Number of nets with no driver (No FanIn)       : 0
Number of Output Floating nets (No FanOut)     : 704
Number of High Fanout nets (>50)               : 3
**WARN: (IMPREPO-227):	There are 3 High Fanout nets (>50).
**WARN: (IMPREPO-231):	Input netlist has a cell 'sky130_sram_2kbyte_1rw1r_32x512_8' which is marked dont_use in the library. This cell will not be used in timing optimization. Use set_dont_use command to change. Instances of this cell are : <output of dbGet top.insts.cell.name <the cell> -p2
**WARN: (IMPREPO-231):	Input netlist has a cell 'sky130_sram_2kbyte_1rw1r_32x512_8' which is marked dont_use in the library. This cell will not be used in timing optimization. Use set_dont_use command to change. Instances of this cell are : <output of dbGet top.insts.cell.name <the cell> -p2
**WARN: (IMPREPO-231):	Input netlist has a cell 'sky130_sram_2kbyte_1rw1r_32x512_8' which is marked dont_use in the library. This cell will not be used in timing optimization. Use set_dont_use command to change. Instances of this cell are : <output of dbGet top.insts.cell.name <the cell> -p2
**WARN: (IMPREPO-231):	Input netlist has a cell 'sky130_sram_2kbyte_1rw1r_32x512_8' which is marked dont_use in the library. This cell will not be used in timing optimization. Use set_dont_use command to change. Instances of this cell are : <output of dbGet top.insts.cell.name <the cell> -p2
**WARN: (IMPREPO-231):	Input netlist has a cell 'sky130_sram_2kbyte_1rw1r_32x512_8' which is marked dont_use in the library. This cell will not be used in timing optimization. Use set_dont_use command to change. Instances of this cell are : <output of dbGet top.insts.cell.name <the cell> -p2
**WARN: (IMPREPO-231):	Input netlist has a cell 'sky130_sram_2kbyte_1rw1r_32x512_8' which is marked dont_use in the library. This cell will not be used in timing optimization. Use set_dont_use command to change. Instances of this cell are : <output of dbGet top.insts.cell.name <the cell> -p2
**WARN: (IMPREPO-231):	Input netlist has a cell 'sky130_sram_2kbyte_1rw1r_32x512_8' which is marked dont_use in the library. This cell will not be used in timing optimization. Use set_dont_use command to change. Instances of this cell are : <output of dbGet top.insts.cell.name <the cell> -p2
**WARN: (IMPREPO-231):	Input netlist has a cell 'sky130_sram_2kbyte_1rw1r_32x512_8' which is marked dont_use in the library. This cell will not be used in timing optimization. Use set_dont_use command to change. Instances of this cell are : <output of dbGet top.insts.cell.name <the cell> -p2
**WARN: (IMPREPO-231):	Input netlist has a cell 'sky130_sram_2kbyte_1rw1r_32x512_8' which is marked dont_use in the library. This cell will not be used in timing optimization. Use set_dont_use command to change. Instances of this cell are : <output of dbGet top.insts.cell.name <the cell> -p2
**WARN: (IMPREPO-231):	Input netlist has a cell 'sky130_sram_2kbyte_1rw1r_32x512_8' which is marked dont_use in the library. This cell will not be used in timing optimization. Use set_dont_use command to change. Instances of this cell are : <output of dbGet top.insts.cell.name <the cell> -p2
**WARN: (IMPREPO-231):	Input netlist has a cell 'sky130_sram_2kbyte_1rw1r_32x512_8' which is marked dont_use in the library. This cell will not be used in timing optimization. Use set_dont_use command to change. Instances of this cell are : <output of dbGet top.insts.cell.name <the cell> -p2
**WARN: (IMPREPO-231):	Input netlist has a cell 'sky130_sram_2kbyte_1rw1r_32x512_8' which is marked dont_use in the library. This cell will not be used in timing optimization. Use set_dont_use command to change. Instances of this cell are : <output of dbGet top.insts.cell.name <the cell> -p2
**WARN: (IMPREPO-231):	Input netlist has a cell 'sky130_sram_2kbyte_1rw1r_32x512_8' which is marked dont_use in the library. This cell will not be used in timing optimization. Use set_dont_use command to change. Instances of this cell are : <output of dbGet top.insts.cell.name <the cell> -p2
**WARN: (IMPREPO-231):	Input netlist has a cell 'sky130_sram_2kbyte_1rw1r_32x512_8' which is marked dont_use in the library. This cell will not be used in timing optimization. Use set_dont_use command to change. Instances of this cell are : <output of dbGet top.insts.cell.name <the cell> -p2
**WARN: (IMPREPO-231):	Input netlist has a cell 'sky130_sram_2kbyte_1rw1r_32x512_8' which is marked dont_use in the library. This cell will not be used in timing optimization. Use set_dont_use command to change. Instances of this cell are : <output of dbGet top.insts.cell.name <the cell> -p2
**WARN: (IMPREPO-231):	Input netlist has a cell 'sky130_sram_2kbyte_1rw1r_32x512_8' which is marked dont_use in the library. This cell will not be used in timing optimization. Use set_dont_use command to change. Instances of this cell are : <output of dbGet top.insts.cell.name <the cell> -p2

# Number of cells of input netlist marked dont_use = 16.

**WARN: (IMPREPO-213):	There are 29 I/O Pins connected to Non-IO Insts.
Checking for any assigns in the netlist...
  No assigns found.
Checking routing tracks.....
Checking other grids.....
Checking FINFET Grid is on Manufacture Grid.....

Checking core/die box is on Grid.....

WARNING (IMPFP-7236): DIE's corner: (2589.2900000000 , 2584.0000000000) is NOT on PlacementGrid,  Please use command getFPlanMode to check current Grid settings, use command setFPlanMode to change which grid to snap to. And use command get_snap_grid_info to get grids' offset and pitch. Command floorplan can be used to fix this issue.
WARNING (IMPFP-7238): CORE's corner: (2589.2900000000 , 2584.0000000000) is NOT on PlacementGrid,  Please use command getFPlanMode to check current Grid settings, use command setFPlanMode to change which grid to snap to. And use command get_snap_grid_info to get grids' offset and pitch. Command floorplan can be used to fix this issue.
Checking snap rule ......

Checking Row is on grid......

Checking AreaIO row.....
Checking routing blockage.....
Checking components.....
Checking constraints (guide/region/fence).....
Checking groups.....
Checking Ptn Core Box.....

Checking Preroutes.....
No. of regular pre-routes not on tracks : 0 
 Design check done.
Report saved in file checkDesign/deconv_kernel_estimator_top_level.main.htm.ascii

*** Summary of all messages that are not suppressed in this session:
Severity  ID               Count  Summary                                  
WARNING   IMPDB-2148          30  %sterm '%s' of %sinstance '%s' is tied t...
WARNING   IMPREPO-227          1  There are %d High Fanout nets (>50).     
WARNING   IMPREPO-231         16  Input netlist has a cell '%s' which is m...
WARNING   IMPREPO-202          1  There are %d Ports connected to core ins...
WARNING   IMPREPO-210          1  There are %d Cells PG Pins with missing ...
WARNING   IMPREPO-213          1  There are %d I/O Pins connected to Non-I...
WARNING   IMPREPO-216          1  There are %d Instances with input pins t...
WARNING   IMPREPO-217          1  There are %d TieHi/Lo term nets not conn...
*** Message Summary: 52 warning(s), 0 error(s)

# check_timing
###############################################################
#  Generated by:      Cadence Innovus 20.13-s083_1
#  OS:                Linux x86_64(Host ID caddy13)
#  Generated on:      Sun Jul 11 16:16:57 2021
#  Design:            deconv_kernel_estimator_top_level
#  Command:           check_timing
###############################################################
#################################################################################
# Design Stage: PreRoute
# Design Name: deconv_kernel_estimator_top_level
# Design Mode: 130nm
# Analysis Mode: MMMC Non-OCV 
# Parasitics Mode: No SPEF/RCDB 
# Signoff Settings: SI Off 
#################################################################################
Calculate delays in BcWc mode...
Start delay calculation (fullDC) (16 T). (MEM=1444.58)
Total number of fetched objects 12497
AAE_INFO: Total number of nets for which stage creation was skipped for all views 0
End delay calculation. (MEM=2079.67 CPU=0:00:06.9 REAL=0:00:00.0)
End delay calculation (fullDC). (MEM=2079.67 CPU=0:00:08.0 REAL=0:00:01.0)
     +-----------------------------------------------------------+ 
     |                   TIMING CHECK SUMMARY                    | 
     |-----------------------------------------------------------| 
     |       Warning        |   Warning Description   |  Number  | 
     |                      |                         |    of    | 
     |                      |                         | Warnings | 
     |----------------------+-------------------------+----------| 
     | ideal_clock_waveform | Clock waveform is ideal |        1 | 
     +-----------------------------------------------------------+ 
# um::pop_snapshot_stack
# create_snapshot -name init -categories design
------------------------------------------------------------
	Current design flip-flop statistics

Single-Bit FF Count  :         1471
Multi-Bit FF Count   :            0
Total Bit Count      :         1471
Total FF Count       :         1471
Bits Per Flop        :        1.000
------------------------------------------------------------
UM:   flow.cputime  flow.realtime  timing.setup.tns  timing.setup.wns  snapshot
UM:          80.38             53          0.000 ns          3.249 ns  init
# report_metric -file reports/metrics.html -format html
# return
### End verbose source output for 'innovus-foundation-flow/INNOVUS/run_init.tcl'.
### End verbose source output for 'scripts/main.tcl'.

  > Info: Sourcing "scripts/quality-of-life.tcl"

### Start verbose source output (echo mode) for 'scripts/quality-of-life.tcl' ...
# set timing_report_enable_clock_object_in_from_to true
# set report_timing_format \
  "instance arc cell transition delay arrival required"
# setOptMode -timeDesignCompressReports false
### End verbose source output for 'scripts/quality-of-life.tcl'.

  > Info: Sourcing "inputs/floorplan.tcl"

### Start verbose source output (echo mode) for 'inputs/floorplan.tcl' ...
# set core_aspect_ratio   1.00;
# set core_density_target 0.6;
# set width               2568.64;
# set height              2564.96;
# set pwr_net_list {VDD VSS};
# set M1_min_width   [dbGet [dbGetLayerByZ 1].minWidth]
# set M1_min_spacing [dbGet [dbGetLayerByZ 1].minSpacing]
# set savedvars(p_ring_width)   [expr 48 * $M1_min_width];
# set savedvars(p_ring_spacing) [expr 24 * $M1_min_spacing];
# set core_margin_t [expr ([llength $pwr_net_list] * ($savedvars(p_ring_width) + $savedvars(p_ring_spacing))) + $savedvars(p_ring_spacing)]
# set core_margin_b [expr ([llength $pwr_net_list] * ($savedvars(p_ring_width) + $savedvars(p_ring_spacing))) + $savedvars(p_ring_spacing)]
# set core_margin_r [expr ([llength $pwr_net_list] * ($savedvars(p_ring_width) + $savedvars(p_ring_spacing))) + $savedvars(p_ring_spacing)]
# set core_margin_l [expr ([llength $pwr_net_list] * ($savedvars(p_ring_width) + $savedvars(p_ring_spacing))) + $savedvars(p_ring_spacing)]
# floorPlan -d $width $height \
             $core_margin_l $core_margin_b $core_margin_r $core_margin_t
**WARN: (IMPFP-4026):	Adjusting core to 'Left' to 28.520000 due to track/row misalignment. To force the value, specify the -noSnapToGrid option or use fpiSetSnapRule command to specify the die/core to different grid.
**WARN: (IMPFP-4026):	Adjusting core to 'Right' to 28.520000 due to track/row misalignment. To force the value, specify the -noSnapToGrid option or use fpiSetSnapRule command to specify the die/core to different grid.
**WARN: (IMPFP-3961):	The techSite 'unithddbl' has no related standard cells in LEF/OA library. Cannot make calculations for this site type unless standard cell models of this type exist in the LEF/OA library. If the SITE is not used by the library you can ignore this warning or remove the SITE definition from the LEF/OA to avoid this message.
Type 'man IMPFP-3961' for more detail.
Adjust met3 preferred direction offset from 0.34 to 0.17.
Adjust met4 preferred direction offset from 0.46 to 0.23.
Adjust met5 preferred direction offset from 1.7 to 0.17.
Generated pitch 3.66 in met5 is different from 3.4 defined in technology file in preferred direction.
Generated pitch 0.69 in met4 is different from 0.92 defined in technology file in preferred direction.
Generated pitch 0.61 in met3 is different from 0.68 defined in technology file in preferred direction.
**WARN: (IMPFP-325):	Floorplan of the design is resized. All current floorplan objects are automatically derived based on specified new floorplan. This may change blocks, fixed standard cells, existing routes and blockages.
# setFlipping s
**WARN: (IMPFP-3961):	The techSite 'unithddbl' has no related standard cells in LEF/OA library. Cannot make calculations for this site type unless standard cell models of this type exist in the LEF/OA library. If the SITE is not used by the library you can ignore this warning or remove the SITE definition from the LEF/OA to avoid this message.
Type 'man IMPFP-3961' for more detail.
**WARN: (IMPFP-3961):	The techSite 'unithddbl' has no related standard cells in LEF/OA library. Cannot make calculations for this site type unless standard cell models of this type exist in the LEF/OA library. If the SITE is not used by the library you can ignore this warning or remove the SITE definition from the LEF/OA to avoid this message.
Type 'man IMPFP-3961' for more detail.
# addHaloToBlock 10.88 10.88 10.88 10.88 -allBlock
# placeInstance phase_vec_sram_interface_inst/ram_sync_1rw1r_inst/genblk1_genblk1_sram_2kb_inst_0 107.04 105.2
# deselectAll
# selectInst phase_vec_sram_interface_inst/ram_sync_1rw1r_inst/genblk1_genblk1_sram_2kb_inst_0
# flipOrRotateObject -rotate R90
# deselectAll
# placeInstance phase_vec_sram_interface_inst/ram_sync_1rw1r_inst/genblk1_genblk1_sram_2kb_inst_1 565.34 105.2
# deselectAll
# selectInst phase_vec_sram_interface_inst/ram_sync_1rw1r_inst/genblk1_genblk1_sram_2kb_inst_1
# flipOrRotateObject -rotate R90
# flipOrRotateObject -flip MY
# deselectAll
# placeInstance phase_vec_sram_interface_inst/ram_sync_1rw1r_inst/genblk1_genblk1_sram_2kb_inst_2 107.04 830.06
# deselectAll
# selectInst phase_vec_sram_interface_inst/ram_sync_1rw1r_inst/genblk1_genblk1_sram_2kb_inst_2
# flipOrRotateObject -rotate R90
# deselectAll
# placeInstance phase_vec_sram_interface_inst/ram_sync_1rw1r_inst/genblk1_genblk1_sram_2kb_inst_3 565.34 830.06
# deselectAll
# selectInst phase_vec_sram_interface_inst/ram_sync_1rw1r_inst/genblk1_genblk1_sram_2kb_inst_3
# flipOrRotateObject -rotate R90
# flipOrRotateObject -flip MY
# deselectAll
# placeInstance tf_coeff_sram_interface_inst/ram_sync_1rw1r_inst/genblk1_genblk1_sram_2kb_inst_0 107.04 1584.92
# deselectAll
# selectInst tf_coeff_sram_interface_inst/ram_sync_1rw1r_inst/genblk1_genblk1_sram_2kb_inst_0
# flipOrRotateObject -flip MX
# deselectAll
# placeInstance tf_coeff_sram_interface_inst/ram_sync_1rw1r_inst/genblk1_genblk1_sram_2kb_inst_1 831.9 1584.92
# deselectAll
# selectInst tf_coeff_sram_interface_inst/ram_sync_1rw1r_inst/genblk1_genblk1_sram_2kb_inst_1
# flipOrRotateObject -flip MX
# deselectAll
# placeInstance tf_coeff_sram_interface_inst/ram_sync_1rw1r_inst/genblk1_genblk1_sram_2kb_inst_2 107.04 2043.22
# deselectAll
# selectInst tf_coeff_sram_interface_inst/ram_sync_1rw1r_inst/genblk1_genblk1_sram_2kb_inst_2
# deselectAll
# placeInstance tf_coeff_sram_interface_inst/ram_sync_1rw1r_inst/genblk1_genblk1_sram_2kb_inst_3 831.9 2043.22
# deselectAll
# selectInst tf_coeff_sram_interface_inst/ram_sync_1rw1r_inst/genblk1_genblk1_sram_2kb_inst_3
# deselectAll
# placeInstance deconv_kernel_magnitude_sram_interface_inst/ram_sync_1rw1r_inst/genblk1_genblk1_sram_2kb_inst_0 1586.76 1051.8
# deselectAll
# selectInst deconv_kernel_magnitude_sram_interface_inst/ram_sync_1rw1r_inst/genblk1_genblk1_sram_2kb_inst_0
# flipOrRotateObject -rotate R90
# deselectAll
# placeInstance deconv_kernel_magnitude_sram_interface_inst/ram_sync_1rw1r_inst/genblk1_genblk1_sram_2kb_inst_1 2045.06 1051.8
# deselectAll
# selectInst deconv_kernel_magnitude_sram_interface_inst/ram_sync_1rw1r_inst/genblk1_genblk1_sram_2kb_inst_1
# flipOrRotateObject -rotate R90
# flipOrRotateObject -flip MY
# deselectAll
# placeInstance deconv_kernel_magnitude_sram_interface_inst/ram_sync_1rw1r_inst/genblk1_genblk1_sram_2kb_inst_2 1586.76 1776.66
# deselectAll
# selectInst deconv_kernel_magnitude_sram_interface_inst/ram_sync_1rw1r_inst/genblk1_genblk1_sram_2kb_inst_2
# flipOrRotateObject -rotate R90
# deselectAll
# placeInstance deconv_kernel_magnitude_sram_interface_inst/ram_sync_1rw1r_inst/genblk1_genblk1_sram_2kb_inst_3 2045.06 1776.66
# deselectAll
# selectInst deconv_kernel_magnitude_sram_interface_inst/ram_sync_1rw1r_inst/genblk1_genblk1_sram_2kb_inst_3
# flipOrRotateObject -rotate R90
# flipOrRotateObject -flip MY
# deselectAll
# placeInstance deconv_kernel_phase_sram_interface_inst/ram_sync_1rw1r_inst/genblk1_genblk1_sram_2kb_inst_0 1053.64 105.2
# deselectAll
# selectInst deconv_kernel_phase_sram_interface_inst/ram_sync_1rw1r_inst/genblk1_genblk1_sram_2kb_inst_0
# flipOrRotateObject -flip MX
# deselectAll
# placeInstance deconv_kernel_phase_sram_interface_inst/ram_sync_1rw1r_inst/genblk1_genblk1_sram_2kb_inst_1 1778.5 105.2
# deselectAll
# selectInst deconv_kernel_phase_sram_interface_inst/ram_sync_1rw1r_inst/genblk1_genblk1_sram_2kb_inst_1
# flipOrRotateObject -flip MX
# deselectAll
# placeInstance deconv_kernel_phase_sram_interface_inst/ram_sync_1rw1r_inst/genblk1_genblk1_sram_2kb_inst_2 1053.64 563.5
# deselectAll
# selectInst deconv_kernel_phase_sram_interface_inst/ram_sync_1rw1r_inst/genblk1_genblk1_sram_2kb_inst_2
# deselectAll
# placeInstance deconv_kernel_phase_sram_interface_inst/ram_sync_1rw1r_inst/genblk1_genblk1_sram_2kb_inst_3 1778.5 563.5
# deselectAll
# selectInst deconv_kernel_phase_sram_interface_inst/ram_sync_1rw1r_inst/genblk1_genblk1_sram_2kb_inst_3
# deselectAll
# createRouteBlk -box {107.66 105.82 522.96 787.68} -layer {li1}
# createRouteBlk -box {565.96 105.82 981.26 787.68} -layer {li1}
# createRouteBlk -box {107.66 830.68 522.96 1512.54} -layer {li1}
# createRouteBlk -box {565.96 830.68 981.26 1512.54} -layer {li1}
# createRouteBlk -box {107.66 1585.54 789.52 2000.84} -layer {li1}
# createRouteBlk -box {832.52 1585.54 1514.38 2000.84} -layer {li1}
# createRouteBlk -box {107.66 2043.84 789.52 2459.14} -layer {li1}
# createRouteBlk -box {832.52 2043.84 1514.38 2459.14} -layer {li1}
# createRouteBlk -box {1587.38 1052.42 2002.68 1734.28} -layer {li1}
# createRouteBlk -box {2045.68 1052.42 2460.98 1734.28} -layer {li1}
# createRouteBlk -box {1587.38 1777.28 2002.68 2459.14} -layer {li1}
# createRouteBlk -box {2045.68 1777.28 2460.98 2459.14} -layer {li1}
# createRouteBlk -box {1054.26 105.82 1736.12 521.12} -layer {li1}
# createRouteBlk -box {1779.12 105.82 2460.98 521.12} -layer {li1}
# createRouteBlk -box {1054.26 564.12 1736.12 979.42} -layer {li1}
# createRouteBlk -box {1779.12 564.12 2460.98 979.42} -layer {li1}
### End verbose source output for 'inputs/floorplan.tcl'.

  > Info: Sourcing "scripts/add-endcaps-welltaps.tcl"

### Start verbose source output (echo mode) for 'scripts/add-endcaps-welltaps.tcl' ...
# addWellTap -cell [list $ADK_WELL_TAP_CELL] \
           -prefix       WELLTAP \
           -cellInterval $ADK_WELL_TAP_INTERVAL \
           -checkerboard
skipRow option will be disabled when checkerBoard is set
**WARN: (IMPSP-5134):	Setting cellInterval to 12.880 (microns) as a multiple of cell sky130_fd_sc_hd__tapvpwrvgnd_1's techSite 'unithd' width of 0.460 microns
Type 'man IMPSP-5134' for more detail.
For 42756 new insts, *** Applied 0 GNC rules (cpu = 0:00:00.0)
Inserted 42756 well-taps <sky130_fd_sc_hd__tapvpwrvgnd_1> cells (prefix WELLTAP).
# verifyWellTap -cells [list $ADK_WELL_TAP_CELL] \
              -report reports/welltap.rpt \
              -rule   [ expr $ADK_WELL_TAP_INTERVAL/2 ]
INFO: running in 130nm design.
Begin to run verifyWellTap...
init: done
checking rule
Finished verifyWellTap, 0 violations found.
### End verbose source output for 'scripts/add-endcaps-welltaps.tcl'.

  > Info: Sourcing "inputs/pin-assignments.tcl"

### Start verbose source output (echo mode) for 'inputs/pin-assignments.tcl' ...
# set pins_top {\
    clk rst_n load_en debug_en adc_bypass_en serial_in {sram_select[0]} {sram_select[1]}\
}
# set pins_right {\
    serial_out serial_out_valid freq_eval_done\
}
# set pins_bottom []
# set pins_left []
# for {set i 7} {$i >= 0} {set i [expr {$i - 1}]} {
    lappend pins_left "sig_amplitude[$i]"
}
# lappend pins_left "amplitude_adc_done"
# for {set i 7} {$i >= 0} {set i [expr {$i - 1}]} {
    lappend pins_left "sig_frequency[$i]"
}
# lappend pins_left "frequency_adc_done"
# set ports_layer M3
# editPin -layer $ports_layer -pin $pins_right  -side RIGHT  -spreadType SIDE
To speed up, if you have to run multiple editPin commands then wrap all editPin commands within  'setPinAssignMode -pinEditInBatch true' (then editPin commands) and 'setPinAssignMode -pinEditInBatch false'
Successfully spread [3] pins.
editPin : finished (cpu = 0:00:01.2 real = 0:00:01.0, mem = 1520.0M).
# editPin -layer $ports_layer -pin $pins_left   -side LEFT   -spreadType SIDE
To speed up, if you have to run multiple editPin commands then wrap all editPin commands within  'setPinAssignMode -pinEditInBatch true' (then editPin commands) and 'setPinAssignMode -pinEditInBatch false'
Successfully spread [18] pins.
editPin : finished (cpu = 0:00:00.0 real = 0:00:00.0, mem = 1521.0M).
# editPin -layer $ports_layer -pin $pins_top    -side TOP    -spreadType SIDE
To speed up, if you have to run multiple editPin commands then wrap all editPin commands within  'setPinAssignMode -pinEditInBatch true' (then editPin commands) and 'setPinAssignMode -pinEditInBatch false'
Successfully spread [8] pins.
editPin : finished (cpu = 0:00:00.0 real = 0:00:00.0, mem = 1521.0M).
### End verbose source output for 'inputs/pin-assignments.tcl'.

  > Info: Sourcing "scripts/make-path-groups.tcl"

### Start verbose source output (echo mode) for 'scripts/make-path-groups.tcl' ...
# reset_path_group -all
# resetPathGroupOptions
# set inputs   [all_inputs -no_clocks]
# set outputs  [all_outputs]
# set icgs     [filter_collection [all_registers] "is_integrated_clock_gating_cell == true"]
# set regs     [remove_from_collection [all_registers -edge_triggered] $icgs]
# set allregs  [all_registers]
# set blocks      [ dbGet top.insts.cell.baseClass block -p2 ]
# set macro_refs  [ list ]
# set macros      [ list ]
# set blocks_exist  [ expr [ lindex $blocks 0 ] != 0 ]
# if { $blocks_exist } {
  foreach b $blocks {
    set cell    [ dbGet $b.cell ]
    set isBlock [ dbIsCellBlock $cell ]
    set isPhys  [ dbGet $b.isPhysOnly ]
    # Return all blocks that are _not_ physical-only (e.g., filter out IO bondpads)
    if { [ expr $isBlock && ! $isPhys ] } {
      puts [ dbGet $b.name ]
      lappend macro_refs $b
      lappend macros     [ dbGet $b.name ]
    }
  }
}
phase_vec_sram_interface_inst/ram_sync_1rw1r_inst/genblk1_genblk1_sram_2kb_inst_0
phase_vec_sram_interface_inst/ram_sync_1rw1r_inst/genblk1_genblk1_sram_2kb_inst_1
phase_vec_sram_interface_inst/ram_sync_1rw1r_inst/genblk1_genblk1_sram_2kb_inst_2
phase_vec_sram_interface_inst/ram_sync_1rw1r_inst/genblk1_genblk1_sram_2kb_inst_3
tf_coeff_sram_interface_inst/ram_sync_1rw1r_inst/genblk1_genblk1_sram_2kb_inst_0
tf_coeff_sram_interface_inst/ram_sync_1rw1r_inst/genblk1_genblk1_sram_2kb_inst_1
tf_coeff_sram_interface_inst/ram_sync_1rw1r_inst/genblk1_genblk1_sram_2kb_inst_2
tf_coeff_sram_interface_inst/ram_sync_1rw1r_inst/genblk1_genblk1_sram_2kb_inst_3
deconv_kernel_magnitude_sram_interface_inst/ram_sync_1rw1r_inst/genblk1_genblk1_sram_2kb_inst_0
deconv_kernel_magnitude_sram_interface_inst/ram_sync_1rw1r_inst/genblk1_genblk1_sram_2kb_inst_1
deconv_kernel_magnitude_sram_interface_inst/ram_sync_1rw1r_inst/genblk1_genblk1_sram_2kb_inst_2
deconv_kernel_magnitude_sram_interface_inst/ram_sync_1rw1r_inst/genblk1_genblk1_sram_2kb_inst_3
deconv_kernel_phase_sram_interface_inst/ram_sync_1rw1r_inst/genblk1_genblk1_sram_2kb_inst_0
deconv_kernel_phase_sram_interface_inst/ram_sync_1rw1r_inst/genblk1_genblk1_sram_2kb_inst_1
deconv_kernel_phase_sram_interface_inst/ram_sync_1rw1r_inst/genblk1_genblk1_sram_2kb_inst_2
deconv_kernel_phase_sram_interface_inst/ram_sync_1rw1r_inst/genblk1_genblk1_sram_2kb_inst_3
# group_path -name In2Out -from $inputs -to $outputs
# if { $allregs != "" } {
  group_path -name In2Reg  -from $inputs  -to $allregs
  group_path -name Reg2Out -from $allregs -to $outputs
}
# if { $regs != "" } {
  group_path -name Reg2Reg -from $regs -to $regs
}
# if { $allregs != "" && $icgs != "" } {
  group_path -name Reg2ClkGate -from $allregs -to $icgs
}
# if { $macros != "" } {
  group_path -name All2Macro -to   $macros
  group_path -name Macro2All -from $macros
}
# if { $macros != "" } {
  setPathGroupOptions All2Macro -effortLevel high
  setPathGroupOptions Macro2All -effortLevel high
}
Effort level <high> specified for All2Macro path_group
Effort level <high> specified for Macro2All path_group
# if { $regs != "" } {
  setPathGroupOptions Reg2Reg -effortLevel high
}
Effort level <high> specified for Reg2Reg path_group
### End verbose source output for 'scripts/make-path-groups.tcl'.

  > Info: Sourcing "scripts/reporting.tcl"

### Start verbose source output (echo mode) for 'scripts/reporting.tcl' ...
# timeDesign -preplace -hold -expandedViews -prefix preplace -outDir $vars(rpt_dir)
Info: The option -ignoreNetLoad is different with the value of internal variable, sync the option -ignoreNetLoad to true based on the value of internal variable.
*** timeDesign #2 [begin] : totSession cpu/real = 0:01:25.5/0:00:57.6 (1.5), mem = 1521.0M

**INFO: Power effort not set by setOptMode, so setting 'setOptMode -powerEffort high', as set by setDesignMode
Set Using Default Delay Limit as 101.
**WARN: (IMPDC-1629):	The default delay limit was set to 101. This is less than the default of 1000 and may result in inaccurate delay calculation for nets with a fanout higher than the setting.  If needed, the default delay limit may be adjusted by running the command 'set delaycal_use_default_delay_limit'.
Setting High Fanout Nets ( > 100 ) as ideal temporarily for -prePlace option
Set Default Net Delay as 0 ps.
Set Default Net Load as 0 pF. 
Starting delay calculation for Hold views
#################################################################################
# Design Stage: PreRoute
# Design Name: deconv_kernel_estimator_top_level
# Design Mode: 130nm
# Analysis Mode: MMMC Non-OCV 
# Parasitics Mode: No SPEF/RCDB 
# Signoff Settings: SI Off 
#################################################################################
Calculate delays in BcWc mode...
Start delay calculation (fullDC) (16 T). (MEM=1669.71)
*** Calculating scaling factor for libs_bc libraries using the default operating condition of each library.
Total number of fetched objects 12497
AAE_INFO: Total number of nets for which stage creation was skipped for all views 0
End delay calculation. (MEM=2331.83 CPU=0:00:06.9 REAL=0:00:00.0)
End delay calculation (fullDC). (MEM=2331.83 CPU=0:00:08.1 REAL=0:00:01.0)
*** Done Building Timing Graph (cpu=0:00:12.9 real=0:00:03.0 totSessionCpu=0:01:39 mem=1692.8M)

------------------------------------------------------------------
          timeDesign Summary
------------------------------------------------------------------

Hold views included:
 analysis_default 

+--------------------+--------------------------------------------------+
|     ID Number      |                 Path Group Name                  |
+--------------------+--------------------------------------------------+
|         1          |Reg2ClkGate                                       |
+--------------------+--------------------------------------------------+

+--------------------+---------+---------+---------+---------+---------+---------+---------+---------+---------+
|     Hold mode      |   all   | default |All2Macro| In2Out  | In2Reg  |Macro2All|1:Reg..te| Reg2Out | Reg2Reg |
+--------------------+---------+---------+---------+---------+---------+---------+---------+---------+---------+
|           WNS (ns):|  0.198  |  0.000  |   N/A   |   N/A   | 10.036  | 10.519  |  0.300  |  0.210  |  0.198  |
|           TNS (ns):|  0.000  |  0.000  |   N/A   |   N/A   |  0.000  |  0.000  |  0.000  |  0.000  |  0.000  |
|    Violating Paths:|    0    |    0    |   N/A   |   N/A   |    0    |    0    |    0    |    0    |    0    |
|          All Paths:|  1505   |    0    |   N/A   |   N/A   |   185   |   97    |   28    |    3    |  1471   |
+--------------------+---------+---------+---------+---------+---------+---------+---------+---------+---------+
|analysis_default    |  0.198  |  0.000  |   N/A   |   N/A   | 10.036  | 10.519  |  0.300  |  0.210  |  0.198  |
|                    |  0.000  |  0.000  |   N/A   |   N/A   |  0.000  |  0.000  |  0.000  |  0.000  |  0.000  |
|                    |    0    |    0    |   N/A   |   N/A   |    0    |    0    |    0    |    0    |    0    |
|                    |  1505   |    0    |   N/A   |   N/A   |   185   |   97    |   28    |    3    |  1471   |
+--------------------+---------+---------+---------+---------+---------+---------+---------+---------+---------+

Density: 8.246%
------------------------------------------------------------------
Set Using Default Delay Limit as 1000.
Resetting back High Fanout Nets as non-ideal
Set Default Net Delay as 1000 ps.
Set Default Net Load as 0.5 pF. 
Reported timing to dir reports
Total CPU time: 15.19 sec
Total Real time: 4.0 sec
Total Memory Usage: 1537.730469 Mbytes
*** timeDesign #2 [finish] : cpu/real = 0:00:15.2/0:00:04.0 (3.8), totSession cpu/real = 0:01:40.7/0:01:01.6 (1.6), mem = 1537.7M
# report_ports > $vars(rpt_dir)/$vars(step).ports.rpt
#################################################################################
# Design Stage: PreRoute
# Design Name: deconv_kernel_estimator_top_level
# Design Mode: 130nm
# Analysis Mode: MMMC Non-OCV 
# Parasitics Mode: No SPEF/RCDB 
# Signoff Settings: SI Off 
#################################################################################
Calculate delays in BcWc mode...
Start delay calculation (fullDC) (16 T). (MEM=1541.28)
*** Calculating scaling factor for libs_typical libraries using the default operating condition of each library.
Total number of fetched objects 12497
AAE_INFO: Total number of nets for which stage creation was skipped for all views 0
End delay calculation. (MEM=2218.45 CPU=0:00:07.1 REAL=0:00:00.0)
End delay calculation (fullDC). (MEM=2218.45 CPU=0:00:08.2 REAL=0:00:00.0)
### End verbose source output for 'scripts/reporting.tcl'.

  > Info: Sourcing "inputs/dont-use-cells.tcl"

### Start verbose source output (echo mode) for 'inputs/dont-use-cells.tcl' ...
# setDontUse sky130_fd_sc_hd__probec_p_8     true
# setDontUse sky130_fd_sc_hd__probe_p_8      true
# setDontUse sky130_fd_sc_hd__clkinvlp_2     true
# setDontUse sky130_fd_sc_hd__clkinvlp_4     true
# setDontUse sky130_fd_sc_hd__dlygate4sd1_1  true
# setDontUse sky130_fd_sc_hd__dlygate4sd2_1  true
# setDontUse sky130_fd_sc_hd__dlygate4sd3_1  true
# setDontUse sky130_fd_sc_hd__dlymetal6s2s_1 true
# setDontUse sky130_fd_sc_hd__dlymetal6s4s_1 true
# setDontUse sky130_fd_sc_hd__dlymetal6s6s_1 true
# setDontUse sky130_fd_sc_hd__clkinv_16      true
### End verbose source output for 'inputs/dont-use-cells.tcl'.
#% Begin save design ... (date=07/11 16:17:11, mem=1414.1M)
% Begin Save ccopt configuration ... (date=07/11 16:17:11, mem=1416.1M)
% End Save ccopt configuration ... (date=07/11 16:17:11, total cpu=0:00:00.0, real=0:00:00.0, peak res=1417.1M, current mem=1417.1M)
% Begin Save netlist data ... (date=07/11 16:17:11, mem=1417.1M)
Writing Binary DB to checkpoints/design.checkpoint/save.enc.dat/vbin/deconv_kernel_estimator_top_level.v.bin in multi-threaded mode...
% End Save netlist data ... (date=07/11 16:17:11, total cpu=0:00:00.2, real=0:00:00.0, peak res=1427.3M, current mem=1427.3M)
Saving symbol-table file in separate thread ...
Saving congestion map file in separate thread ...
Saving congestion map file checkpoints/design.checkpoint/save.enc.dat/deconv_kernel_estimator_top_level.route.congmap.gz ...
% Begin Save AAE data ... (date=07/11 16:17:11, mem=1428.2M)
Saving AAE Data ...
% End Save AAE data ... (date=07/11 16:17:11, total cpu=0:00:00.0, real=0:00:00.0, peak res=1428.2M, current mem=1428.2M)
Saving preference file checkpoints/design.checkpoint/save.enc.dat/gui.pref.tcl ...
Saving mode setting ...
Saving global file ...
Saving Drc markers ...
... No Drc file written since there is no markers found.
Saving special route data file in separate thread ...
Saving PG Conn data in separate thread ...
Saving placement file in separate thread ...
Saving route file in separate thread ...
Saving property file in separate thread ...
TAT_INFO: ::saveSpecialRoute REAL = 0 : CPU = 0 : MEM = 0.
TAT_INFO: savePGConnFile REAL = 0 : CPU = 0 : MEM = 0.
** Saving stdCellPlacement_binary (version# 2) ...
Saving property file checkpoints/design.checkpoint/save.enc.dat/deconv_kernel_estimator_top_level.prop
Save Adaptive View Pruning View Names to Binary file
*** Completed saveProperty (cpu=0:00:00.0 real=0:00:00.0 mem=1646.2M) ***
TAT_INFO: ::savePlace REAL = 0 : CPU = 0 : MEM = 0.
*** Completed saveRoute (cpu=0:00:00.1 real=0:00:01.0 mem=1646.2M) ***
TAT_INFO: ::saveRoute REAL = 1 : CPU = 0 : MEM = 0.
TAT_INFO: ::db::saveAnnotationAndProp REAL = 0 : CPU = 0 : MEM = 0.
TAT_INFO: ::db::saveSymbolTable REAL = 1 : CPU = 0 : MEM = 0.
TAT_INFO: ::saveCongMap REAL = 1 : CPU = 0 : MEM = 0.
% Begin Save power constraints data ... (date=07/11 16:17:15, mem=1431.0M)
% End Save power constraints data ... (date=07/11 16:17:15, total cpu=0:00:00.0, real=0:00:00.0, peak res=1431.1M, current mem=1431.1M)
**WARN: (IMPIMEX-4014):	Uses absolute path for library file '../../6-sram/outputs/sky130_sram_2kbyte_1rw1r_32x512_8.lef', relative file path is not available for saving design dir '/home/users/nhpoole/ee272b/ee272b_mixed_signal_mmwave_accelerator/digital_synth_pnr/deconvolution_kernel_estimator_2ksram/build/14-cadence-innovus-init/checkpoints/design.checkpoint/save.enc.dat/libs/lef'.
**WARN: (IMPIMEX-4014):	Uses absolute path for library file '../../6-sram/outputs/sky130_sram_2kbyte_1rw1r_32x512_8_TT_1p8V_25C.lib', relative file path is not available for saving design dir '/home/users/nhpoole/ee272b/ee272b_mixed_signal_mmwave_accelerator/digital_synth_pnr/deconvolution_kernel_estimator_2ksram/build/14-cadence-innovus-init/checkpoints/design.checkpoint/save.enc.dat/libs/mmmc'.
Generated self-contained design save.enc.dat
#% End save design ... (date=07/11 16:17:18, total cpu=0:00:01.9, real=0:00:07.0, peak res=1432.8M, current mem=1432.8M)

*** Summary of all messages that are not suppressed in this session:
Severity  ID               Count  Summary                                  
WARNING   IMPIMEX-4014         2  Uses absolute path for library file '%s'...
*** Message Summary: 2 warning(s), 0 error(s)


*** Memory Usage v#2 (Current mem = 1651.492M, initial mem = 267.605M) ***
*** Message Summary: 221 warning(s), 0 error(s)

--- Ending "Innovus" (totcpu=0:01:52, real=0:01:12, mem=1651.5M) ---

