** NOTE: Created directory path 'logs' for file 'logs/run.log'.

Cadence Innovus(TM) Implementation System.
Copyright 2020 Cadence Design Systems, Inc. All rights reserved worldwide.

Version:	v20.13-s083_1, built Tue Jan 19 16:51:46 PST 2021
Options:	-overwrite -nowin -init START.tcl -log logs/run.log 
Date:		Sun Jul 11 20:21:54 2021
Host:		caddy13 (x86_64 w/Linux 3.10.0-1160.31.1.el7.x86_64) (8cores*16cpus*Common KVM processor 16384KB)
OS:		CentOS Linux release 7.9.2009 (Core)

License:
		invs	Innovus Implementation System	20.1	checkout succeeded
		8 CPU jobs allowed with the current license(s). Use setMultiCpuUsage to set your required CPU count.
Create and set the environment variable TMPDIR to /tmp/innovus_temp_20581_caddy13_nhpoole_sNB0Cx.

The soft stacksize limit is either up to the hard limit or larger than 0.2% of RAM. No change is needed.

**INFO:  MMMC transition support version v31-84 

Sourcing file "START.tcl" ...
#% Begin load design ... (date=07/11 20:22:35, mem=562.7M)
Set Default Input Pin Transition as 0.1 ps.
Loading design 'deconv_kernel_estimator_top_level' saved by 'Innovus' '20.13-s083_1' on 'Sun Jul 11 20:21:42 2021'.
% Begin Load MMMC data ... (date=07/11 20:22:36, mem=564.9M)
% End Load MMMC data ... (date=07/11 20:22:36, total cpu=0:00:00.1, real=0:00:00.0, peak res=565.6M, current mem=565.6M)

Loading LEF file /home/users/nhpoole/ee272b/ee272b_mixed_signal_mmwave_accelerator/digital_synth_pnr/deconvolution_kernel_estimator_2ksram/build/17-cadence-innovus-cts/checkpoints/design.checkpoint/save.enc.dat/libs/lef/rtk-tech.lef ...

Loading LEF file /home/users/nhpoole/ee272b/ee272b_mixed_signal_mmwave_accelerator/digital_synth_pnr/deconvolution_kernel_estimator_2ksram/build/17-cadence-innovus-cts/checkpoints/design.checkpoint/save.enc.dat/libs/lef/stdcells.lef ...
WARNING (LEFPARS-2008): NOWIREEXTENSIONATPIN statement is obsolete in version 5.6 or later.
The NOWIREEXTENSIONATPIN statement will be ignored. See file /home/users/nhpoole/ee272b/ee272b_mixed_signal_mmwave_accelerator/digital_synth_pnr/deconvolution_kernel_estimator_2ksram/build/17-cadence-innovus-cts/checkpoints/design.checkpoint/save.enc.dat/libs/lef/stdcells.lef at line 18.
Set DBUPerIGU to M1 pitch 460.

Loading LEF file /home/users/nhpoole/ee272b/ee272b_mixed_signal_mmwave_accelerator/digital_synth_pnr/deconvolution_kernel_estimator_2ksram/build/17-cadence-innovus-cts/checkpoints/design.checkpoint/save.enc.dat/libs/lef/sky130_sram_2kbyte_1rw1r_32x512_8.lef ...
**WARN: (IMPLF-246):	The 'UNITS' attribute is only allowed to be set in the first LEF file (technology LEF). The attribute was found in this LEF file, and will be ignored.
**WARN: (IMPLF-200):	Pin 'din0[0]' in macro 'sky130_sram_2kbyte_1rw1r_32x512_8' has no ANTENNAGATEAREA value defined. The library data is incomplete and some process antenna rules will not be checked correctly.
Type 'man IMPLF-200' for more detail.
**WARN: (IMPLF-200):	Pin 'din0[1]' in macro 'sky130_sram_2kbyte_1rw1r_32x512_8' has no ANTENNAGATEAREA value defined. The library data is incomplete and some process antenna rules will not be checked correctly.
Type 'man IMPLF-200' for more detail.
**WARN: (IMPLF-200):	Pin 'din0[2]' in macro 'sky130_sram_2kbyte_1rw1r_32x512_8' has no ANTENNAGATEAREA value defined. The library data is incomplete and some process antenna rules will not be checked correctly.
Type 'man IMPLF-200' for more detail.
**WARN: (IMPLF-200):	Pin 'din0[3]' in macro 'sky130_sram_2kbyte_1rw1r_32x512_8' has no ANTENNAGATEAREA value defined. The library data is incomplete and some process antenna rules will not be checked correctly.
Type 'man IMPLF-200' for more detail.
**WARN: (IMPLF-200):	Pin 'din0[4]' in macro 'sky130_sram_2kbyte_1rw1r_32x512_8' has no ANTENNAGATEAREA value defined. The library data is incomplete and some process antenna rules will not be checked correctly.
Type 'man IMPLF-200' for more detail.
**WARN: (IMPLF-200):	Pin 'din0[5]' in macro 'sky130_sram_2kbyte_1rw1r_32x512_8' has no ANTENNAGATEAREA value defined. The library data is incomplete and some process antenna rules will not be checked correctly.
Type 'man IMPLF-200' for more detail.
**WARN: (IMPLF-200):	Pin 'din0[6]' in macro 'sky130_sram_2kbyte_1rw1r_32x512_8' has no ANTENNAGATEAREA value defined. The library data is incomplete and some process antenna rules will not be checked correctly.
Type 'man IMPLF-200' for more detail.
**WARN: (IMPLF-200):	Pin 'din0[7]' in macro 'sky130_sram_2kbyte_1rw1r_32x512_8' has no ANTENNAGATEAREA value defined. The library data is incomplete and some process antenna rules will not be checked correctly.
Type 'man IMPLF-200' for more detail.
**WARN: (IMPLF-200):	Pin 'din0[8]' in macro 'sky130_sram_2kbyte_1rw1r_32x512_8' has no ANTENNAGATEAREA value defined. The library data is incomplete and some process antenna rules will not be checked correctly.
Type 'man IMPLF-200' for more detail.
**WARN: (IMPLF-200):	Pin 'din0[9]' in macro 'sky130_sram_2kbyte_1rw1r_32x512_8' has no ANTENNAGATEAREA value defined. The library data is incomplete and some process antenna rules will not be checked correctly.
Type 'man IMPLF-200' for more detail.
**WARN: (IMPLF-200):	Pin 'din0[10]' in macro 'sky130_sram_2kbyte_1rw1r_32x512_8' has no ANTENNAGATEAREA value defined. The library data is incomplete and some process antenna rules will not be checked correctly.
Type 'man IMPLF-200' for more detail.
**WARN: (IMPLF-200):	Pin 'din0[11]' in macro 'sky130_sram_2kbyte_1rw1r_32x512_8' has no ANTENNAGATEAREA value defined. The library data is incomplete and some process antenna rules will not be checked correctly.
Type 'man IMPLF-200' for more detail.
**WARN: (IMPLF-200):	Pin 'din0[12]' in macro 'sky130_sram_2kbyte_1rw1r_32x512_8' has no ANTENNAGATEAREA value defined. The library data is incomplete and some process antenna rules will not be checked correctly.
Type 'man IMPLF-200' for more detail.
**WARN: (IMPLF-200):	Pin 'din0[13]' in macro 'sky130_sram_2kbyte_1rw1r_32x512_8' has no ANTENNAGATEAREA value defined. The library data is incomplete and some process antenna rules will not be checked correctly.
Type 'man IMPLF-200' for more detail.
**WARN: (IMPLF-200):	Pin 'din0[14]' in macro 'sky130_sram_2kbyte_1rw1r_32x512_8' has no ANTENNAGATEAREA value defined. The library data is incomplete and some process antenna rules will not be checked correctly.
Type 'man IMPLF-200' for more detail.
**WARN: (IMPLF-200):	Pin 'din0[15]' in macro 'sky130_sram_2kbyte_1rw1r_32x512_8' has no ANTENNAGATEAREA value defined. The library data is incomplete and some process antenna rules will not be checked correctly.
Type 'man IMPLF-200' for more detail.
**WARN: (IMPLF-200):	Pin 'din0[16]' in macro 'sky130_sram_2kbyte_1rw1r_32x512_8' has no ANTENNAGATEAREA value defined. The library data is incomplete and some process antenna rules will not be checked correctly.
Type 'man IMPLF-200' for more detail.
**WARN: (IMPLF-200):	Pin 'din0[17]' in macro 'sky130_sram_2kbyte_1rw1r_32x512_8' has no ANTENNAGATEAREA value defined. The library data is incomplete and some process antenna rules will not be checked correctly.
Type 'man IMPLF-200' for more detail.
**WARN: (IMPLF-200):	Pin 'din0[18]' in macro 'sky130_sram_2kbyte_1rw1r_32x512_8' has no ANTENNAGATEAREA value defined. The library data is incomplete and some process antenna rules will not be checked correctly.
Type 'man IMPLF-200' for more detail.
**WARN: (IMPLF-200):	Pin 'din0[19]' in macro 'sky130_sram_2kbyte_1rw1r_32x512_8' has no ANTENNAGATEAREA value defined. The library data is incomplete and some process antenna rules will not be checked correctly.
Type 'man IMPLF-200' for more detail.
**WARN: (EMS-27):	Message (IMPLF-200) has exceeded the current message display limit of 20.
To increase the message display limit, refer to the product command reference manual.
**WARN: (IMPLF-201):	Pin 'dout0[0]' in macro 'sky130_sram_2kbyte_1rw1r_32x512_8' has no ANTENNADIFFAREA value defined. The library data is incomplete and some process antenna rules will not be checked correctly.
Type 'man IMPLF-201' for more detail.
**WARN: (IMPLF-201):	Pin 'dout0[1]' in macro 'sky130_sram_2kbyte_1rw1r_32x512_8' has no ANTENNADIFFAREA value defined. The library data is incomplete and some process antenna rules will not be checked correctly.
Type 'man IMPLF-201' for more detail.
**WARN: (IMPLF-201):	Pin 'dout0[2]' in macro 'sky130_sram_2kbyte_1rw1r_32x512_8' has no ANTENNADIFFAREA value defined. The library data is incomplete and some process antenna rules will not be checked correctly.
Type 'man IMPLF-201' for more detail.
**WARN: (IMPLF-201):	Pin 'dout0[3]' in macro 'sky130_sram_2kbyte_1rw1r_32x512_8' has no ANTENNADIFFAREA value defined. The library data is incomplete and some process antenna rules will not be checked correctly.
Type 'man IMPLF-201' for more detail.
**WARN: (IMPLF-201):	Pin 'dout0[4]' in macro 'sky130_sram_2kbyte_1rw1r_32x512_8' has no ANTENNADIFFAREA value defined. The library data is incomplete and some process antenna rules will not be checked correctly.
Type 'man IMPLF-201' for more detail.
**WARN: (IMPLF-201):	Pin 'dout0[5]' in macro 'sky130_sram_2kbyte_1rw1r_32x512_8' has no ANTENNADIFFAREA value defined. The library data is incomplete and some process antenna rules will not be checked correctly.
Type 'man IMPLF-201' for more detail.
**WARN: (IMPLF-201):	Pin 'dout0[6]' in macro 'sky130_sram_2kbyte_1rw1r_32x512_8' has no ANTENNADIFFAREA value defined. The library data is incomplete and some process antenna rules will not be checked correctly.
Type 'man IMPLF-201' for more detail.
**WARN: (IMPLF-201):	Pin 'dout0[7]' in macro 'sky130_sram_2kbyte_1rw1r_32x512_8' has no ANTENNADIFFAREA value defined. The library data is incomplete and some process antenna rules will not be checked correctly.
Type 'man IMPLF-201' for more detail.
**WARN: (IMPLF-201):	Pin 'dout0[8]' in macro 'sky130_sram_2kbyte_1rw1r_32x512_8' has no ANTENNADIFFAREA value defined. The library data is incomplete and some process antenna rules will not be checked correctly.
Type 'man IMPLF-201' for more detail.
**WARN: (IMPLF-201):	Pin 'dout0[9]' in macro 'sky130_sram_2kbyte_1rw1r_32x512_8' has no ANTENNADIFFAREA value defined. The library data is incomplete and some process antenna rules will not be checked correctly.
Type 'man IMPLF-201' for more detail.
**WARN: (IMPLF-201):	Pin 'dout0[10]' in macro 'sky130_sram_2kbyte_1rw1r_32x512_8' has no ANTENNADIFFAREA value defined. The library data is incomplete and some process antenna rules will not be checked correctly.
Type 'man IMPLF-201' for more detail.
**WARN: (IMPLF-201):	Pin 'dout0[11]' in macro 'sky130_sram_2kbyte_1rw1r_32x512_8' has no ANTENNADIFFAREA value defined. The library data is incomplete and some process antenna rules will not be checked correctly.
Type 'man IMPLF-201' for more detail.
**WARN: (IMPLF-201):	Pin 'dout0[12]' in macro 'sky130_sram_2kbyte_1rw1r_32x512_8' has no ANTENNADIFFAREA value defined. The library data is incomplete and some process antenna rules will not be checked correctly.
Type 'man IMPLF-201' for more detail.
**WARN: (IMPLF-201):	Pin 'dout0[13]' in macro 'sky130_sram_2kbyte_1rw1r_32x512_8' has no ANTENNADIFFAREA value defined. The library data is incomplete and some process antenna rules will not be checked correctly.
Type 'man IMPLF-201' for more detail.
**WARN: (IMPLF-201):	Pin 'dout0[14]' in macro 'sky130_sram_2kbyte_1rw1r_32x512_8' has no ANTENNADIFFAREA value defined. The library data is incomplete and some process antenna rules will not be checked correctly.
Type 'man IMPLF-201' for more detail.
**WARN: (IMPLF-201):	Pin 'dout0[15]' in macro 'sky130_sram_2kbyte_1rw1r_32x512_8' has no ANTENNADIFFAREA value defined. The library data is incomplete and some process antenna rules will not be checked correctly.
Type 'man IMPLF-201' for more detail.
**WARN: (IMPLF-201):	Pin 'dout0[16]' in macro 'sky130_sram_2kbyte_1rw1r_32x512_8' has no ANTENNADIFFAREA value defined. The library data is incomplete and some process antenna rules will not be checked correctly.
Type 'man IMPLF-201' for more detail.
**WARN: (IMPLF-201):	Pin 'dout0[17]' in macro 'sky130_sram_2kbyte_1rw1r_32x512_8' has no ANTENNADIFFAREA value defined. The library data is incomplete and some process antenna rules will not be checked correctly.
Type 'man IMPLF-201' for more detail.
**WARN: (IMPLF-201):	Pin 'dout0[18]' in macro 'sky130_sram_2kbyte_1rw1r_32x512_8' has no ANTENNADIFFAREA value defined. The library data is incomplete and some process antenna rules will not be checked correctly.
Type 'man IMPLF-201' for more detail.
**WARN: (IMPLF-201):	Pin 'dout0[19]' in macro 'sky130_sram_2kbyte_1rw1r_32x512_8' has no ANTENNADIFFAREA value defined. The library data is incomplete and some process antenna rules will not be checked correctly.
Type 'man IMPLF-201' for more detail.
**WARN: (EMS-27):	Message (IMPLF-201) has exceeded the current message display limit of 20.
To increase the message display limit, refer to the product command reference manual.

viaInitial starts at Sun Jul 11 20:22:37 2021
viaInitial ends at Sun Jul 11 20:22:37 2021

##  Check design process and node:  
##  Both design process and tech node are not set.

Loading view definition file from /home/users/nhpoole/ee272b/ee272b_mixed_signal_mmwave_accelerator/digital_synth_pnr/deconvolution_kernel_estimator_2ksram/build/17-cadence-innovus-cts/checkpoints/design.checkpoint/save.enc.dat/viewDefinition.tcl
Reading libs_typical timing library '/home/users/nhpoole/ee272b/ee272b_mixed_signal_mmwave_accelerator/digital_synth_pnr/deconvolution_kernel_estimator_2ksram/build/5-skywater-130nm/view-standard/stdcells.lib' ...
**WARN: (TECHLIB-302):	No function defined for cell 'sky130_fd_sc_hd__lpflow_decapkapwr_8'. The cell will only be used for analysis. (File /home/users/nhpoole/ee272b/ee272b_mixed_signal_mmwave_accelerator/digital_synth_pnr/deconvolution_kernel_estimator_2ksram/build/5-skywater-130nm/view-standard/stdcells.lib)
**WARN: (TECHLIB-302):	No function defined for cell 'sky130_fd_sc_hd__lpflow_decapkapwr_6'. The cell will only be used for analysis. (File /home/users/nhpoole/ee272b/ee272b_mixed_signal_mmwave_accelerator/digital_synth_pnr/deconvolution_kernel_estimator_2ksram/build/5-skywater-130nm/view-standard/stdcells.lib)
**WARN: (TECHLIB-302):	No function defined for cell 'sky130_fd_sc_hd__lpflow_decapkapwr_4'. The cell will only be used for analysis. (File /home/users/nhpoole/ee272b/ee272b_mixed_signal_mmwave_accelerator/digital_synth_pnr/deconvolution_kernel_estimator_2ksram/build/5-skywater-130nm/view-standard/stdcells.lib)
**WARN: (TECHLIB-302):	No function defined for cell 'sky130_fd_sc_hd__lpflow_decapkapwr_3'. The cell will only be used for analysis. (File /home/users/nhpoole/ee272b/ee272b_mixed_signal_mmwave_accelerator/digital_synth_pnr/deconvolution_kernel_estimator_2ksram/build/5-skywater-130nm/view-standard/stdcells.lib)
**WARN: (TECHLIB-302):	No function defined for cell 'sky130_fd_sc_hd__lpflow_decapkapwr_12'. The cell will only be used for analysis. (File /home/users/nhpoole/ee272b/ee272b_mixed_signal_mmwave_accelerator/digital_synth_pnr/deconvolution_kernel_estimator_2ksram/build/5-skywater-130nm/view-standard/stdcells.lib)
**WARN: (TECHLIB-302):	No function defined for cell 'sky130_fd_sc_hd__lpflow_bleeder_1'. The cell will only be used for analysis. (File /home/users/nhpoole/ee272b/ee272b_mixed_signal_mmwave_accelerator/digital_synth_pnr/deconvolution_kernel_estimator_2ksram/build/5-skywater-130nm/view-standard/stdcells.lib)
**WARN: (TECHLIB-302):	No function defined for cell 'sky130_fd_sc_hd__diode_2'. The cell will only be used for analysis. (File /home/users/nhpoole/ee272b/ee272b_mixed_signal_mmwave_accelerator/digital_synth_pnr/deconvolution_kernel_estimator_2ksram/build/5-skywater-130nm/view-standard/stdcells.lib)
**WARN: (TECHLIB-302):	No function defined for cell 'sky130_fd_sc_hd__decap_8'. The cell will only be used for analysis. (File /home/users/nhpoole/ee272b/ee272b_mixed_signal_mmwave_accelerator/digital_synth_pnr/deconvolution_kernel_estimator_2ksram/build/5-skywater-130nm/view-standard/stdcells.lib)
**WARN: (TECHLIB-302):	No function defined for cell 'sky130_fd_sc_hd__decap_6'. The cell will only be used for analysis. (File /home/users/nhpoole/ee272b/ee272b_mixed_signal_mmwave_accelerator/digital_synth_pnr/deconvolution_kernel_estimator_2ksram/build/5-skywater-130nm/view-standard/stdcells.lib)
**WARN: (TECHLIB-302):	No function defined for cell 'sky130_fd_sc_hd__decap_4'. The cell will only be used for analysis. (File /home/users/nhpoole/ee272b/ee272b_mixed_signal_mmwave_accelerator/digital_synth_pnr/deconvolution_kernel_estimator_2ksram/build/5-skywater-130nm/view-standard/stdcells.lib)
**WARN: (TECHLIB-302):	No function defined for cell 'sky130_fd_sc_hd__decap_3'. The cell will only be used for analysis. (File /home/users/nhpoole/ee272b/ee272b_mixed_signal_mmwave_accelerator/digital_synth_pnr/deconvolution_kernel_estimator_2ksram/build/5-skywater-130nm/view-standard/stdcells.lib)
**WARN: (TECHLIB-302):	No function defined for cell 'sky130_fd_sc_hd__decap_12'. The cell will only be used for analysis. (File /home/users/nhpoole/ee272b/ee272b_mixed_signal_mmwave_accelerator/digital_synth_pnr/deconvolution_kernel_estimator_2ksram/build/5-skywater-130nm/view-standard/stdcells.lib)
Read 427 cells in library 'sky130_fd_sc_hd__tt_025C_1v80' 
Reading libs_typical timing library '/home/users/nhpoole/ee272b/ee272b_mixed_signal_mmwave_accelerator/digital_synth_pnr/deconvolution_kernel_estimator_2ksram/build/6-sram/outputs/sky130_sram_2kbyte_1rw1r_32x512_8_TT_1p8V_25C.lib' ...
Read 1 cells in library 'sky130_sram_2kbyte_1rw1r_32x512_8_TT_1p8V_25C_lib' 
Reading libs_bc timing library '/home/users/nhpoole/ee272b/ee272b_mixed_signal_mmwave_accelerator/digital_synth_pnr/deconvolution_kernel_estimator_2ksram/build/5-skywater-130nm/view-standard/stdcells-bc.lib' ...
**WARN: (TECHLIB-302):	No function defined for cell 'sky130_fd_sc_hd__lpflow_decapkapwr_8'. The cell will only be used for analysis. (File /home/users/nhpoole/ee272b/ee272b_mixed_signal_mmwave_accelerator/digital_synth_pnr/deconvolution_kernel_estimator_2ksram/build/5-skywater-130nm/view-standard/stdcells-bc.lib)
**WARN: (TECHLIB-302):	No function defined for cell 'sky130_fd_sc_hd__lpflow_decapkapwr_6'. The cell will only be used for analysis. (File /home/users/nhpoole/ee272b/ee272b_mixed_signal_mmwave_accelerator/digital_synth_pnr/deconvolution_kernel_estimator_2ksram/build/5-skywater-130nm/view-standard/stdcells-bc.lib)
**WARN: (TECHLIB-302):	No function defined for cell 'sky130_fd_sc_hd__lpflow_decapkapwr_4'. The cell will only be used for analysis. (File /home/users/nhpoole/ee272b/ee272b_mixed_signal_mmwave_accelerator/digital_synth_pnr/deconvolution_kernel_estimator_2ksram/build/5-skywater-130nm/view-standard/stdcells-bc.lib)
**WARN: (TECHLIB-302):	No function defined for cell 'sky130_fd_sc_hd__lpflow_decapkapwr_3'. The cell will only be used for analysis. (File /home/users/nhpoole/ee272b/ee272b_mixed_signal_mmwave_accelerator/digital_synth_pnr/deconvolution_kernel_estimator_2ksram/build/5-skywater-130nm/view-standard/stdcells-bc.lib)
**WARN: (TECHLIB-302):	No function defined for cell 'sky130_fd_sc_hd__lpflow_decapkapwr_12'. The cell will only be used for analysis. (File /home/users/nhpoole/ee272b/ee272b_mixed_signal_mmwave_accelerator/digital_synth_pnr/deconvolution_kernel_estimator_2ksram/build/5-skywater-130nm/view-standard/stdcells-bc.lib)
**WARN: (TECHLIB-302):	No function defined for cell 'sky130_fd_sc_hd__lpflow_bleeder_1'. The cell will only be used for analysis. (File /home/users/nhpoole/ee272b/ee272b_mixed_signal_mmwave_accelerator/digital_synth_pnr/deconvolution_kernel_estimator_2ksram/build/5-skywater-130nm/view-standard/stdcells-bc.lib)
**WARN: (TECHLIB-302):	No function defined for cell 'sky130_fd_sc_hd__diode_2'. The cell will only be used for analysis. (File /home/users/nhpoole/ee272b/ee272b_mixed_signal_mmwave_accelerator/digital_synth_pnr/deconvolution_kernel_estimator_2ksram/build/5-skywater-130nm/view-standard/stdcells-bc.lib)
**WARN: (TECHLIB-302):	No function defined for cell 'sky130_fd_sc_hd__decap_8'. The cell will only be used for analysis. (File /home/users/nhpoole/ee272b/ee272b_mixed_signal_mmwave_accelerator/digital_synth_pnr/deconvolution_kernel_estimator_2ksram/build/5-skywater-130nm/view-standard/stdcells-bc.lib)
Message <TECHLIB-302> has exceeded the message display limit of '20'. Use 'set_message -no_limit -id list_of_msgIDs' to reset the message limit.
Read 427 cells in library 'sky130_fd_sc_hd__ff_100C_1v95' 
Starting consistency checks on late and early library sets of delay corner 'delay_default'
late library set: libs_typical
early library set: libs_bc
Completed consistency checks. Status: Successful
*** End library_loading (cpu=0.04min, real=0.03min, mem=16.9M, fe_cpu=0.68min, fe_real=0.75min, fe_mem=670.6M) ***
% Begin Load netlist data ... (date=07/11 20:22:39, mem=588.1M)
*** Begin netlist parsing (mem=670.6M) ***
Created 428 new cells from 3 timing libraries.
Reading netlist ...
Backslashed names will retain backslash and a trailing blank character.
Reading verilogBinary netlist '/home/users/nhpoole/ee272b/ee272b_mixed_signal_mmwave_accelerator/digital_synth_pnr/deconvolution_kernel_estimator_2ksram/build/17-cadence-innovus-cts/checkpoints/design.checkpoint/save.enc.dat/vbin/deconv_kernel_estimator_top_level.v.bin'
Reading binary database version 2 in 1-threaded mode

*** Memory Usage v#2 (Current mem = 682.605M, initial mem = 267.605M) ***
*** End netlist parsing (cpu=0:00:00.1, real=0:00:00.0, mem=682.6M) ***
% End Load netlist data ... (date=07/11 20:22:39, total cpu=0:00:00.1, real=0:00:00.0, peak res=599.9M, current mem=599.9M)
Set top cell to deconv_kernel_estimator_top_level.
Starting consistency checks on late and early library sets of delay corner 'delay_default'
late library set: libs_typical
early library set: libs_bc
Completed consistency checks. Status: Successful
Starting consistency checks on late and early library sets of delay corner 'delay_default'
late library set: libs_typical
early library set: libs_bc
Completed consistency checks. Status: Successful
Hooked 855 DB cells to tlib cells.
Starting recursive module instantiation check.
No recursion found.
Building hierarchical netlist for Cell deconv_kernel_estimator_top_level ...
*** Netlist is unique.
** info: there are 960 modules.
** info: there are 11569 stdCell insts.
** info: there are 16 macros.

*** Memory Usage v#2 (Current mem = 726.578M, initial mem = 267.605M) ***
*info: set bottom ioPad orient R0
**WARN: (IMPFP-3961):	The techSite 'unithddbl' has no related standard cells in LEF/OA library. Cannot make calculations for this site type unless standard cell models of this type exist in the LEF/OA library. If the SITE is not used by the library you can ignore this warning or remove the SITE definition from the LEF/OA to avoid this message.
Type 'man IMPFP-3961' for more detail.
Adjust met3 preferred direction offset from 0.34 to 0.17.
Adjust met4 preferred direction offset from 0.46 to 0.23.
Adjust met5 preferred direction offset from 1.7 to 0.17.
Generated pitch 3.66 in met5 is different from 3.4 defined in technology file in preferred direction.
Generated pitch 0.69 in met4 is different from 0.92 defined in technology file in preferred direction.
Generated pitch 0.61 in met3 is different from 0.68 defined in technology file in preferred direction.
Set Default Net Delay as 1000 ps.
Set Default Net Load as 0.5 pF. 
Set Default Input Pin Transition as 0.1 ps.
Loading preference file /home/users/nhpoole/ee272b/ee272b_mixed_signal_mmwave_accelerator/digital_synth_pnr/deconvolution_kernel_estimator_2ksram/build/17-cadence-innovus-cts/checkpoints/design.checkpoint/save.enc.dat/gui.pref.tcl ...
##  Process: 130           (User Set)               
##     Node: (not set)                           

##  Check design process and node:  
##  Design tech node is not set.

Applying the recommended capacitance filtering threshold values for 130nm process node: total_c_th=0, relative_c_th=1 and coupling_c_th=0.4.
	These values will be used by all post-route extraction engines, including TQuantus, IQuantus and Quantus QRC extraction.
	Capacitance filtering mode(-capFilterMode option of the setExtractRCMode) is 'relAndCoup' for all engines.
	The accuracy mode for postRoute effortLevel low extraction will be set to 'standard'.
	Default value for EffortLevel(-effortLevel option of the setExtractRCMode) in postRoute extraction mode is 'low'.
setAnalysisMode -usefulSkew already set.
**WARN: (IMPOPT-3602):	The specified path group name Reg2Reg is not defined.
Type 'man IMPOPT-3602' for more detail.
Effort level <high> specified for Reg2Reg path_group
**WARN: (IMPOPT-3602):	The specified path group name Reg2Out is not defined.
Type 'man IMPOPT-3602' for more detail.
Effort level <low> specified for Reg2Out path_group
**WARN: (IMPOPT-3602):	The specified path group name Reg2ClkGate is not defined.
Type 'man IMPOPT-3602' for more detail.
Effort level <low> specified for Reg2ClkGate path_group
**WARN: (IMPOPT-3602):	The specified path group name Macro2All is not defined.
Type 'man IMPOPT-3602' for more detail.
Effort level <high> specified for Macro2All path_group
**WARN: (IMPOPT-3602):	The specified path group name In2Reg is not defined.
Type 'man IMPOPT-3602' for more detail.
Effort level <low> specified for In2Reg path_group
**WARN: (IMPOPT-3602):	The specified path group name In2Out is not defined.
Type 'man IMPOPT-3602' for more detail.
Effort level <low> specified for In2Out path_group
**WARN: (IMPOPT-3602):	The specified path group name All2Macro is not defined.
Type 'man IMPOPT-3602' for more detail.
Effort level <high> specified for All2Macro path_group
#WARNING (NRIF-91) Option setNanoRouteMode -routeTopRoutingLayer is obsolete. It will continue to work for the current release. To ensure compatibility with future releases, use option setDesignMode -topRoutingLayer instead.
Setting -ignore_DRC to 0. ViaGen will do DRC check while creating vias.
Setting -viarule_preference to default order. ViaGen will consider via rule priority based on the order of appearance in the technology file.
**WARN: (IMPPTN-867):	Found use of setPinAssignMode -maxLayer. This will continue to work in this release; however, it is recommended to use setDesignMode -topRoutingLayer instead.
addRing command will ignore shorts while creating rings.
addRing command will disallow rings to go over rows.
addRing command will consider rows while creating rings.
The ring targets are set to core/block ring wires.
Stripe will break at block ring.
**WARN: (IMPPSP-1003):	Found use of 'setRouteMode -earlyGlobalMaxRouteLayer'. This will continue to work in this release; however, it is recommended to use 'setDesignMode -topRoutingLayer' instead.
**WARN: (IMPPSP-1003):	Found use of 'setRouteMode -earlyGlobalMinRouteLayer'. This will continue to work in this release; however, it is recommended to use 'setDesignMode -bottomRoutingLayer' instead.
Change floorplan default-technical-site to 'unithd'.
*Info: initialize multi-corner CTS.
Total number of combinational cells: 328
Total number of sequential cells: 68
Total number of tristate cells: 13
Total number of level shifter cells: 7
Total number of power gating cells: 0
Total number of isolation cells: 11
Total number of power switch cells: 0
Total number of pulse generator cells: 0
Total number of always on buffers: 0
Total number of retention cells: 0
List of usable buffers: sky130_fd_sc_hd__buf_1 sky130_fd_sc_hd__buf_12 sky130_fd_sc_hd__buf_16 sky130_fd_sc_hd__buf_2 sky130_fd_sc_hd__buf_4 sky130_fd_sc_hd__buf_6 sky130_fd_sc_hd__buf_8 sky130_fd_sc_hd__clkbuf_1 sky130_fd_sc_hd__clkbuf_16 sky130_fd_sc_hd__clkbuf_2 sky130_fd_sc_hd__clkbuf_4 sky130_fd_sc_hd__clkbuf_8 sky130_fd_sc_hd__dlymetal6s2s_1 sky130_fd_sc_hd__probec_p_8 sky130_fd_sc_hd__probe_p_8
Total number of usable buffers: 15
List of unusable buffers:
Total number of unusable buffers: 0
List of usable inverters: sky130_fd_sc_hd__bufinv_16 sky130_fd_sc_hd__clkinv_1 sky130_fd_sc_hd__bufinv_8 sky130_fd_sc_hd__clkinv_16 sky130_fd_sc_hd__clkinv_2 sky130_fd_sc_hd__clkinv_4 sky130_fd_sc_hd__clkinv_8 sky130_fd_sc_hd__inv_1 sky130_fd_sc_hd__clkinvlp_2 sky130_fd_sc_hd__clkinvlp_4 sky130_fd_sc_hd__inv_12 sky130_fd_sc_hd__inv_16 sky130_fd_sc_hd__inv_2 sky130_fd_sc_hd__inv_4 sky130_fd_sc_hd__inv_6 sky130_fd_sc_hd__inv_8
Total number of usable inverters: 16
List of unusable inverters:
Total number of unusable inverters: 0
List of identified usable delay cells: sky130_fd_sc_hd__bufbuf_16 sky130_fd_sc_hd__bufbuf_8 sky130_fd_sc_hd__clkdlybuf4s15_1 sky130_fd_sc_hd__clkdlybuf4s15_2 sky130_fd_sc_hd__clkdlybuf4s18_1 sky130_fd_sc_hd__clkdlybuf4s18_2 sky130_fd_sc_hd__clkdlybuf4s25_1 sky130_fd_sc_hd__clkdlybuf4s50_1 sky130_fd_sc_hd__clkdlybuf4s25_2 sky130_fd_sc_hd__clkdlybuf4s50_2 sky130_fd_sc_hd__dlygate4sd2_1 sky130_fd_sc_hd__dlygate4sd1_1 sky130_fd_sc_hd__dlygate4sd3_1 sky130_fd_sc_hd__dlymetal6s6s_1 sky130_fd_sc_hd__dlymetal6s4s_1
Total number of identified usable delay cells: 15
List of identified unusable delay cells:
Total number of identified unusable delay cells: 0
Reading floorplan file - /home/users/nhpoole/ee272b/ee272b_mixed_signal_mmwave_accelerator/digital_synth_pnr/deconvolution_kernel_estimator_2ksram/build/17-cadence-innovus-cts/checkpoints/design.checkpoint/save.enc.dat/deconv_kernel_estimator_top_level.fp.gz (mem = 990.6M).
% Begin Load floorplan data ... (date=07/11 20:22:41, mem=895.5M)
*info: reset 14929 existing net BottomPreferredLayer and AvoidDetour
Deleting old partition specification.
Set FPlanBox to (0 0 2568640 2564960)
**WARN: (IMPFP-3961):	The techSite 'unithddbl' has no related standard cells in LEF/OA library. Cannot make calculations for this site type unless standard cell models of this type exist in the LEF/OA library. If the SITE is not used by the library you can ignore this warning or remove the SITE definition from the LEF/OA to avoid this message.
Type 'man IMPFP-3961' for more detail.
Adjust met3 preferred direction offset from 0.34 to 0.17.
Adjust met4 preferred direction offset from 0.46 to 0.23.
Adjust met5 preferred direction offset from 1.7 to 0.17.
Generated pitch 3.66 in met5 is different from 3.4 defined in technology file in preferred direction.
Generated pitch 0.69 in met4 is different from 0.92 defined in technology file in preferred direction.
Generated pitch 0.61 in met3 is different from 0.68 defined in technology file in preferred direction.
 ... processed partition successfully.
Reading binary special route file /home/users/nhpoole/ee272b/ee272b_mixed_signal_mmwave_accelerator/digital_synth_pnr/deconvolution_kernel_estimator_2ksram/build/17-cadence-innovus-cts/checkpoints/design.checkpoint/save.enc.dat/deconv_kernel_estimator_top_level.fp.spr.gz (Created by Innovus v20.13-s083_1 on Sun Jul 11 20:21:35 2021, version: 1)
Ending "Read special route file" (total cpu=0:00:00.0, real=0:00:00.0, peak res=901.3M, current mem=901.3M)
There are 349 nets with weight being set
There are 349 nets with bottomPreferredRoutingLayer being set
There are 349 nets with avoidDetour being set
Extracting standard cell pins and blockage ...... 
Pin and blockage extraction finished
Delete all existing relative floorplan constraints.
% End Load floorplan data ... (date=07/11 20:22:43, total cpu=0:00:00.1, real=0:00:02.0, peak res=901.3M, current mem=900.7M)
Reading congestion map file /home/users/nhpoole/ee272b/ee272b_mixed_signal_mmwave_accelerator/digital_synth_pnr/deconvolution_kernel_estimator_2ksram/build/17-cadence-innovus-cts/checkpoints/design.checkpoint/save.enc.dat/deconv_kernel_estimator_top_level.route.congmap.gz ...
% Begin Load SymbolTable ... (date=07/11 20:22:43, mem=901.0M)
Suppress "**WARN ..." messages.
Un-suppress "**WARN ..." messages.
% End Load SymbolTable ... (date=07/11 20:22:45, total cpu=0:00:00.2, real=0:00:02.0, peak res=931.2M, current mem=931.1M)
Loading place ...
% Begin Load placement data ... (date=07/11 20:22:45, mem=931.1M)
Reading placement file - /home/users/nhpoole/ee272b/ee272b_mixed_signal_mmwave_accelerator/digital_synth_pnr/deconvolution_kernel_estimator_2ksram/build/17-cadence-innovus-cts/checkpoints/design.checkpoint/save.enc.dat/deconv_kernel_estimator_top_level.place.gz.
** Reading stdCellPlacement_binary (Created by Innovus v20.13-s083_1 on Sun Jul 11 20:21:34 2021, version# 2) ...
Read Views for adaptive view pruning ...
Read 0 views from Binary DB for adaptive view pruning
*** Checked 6 GNC rules.
*** applyConnectGlobalNets disabled.
*** Completed restorePlace (cpu=0:00:00.2 real=0:00:00.0 mem=1028.8M) ***
Total net length = 1.041e+06 (5.121e+05 5.287e+05) (ext = 2.534e+04)
% End Load placement data ... (date=07/11 20:22:45, total cpu=0:00:00.3, real=0:00:00.0, peak res=944.9M, current mem=941.6M)
Reading PG file /home/users/nhpoole/ee272b/ee272b_mixed_signal_mmwave_accelerator/digital_synth_pnr/deconvolution_kernel_estimator_2ksram/build/17-cadence-innovus-cts/checkpoints/design.checkpoint/save.enc.dat/deconv_kernel_estimator_top_level.pg.gz, version#2, (Created by Innovus v20.13-s083_1 on       Sun Jul 11 20:21:34 2021)
*** Completed restorePGFile (cpu=0:00:00.0 real=0:00:01.0 mem=1025.8M) ***
% Begin Load routing data ... (date=07/11 20:22:46, mem=942.8M)
Reading routing file - /home/users/nhpoole/ee272b/ee272b_mixed_signal_mmwave_accelerator/digital_synth_pnr/deconvolution_kernel_estimator_2ksram/build/17-cadence-innovus-cts/checkpoints/design.checkpoint/save.enc.dat/deconv_kernel_estimator_top_level.route.gz.
Reading Innovus routing data (Created by Innovus v20.13-s083_1 on Sun Jul 11 20:21:34 2021 Format: 20.1) ...
*** Total 14149 nets are successfully restored.
*** Completed restoreRoute (cpu=0:00:00.2 real=0:00:01.0 mem=1042.8M) ***
% End Load routing data ... (date=07/11 20:22:47, total cpu=0:00:00.2, real=0:00:01.0, peak res=960.3M, current mem=959.3M)
Loading Drc markers ...
... 2 markers are loaded ...
... 0 geometry drc markers are loaded ...
... 2 antenna drc markers are loaded ...
TAT_INFO: restoreCongMap REAL = 2 : CPU = 0 : MEM = 0.
Reading property file /home/users/nhpoole/ee272b/ee272b_mixed_signal_mmwave_accelerator/digital_synth_pnr/deconvolution_kernel_estimator_2ksram/build/17-cadence-innovus-cts/checkpoints/design.checkpoint/save.enc.dat/deconv_kernel_estimator_top_level.prop
*** Completed restoreProperty (cpu=0:00:00.1 real=0:00:00.0 mem=1048.8M) ***
Reading dirtyarea snapshot file /home/users/nhpoole/ee272b/ee272b_mixed_signal_mmwave_accelerator/digital_synth_pnr/deconvolution_kernel_estimator_2ksram/build/17-cadence-innovus-cts/checkpoints/design.checkpoint/save.enc.dat/deconv_kernel_estimator_top_level.db.da.gz (Create by Innovus v20.13-s083_1 on Sun Jul 11 20:21:37 2021, version: 4).
Set Default Input Pin Transition as 0.1 ps.
Extraction setup Started 
Initializing multi-corner RC extraction with 1 active RC Corners ...
Reading Capacitance Table File /home/users/nhpoole/ee272b/ee272b_mixed_signal_mmwave_accelerator/digital_synth_pnr/deconvolution_kernel_estimator_2ksram/build/17-cadence-innovus-cts/checkpoints/design.checkpoint/save.enc.dat/libs/mmmc/rtk-typical.captable ...
Process name: (null).
Allocated an empty WireEdgeEnlargement table in typical [6].
Allocated an empty WireEdgeEnlargement table in typical [6].
Importing multi-corner RC tables ... 
Summary of Active RC-Corners : 
 
 Analysis View: analysis_default
    RC-Corner Name        : typical
    RC-Corner Index       : 0
    RC-Corner Temperature : 25 Celsius
    RC-Corner Cap Table   : '/home/users/nhpoole/ee272b/ee272b_mixed_signal_mmwave_accelerator/digital_synth_pnr/deconvolution_kernel_estimator_2ksram/build/17-cadence-innovus-cts/checkpoints/design.checkpoint/save.enc.dat/libs/mmmc/rtk-typical.captable'
    RC-Corner PreRoute Res Factor         : 1
    RC-Corner PreRoute Cap Factor         : 1
    RC-Corner PostRoute Res Factor        : 1 {1 1 1}
    RC-Corner PostRoute Cap Factor        : 1 {1 1 1}
    RC-Corner PostRoute XCap Factor       : 1 {1 1 1}
    RC-Corner PreRoute Clock Res Factor   : 1	[Derived from postRoute_res (effortLevel low)]
    RC-Corner PreRoute Clock Cap Factor   : 1	[Derived from postRoute_cap (effortLevel low)]
    RC-Corner PostRoute Clock Cap Factor  : 1 {1 1 1} 	[Derived from postRoute_cap (effortLevel low)]
    RC-Corner PostRoute Clock Res Factor  : 1 {1 1 1} 	[Derived from postRoute_res (effortLevel low)]
Updating RC grid for preRoute extraction ...
Initializing multi-corner capacitance tables ... 
Initializing multi-corner resistance tables ...
Loading rc congestion map /home/users/nhpoole/ee272b/ee272b_mixed_signal_mmwave_accelerator/digital_synth_pnr/deconvolution_kernel_estimator_2ksram/build/17-cadence-innovus-cts/checkpoints/design.checkpoint/save.enc.dat/deconv_kernel_estimator_top_level.congmap.gz ...
Start generating vias ..
#Skip building auto via since it is not turned on.
Extracting standard cell pins and blockage ...... 
Pin and blockage extraction finished
Via generation completed.
% Begin Load power constraints ... (date=07/11 20:22:53, mem=978.8M)
source /home/users/nhpoole/ee272b/ee272b_mixed_signal_mmwave_accelerator/digital_synth_pnr/deconvolution_kernel_estimator_2ksram/build/17-cadence-innovus-cts/checkpoints/design.checkpoint/save.enc.dat/deconv_kernel_estimator_top_level_power_constraints.tcl
'set_default_switching_activity' finished successfully.
** WARN:  (VOLTUS_POWR-3212): The 'set_power_analysis_mode -leakage_power_view |-dynamic_power_view|-analysis_view' will be obsolete in 18.20 release. Use 'set_analysis_view -leakage <> | -dynamic <>' to set leakage and dynamic power views.

% End Load power constraints ... (date=07/11 20:22:53, total cpu=0:00:00.0, real=0:00:00.0, peak res=985.7M, current mem=985.7M)
% Begin load AAE data ... (date=07/11 20:22:53, mem=1020.4M)
**WARN: (IMPESI-3505):	setDelayCalMode -eng_copyNetPropToNewNet true (default=false) will be obsoleted along with its sgs2set equivalent.  This parameter will continue to be supported in the current release, but will be removed in the next major release of the software.
AAE DB initialization (MEM=1127.88 CPU=0:00:00.0 REAL=0:00:00.0) 
% End load AAE data ... (date=07/11 20:22:54, total cpu=0:00:00.7, real=0:00:01.0, peak res=1028.5M, current mem=1028.5M)
Restoring CCOpt config...
  Extracting original clock gating for ideal_clock...
    clock_tree ideal_clock contains 1503 sinks and 114 clock gates.
    Extraction for ideal_clock complete.
  Extracting original clock gating for ideal_clock done.
  The skew group ideal_clock/constraints_default was created. It contains 1503 sinks and 1 sources.
  The skew group ideal_clock/constraints_default was created. It contains 1503 sinks and 1 sources.
Restoring CCOpt config done.
Total number of combinational cells: 328
Total number of sequential cells: 68
Total number of tristate cells: 13
Total number of level shifter cells: 7
Total number of power gating cells: 0
Total number of isolation cells: 11
Total number of power switch cells: 0
Total number of pulse generator cells: 0
Total number of always on buffers: 0
Total number of retention cells: 0
List of usable buffers: sky130_fd_sc_hd__buf_1 sky130_fd_sc_hd__buf_12 sky130_fd_sc_hd__buf_16 sky130_fd_sc_hd__buf_2 sky130_fd_sc_hd__buf_4 sky130_fd_sc_hd__buf_6 sky130_fd_sc_hd__buf_8 sky130_fd_sc_hd__clkbuf_1 sky130_fd_sc_hd__clkbuf_16 sky130_fd_sc_hd__clkbuf_2 sky130_fd_sc_hd__clkbuf_4 sky130_fd_sc_hd__clkbuf_8
Total number of usable buffers: 12
List of unusable buffers: sky130_fd_sc_hd__dlymetal6s2s_1 sky130_fd_sc_hd__probec_p_8 sky130_fd_sc_hd__probe_p_8
Total number of unusable buffers: 3
List of usable inverters: sky130_fd_sc_hd__bufinv_16 sky130_fd_sc_hd__clkinv_1 sky130_fd_sc_hd__bufinv_8 sky130_fd_sc_hd__clkinv_2 sky130_fd_sc_hd__clkinv_4 sky130_fd_sc_hd__clkinv_8 sky130_fd_sc_hd__inv_1 sky130_fd_sc_hd__inv_12 sky130_fd_sc_hd__inv_16 sky130_fd_sc_hd__inv_2 sky130_fd_sc_hd__inv_4 sky130_fd_sc_hd__inv_6 sky130_fd_sc_hd__inv_8
Total number of usable inverters: 13
List of unusable inverters: sky130_fd_sc_hd__clkinv_16 sky130_fd_sc_hd__clkinvlp_2 sky130_fd_sc_hd__clkinvlp_4
Total number of unusable inverters: 3
List of identified usable delay cells: sky130_fd_sc_hd__bufbuf_16 sky130_fd_sc_hd__bufbuf_8 sky130_fd_sc_hd__clkdlybuf4s15_1 sky130_fd_sc_hd__clkdlybuf4s15_2 sky130_fd_sc_hd__clkdlybuf4s18_1 sky130_fd_sc_hd__clkdlybuf4s18_2 sky130_fd_sc_hd__clkdlybuf4s25_1 sky130_fd_sc_hd__clkdlybuf4s50_1 sky130_fd_sc_hd__clkdlybuf4s25_2 sky130_fd_sc_hd__clkdlybuf4s50_2
Total number of identified usable delay cells: 10
List of identified unusable delay cells: sky130_fd_sc_hd__dlygate4sd2_1 sky130_fd_sc_hd__dlygate4sd1_1 sky130_fd_sc_hd__dlygate4sd3_1 sky130_fd_sc_hd__dlymetal6s6s_1 sky130_fd_sc_hd__dlymetal6s4s_1
Total number of identified unusable delay cells: 5
**WARN: (IMPCTE-107):	The following globals have been obsoleted since version 20.13-s083_1. They will be removed in the next release. 
timing_enable_default_delay_arc
#% End load design ... (date=07/11 20:22:54, total cpu=0:00:09.2, real=0:00:19.0, peak res=1056.9M, current mem=1034.6M)

*** Summary of all messages that are not suppressed in this session:
Severity  ID               Count  Summary                                  
WARNING   IMPLF-200           59  Pin '%s' in macro '%s' has no ANTENNAGAT...
WARNING   IMPLF-201           66  Pin '%s' in macro '%s' has no ANTENNADIF...
WARNING   IMPLF-246            1  The '%s' attribute is only allowed to be...
WARNING   IMPFP-3961           2  The techSite '%s' has no related standar...
WARNING   IMPPTN-867           1  Found use of %s. This will continue to w...
WARNING   IMPESI-3505          1  setDelayCalMode -eng_%s (default=%s) wil...
WARNING   IMPOPT-3602          7  The specified path group name %s is not ...
WARNING   IMPCTE-107           1  The following globals have been obsolete...
WARNING   IMPPSP-1003          2  Found use of '%s'. This will continue to...
WARNING   TECHLIB-302         24  No function defined for cell '%s'. The c...
*** Message Summary: 164 warning(s), 0 error(s)

The timeout for a remote job to respond is 3600 seconds.
Submit command for task runs will be: local
<FF> Plugin -> always_source_tcl
<FF> LOADING 'always_source_tcl' PLUG-IN FILE(s) 
<FF> -> innovus-foundation-flow/custom-scripts/always-source.tcl

  > Info: Sourcing "scripts/setup-optmode.tcl"

### Start verbose source output (echo mode) for 'scripts/setup-optmode.tcl' ...
# setOptMode -fixHoldAllowOverlap TRUE
### End verbose source output for 'scripts/setup-optmode.tcl'.

  > Info: Sourcing "scripts/main.tcl"

### Start verbose source output (echo mode) for 'scripts/main.tcl' ...
# source -verbose innovus-foundation-flow/INNOVUS/run_postcts_hold.tcl
### Start verbose source output (echo mode) for 'innovus-foundation-flow/INNOVUS/run_postcts_hold.tcl' ...
# if {[file exists innovus-foundation-flow/vars.tcl]} {
   source innovus-foundation-flow/vars.tcl
}
# foreach file $vars(config_files) {
   source $file
}
# source innovus-foundation-flow/procs.tcl
# ff_procs::system_info
# setDistributeHost -local
The timeout for a remote job to respond is 3600 seconds.
Submit command for task runs will be: local
# setMultiCpuUsage -localCpu 16
# if {$vars(restore_design)} { # <BEGIN TAG> postcts_hold,restore_design

# <begin tag postcts_hold,restore_design,skip>
#
# restoreDesign checkpoints/cts.enc.dat deconv_kernel_estimator_top_level
#
# <end tag postcts_hold,restore_design,skip> }
# um::enable_metrics -on
# puts "<FF> Plugin -> always_source_tcl"
<FF> Plugin -> always_source_tcl
# ff_procs::source_plug always_source_tcl
<FF> LOADING 'always_source_tcl' PLUG-IN FILE(s) 
<FF> -> innovus-foundation-flow/custom-scripts/always-source.tcl
# set vars(step) postcts_hold
# set vars(postcts_hold,start_time) [clock seconds]
# um::push_snapshot_stack
# setDesignMode -process 130 -powerEffort high
##  Process: 130           (User Set)               
##     Node: (not set)                           

##  Check design process and node:  
##  Design tech node is not set.

Applying the recommended capacitance filtering threshold values for 130nm process node: total_c_th=0, relative_c_th=1 and coupling_c_th=0.4.
	These values will be used by all post-route extraction engines, including TQuantus, IQuantus and Quantus QRC extraction.
	Capacitance filtering mode(-capFilterMode option of the setExtractRCMode) is 'relAndCoup' for all engines.
	The accuracy mode for postRoute effortLevel low extraction will be set to 'standard'.
	Default value for EffortLevel(-effortLevel option of the setExtractRCMode) in postRoute extraction mode is 'low'.
# setOptMode -fixHoldAllowSetupTnsDegrade true
# Puts "<FF> RUNNING POST-CTS HOLD FIXING ..."
<FF> RUNNING POST-CTS HOLD FIXING ...
# puts "<FF> Plugin -> pre_postcts_hold_tcl"
<FF> Plugin -> pre_postcts_hold_tcl
# optDesign -postCTS -hold -outDir reports -prefix postcts_hold
**optDesign ... cpu = 0:00:00, real = 0:00:00, mem = 1034.8M, totSessionCpu=0:00:47 **
**INFO: User settings:
setDesignMode -powerEffort                   high
setDesignMode -process                       130
setDesignMode -propagateActivity             true
setDesignMode -topRoutingLayer               met5
setExtractRCMode -coupling_c_th              0.4
setExtractRCMode -engine                     preRoute
setExtractRCMode -relative_c_th              1
setExtractRCMode -total_c_th                 0
setUsefulSkewMode -ecoRoute                  false
setDelayCalMode -enable_high_fanout          true
setDelayCalMode -eng_copyNetPropToNewNet     true
setDelayCalMode -engine                      aae
setDelayCalMode -ignoreNetLoad               false
setDelayCalMode -socv_accuracy_mode          low
setOptMode -activeSetupViews                 { analysis_default }
setOptMode -autoSetupViews                   { analysis_default}
setOptMode -autoTDGRSetupViews               { analysis_default}
setOptMode -drcMargin                        0
setOptMode -fixDrc                           true
setOptMode -fixFanoutLoad                    true
setOptMode -fixHoldAllowOverlap              true
setOptMode -fixHoldAllowSetupTnsDegrade      true
setOptMode -optimizeFF                       true
setOptMode -powerEffort                      high
setOptMode -preserveAllSequential            false
setOptMode -setupTargetSlack                 0
setOptMode -timeDesignCompressReports        false
setOptMode -usefulSkew                       true
setOptMode -usefulSkewCCOpt                  standard
setOptMode -usefulSkewPreCTS                 true
setPlaceMode -place_global_clock_gate_aware  true
setPlaceMode -place_global_cong_effort       medium
setPlaceMode -place_global_place_io_pins     false
setAnalysisMode -analysisType                onChipVariation
setAnalysisMode -checkType                   setup
setAnalysisMode -clkSrcPath                  true
setAnalysisMode -clockPropagation            sdcControl
setAnalysisMode -cppr                        both
setAnalysisMode -usefulSkew                  true
setRouteMode -earlyGlobalMaxRouteLayer       6
setRouteMode -earlyGlobalMinRouteLayer       2

**INFO: setDesignMode -flowEffort standard -> setting 'setOptMode -allEndPoints true' for the duration of this command.
Total CPU(s) requested: 16
Total CPU(s) enabled with current License(s): 8
Current free CPU(s): 8
Additional license(s) checked out: 1 Innovus_CPU_Opt license(s) for 8 CPU(s)
Total CPU(s) now enabled: 16
Multithreaded Timing Analysis is initialized with 16 threads

GigaOpt running with 16 threads.
Need call spDPlaceInit before registerPrioInstLoc.
*** optDesign #1 [begin] : totSession cpu/real = 0:00:49.7/0:01:00.5 (0.8), mem = 1462.2M
*** InitOpt #1 [begin] : totSession cpu/real = 0:00:49.7/0:01:00.5 (0.8), mem = 1462.2M
**optDesign ... cpu = 0:00:08, real = 0:00:06, mem = 1919.0M, totSessionCpu=0:00:55 **
*** optDesign -postCTS ***
DRC Margin: user margin 0.0
Hold Target Slack: user slack 0
Setup Target Slack: user slack 0;
setUsefulSkewMode -ecoRoute false
Start to check current routing status for nets...
All nets are already routed correctly.
End to check current routing status for nets (mem=2077.1M)
Extraction called for design 'deconv_kernel_estimator_top_level' of instances=54341 and nets=14929 using extraction engine 'preRoute' .
PreRoute RC Extraction called for design deconv_kernel_estimator_top_level.
RC Extraction called in multi-corner(1) mode.
RCMode: PreRoute
      RC Corner Indexes            0   
Capacitance Scaling Factor   : 1.00000 
Resistance Scaling Factor    : 1.00000 
Clock Cap. Scaling Factor    : 1.00000 
Clock Res. Scaling Factor    : 1.00000 
Shrink Factor                : 1.00000
PreRoute extraction is honoring NDR/Shielding/ExtraSpace for clock nets.
Using capacitance table file ...
Skipped RC grid update for preRoute extraction.
Initializing multi-corner capacitance tables ... 
Initializing multi-corner resistance tables ...
PreRoute RC Extraction DONE (CPU Time: 0:00:00.5  Real Time: 0:00:00.0  MEM: 2077.117M)
*** InitOpt #1 [finish] : cpu/real = 0:00:06.5/0:00:05.2 (1.3), totSession cpu/real = 0:00:56.2/0:01:05.6 (0.9), mem = 2077.1M
GigaOpt Hold Optimizer is used
<optDesign CMD> fixhold  no -lvt -mvt Cells
#InfoCS: Num dontuse cells 173, Num usable cells 360
optDesignOneStep: Power Flow
#InfoCS: Num dontuse cells 173, Num usable cells 360
Starting initialization (fixHold) cpu=0:00:00.0 real=0:00:00.0 totSessionCpu=0:00:59.5 mem=2106.7M ***
*** BuildHoldData #1 [begin] : totSession cpu/real = 0:00:59.5/0:01:08.5 (0.9), mem = 2106.7M
Starting delay calculation for Hold views
#################################################################################
# Design Stage: PreRoute
# Design Name: deconv_kernel_estimator_top_level
# Design Mode: 130nm
# Analysis Mode: MMMC OCV 
# Parasitics Mode: No SPEF/RCDB 
# Signoff Settings: SI Off 
#################################################################################
Start delay calculation (fullDC) (16 T). (MEM=2106.73)
*** Calculating scaling factor for libs_bc libraries using the default operating condition of each library.
Total number of fetched objects 14291
AAE_INFO: Total number of nets for which stage creation was skipped for all views 0
Total number of fetched objects 14291
AAE_INFO: Total number of nets for which stage creation was skipped for all views 0
End delay calculation. (MEM=3101.79 CPU=0:00:10.5 REAL=0:00:01.0)
End delay calculation (fullDC). (MEM=2811.62 CPU=0:00:12.8 REAL=0:00:02.0)
*** Done Building Timing Graph (cpu=0:00:17.5 real=0:00:03.0 totSessionCpu=0:01:20 mem=2779.6M)

Active hold views:
 analysis_default
  Dominating endpoints: 0
  Dominating TNS: -0.000

Done building cte hold timing graph (fixHold) cpu=0:00:22.4 real=0:00:04.0 totSessionCpu=0:01:22 mem=2810.1M ***
Done building hold timer [1 node(s), 0 edge(s), 1 view(s)] (fixHold) cpu=0:00:23.6 real=0:00:05.0 totSessionCpu=0:01:23 mem=2810.1M ***
Starting delay calculation for Setup views
#################################################################################
# Design Stage: PreRoute
# Design Name: deconv_kernel_estimator_top_level
# Design Mode: 130nm
# Analysis Mode: MMMC OCV 
# Parasitics Mode: No SPEF/RCDB 
# Signoff Settings: SI Off 
#################################################################################
Start delay calculation (fullDC) (16 T). (MEM=2792.43)
*** Calculating scaling factor for libs_typical libraries using the default operating condition of each library.
Total number of fetched objects 14291
AAE_INFO: Total number of nets for which stage creation was skipped for all views 0
Total number of fetched objects 14291
AAE_INFO: Total number of nets for which stage creation was skipped for all views 0
End delay calculation. (MEM=3052.6 CPU=0:00:10.5 REAL=0:00:01.0)
End delay calculation (fullDC). (MEM=3052.6 CPU=0:00:12.4 REAL=0:00:01.0)
*** Done Building Timing Graph (cpu=0:00:17.0 real=0:00:02.0 totSessionCpu=0:01:43 mem=3020.6M)
Done building cte setup timing graph (fixHold) cpu=0:00:43.7 real=0:00:08.0 totSessionCpu=0:01:43 mem=3020.6M ***

*Info: minBufDelay = 102.1 ps, libStdDelay = 105.6 ps, minBufSize = 3753600 (3.0)
*Info: worst delay setup view: analysis_default

------------------------------------------------------------------
     Hold Opt Initial Summary
------------------------------------------------------------------

Setup views included:
 analysis_default
Hold views included:
 analysis_default

+--------------------+--------------------------------------------------+
|     ID Number      |                 Path Group Name                  |
+--------------------+--------------------------------------------------+
|         1          |Reg2ClkGate                                       |
+--------------------+--------------------------------------------------+

+--------------------+---------+---------+---------+---------+---------+---------+---------+---------+---------+
|     Setup mode     |   all   | default |All2Macro| In2Out  | In2Reg  |Macro2All|1:Reg..te| Reg2Out | Reg2Reg |
+--------------------+---------+---------+---------+---------+---------+---------+---------+---------+---------+
|           WNS (ns):|  0.872  |  0.000  | 13.024  |   N/A   |  0.872  |   N/A   | 16.189  | 17.914  |  1.298  |
|           TNS (ns):|  0.000  |  0.000  |  0.000  |   N/A   |  0.000  |   N/A   |  0.000  |  0.000  |  0.000  |
|    Violating Paths:|    0    |    0    |    0    |   N/A   |    0    |   N/A   |    0    |    0    |    0    |
|          All Paths:|  2501   |    0    |   912   |   N/A   |   443   |   N/A   |   108   |    3    |  1471   |
+--------------------+---------+---------+---------+---------+---------+---------+---------+---------+---------+

+--------------------+---------+---------+---------+---------+---------+---------+---------+---------+---------+
|     Hold mode      |   all   | default |All2Macro| In2Out  | In2Reg  |Macro2All|1:Reg..te| Reg2Out | Reg2Reg |
+--------------------+---------+---------+---------+---------+---------+---------+---------+---------+---------+
|           WNS (ns):|  0.029  |  0.000  |  0.328  |   N/A   | 10.167  | 10.334  |  0.458  |  0.306  |  0.029  |
|           TNS (ns):|  0.000  |  0.000  |  0.000  |   N/A   |  0.000  |  0.000  |  0.000  |  0.000  |  0.000  |
|    Violating Paths:|    0    |    0    |    0    |   N/A   |    0    |    0    |    0    |    0    |    0    |
|          All Paths:|  2501   |    0    |   912   |   N/A   |   443   |   97    |   108   |    3    |  1471   |
+--------------------+---------+---------+---------+---------+---------+---------+---------+---------+---------+

+----------------+-------------------------------+------------------+
|                |              Real             |       Total      |
|    DRVs        +------------------+------------+------------------|
|                |  Nr nets(terms)  | Worst Vio  |  Nr nets(terms)  |
+----------------+------------------+------------+------------------+
|   max_cap      |      0 (0)       |   0.000    |      0 (0)       |
|   max_tran     |    336 (338)     |   -0.168   |    344 (346)     |
|   max_fanout   |      0 (0)       |     0      |      0 (0)       |
|   max_length   |      0 (0)       |     0      |      0 (0)       |
+----------------+------------------+------------+------------------+

Density: 9.727%
Routing Overflow: 0.09% H and 0.61% V
------------------------------------------------------------------
**optDesign ... cpu = 0:01:01, real = 0:00:19, mem = 2259.8M, totSessionCpu=0:01:47 **
*** BuildHoldData #1 [finish] : cpu/real = 0:00:47.8/0:00:09.3 (5.1), totSession cpu/real = 0:01:47.3/0:01:17.7 (1.4), mem = 2440.1M
*** HoldOpt #1 [begin] : totSession cpu/real = 0:01:47.3/0:01:17.7 (1.4), mem = 2440.1M
(I,S,L,T): analysis_default: NA, NA, 4.50643e-05, 4.50643e-05
(I,S,L) ClockInsts: analysis_default: NA, NA, 2.53464e-06

Footprint cell information for calculating maxBufDist
*info: There are 12 candidate Buffer cells
*info: There are 0 candidate Inverter cells

*info: Run optDesign holdfix with 16 threads.
Info: 342 nets with fixed/cover wires excluded.
Info: 349 clock nets excluded from IPO operation.
*** Hold timing is met. Hold fixing is not needed 
**INFO: total 0 insts, 0 nets marked don't touch
**INFO: total 0 insts, 0 nets marked don't touch DB property
**INFO: total 0 insts, 0 nets unmarked don't touch

(I,S,L,T): analysis_default: NA, NA, 4.50643e-05, 4.50643e-05
(I,S,L) ClockInsts: analysis_default: NA, NA, 2.53464e-06
*** HoldOpt #1 [finish] : cpu/real = 0:00:07.0/0:00:06.4 (1.1), totSession cpu/real = 0:01:54.3/0:01:24.2 (1.4), mem = 2543.2M

Active setup views:
 analysis_default
  Dominating endpoints: 0
  Dominating TNS: -0.000

<optDesign CMD> Restore Using all VT Cells
[NR-eGR] Started Early Global Route kernel ( Curr Mem: 2494.69 MB )
[NR-eGR] Num Prerouted Nets = 342  Num Prerouted Wires = 5834
[NR-eGR] Read numTotalNets=13755  numIgnoredNets=342
[NR-eGR] There are 7 clock nets ( 7 with NDR ).
[NR-eGR] ============ Routing rule table ============
[NR-eGR] Rule id: 0  Nets: 7 
[NR-eGR] Rule id: 1  Nets: 13406 
[NR-eGR] ========================================
[NR-eGR] 
[NR-eGR] Layer group 1: route 7 net(s) in layer range [3, 4]
[NR-eGR] Early Global Route overflow of layer group 1: 0.01% H + 0.00% V. EstWL: 5.984000e+01um
[NR-eGR] Layer group 2: route 13406 net(s) in layer range [2, 6]
[NR-eGR] Early Global Route overflow of layer group 2: 0.08% H + 0.44% V. EstWL: 1.081178e+06um
[NR-eGR] Overflow after Early Global Route (GR compatible) 0.07% H + 0.48% V
[NR-eGR] Overflow after Early Global Route 0.09% H + 0.61% V
[NR-eGR] Finished Early Global Route kernel ( CPU: 4.36 sec, Real: 2.19 sec, Curr Mem: 2620.81 MB )
[hotspot] +------------+---------------+---------------+
[hotspot] |            |   max hotspot | total hotspot |
[hotspot] +------------+---------------+---------------+
[hotspot] | normalized |          4.16 |         19.17 |
[hotspot] +------------+---------------+---------------+
Local HotSpot Analysis: normalized max congestion hotspot area = 4.16, normalized total congestion hotspot area = 19.17 (area is in unit of 4 std-cell row bins)
[hotspot] top 5 congestion hotspot bounding boxes and scores of normalized hotspot
[hotspot] +-----+-------------------------------------+---------------+
[hotspot] | top |            hotspot bbox             | hotspot score |
[hotspot] +-----+-------------------------------------+---------------+
[hotspot] |  1  |   480.04   741.20   567.08   828.24 |        3.64   |
[hotspot] +-----+-------------------------------------+---------------+
[hotspot] |  2  |   480.04   654.16   567.08   741.20 |        3.12   |
[hotspot] +-----+-------------------------------------+---------------+
[hotspot] |  3  |   480.04   871.76   567.08   958.80 |        2.34   |
[hotspot] +-----+-------------------------------------+---------------+
[hotspot] |  4  |   958.76   915.28  1045.80  1002.32 |        1.21   |
[hotspot] +-----+-------------------------------------+---------------+
[hotspot] |  5  |  1481.00  1437.52  1568.04  1524.56 |        1.21   |
[hotspot] +-----+-------------------------------------+---------------+
Reported timing to dir reports
**optDesign ... cpu = 0:01:12, real = 0:00:27, mem = 2334.5M, totSessionCpu=0:01:59 **
Running 'saveTimingGraph -compress -file /tmp/innovus_temp_20581_caddy13_nhpoole_sNB0Cx/opt_timing_graph_zmla0L/timingGraph.tgz -dir /tmp/innovus_temp_20581_caddy13_nhpoole_sNB0Cx/opt_timing_graph_zmla0L -prefix timingGraph'
Done saveTimingGraph
Starting delay calculation for Hold views
#################################################################################
# Design Stage: PreRoute
# Design Name: deconv_kernel_estimator_top_level
# Design Mode: 130nm
# Analysis Mode: MMMC OCV 
# Parasitics Mode: No SPEF/RCDB 
# Signoff Settings: SI Off 
#################################################################################
Start delay calculation (fullDC) (16 T). (MEM=3023.95)
*** Calculating scaling factor for libs_bc libraries using the default operating condition of each library.
Total number of fetched objects 14291
AAE_INFO: Total number of nets for which stage creation was skipped for all views 0
Total number of fetched objects 14291
AAE_INFO: Total number of nets for which stage creation was skipped for all views 0
End delay calculation. (MEM=3194.38 CPU=0:00:10.4 REAL=0:00:01.0)
End delay calculation (fullDC). (MEM=3194.38 CPU=0:00:12.3 REAL=0:00:01.0)
*** Done Building Timing Graph (cpu=0:00:17.0 real=0:00:02.0 totSessionCpu=0:02:21 mem=3162.4M)
Running 'restoreTimingGraph -file /tmp/innovus_temp_20581_caddy13_nhpoole_sNB0Cx/opt_timing_graph_zmla0L/timingGraph.tgz -dir /tmp/innovus_temp_20581_caddy13_nhpoole_sNB0Cx/opt_timing_graph_zmla0L -prefix timingGraph'
Done restoreTimingGraph

------------------------------------------------------------------
     optDesign Final Summary
------------------------------------------------------------------

Setup views included:
 analysis_default 
Hold views included:
 analysis_default

+--------------------+--------------------------------------------------+
|     ID Number      |                 Path Group Name                  |
+--------------------+--------------------------------------------------+
|         1          |Reg2ClkGate                                       |
+--------------------+--------------------------------------------------+

+--------------------+---------+---------+---------+---------+---------+---------+---------+---------+---------+
|     Setup mode     |   all   | default |All2Macro| In2Out  | In2Reg  |Macro2All|1:Reg..te| Reg2Out | Reg2Reg |
+--------------------+---------+---------+---------+---------+---------+---------+---------+---------+---------+
|           WNS (ns):|  0.872  |  0.000  | 13.024  |   N/A   |  0.872  |   N/A   | 16.189  | 17.914  |  1.298  |
|           TNS (ns):|  0.000  |  0.000  |  0.000  |   N/A   |  0.000  |   N/A   |  0.000  |  0.000  |  0.000  |
|    Violating Paths:|    0    |    0    |    0    |   N/A   |    0    |   N/A   |    0    |    0    |    0    |
|          All Paths:|  2501   |    0    |   912   |   N/A   |   443   |   N/A   |   108   |    3    |  1471   |
+--------------------+---------+---------+---------+---------+---------+---------+---------+---------+---------+

+--------------------+---------+---------+---------+---------+---------+---------+---------+---------+---------+
|     Hold mode      |   all   | default |All2Macro| In2Out  | In2Reg  |Macro2All|1:Reg..te| Reg2Out | Reg2Reg |
+--------------------+---------+---------+---------+---------+---------+---------+---------+---------+---------+
|           WNS (ns):|  0.029  |  0.000  |  0.328  |   N/A   | 10.167  | 10.334  |  0.458  |  0.306  |  0.029  |
|           TNS (ns):|  0.000  |  0.000  |  0.000  |   N/A   |  0.000  |  0.000  |  0.000  |  0.000  |  0.000  |
|    Violating Paths:|    0    |    0    |    0    |   N/A   |    0    |    0    |    0    |    0    |    0    |
|          All Paths:|  2501   |    0    |   912   |   N/A   |   443   |   97    |   108   |    3    |  1471   |
+--------------------+---------+---------+---------+---------+---------+---------+---------+---------+---------+

+----------------+-------------------------------+------------------+
|                |              Real             |       Total      |
|    DRVs        +------------------+------------+------------------|
|                |  Nr nets(terms)  | Worst Vio  |  Nr nets(terms)  |
+----------------+------------------+------------+------------------+
|   max_cap      |      0 (0)       |   0.000    |      0 (0)       |
|   max_tran     |    336 (338)     |   -0.168   |    344 (346)     |
|   max_fanout   |      0 (0)       |     0      |      0 (0)       |
|   max_length   |      0 (0)       |     0      |      0 (0)       |
+----------------+------------------+------------+------------------+

Density: 9.727%
Routing Overflow: 0.09% H and 0.61% V
------------------------------------------------------------------
**optDesign ... cpu = 0:01:45, real = 0:00:38, mem = 2334.6M, totSessionCpu=0:02:32 **
*** Finished optDesign ***
UM:   flow.cputime  flow.realtime  timing.setup.tns  timing.setup.wns  snapshot
UM:*                                       0.000 ns          0.872 ns  final
------------------------------------------------------------
	Current design flip-flop statistics

Single-Bit FF Count  :         1471
Multi-Bit FF Count   :            0
Total Bit Count      :         1471
Total FF Count       :         1471
Bits Per Flop        :        1.000
------------------------------------------------------------
      flow.cputime  flow.realtime  timing.setup.tns  timing.setup.wns  snapshot
UM:         107.69             41                                      opt_design_postcts_hold
Info: Destroy the CCOpt slew target map.
*** optDesign #1 [finish] : cpu/real = 0:01:44.7/0:00:39.7 (2.6), totSession cpu/real = 0:02:34.5/0:01:40.1 (1.5), mem = 2489.1M
# puts "<FF> Plugin -> post_postcts_hold_tcl"
<FF> Plugin -> post_postcts_hold_tcl
# um::pop_snapshot_stack
# create_snapshot -name postcts_hold -categories design
------------------------------------------------------------
	Current design flip-flop statistics

Single-Bit FF Count  :         1471
Multi-Bit FF Count   :            0
Total Bit Count      :         1471
Total FF Count       :         1471
Bits Per Flop        :        1.000
------------------------------------------------------------
      flow.cputime  flow.realtime  timing.setup.tns  timing.setup.wns  snapshot
UM:         116.83             59                                      postcts_hold
# report_metric -file reports/metrics.html -format html
# return
### End verbose source output for 'innovus-foundation-flow/INNOVUS/run_postcts_hold.tcl'.
### End verbose source output for 'scripts/main.tcl'.
#% Begin save design ... (date=07/11 20:23:41, mem=2288.3M)
% Begin Save ccopt configuration ... (date=07/11 20:23:41, mem=2290.3M)
% End Save ccopt configuration ... (date=07/11 20:23:41, total cpu=0:00:00.1, real=0:00:00.0, peak res=2291.8M, current mem=2291.8M)
% Begin Save netlist data ... (date=07/11 20:23:41, mem=2291.8M)
Writing Binary DB to checkpoints/design.checkpoint/save.enc.dat/vbin/deconv_kernel_estimator_top_level.v.bin in multi-threaded mode...
% End Save netlist data ... (date=07/11 20:23:41, total cpu=0:00:00.2, real=0:00:00.0, peak res=2300.7M, current mem=2300.7M)
Saving symbol-table file in separate thread ...
Saving congestion map file in separate thread ...
Saving congestion map file checkpoints/design.checkpoint/save.enc.dat/deconv_kernel_estimator_top_level.route.congmap.gz ...
% Begin Save AAE data ... (date=07/11 20:23:41, mem=2301.1M)
Saving AAE Data ...
% End Save AAE data ... (date=07/11 20:23:41, total cpu=0:00:00.0, real=0:00:00.0, peak res=2301.1M, current mem=2301.1M)
Saving preference file checkpoints/design.checkpoint/save.enc.dat/gui.pref.tcl ...
Saving mode setting ...
Saving global file ...
Saving Drc markers ...
... 2 markers are saved ...
... 0 geometry drc markers are saved ...
... 2 antenna drc markers are saved ...
Saving special route data file in separate thread ...
Saving PG file in separate thread ...
Saving placement file in separate thread ...
Saving route file in separate thread ...
Saving property file in separate thread ...
** Saving stdCellPlacement_binary (version# 2) ...
Saving PG file checkpoints/design.checkpoint/save.enc.dat/deconv_kernel_estimator_top_level.pg.gz, version#2, (Created by Innovus v20.13-s083_1 on Sun Jul 11 20:23:44 2021)
Save Adaptive View Pruning View Names to Binary file
Saving property file checkpoints/design.checkpoint/save.enc.dat/deconv_kernel_estimator_top_level.prop
TAT_INFO: ::saveSpecialRoute REAL = 0 : CPU = 0 : MEM = 0.
*** Completed saveProperty (cpu=0:00:00.2 real=0:00:00.0 mem=2480.3M) ***
*** Completed savePGFile (cpu=0:00:00.2 real=0:00:01.0 mem=2480.3M) ***
TAT_INFO: ::savePGFile REAL = 1 : CPU = 0 : MEM = 0.
TAT_INFO: ::savePlace REAL = 0 : CPU = 0 : MEM = 0.
*** Completed saveRoute (cpu=0:00:00.4 real=0:00:01.0 mem=2480.3M) ***
TAT_INFO: ::saveRoute REAL = 1 : CPU = 0 : MEM = 0.
TAT_INFO: ::db::saveAnnotationAndProp REAL = 0 : CPU = 0 : MEM = 0.
#Saving pin access data to file checkpoints/design.checkpoint/save.enc.dat/deconv_kernel_estimator_top_level.apa ...
Saving rc congestion map checkpoints/design.checkpoint/save.enc.dat/deconv_kernel_estimator_top_level.congmap.gz ...
TAT_INFO: ::db::saveSymbolTable REAL = 1 : CPU = 0 : MEM = 0.
TAT_INFO: ::saveCongMap REAL = 1 : CPU = 0 : MEM = 0.
% Begin Save power constraints data ... (date=07/11 20:23:49, mem=2312.0M)
% End Save power constraints data ... (date=07/11 20:23:49, total cpu=0:00:00.0, real=0:00:00.0, peak res=2312.0M, current mem=2312.0M)
Generated self-contained design save.enc.dat
#% End save design ... (date=07/11 20:23:52, total cpu=0:00:03.0, real=0:00:11.0, peak res=2326.2M, current mem=2326.2M)
*** Message Summary: 0 warning(s), 0 error(s)


*** Memory Usage v#2 (Current mem = 2493.672M, initial mem = 267.605M) ***
*** Message Summary: 164 warning(s), 0 error(s)

--- Ending "Innovus" (totcpu=0:02:43, real=0:01:58, mem=2493.7M) ---

