Warning: Equate pins:  cell sky130_fd_pr__pfet_01v8 has no definition, treated as a black box.
Warning: Equate pins:  cell sky130_fd_pr__pfet_01v8 has no definition, treated as a black box.

Subcircuit pins:
Circuit 1: sky130_fd_pr__pfet_01v8         |Circuit 2: sky130_fd_pr__pfet_01v8         
-------------------------------------------|-------------------------------------------
1                                          |1                                          
2                                          |2                                          
3                                          |3                                          
4                                          |4                                          
---------------------------------------------------------------------------------------
Cell pin lists are equivalent.
Device classes sky130_fd_pr__pfet_01v8 and sky130_fd_pr__pfet_01v8 are equivalent.
Warning: Equate pins:  cell sky130_fd_pr__nfet_01v8 has no definition, treated as a black box.
Warning: Equate pins:  cell sky130_fd_pr__nfet_01v8 has no definition, treated as a black box.

Subcircuit pins:
Circuit 1: sky130_fd_pr__nfet_01v8         |Circuit 2: sky130_fd_pr__nfet_01v8         
-------------------------------------------|-------------------------------------------
1                                          |1                                          
2                                          |2                                          
3                                          |3                                          
4                                          |4                                          
---------------------------------------------------------------------------------------
Cell pin lists are equivalent.
Device classes sky130_fd_pr__nfet_01v8 and sky130_fd_pr__nfet_01v8 are equivalent.
Class bias_current_distribution_flat:  Merged 62 devices.

Subcircuit summary:
Circuit 1: bias_current_distribution_lvs   |Circuit 2: bias_current_distribution_flat  
-------------------------------------------|-------------------------------------------
sky130_fd_pr__pfet_01v8 (16)               |sky130_fd_pr__pfet_01v8 (16)               
sky130_fd_pr__nfet_01v8 (4)                |sky130_fd_pr__nfet_01v8 (4)                
Number of devices: 20                      |Number of devices: 20                      
Number of nets: 21                         |Number of nets: 21                         
---------------------------------------------------------------------------------------
Resolving automorphisms by property value.
Resolving automorphisms by pin name.
Netlists match uniquely.
Circuits match correctly.

Subcircuit pins:
Circuit 1: bias_current_distribution_lvs   |Circuit 2: bias_current_distribution_flat  
-------------------------------------------|-------------------------------------------
VSS                                        |VSS                                        
vbiasn                                     |vbiasn                                     
dac_8bit_ibiasp_B                          |dac_8bit_ibiasp_B                          
dac_8bit_ibiasp_A                          |dac_8bit_ibiasp_A                          
VDD                                        |VDD                                        
vbiasp                                     |vbiasp                                     
low_freq_pll_ibiasn                        |low_freq_pll_ibiasn                        
biquad_gm_c_filter_ibiasn4                 |biquad_gm_c_filter_ibiasn4                 
biquad_gm_c_filter_ibiasn3                 |biquad_gm_c_filter_ibiasn3                 
biquad_gm_c_filter_ibiasn2                 |biquad_gm_c_filter_ibiasn2                 
biquad_gm_c_filter_ibiasn1                 |biquad_gm_c_filter_ibiasn1                 
comparator_ibiasn                          |comparator_ibiasn                          
dac_8bit_ibiasn_B                          |dac_8bit_ibiasn_B                          
sample_and_hold_ibiasn_B                   |sample_and_hold_ibiasn_B                   
dac_8bit_ibiasn_A                          |dac_8bit_ibiasn_A                          
sample_and_hold_ibiasn_A                   |sample_and_hold_ibiasn_A                   
peak_detector_ibiasn2                      |peak_detector_ibiasn2                      
peak_detector_ibiasn1                      |peak_detector_ibiasn1                      
diff_to_se_converter_ibiasn                |diff_to_se_converter_ibiasn                
input_amplifier_ibiasn2                    |input_amplifier_ibiasn2                    
input_amplifier_ibiasn1                    |input_amplifier_ibiasn1                    
---------------------------------------------------------------------------------------
Cell pin lists are equivalent.
Device classes bias_current_distribution_lvs and bias_current_distribution_flat are equivalent.
Circuits match uniquely.
