###############################################################
#  Generated by:      Cadence Innovus 20.13-s083_1
#  OS:                Linux x86_64(Host ID caddy13)
#  Generated on:      Sun Jul 11 20:21:31 2021
#  Design:            deconv_kernel_estimator_top_level
#  Command:           report_ccopt_skew_groups -filename reports/cts.skew_groups.rpt
###############################################################

Skew Group Structure:
=====================

--------------------------------------------------------------------------------------
Skew Group                         Sources    Constrained Sinks    Unconstrained Sinks
--------------------------------------------------------------------------------------
ideal_clock/constraints_default       1             1503                    0
--------------------------------------------------------------------------------------

Skew Group Summary:
===================

------------------------------------------------------------------------------------------------------------------------------------------------------------------------------------------
Timing Corner               Skew Group                         ID Target    Min ID    Max ID    Avg ID    Std.Dev. ID    Skew Target Type    Skew Target    Skew     Skew window occupancy
------------------------------------------------------------------------------------------------------------------------------------------------------------------------------------------
delay_default:both.early    ideal_clock/constraints_default        -        1.522     1.672     1.606        0.031       ignored                  -         0.150              -
delay_default:both.late     ideal_clock/constraints_default    none         2.104     2.283     2.186        0.042       auto computed       *0.121         0.179    94.4% {2.130, 2.252}
------------------------------------------------------------------------------------------------------------------------------------------------------------------------------------------

* - indicates that target was not met.

Skew Group Min/Max path pins:
=============================

---------------------------------------------------------------------------------------------------
Timing Corner               Skew Group                         Min ID    PathID    Max ID    PathID
---------------------------------------------------------------------------------------------------
delay_default:both.early    ideal_clock/constraints_default    1.522       1       1.672       2
-    min deconv_kernel_magnitude_sram_interface_inst/radr_r_reg_7_/CLK
-    max iir_notch_filter_inst/num_eval_imag_reg_8_/CLK
delay_default:both.late     ideal_clock/constraints_default    2.104       3       2.283       4
-    min deconv_kernel_magnitude_sram_interface_inst/radr_r_reg_7_/CLK
-    max iir_notch_filter_inst/num_eval_imag_reg_7_/CLK
---------------------------------------------------------------------------------------------------

Timing for timing corner delay_default:both.early, min clock_path:
==================================================================

PathID    : 1
Path type : skew group ideal_clock/constraints_default (path 1 of 1)
Start     : clk
End       : deconv_kernel_magnitude_sram_interface_inst/radr_r_reg_7_/CLK
Delay     : 1.522

--------------------------------------------------------------------------------------------------------------------
Name  Lib cell                    Event  Incr   Arrival  Slew   Cap    Location             Distance  Fanout  Status
                                         (ns)   (ns)     (ns)   (pF)                        (um)              
-- Clockpath trace -------------------------------------------------------------------------------------------------
clk
-     -                           rise   -       0.000   0.059  0.017  (1.150,2564.960)     -           1     
CTS_ccl_inv_01377/A
-     sky130_fd_sc_hd__clkinv_2   rise   0.000   0.000   0.059  -      (30.590,2518.890)     75.510   -       
CTS_ccl_inv_01377/Y
-     sky130_fd_sc_hd__clkinv_2   rise   0.081   0.082   0.065  0.024  (30.590,2518.210)      0.680     1     
CTS_ccl_inv_01374/A
-     sky130_fd_sc_hd__clkinv_8   fall   0.000   0.082   0.077  -      (33.810,2529.770)     14.780   -       
CTS_ccl_inv_01374/Y
-     sky130_fd_sc_hd__clkinv_8   fall   0.065   0.147   0.062  0.056  (34.270,2530.110)      0.800     1     
CTS_ccl_inv_01372/A
-     sky130_fd_sc_hd__clkinv_8   rise   0.005   0.151   0.063  -      (57.730,2303.670)    249.900   -       
CTS_ccl_inv_01372/Y
-     sky130_fd_sc_hd__clkinv_8   rise   0.069   0.221   0.062  0.063  (57.270,2303.330)      0.800     1     
CTS_ccl_inv_01369/A
-     sky130_fd_sc_hd__clkinv_4   fall   0.006   0.227   0.067  -      (136.390,2029.290)   353.160   -       
CTS_ccl_inv_01369/Y
-     sky130_fd_sc_hd__clkinv_4   fall   0.080   0.307   0.091  0.050  (136.850,2029.630)     0.800     1     
CTS_ccl_inv_01367/A
-     sky130_fd_sc_hd__clkinv_8   rise   0.002   0.309   0.081  -      (319.470,2015.350)   196.900   -       
CTS_ccl_inv_01367/Y
-     sky130_fd_sc_hd__clkinv_8   rise   0.070   0.380   0.064  0.057  (319.010,2015.010)     0.800     1     
CTS_ccl_inv_01364/A
-     sky130_fd_sc_hd__clkinv_8   fall   0.002   0.382   0.064  -      (544.870,2015.350)   226.200   -       
CTS_ccl_inv_01364/Y
-     sky130_fd_sc_hd__clkinv_8   fall   0.063   0.445   0.063  0.058  (544.410,2015.010)     0.800     1     
CTS_ccl_inv_01362/A
-     sky130_fd_sc_hd__clkinv_8   rise   0.003   0.448   0.060  -      (776.710,2015.350)   232.640   -       
CTS_ccl_inv_01362/Y
-     sky130_fd_sc_hd__clkinv_8   rise   0.073   0.520   0.068  0.071  (776.250,2015.010)     0.800     1     
CTS_ccl_inv_01359/A
-     sky130_fd_sc_hd__clkinv_8   fall   0.006   0.526   0.073  -      (802.470,1759.670)   281.560   -       
CTS_ccl_inv_01359/Y
-     sky130_fd_sc_hd__clkinv_8   fall   0.069   0.596   0.074  0.069  (802.010,1759.330)     0.800     1     
CTS_ccl_inv_01357/A
-     sky130_fd_sc_hd__clkinv_4   rise   0.006   0.602   0.069  -      (969.910,1566.890)   360.340   -       
CTS_ccl_inv_01357/Y
-     sky130_fd_sc_hd__clkinv_4   rise   0.059   0.660   0.050  0.025  (970.370,1567.230)     0.800     1     
CTS_ccl_a_inv_01354/A
-     sky130_fd_sc_hd__clkinv_8   fall   0.001   0.661   0.050  -      (987.390,1569.270)    19.060   -       
CTS_ccl_a_inv_01354/Y
-     sky130_fd_sc_hd__clkinv_8   fall   0.063   0.724   0.069  0.066  (986.930,1568.930)     0.800     1     
CTS_ccl_inv_01351/A
-     sky130_fd_sc_hd__clkinv_8   rise   0.003   0.727   0.064  -      (1269.830,1563.830)  288.000   -       
CTS_ccl_inv_01351/Y
-     sky130_fd_sc_hd__clkinv_8   rise   0.076   0.803   0.070  0.073  (1269.370,1563.490)    0.800     3     
CTS_ccl_inv_01334/A
-     sky130_fd_sc_hd__clkinv_8   fall   0.002   0.805   0.072  -      (1313.070,1547.510)   59.680   -       
CTS_ccl_inv_01334/Y
-     sky130_fd_sc_hd__clkinv_8   fall   0.073   0.877   0.080  0.075  (1313.530,1547.170)    0.800     1     
CTS_ccl_inv_01326/A
-     sky130_fd_sc_hd__clkinv_4   rise   0.006   0.883   0.073  -      (1534.790,1762.730)  436.820   -       
CTS_ccl_inv_01326/Y
-     sky130_fd_sc_hd__clkinv_4   rise   0.092   0.975   0.083  0.052  (1535.250,1763.070)    0.800     2     
CTS_ccl_inv_01308/A
-     sky130_fd_sc_hd__clkinv_8   fall   0.001   0.976   0.088  -      (1566.070,1765.110)   32.860   -       
CTS_ccl_inv_01308/Y
-     sky130_fd_sc_hd__clkinv_8   fall   0.078   1.054   0.080  0.073  (1565.610,1764.770)    0.800     1     
CTS_ccl_inv_01293/A
-     sky130_fd_sc_hd__clkinv_8   rise   0.004   1.058   0.076  -      (1934.070,1762.730)  370.500   -       
CTS_ccl_inv_01293/Y
-     sky130_fd_sc_hd__clkinv_8   rise   0.045   1.103   0.038  0.023  (1934.530,1763.070)    0.800     1     
CTS_ccl_inv_01260/A
-     sky130_fd_sc_hd__clkinv_8   fall   0.000   1.103   0.036  -      (1937.750,1759.670)    6.620   -       
CTS_ccl_inv_01260/Y
-     sky130_fd_sc_hd__clkinv_8   fall   0.064   1.168   0.081  0.080  (1937.290,1759.330)    0.800     2     
CTS_ccl_inv_01217/A
-     sky130_fd_sc_hd__clkinv_4   rise   0.001   1.169   0.073  -      (1889.450,1759.670)   48.180   -       
CTS_ccl_inv_01217/Y
-     sky130_fd_sc_hd__clkinv_4   rise   0.049   1.218   0.041  0.016  (1888.990,1759.330)    0.800     1     
CTS_ccl_inv_01133/A
-     sky130_fd_sc_hd__clkinv_4   fall   0.000   1.218   0.040  -      (1869.670,1751.850)   26.800   -       
CTS_ccl_inv_01133/Y
-     sky130_fd_sc_hd__clkinv_4   fall   0.067   1.285   0.083  0.046  (1870.130,1752.190)    0.800     2     
CTS_ccl_inv_01075/A
-     sky130_fd_sc_hd__clkinv_4   rise   0.001   1.286   0.073  -      (1777.670,1748.790)   95.860   -       
CTS_ccl_inv_01075/Y
-     sky130_fd_sc_hd__clkinv_4   rise   0.078   1.364   0.065  0.038  (1777.210,1748.450)    0.800     1     
CTS_ccl_a_inv_00841/A
-     sky130_fd_sc_hd__clkinv_2   fall   0.001   1.365   0.071  -      (1561.930,1748.790)  215.620   -       
CTS_ccl_a_inv_00841/Y
-     sky130_fd_sc_hd__clkinv_2   fall   0.069   1.435   0.075  0.020  (1561.930,1749.470)    0.680     2     
deconv_kernel_magnitude_sram_interface_inst/clk_gate_radr_r_reg/latch_clone_3/CLK
-     sky130_fd_sc_hd__sdlclkp_1  rise   0.000   1.435   0.066  -      (1554.570,1748.790)    8.040   -       
deconv_kernel_magnitude_sram_interface_inst/clk_gate_radr_r_reg/latch_clone_3/GCLK
-     sky130_fd_sc_hd__sdlclkp_1  rise   0.087   1.522   0.037  0.003  (1552.730,1748.110)    2.520     1     
deconv_kernel_magnitude_sram_interface_inst/radr_r_reg_7_/CLK
-     sky130_fd_sc_hd__dfxtp_1    rise   0.000   1.522   0.037  -      (1548.130,1748.790)    5.280   -       
--------------------------------------------------------------------------------------------------------------------

Timing for timing corner delay_default:both.early, max clock_path:
==================================================================

PathID    : 2
Path type : skew group ideal_clock/constraints_default (path 1 of 1)
Start     : clk
End       : iir_notch_filter_inst/num_eval_imag_reg_14_/CLK
Delay     : 1.672

--------------------------------------------------------------------------------------------------------------------
Name  Lib cell                    Event  Incr   Arrival  Slew   Cap    Location             Distance  Fanout  Status
                                         (ns)   (ns)     (ns)   (pF)                        (um)              
-- Clockpath trace -------------------------------------------------------------------------------------------------
clk
-     -                           rise   -       0.000   0.059  0.017  (1.150,2564.960)     -            1    
CTS_ccl_inv_01377/A
-     sky130_fd_sc_hd__clkinv_2   rise   0.000   0.000   0.059  -      (30.590,2518.890)     75.510   -       
CTS_ccl_inv_01377/Y
-     sky130_fd_sc_hd__clkinv_2   rise   0.081   0.082   0.065  0.024  (30.590,2518.210)      0.680      1    
CTS_ccl_inv_01374/A
-     sky130_fd_sc_hd__clkinv_8   fall   0.000   0.082   0.077  -      (33.810,2529.770)     14.780   -       
CTS_ccl_inv_01374/Y
-     sky130_fd_sc_hd__clkinv_8   fall   0.065   0.147   0.062  0.056  (34.270,2530.110)      0.800      1    
CTS_ccl_inv_01372/A
-     sky130_fd_sc_hd__clkinv_8   rise   0.005   0.151   0.063  -      (57.730,2303.670)    249.900   -       
CTS_ccl_inv_01372/Y
-     sky130_fd_sc_hd__clkinv_8   rise   0.069   0.221   0.062  0.063  (57.270,2303.330)      0.800      1    
CTS_ccl_inv_01369/A
-     sky130_fd_sc_hd__clkinv_4   fall   0.006   0.227   0.067  -      (136.390,2029.290)   353.160   -       
CTS_ccl_inv_01369/Y
-     sky130_fd_sc_hd__clkinv_4   fall   0.080   0.307   0.091  0.050  (136.850,2029.630)     0.800      1    
CTS_ccl_inv_01367/A
-     sky130_fd_sc_hd__clkinv_8   rise   0.002   0.309   0.081  -      (319.470,2015.350)   196.900   -       
CTS_ccl_inv_01367/Y
-     sky130_fd_sc_hd__clkinv_8   rise   0.070   0.380   0.064  0.057  (319.010,2015.010)     0.800      1    
CTS_ccl_inv_01364/A
-     sky130_fd_sc_hd__clkinv_8   fall   0.002   0.382   0.064  -      (544.870,2015.350)   226.200   -       
CTS_ccl_inv_01364/Y
-     sky130_fd_sc_hd__clkinv_8   fall   0.063   0.445   0.063  0.058  (544.410,2015.010)     0.800      1    
CTS_ccl_inv_01362/A
-     sky130_fd_sc_hd__clkinv_8   rise   0.003   0.448   0.060  -      (776.710,2015.350)   232.640   -       
CTS_ccl_inv_01362/Y
-     sky130_fd_sc_hd__clkinv_8   rise   0.073   0.520   0.068  0.071  (776.250,2015.010)     0.800      1    
CTS_ccl_inv_01359/A
-     sky130_fd_sc_hd__clkinv_8   fall   0.006   0.526   0.073  -      (802.470,1759.670)   281.560   -       
CTS_ccl_inv_01359/Y
-     sky130_fd_sc_hd__clkinv_8   fall   0.069   0.596   0.074  0.069  (802.010,1759.330)     0.800      1    
CTS_ccl_inv_01357/A
-     sky130_fd_sc_hd__clkinv_4   rise   0.006   0.602   0.069  -      (969.910,1566.890)   360.340   -       
CTS_ccl_inv_01357/Y
-     sky130_fd_sc_hd__clkinv_4   rise   0.059   0.660   0.050  0.025  (970.370,1567.230)     0.800      1    
CTS_ccl_a_inv_01354/A
-     sky130_fd_sc_hd__clkinv_8   fall   0.001   0.661   0.050  -      (987.390,1569.270)    19.060   -       
CTS_ccl_a_inv_01354/Y
-     sky130_fd_sc_hd__clkinv_8   fall   0.063   0.724   0.069  0.066  (986.930,1568.930)     0.800      1    
CTS_ccl_inv_01351/A
-     sky130_fd_sc_hd__clkinv_8   rise   0.003   0.727   0.064  -      (1269.830,1563.830)  288.000   -       
CTS_ccl_inv_01351/Y
-     sky130_fd_sc_hd__clkinv_8   rise   0.076   0.803   0.070  0.073  (1269.370,1563.490)    0.800      3    
CTS_ccl_inv_01332/A
-     sky130_fd_sc_hd__clkinv_8   fall   0.002   0.805   0.072  -      (1330.550,1498.550)  126.120   -       
CTS_ccl_inv_01332/Y
-     sky130_fd_sc_hd__clkinv_8   fall   0.081   0.886   0.095  0.093  (1330.090,1498.210)    0.800      1    
CTS_ccl_inv_01324/A
-     sky130_fd_sc_hd__clkinv_8   rise   0.011   0.897   0.089  -      (1478.670,1155.830)  490.960   -       
CTS_ccl_inv_01324/Y
-     sky130_fd_sc_hd__clkinv_8   rise   0.077   0.974   0.070  0.064  (1478.210,1155.490)    0.800      2    
CTS_ccl_inv_01305/A
-     sky130_fd_sc_hd__clkinv_8   fall   0.001   0.976   0.069  -      (1439.570,1139.510)   54.620   -       
CTS_ccl_inv_01305/Y
-     sky130_fd_sc_hd__clkinv_8   fall   0.063   1.039   0.062  0.055  (1439.110,1139.170)    0.800      1    
CTS_ccl_inv_01290/A
-     sky130_fd_sc_hd__clkinv_8   rise   0.002   1.041   0.059  -      (1249.590,1144.950)  195.300   -       
CTS_ccl_inv_01290/Y
-     sky130_fd_sc_hd__clkinv_8   rise   0.061   1.103   0.053  0.051  (1250.050,1144.610)    0.800      2    
CTS_ccl_a_inv_01270/A
-     sky130_fd_sc_hd__clkinv_8   fall   0.001   1.104   0.053  -      (1250.510,1186.090)   41.940   -       
CTS_ccl_a_inv_01270/Y
-     sky130_fd_sc_hd__clkinv_8   fall   0.057   1.161   0.059  0.054  (1250.050,1186.430)    0.800      1    
CTS_ccl_inv_01214/A
-     sky130_fd_sc_hd__clkinv_8   rise   0.004   1.165   0.056  -      (1244.990,1376.490)  195.120   -       
CTS_ccl_inv_01214/Y
-     sky130_fd_sc_hd__clkinv_8   rise   0.060   1.225   0.052  0.050  (1245.450,1376.830)    0.800      2    
CTS_ccl_a_inv_01148/A
-     sky130_fd_sc_hd__clkinv_8   fall   0.001   1.226   0.051  -      (1240.390,1398.250)   26.480   -       
CTS_ccl_a_inv_01148/Y
-     sky130_fd_sc_hd__clkinv_8   fall   0.052   1.277   0.050  0.044  (1240.850,1398.590)    0.800      1    
CTS_ccl_inv_01076/A
-     sky130_fd_sc_hd__clkinv_8   rise   0.003   1.280   0.048  -      (1238.550,1256.810)  144.080   -       
CTS_ccl_inv_01076/Y
-     sky130_fd_sc_hd__clkinv_8   rise   0.078   1.357   0.072  0.081  (1239.010,1257.150)    0.800      3    
iir_notch_filter_inst/CTS_ccl_a_inv_00849/A
-     sky130_fd_sc_hd__clkinv_8   fall   0.002   1.359   0.077  -      (1259.710,1210.230)   67.620   -       
iir_notch_filter_inst/CTS_ccl_a_inv_00849/Y
-     sky130_fd_sc_hd__clkinv_8   fall   0.074   1.433   0.073  0.066  (1259.250,1209.890)    0.800      7    
iir_notch_filter_inst/clk_gate_den_phase_reg/latch_clone_91/CLK
-     sky130_fd_sc_hd__sdlclkp_1  rise   0.002   1.434   0.072  -      (1274.430,1199.350)   25.720   -       
iir_notch_filter_inst/clk_gate_den_phase_reg/latch_clone_91/GCLK
-     sky130_fd_sc_hd__sdlclkp_1  rise   0.116   1.551   0.073  0.009  (1276.270,1198.670)    2.520      1    
iir_notch_filter_inst/CTS_cpc_drv_inv_01507/A
-     sky130_fd_sc_hd__clkinv_2   rise   0.000   1.551   0.073  -      (1286.390,1202.410)   13.860   -       
iir_notch_filter_inst/CTS_cpc_drv_inv_01507/Y
-     sky130_fd_sc_hd__clkinv_2   rise   0.061   1.612   0.041  0.013  (1286.390,1201.730)    0.680      1    
iir_notch_filter_inst/CTS_cpc_drv_inv_01508/A
-     sky130_fd_sc_hd__clkinv_4   fall   0.000   1.612   0.051  -      (1291.910,1202.410)    6.200   -       
iir_notch_filter_inst/CTS_cpc_drv_inv_01508/Y
-     sky130_fd_sc_hd__clkinv_4   fall   0.059   1.671   0.061  0.032  (1292.370,1202.750)    0.800     10    
iir_notch_filter_inst/num_eval_imag_reg_14_/CLK
-     sky130_fd_sc_hd__dfxtp_1    rise   0.001   1.672   0.055  -      (1264.310,1191.530)   39.280   -       
--------------------------------------------------------------------------------------------------------------------

Timing for timing corner delay_default:both.late, min clock_path:
=================================================================

PathID    : 3
Path type : skew group ideal_clock/constraints_default (path 1 of 1)
Start     : clk
End       : deconv_kernel_magnitude_sram_interface_inst/radr_r_reg_7_/CLK
Delay     : 2.104

--------------------------------------------------------------------------------------------------------------------
Name  Lib cell                    Event  Incr   Arrival  Slew   Cap    Location             Distance  Fanout  Status
                                         (ns)   (ns)     (ns)   (pF)                        (um)              
-- Clockpath trace -------------------------------------------------------------------------------------------------
clk
-     -                           rise   -       0.000   0.084  0.017  (1.150,2564.960)     -           1     
CTS_ccl_inv_01377/A
-     sky130_fd_sc_hd__clkinv_2   rise   0.001   0.001   0.084  -      (30.590,2518.890)     75.510   -       
CTS_ccl_inv_01377/Y
-     sky130_fd_sc_hd__clkinv_2   rise   0.106   0.106   0.089  0.024  (30.590,2518.210)      0.680     1     
CTS_ccl_inv_01374/A
-     sky130_fd_sc_hd__clkinv_8   fall   0.001   0.107   0.087  -      (33.810,2529.770)     14.780   -       
CTS_ccl_inv_01374/Y
-     sky130_fd_sc_hd__clkinv_8   fall   0.097   0.203   0.071  0.056  (34.270,2530.110)      0.800     1     
CTS_ccl_inv_01372/A
-     sky130_fd_sc_hd__clkinv_8   rise   0.005   0.208   0.076  -      (57.730,2303.670)    249.900   -       
CTS_ccl_inv_01372/Y
-     sky130_fd_sc_hd__clkinv_8   rise   0.089   0.297   0.077  0.063  (57.270,2303.330)      0.800     1     
CTS_ccl_inv_01369/A
-     sky130_fd_sc_hd__clkinv_4   fall   0.006   0.303   0.075  -      (136.390,2029.290)   353.160   -       
CTS_ccl_inv_01369/Y
-     sky130_fd_sc_hd__clkinv_4   fall   0.118   0.421   0.102  0.050  (136.850,2029.630)     0.800     1     
CTS_ccl_inv_01367/A
-     sky130_fd_sc_hd__clkinv_8   rise   0.002   0.423   0.108  -      (319.470,2015.350)   196.900   -       
CTS_ccl_inv_01367/Y
-     sky130_fd_sc_hd__clkinv_8   rise   0.096   0.519   0.075  0.057  (319.010,2015.010)     0.800     1     
CTS_ccl_inv_01364/A
-     sky130_fd_sc_hd__clkinv_8   fall   0.002   0.521   0.072  -      (544.870,2015.350)   226.200   -       
CTS_ccl_inv_01364/Y
-     sky130_fd_sc_hd__clkinv_8   fall   0.092   0.613   0.070  0.058  (544.410,2015.010)     0.800     1     
CTS_ccl_inv_01362/A
-     sky130_fd_sc_hd__clkinv_8   rise   0.003   0.616   0.075  -      (776.710,2015.350)   232.640   -       
CTS_ccl_inv_01362/Y
-     sky130_fd_sc_hd__clkinv_8   rise   0.094   0.710   0.086  0.071  (776.250,2015.010)     0.800     1     
CTS_ccl_inv_01359/A
-     sky130_fd_sc_hd__clkinv_8   fall   0.006   0.715   0.081  -      (802.470,1759.670)   281.560   -       
CTS_ccl_inv_01359/Y
-     sky130_fd_sc_hd__clkinv_8   fall   0.102   0.817   0.084  0.069  (802.010,1759.330)     0.800     1     
CTS_ccl_inv_01357/A
-     sky130_fd_sc_hd__clkinv_4   rise   0.006   0.823   0.086  -      (969.910,1566.890)   360.340   -       
CTS_ccl_inv_01357/Y
-     sky130_fd_sc_hd__clkinv_4   rise   0.077   0.900   0.059  0.025  (970.370,1567.230)     0.800     1     
CTS_ccl_a_inv_01354/A
-     sky130_fd_sc_hd__clkinv_8   fall   0.001   0.901   0.054  -      (987.390,1569.270)    19.060   -       
CTS_ccl_a_inv_01354/Y
-     sky130_fd_sc_hd__clkinv_8   fall   0.089   0.991   0.076  0.066  (986.930,1568.930)     0.800     1     
CTS_ccl_inv_01351/A
-     sky130_fd_sc_hd__clkinv_8   rise   0.003   0.994   0.083  -      (1269.830,1563.830)  288.000   -       
CTS_ccl_inv_01351/Y
-     sky130_fd_sc_hd__clkinv_8   rise   0.097   1.091   0.088  0.073  (1269.370,1563.490)    0.800     3     
CTS_ccl_inv_01334/A
-     sky130_fd_sc_hd__clkinv_8   fall   0.002   1.092   0.079  -      (1313.070,1547.510)   59.680   -       
CTS_ccl_inv_01334/Y
-     sky130_fd_sc_hd__clkinv_8   fall   0.106   1.198   0.090  0.075  (1313.530,1547.170)    0.800     1     
CTS_ccl_inv_01326/A
-     sky130_fd_sc_hd__clkinv_4   rise   0.006   1.204   0.093  -      (1534.790,1762.730)  436.820   -       
CTS_ccl_inv_01326/Y
-     sky130_fd_sc_hd__clkinv_4   rise   0.116   1.320   0.107  0.052  (1535.250,1763.070)    0.800     2     
CTS_ccl_inv_01308/A
-     sky130_fd_sc_hd__clkinv_8   fall   0.001   1.321   0.097  -      (1566.070,1765.110)   32.860   -       
CTS_ccl_inv_01308/Y
-     sky130_fd_sc_hd__clkinv_8   fall   0.115   1.436   0.089  0.073  (1565.610,1764.770)    0.800     1     
CTS_ccl_inv_01293/A
-     sky130_fd_sc_hd__clkinv_8   rise   0.004   1.441   0.093  -      (1934.070,1762.730)  370.500   -       
CTS_ccl_inv_01293/Y
-     sky130_fd_sc_hd__clkinv_8   rise   0.061   1.502   0.041  0.023  (1934.530,1763.070)    0.800     1     
CTS_ccl_inv_01260/A
-     sky130_fd_sc_hd__clkinv_8   fall   0.001   1.502   0.039  -      (1937.750,1759.670)    6.620   -       
CTS_ccl_inv_01260/Y
-     sky130_fd_sc_hd__clkinv_8   fall   0.092   1.595   0.091  0.080  (1937.290,1759.330)    0.800     2     
CTS_ccl_inv_01217/A
-     sky130_fd_sc_hd__clkinv_4   rise   0.001   1.596   0.099  -      (1889.450,1759.670)   48.180   -       
CTS_ccl_inv_01217/Y
-     sky130_fd_sc_hd__clkinv_4   rise   0.070   1.665   0.046  0.016  (1888.990,1759.330)    0.800     1     
CTS_ccl_inv_01133/A
-     sky130_fd_sc_hd__clkinv_4   fall   0.001   1.666   0.045  -      (1869.670,1751.850)   26.800   -       
CTS_ccl_inv_01133/Y
-     sky130_fd_sc_hd__clkinv_4   fall   0.098   1.764   0.093  0.046  (1870.130,1752.190)    0.800     2     
CTS_ccl_inv_01075/A
-     sky130_fd_sc_hd__clkinv_4   rise   0.001   1.765   0.100  -      (1777.670,1748.790)   95.860   -       
CTS_ccl_inv_01075/Y
-     sky130_fd_sc_hd__clkinv_4   rise   0.105   1.870   0.081  0.038  (1777.210,1748.450)    0.800     1     
CTS_ccl_a_inv_00841/A
-     sky130_fd_sc_hd__clkinv_2   fall   0.001   1.872   0.082  -      (1561.930,1748.790)  215.620   -       
CTS_ccl_a_inv_00841/Y
-     sky130_fd_sc_hd__clkinv_2   fall   0.102   1.974   0.084  0.020  (1561.930,1749.470)    0.680     2     
deconv_kernel_magnitude_sram_interface_inst/clk_gate_radr_r_reg/latch_clone_3/CLK
-     sky130_fd_sc_hd__sdlclkp_1  rise   0.000   1.974   0.084  -      (1554.570,1748.790)    8.040   -       
deconv_kernel_magnitude_sram_interface_inst/clk_gate_radr_r_reg/latch_clone_3/GCLK
-     sky130_fd_sc_hd__sdlclkp_1  rise   0.130   2.104   0.048  0.003  (1552.730,1748.110)    2.520     1     
deconv_kernel_magnitude_sram_interface_inst/radr_r_reg_7_/CLK
-     sky130_fd_sc_hd__dfxtp_1    rise   0.000   2.104   0.048  -      (1548.130,1748.790)    5.280   -       
--------------------------------------------------------------------------------------------------------------------

Timing for timing corner delay_default:both.late, max clock_path:
=================================================================

PathID    : 4
Path type : skew group ideal_clock/constraints_default (path 1 of 1)
Start     : clk
End       : iir_notch_filter_inst/num_eval_real_reg_5_/CLK
Delay     : 2.283

--------------------------------------------------------------------------------------------------------------------
Name  Lib cell                    Event  Incr   Arrival  Slew   Cap    Location             Distance  Fanout  Status
                                         (ns)   (ns)     (ns)   (pF)                        (um)              
-- Clockpath trace -------------------------------------------------------------------------------------------------
clk
-     -                           rise   -       0.000   0.084  0.017  (1.150,2564.960)     -            1    
CTS_ccl_inv_01377/A
-     sky130_fd_sc_hd__clkinv_2   rise   0.001   0.001   0.084  -      (30.590,2518.890)     75.510   -       
CTS_ccl_inv_01377/Y
-     sky130_fd_sc_hd__clkinv_2   rise   0.106   0.106   0.089  0.024  (30.590,2518.210)      0.680      1    
CTS_ccl_inv_01374/A
-     sky130_fd_sc_hd__clkinv_8   fall   0.001   0.107   0.087  -      (33.810,2529.770)     14.780   -       
CTS_ccl_inv_01374/Y
-     sky130_fd_sc_hd__clkinv_8   fall   0.097   0.203   0.071  0.056  (34.270,2530.110)      0.800      1    
CTS_ccl_inv_01372/A
-     sky130_fd_sc_hd__clkinv_8   rise   0.005   0.208   0.076  -      (57.730,2303.670)    249.900   -       
CTS_ccl_inv_01372/Y
-     sky130_fd_sc_hd__clkinv_8   rise   0.089   0.297   0.077  0.063  (57.270,2303.330)      0.800      1    
CTS_ccl_inv_01369/A
-     sky130_fd_sc_hd__clkinv_4   fall   0.006   0.303   0.075  -      (136.390,2029.290)   353.160   -       
CTS_ccl_inv_01369/Y
-     sky130_fd_sc_hd__clkinv_4   fall   0.118   0.421   0.102  0.050  (136.850,2029.630)     0.800      1    
CTS_ccl_inv_01367/A
-     sky130_fd_sc_hd__clkinv_8   rise   0.002   0.423   0.108  -      (319.470,2015.350)   196.900   -       
CTS_ccl_inv_01367/Y
-     sky130_fd_sc_hd__clkinv_8   rise   0.096   0.519   0.075  0.057  (319.010,2015.010)     0.800      1    
CTS_ccl_inv_01364/A
-     sky130_fd_sc_hd__clkinv_8   fall   0.002   0.521   0.072  -      (544.870,2015.350)   226.200   -       
CTS_ccl_inv_01364/Y
-     sky130_fd_sc_hd__clkinv_8   fall   0.092   0.613   0.070  0.058  (544.410,2015.010)     0.800      1    
CTS_ccl_inv_01362/A
-     sky130_fd_sc_hd__clkinv_8   rise   0.003   0.616   0.075  -      (776.710,2015.350)   232.640   -       
CTS_ccl_inv_01362/Y
-     sky130_fd_sc_hd__clkinv_8   rise   0.094   0.710   0.086  0.071  (776.250,2015.010)     0.800      1    
CTS_ccl_inv_01359/A
-     sky130_fd_sc_hd__clkinv_8   fall   0.006   0.715   0.081  -      (802.470,1759.670)   281.560   -       
CTS_ccl_inv_01359/Y
-     sky130_fd_sc_hd__clkinv_8   fall   0.102   0.817   0.084  0.069  (802.010,1759.330)     0.800      1    
CTS_ccl_inv_01357/A
-     sky130_fd_sc_hd__clkinv_4   rise   0.006   0.823   0.086  -      (969.910,1566.890)   360.340   -       
CTS_ccl_inv_01357/Y
-     sky130_fd_sc_hd__clkinv_4   rise   0.077   0.900   0.059  0.025  (970.370,1567.230)     0.800      1    
CTS_ccl_a_inv_01354/A
-     sky130_fd_sc_hd__clkinv_8   fall   0.001   0.901   0.054  -      (987.390,1569.270)    19.060   -       
CTS_ccl_a_inv_01354/Y
-     sky130_fd_sc_hd__clkinv_8   fall   0.089   0.991   0.076  0.066  (986.930,1568.930)     0.800      1    
CTS_ccl_inv_01351/A
-     sky130_fd_sc_hd__clkinv_8   rise   0.003   0.994   0.083  -      (1269.830,1563.830)  288.000   -       
CTS_ccl_inv_01351/Y
-     sky130_fd_sc_hd__clkinv_8   rise   0.097   1.091   0.088  0.073  (1269.370,1563.490)    0.800      3    
CTS_ccl_inv_01332/A
-     sky130_fd_sc_hd__clkinv_8   fall   0.002   1.093   0.079  -      (1330.550,1498.550)  126.120   -       
CTS_ccl_inv_01332/Y
-     sky130_fd_sc_hd__clkinv_8   fall   0.118   1.211   0.107  0.093  (1330.090,1498.210)    0.800      1    
CTS_ccl_inv_01324/A
-     sky130_fd_sc_hd__clkinv_8   rise   0.011   1.222   0.115  -      (1478.670,1155.830)  490.960   -       
CTS_ccl_inv_01324/Y
-     sky130_fd_sc_hd__clkinv_8   rise   0.103   1.325   0.082  0.064  (1478.210,1155.490)    0.800      2    
CTS_ccl_inv_01305/A
-     sky130_fd_sc_hd__clkinv_8   fall   0.001   1.327   0.077  -      (1439.570,1139.510)   54.620   -       
CTS_ccl_inv_01305/Y
-     sky130_fd_sc_hd__clkinv_8   fall   0.092   1.419   0.068  0.055  (1439.110,1139.170)    0.800      1    
CTS_ccl_inv_01290/A
-     sky130_fd_sc_hd__clkinv_8   rise   0.002   1.421   0.073  -      (1249.590,1144.950)  195.300   -       
CTS_ccl_inv_01290/Y
-     sky130_fd_sc_hd__clkinv_8   rise   0.077   1.499   0.065  0.051  (1250.050,1144.610)    0.800      2    
CTS_ccl_a_inv_01270/A
-     sky130_fd_sc_hd__clkinv_8   fall   0.001   1.500   0.058  -      (1250.510,1186.090)   41.940   -       
CTS_ccl_a_inv_01270/Y
-     sky130_fd_sc_hd__clkinv_8   fall   0.082   1.582   0.066  0.054  (1250.050,1186.430)    0.800      1    
CTS_ccl_inv_01214/A
-     sky130_fd_sc_hd__clkinv_8   rise   0.004   1.586   0.071  -      (1244.990,1376.490)  195.120   -       
CTS_ccl_inv_01214/Y
-     sky130_fd_sc_hd__clkinv_8   rise   0.076   1.662   0.063  0.050  (1245.450,1376.830)    0.800      2    
CTS_ccl_a_inv_01148/A
-     sky130_fd_sc_hd__clkinv_8   fall   0.001   1.663   0.056  -      (1240.390,1398.250)   26.480   -       
CTS_ccl_a_inv_01148/Y
-     sky130_fd_sc_hd__clkinv_8   fall   0.074   1.737   0.055  0.044  (1240.850,1398.590)    0.800      1    
CTS_ccl_inv_01076/A
-     sky130_fd_sc_hd__clkinv_8   rise   0.003   1.739   0.060  -      (1238.550,1256.810)  144.080   -       
CTS_ccl_inv_01076/Y
-     sky130_fd_sc_hd__clkinv_8   rise   0.095   1.834   0.096  0.081  (1239.010,1257.150)    0.800      3    
iir_notch_filter_inst/CTS_ccl_a_inv_00849/A
-     sky130_fd_sc_hd__clkinv_8   fall   0.002   1.836   0.084  -      (1259.710,1210.230)   67.620   -       
iir_notch_filter_inst/CTS_ccl_a_inv_00849/Y
-     sky130_fd_sc_hd__clkinv_8   fall   0.106   1.942   0.081  0.066  (1259.250,1209.890)    0.800      7    
iir_notch_filter_inst/clk_gate_den_phase_reg/latch_clone_91/CLK
-     sky130_fd_sc_hd__sdlclkp_1  rise   0.002   1.943   0.088  -      (1274.430,1199.350)   25.720   -       
iir_notch_filter_inst/clk_gate_den_phase_reg/latch_clone_91/GCLK
-     sky130_fd_sc_hd__sdlclkp_1  rise   0.171   2.114   0.099  0.009  (1276.270,1198.670)    2.520      1    
iir_notch_filter_inst/CTS_cpc_drv_inv_01507/A
-     sky130_fd_sc_hd__clkinv_2   rise   0.000   2.114   0.099  -      (1286.390,1202.410)   13.860   -       
iir_notch_filter_inst/CTS_cpc_drv_inv_01507/Y
-     sky130_fd_sc_hd__clkinv_2   rise   0.084   2.198   0.052  0.013  (1286.390,1201.730)    0.680      1    
iir_notch_filter_inst/CTS_cpc_drv_inv_01508/A
-     sky130_fd_sc_hd__clkinv_4   fall   0.000   2.198   0.057  -      (1291.910,1202.410)    6.200   -       
iir_notch_filter_inst/CTS_cpc_drv_inv_01508/Y
-     sky130_fd_sc_hd__clkinv_4   fall   0.084   2.282   0.067  0.032  (1292.370,1202.750)    0.800     10    
iir_notch_filter_inst/num_eval_real_reg_5_/CLK
-     sky130_fd_sc_hd__dfxtp_1    rise   0.001   2.283   0.072  -      (1270.750,1193.910)   30.460   -       
--------------------------------------------------------------------------------------------------------------------

