Netgen 1.5.176 compiled on Wed May 19 18:04:34 PDT 2021
Warning: netgen command 'format' use fully-qualified name '::netgen::format'
Warning: netgen command 'global' use fully-qualified name '::netgen::global'
Reading netlist file ../../simulations/comparator_lvs.spice
Call to undefined subcircuit sky130_fd_pr__pfet_01v8
Creating placeholder cell definition.
Call to undefined subcircuit sky130_fd_pr__nfet_01v8
Creating placeholder cell definition.
Call to undefined subcircuit sky130_fd_pr__nfet_01v8_lvt
Creating placeholder cell definition.
Call to undefined subcircuit sky130_fd_pr__pfet_01v8_hvt
Creating placeholder cell definition.
Reading netlist file comparator_lvs_layout.spice
Call to undefined subcircuit sky130_fd_pr__nfet_01v8_lvt
Creating placeholder cell definition.
Call to undefined subcircuit sky130_fd_pr__nfet_01v8
Creating placeholder cell definition.
Call to undefined subcircuit sky130_fd_pr__pfet_01v8
Creating placeholder cell definition.
Call to undefined subcircuit sky130_fd_pr__pfet_01v8_hvt
Creating placeholder cell definition.
Reading setup file /home/users/nhpoole/PDKS/sky130A/libs.tech/netgen/sky130A_setup.tcl
Model sky130_fd_pr__nfet_01v8 pin 1 == 3
Model sky130_fd_pr__nfet_01v8 pin 1 == 3
No property mult found for device sky130_fd_pr__nfet_01v8
No property sa found for device sky130_fd_pr__nfet_01v8
No property sb found for device sky130_fd_pr__nfet_01v8
No property sd found for device sky130_fd_pr__nfet_01v8
No property nf found for device sky130_fd_pr__nfet_01v8
No property nrd found for device sky130_fd_pr__nfet_01v8
No property nrs found for device sky130_fd_pr__nfet_01v8
Model sky130_fd_pr__nfet_01v8_lvt pin 1 == 3
Model sky130_fd_pr__nfet_01v8_lvt pin 1 == 3
No property mult found for device sky130_fd_pr__nfet_01v8_lvt
No property sa found for device sky130_fd_pr__nfet_01v8_lvt
No property sb found for device sky130_fd_pr__nfet_01v8_lvt
No property sd found for device sky130_fd_pr__nfet_01v8_lvt
No property nf found for device sky130_fd_pr__nfet_01v8_lvt
No property nrd found for device sky130_fd_pr__nfet_01v8_lvt
No property nrs found for device sky130_fd_pr__nfet_01v8_lvt
Model sky130_fd_pr__pfet_01v8 pin 1 == 3
Model sky130_fd_pr__pfet_01v8 pin 1 == 3
No property mult found for device sky130_fd_pr__pfet_01v8
No property sa found for device sky130_fd_pr__pfet_01v8
No property sb found for device sky130_fd_pr__pfet_01v8
No property sd found for device sky130_fd_pr__pfet_01v8
No property nf found for device sky130_fd_pr__pfet_01v8
No property nrd found for device sky130_fd_pr__pfet_01v8
No property nrs found for device sky130_fd_pr__pfet_01v8
Model sky130_fd_pr__pfet_01v8_hvt pin 1 == 3
Model sky130_fd_pr__pfet_01v8_hvt pin 1 == 3
No property mult found for device sky130_fd_pr__pfet_01v8_hvt
No property sa found for device sky130_fd_pr__pfet_01v8_hvt
No property sb found for device sky130_fd_pr__pfet_01v8_hvt
No property sd found for device sky130_fd_pr__pfet_01v8_hvt
No property nf found for device sky130_fd_pr__pfet_01v8_hvt
No property nrd found for device sky130_fd_pr__pfet_01v8_hvt
No property nrs found for device sky130_fd_pr__pfet_01v8_hvt
Comparison output logged to file comp.out
Logging to file "comp.out" enabled
Contents of circuit 1:  Circuit: 'sky130_fd_pr__pfet_01v8'
Circuit sky130_fd_pr__pfet_01v8 contains 0 device instances.
Circuit contains 0 nets.
Contents of circuit 2:  Circuit: 'sky130_fd_pr__pfet_01v8'
Circuit sky130_fd_pr__pfet_01v8 contains 0 device instances.
Circuit contains 0 nets.

Circuit sky130_fd_pr__pfet_01v8 contains no devices.
Contents of circuit 1:  Circuit: 'sky130_fd_pr__nfet_01v8'
Circuit sky130_fd_pr__nfet_01v8 contains 0 device instances.
Circuit contains 0 nets.
Contents of circuit 2:  Circuit: 'sky130_fd_pr__nfet_01v8'
Circuit sky130_fd_pr__nfet_01v8 contains 0 device instances.
Circuit contains 0 nets.

Circuit sky130_fd_pr__nfet_01v8 contains no devices.
Contents of circuit 1:  Circuit: 'sky130_fd_pr__nfet_01v8_lvt'
Circuit sky130_fd_pr__nfet_01v8_lvt contains 0 device instances.
Circuit contains 0 nets.
Contents of circuit 2:  Circuit: 'sky130_fd_pr__nfet_01v8_lvt'
Circuit sky130_fd_pr__nfet_01v8_lvt contains 0 device instances.
Circuit contains 0 nets.

Circuit sky130_fd_pr__nfet_01v8_lvt contains no devices.
Contents of circuit 1:  Circuit: 'sky130_fd_pr__pfet_01v8_hvt'
Circuit sky130_fd_pr__pfet_01v8_hvt contains 0 device instances.
Circuit contains 0 nets.
Contents of circuit 2:  Circuit: 'sky130_fd_pr__pfet_01v8_hvt'
Circuit sky130_fd_pr__pfet_01v8_hvt contains 0 device instances.
Circuit contains 0 nets.

Circuit sky130_fd_pr__pfet_01v8_hvt contains no devices.
Contents of circuit 1:  Circuit: 'comparator_lvs'
Circuit comparator_lvs contains 21 device instances.
  Class: sky130_fd_pr__nfet_01v8 instances:   8
  Class: sky130_fd_pr__nfet_01v8_lvt instances:   3
  Class: sky130_fd_pr__pfet_01v8_hvt instances:   1
  Class: sky130_fd_pr__pfet_01v8 instances:   9
Circuit contains 11 nets.
Contents of circuit 2:  Circuit: 'comparator_flat'
Circuit comparator_flat contains 62 device instances.
  Class: sky130_fd_pr__nfet_01v8 instances:  19
  Class: sky130_fd_pr__nfet_01v8_lvt instances:  10
  Class: sky130_fd_pr__pfet_01v8_hvt instances:   1
  Class: sky130_fd_pr__pfet_01v8 instances:  32
Circuit contains 11 nets.

Circuit was modified by parallel/series device merging.
New circuit summary:

Contents of circuit 1:  Circuit: 'comparator_lvs'
Circuit comparator_lvs contains 21 device instances.
  Class: sky130_fd_pr__nfet_01v8 instances:   8
  Class: sky130_fd_pr__nfet_01v8_lvt instances:   3
  Class: sky130_fd_pr__pfet_01v8_hvt instances:   1
  Class: sky130_fd_pr__pfet_01v8 instances:   9
Circuit contains 11 nets.
Contents of circuit 2:  Circuit: 'comparator_flat'
Circuit comparator_flat contains 21 device instances.
  Class: sky130_fd_pr__nfet_01v8 instances:   8
  Class: sky130_fd_pr__nfet_01v8_lvt instances:   3
  Class: sky130_fd_pr__pfet_01v8_hvt instances:   1
  Class: sky130_fd_pr__pfet_01v8 instances:   9
Circuit contains 11 nets.

Circuit 1 contains 21 devices, Circuit 2 contains 21 devices.
Circuit 1 contains 11 nets,    Circuit 2 contains 11 nets.

Netlists match uniquely.
Result: Circuits match uniquely.
Logging to file "comp.out" disabled
LVS Done.
