 
****************************************
check_design summary:
Version:     L-2016.03-SP5-5
Date:        Sat Jul 10 20:58:36 2021
****************************************

                   Name                                            Total
--------------------------------------------------------------------------------
Cells                                                             103
    Cells do not drive (LINT-1)                                    14
    Connected to power or ground (LINT-32)                         84
    Nets connected to multiple pins on same cell (LINT-33)          5

Nets                                                              266
    Unloaded nets (LINT-2)                                        266
--------------------------------------------------------------------------------

Warning: In design 'cordic_polar_to_rect', cell 'B_19' does not drive any nets. (LINT-1)
Warning: In design 'cordic_polar_to_rect', cell 'B_20' does not drive any nets. (LINT-1)
Warning: In design 'cordic_polar_to_rect', cell 'B_21' does not drive any nets. (LINT-1)
Warning: In design 'cordic_polar_to_rect', cell 'B_22' does not drive any nets. (LINT-1)
Warning: In design 'cordic_polar_to_rect', cell 'B_23' does not drive any nets. (LINT-1)
Warning: In design 'cordic_polar_to_rect', cell 'B_24' does not drive any nets. (LINT-1)
Warning: In design 'cordic_polar_to_rect', cell 'B_25' does not drive any nets. (LINT-1)
Warning: In design 'cordic_polar_to_rect', cell 'B_27' does not drive any nets. (LINT-1)
Warning: In design 'cordic_rect_to_polar', cell 'B_13' does not drive any nets. (LINT-1)
Warning: In design 'cordic_rect_to_polar', cell 'B_14' does not drive any nets. (LINT-1)
Warning: In design 'cordic_rect_to_polar', cell 'B_15' does not drive any nets. (LINT-1)
Warning: In design 'cordic_rect_to_polar', cell 'B_16' does not drive any nets. (LINT-1)
Warning: In design 'cordic_rect_to_polar', cell 'B_17' does not drive any nets. (LINT-1)
Warning: In design 'cordic_rect_to_polar', cell 'B_19' does not drive any nets. (LINT-1)
Warning: In design 'deconv_kernel_estimator_top_level', net 'net647' driven by pin 'C809/Z' has no loads. (LINT-2)
Warning: In design 'deconv_kernel_estimator_top_level', net 'net646' driven by pin 'C806/Z' has no loads. (LINT-2)
Warning: In design 'deconv_kernel_estimator_top_level', net 'tf_coeff_rwdata[0]' driven by pin 'tf_coeff_sram_interface_inst/rwdata[0]' has no loads. (LINT-2)
Warning: In design 'deconv_kernel_estimator_top_level', net 'tf_coeff_rwdata[1]' driven by pin 'tf_coeff_sram_interface_inst/rwdata[1]' has no loads. (LINT-2)
Warning: In design 'deconv_kernel_estimator_top_level', net 'tf_coeff_rwdata[2]' driven by pin 'tf_coeff_sram_interface_inst/rwdata[2]' has no loads. (LINT-2)
Warning: In design 'deconv_kernel_estimator_top_level', net 'tf_coeff_rwdata[3]' driven by pin 'tf_coeff_sram_interface_inst/rwdata[3]' has no loads. (LINT-2)
Warning: In design 'deconv_kernel_estimator_top_level', net 'tf_coeff_rwdata[4]' driven by pin 'tf_coeff_sram_interface_inst/rwdata[4]' has no loads. (LINT-2)
Warning: In design 'deconv_kernel_estimator_top_level', net 'tf_coeff_rwdata[5]' driven by pin 'tf_coeff_sram_interface_inst/rwdata[5]' has no loads. (LINT-2)
Warning: In design 'deconv_kernel_estimator_top_level', net 'tf_coeff_rwdata[6]' driven by pin 'tf_coeff_sram_interface_inst/rwdata[6]' has no loads. (LINT-2)
Warning: In design 'deconv_kernel_estimator_top_level', net 'tf_coeff_rwdata[7]' driven by pin 'tf_coeff_sram_interface_inst/rwdata[7]' has no loads. (LINT-2)
Warning: In design 'deconv_kernel_estimator_top_level', net 'tf_coeff_rwdata[8]' driven by pin 'tf_coeff_sram_interface_inst/rwdata[8]' has no loads. (LINT-2)
Warning: In design 'deconv_kernel_estimator_top_level', net 'tf_coeff_rwdata[9]' driven by pin 'tf_coeff_sram_interface_inst/rwdata[9]' has no loads. (LINT-2)
Warning: In design 'deconv_kernel_estimator_top_level', net 'tf_coeff_rwdata[10]' driven by pin 'tf_coeff_sram_interface_inst/rwdata[10]' has no loads. (LINT-2)
Warning: In design 'deconv_kernel_estimator_top_level', net 'tf_coeff_rwdata[11]' driven by pin 'tf_coeff_sram_interface_inst/rwdata[11]' has no loads. (LINT-2)
Warning: In design 'deconv_kernel_estimator_top_level', net 'tf_coeff_rwdata[12]' driven by pin 'tf_coeff_sram_interface_inst/rwdata[12]' has no loads. (LINT-2)
Warning: In design 'deconv_kernel_estimator_top_level', net 'tf_coeff_rwdata[13]' driven by pin 'tf_coeff_sram_interface_inst/rwdata[13]' has no loads. (LINT-2)
Warning: In design 'deconv_kernel_estimator_top_level', net 'tf_coeff_rwdata[14]' driven by pin 'tf_coeff_sram_interface_inst/rwdata[14]' has no loads. (LINT-2)
Warning: In design 'deconv_kernel_estimator_top_level', net 'tf_coeff_rwdata[15]' driven by pin 'tf_coeff_sram_interface_inst/rwdata[15]' has no loads. (LINT-2)
Warning: In design 'deconv_kernel_estimator_top_level', net 'deserializer_inst/net703' driven by pin 'deserializer_inst/C146/Z' has no loads. (LINT-2)
Warning: In design 'deconv_kernel_estimator_top_level', net 'serializer_inst/net716' driven by pin 'serializer_inst/C60/Z' has no loads. (LINT-2)
Warning: In design 'deconv_kernel_estimator_top_level', net 'iir_notch_filter_inst/genblk2[0].cordic_polar_to_rect_inst_b/net7648' driven by pin 'iir_notch_filter_inst/genblk2[0].cordic_polar_to_rect_inst_b/add_310/Z_0' has no loads. (LINT-2)
Warning: In design 'deconv_kernel_estimator_top_level', net 'iir_notch_filter_inst/genblk2[0].cordic_polar_to_rect_inst_b/net7647' driven by pin 'iir_notch_filter_inst/genblk2[0].cordic_polar_to_rect_inst_b/add_310/Z_1' has no loads. (LINT-2)
Warning: In design 'deconv_kernel_estimator_top_level', net 'iir_notch_filter_inst/genblk2[0].cordic_polar_to_rect_inst_b/net7646' driven by pin 'iir_notch_filter_inst/genblk2[0].cordic_polar_to_rect_inst_b/add_313/Z_0' has no loads. (LINT-2)
Warning: In design 'deconv_kernel_estimator_top_level', net 'iir_notch_filter_inst/genblk2[0].cordic_polar_to_rect_inst_b/net7645' driven by pin 'iir_notch_filter_inst/genblk2[0].cordic_polar_to_rect_inst_b/add_313/Z_1' has no loads. (LINT-2)
Warning: In design 'deconv_kernel_estimator_top_level', net 'iir_notch_filter_inst/genblk2[0].cordic_polar_to_rect_inst_b/net7644' driven by pin 'iir_notch_filter_inst/genblk2[0].cordic_polar_to_rect_inst_b/C412/Z' has no loads. (LINT-2)
Warning: In design 'deconv_kernel_estimator_top_level', net 'iir_notch_filter_inst/b_cordic_busy[0]' driven by pin 'iir_notch_filter_inst/genblk2[0].cordic_polar_to_rect_inst_b/o_busy' has no loads. (LINT-2)
Warning: In design 'deconv_kernel_estimator_top_level', net 'iir_notch_filter_inst/genblk2[1].cordic_polar_to_rect_inst_a/net9473' driven by pin 'iir_notch_filter_inst/genblk2[1].cordic_polar_to_rect_inst_a/add_310/Z_0' has no loads. (LINT-2)
Warning: In design 'deconv_kernel_estimator_top_level', net 'iir_notch_filter_inst/genblk2[1].cordic_polar_to_rect_inst_a/net9472' driven by pin 'iir_notch_filter_inst/genblk2[1].cordic_polar_to_rect_inst_a/add_310/Z_1' has no loads. (LINT-2)
Warning: In design 'deconv_kernel_estimator_top_level', net 'iir_notch_filter_inst/genblk2[1].cordic_polar_to_rect_inst_a/net9471' driven by pin 'iir_notch_filter_inst/genblk2[1].cordic_polar_to_rect_inst_a/add_313/Z_0' has no loads. (LINT-2)
Warning: In design 'deconv_kernel_estimator_top_level', net 'iir_notch_filter_inst/genblk2[1].cordic_polar_to_rect_inst_a/net9470' driven by pin 'iir_notch_filter_inst/genblk2[1].cordic_polar_to_rect_inst_a/add_313/Z_1' has no loads. (LINT-2)
Warning: In design 'deconv_kernel_estimator_top_level', net 'iir_notch_filter_inst/genblk2[1].cordic_polar_to_rect_inst_a/net9469' driven by pin 'iir_notch_filter_inst/genblk2[1].cordic_polar_to_rect_inst_a/C412/Z' has no loads. (LINT-2)
Warning: In design 'deconv_kernel_estimator_top_level', net 'iir_notch_filter_inst/a_cordic_busy[1]' driven by pin 'iir_notch_filter_inst/genblk2[1].cordic_polar_to_rect_inst_a/o_busy' has no loads. (LINT-2)
Warning: In design 'deconv_kernel_estimator_top_level', net 'iir_notch_filter_inst/genblk2[1].cordic_polar_to_rect_inst_b/net11298' driven by pin 'iir_notch_filter_inst/genblk2[1].cordic_polar_to_rect_inst_b/add_310/Z_0' has no loads. (LINT-2)
Warning: In design 'deconv_kernel_estimator_top_level', net 'iir_notch_filter_inst/genblk2[1].cordic_polar_to_rect_inst_b/net11297' driven by pin 'iir_notch_filter_inst/genblk2[1].cordic_polar_to_rect_inst_b/add_310/Z_1' has no loads. (LINT-2)
Warning: In design 'deconv_kernel_estimator_top_level', net 'iir_notch_filter_inst/genblk2[1].cordic_polar_to_rect_inst_b/net11296' driven by pin 'iir_notch_filter_inst/genblk2[1].cordic_polar_to_rect_inst_b/add_313/Z_0' has no loads. (LINT-2)
Warning: In design 'deconv_kernel_estimator_top_level', net 'iir_notch_filter_inst/genblk2[1].cordic_polar_to_rect_inst_b/net11295' driven by pin 'iir_notch_filter_inst/genblk2[1].cordic_polar_to_rect_inst_b/add_313/Z_1' has no loads. (LINT-2)
Warning: In design 'deconv_kernel_estimator_top_level', net 'iir_notch_filter_inst/genblk2[1].cordic_polar_to_rect_inst_b/net11294' driven by pin 'iir_notch_filter_inst/genblk2[1].cordic_polar_to_rect_inst_b/C412/Z' has no loads. (LINT-2)
Warning: In design 'deconv_kernel_estimator_top_level', net 'iir_notch_filter_inst/b_cordic_busy[1]' driven by pin 'iir_notch_filter_inst/genblk2[1].cordic_polar_to_rect_inst_b/o_busy' has no loads. (LINT-2)
Warning: In design 'deconv_kernel_estimator_top_level', net 'iir_notch_filter_inst/cordic_rect_to_polar_inst_den/net14932' driven by pin 'iir_notch_filter_inst/cordic_rect_to_polar_inst_den/add_639/Z_0' has no loads. (LINT-2)
Warning: In design 'deconv_kernel_estimator_top_level', net 'iir_notch_filter_inst/cordic_rect_to_polar_inst_den/net14931' driven by pin 'iir_notch_filter_inst/cordic_rect_to_polar_inst_den/add_639/Z_1' has no loads. (LINT-2)
Warning: In design 'deconv_kernel_estimator_top_level', net 'iir_notch_filter_inst/cordic_rect_to_polar_inst_den/net14930' driven by pin 'iir_notch_filter_inst/cordic_rect_to_polar_inst_den/add_639/Z_2' has no loads. (LINT-2)
Warning: In design 'deconv_kernel_estimator_top_level', net 'iir_notch_filter_inst/cordic_rect_to_polar_inst_den/net14929' driven by pin 'iir_notch_filter_inst/cordic_rect_to_polar_inst_den/add_639/Z_3' has no loads. (LINT-2)
Warning: In design 'deconv_kernel_estimator_top_level', net 'iir_notch_filter_inst/cordic_rect_to_polar_inst_den/net14928' driven by pin 'iir_notch_filter_inst/cordic_rect_to_polar_inst_den/add_639/Z_4' has no loads. (LINT-2)
Warning: In design 'deconv_kernel_estimator_top_level', net 'iir_notch_filter_inst/cordic_rect_to_polar_inst_den/net14927' driven by pin 'iir_notch_filter_inst/cordic_rect_to_polar_inst_den/add_639/Z_5' has no loads. (LINT-2)
Warning: In design 'deconv_kernel_estimator_top_level', net 'iir_notch_filter_inst/cordic_rect_to_polar_inst_den/net14926' driven by pin 'iir_notch_filter_inst/cordic_rect_to_polar_inst_den/C361/Z' has no loads. (LINT-2)
Warning: In design 'deconv_kernel_estimator_top_level', net 'iir_notch_filter_inst/den_cordic_busy' driven by pin 'iir_notch_filter_inst/cordic_rect_to_polar_inst_den/o_busy' has no loads. (LINT-2)
Warning: In design 'deconv_kernel_estimator_top_level', net 'iir_notch_filter_inst/net922' driven by pin 'iir_notch_filter_inst/mult_1394/Z_0' has no loads. (LINT-2)
Warning: In design 'deconv_kernel_estimator_top_level', net 'iir_notch_filter_inst/net921' driven by pin 'iir_notch_filter_inst/mult_1394/Z_1' has no loads. (LINT-2)
Warning: In design 'deconv_kernel_estimator_top_level', net 'iir_notch_filter_inst/net920' driven by pin 'iir_notch_filter_inst/mult_1394/Z_2' has no loads. (LINT-2)
Warning: In design 'deconv_kernel_estimator_top_level', net 'iir_notch_filter_inst/net919' driven by pin 'iir_notch_filter_inst/mult_1394/Z_3' has no loads. (LINT-2)
Warning: In design 'deconv_kernel_estimator_top_level', net 'iir_notch_filter_inst/net918' driven by pin 'iir_notch_filter_inst/mult_1394/Z_4' has no loads. (LINT-2)
Warning: In design 'deconv_kernel_estimator_top_level', net 'iir_notch_filter_inst/net917' driven by pin 'iir_notch_filter_inst/mult_1394/Z_5' has no loads. (LINT-2)
Warning: In design 'deconv_kernel_estimator_top_level', net 'iir_notch_filter_inst/net916' driven by pin 'iir_notch_filter_inst/mult_1394/Z_6' has no loads. (LINT-2)
Warning: In design 'deconv_kernel_estimator_top_level', net 'iir_notch_filter_inst/net915' driven by pin 'iir_notch_filter_inst/mult_1394/Z_7' has no loads. (LINT-2)
Warning: In design 'deconv_kernel_estimator_top_level', net 'iir_notch_filter_inst/net914' driven by pin 'iir_notch_filter_inst/mult_1394/Z_8' has no loads. (LINT-2)
Warning: In design 'deconv_kernel_estimator_top_level', net 'iir_notch_filter_inst/net913' driven by pin 'iir_notch_filter_inst/mult_1394/Z_9' has no loads. (LINT-2)
Warning: In design 'deconv_kernel_estimator_top_level', net 'iir_notch_filter_inst/net912' driven by pin 'iir_notch_filter_inst/mult_1394/Z_10' has no loads. (LINT-2)
Warning: In design 'deconv_kernel_estimator_top_level', net 'iir_notch_filter_inst/net911' driven by pin 'iir_notch_filter_inst/mult_1394/Z_11' has no loads. (LINT-2)
Warning: In design 'deconv_kernel_estimator_top_level', net 'iir_notch_filter_inst/net910' driven by pin 'iir_notch_filter_inst/mult_1394/Z_12' has no loads. (LINT-2)
Warning: In design 'deconv_kernel_estimator_top_level', net 'iir_notch_filter_inst/net909' driven by pin 'iir_notch_filter_inst/mult_1394/Z_13' has no loads. (LINT-2)
Warning: In design 'deconv_kernel_estimator_top_level', net 'iir_notch_filter_inst/net908' driven by pin 'iir_notch_filter_inst/mult_1394/Z_14' has no loads. (LINT-2)
Warning: In design 'deconv_kernel_estimator_top_level', net 'iir_notch_filter_inst/net907' driven by pin 'iir_notch_filter_inst/mult_1394/Z_15' has no loads. (LINT-2)
Warning: In design 'deconv_kernel_estimator_top_level', net 'iir_notch_filter_inst/net906' driven by pin 'iir_notch_filter_inst/mult_1394/Z_16' has no loads. (LINT-2)
Warning: In design 'deconv_kernel_estimator_top_level', net 'iir_notch_filter_inst/net905' driven by pin 'iir_notch_filter_inst/mult_1394/Z_17' has no loads. (LINT-2)
Warning: In design 'deconv_kernel_estimator_top_level', net 'iir_notch_filter_inst/net904' driven by pin 'iir_notch_filter_inst/mult_1394/Z_18' has no loads. (LINT-2)
Warning: In design 'deconv_kernel_estimator_top_level', net 'iir_notch_filter_inst/net903' driven by pin 'iir_notch_filter_inst/mult_1394/Z_19' has no loads. (LINT-2)
Warning: In design 'deconv_kernel_estimator_top_level', net 'iir_notch_filter_inst/net902' driven by pin 'iir_notch_filter_inst/mult_1394/Z_20' has no loads. (LINT-2)
Warning: In design 'deconv_kernel_estimator_top_level', net 'iir_notch_filter_inst/net901' driven by pin 'iir_notch_filter_inst/mult_1394/Z_21' has no loads. (LINT-2)
Warning: In design 'deconv_kernel_estimator_top_level', net 'iir_notch_filter_inst/net900' driven by pin 'iir_notch_filter_inst/mult_1394/Z_22' has no loads. (LINT-2)
Warning: In design 'deconv_kernel_estimator_top_level', net 'iir_notch_filter_inst/net899' driven by pin 'iir_notch_filter_inst/mult_1394/Z_23' has no loads. (LINT-2)
Warning: In design 'deconv_kernel_estimator_top_level', net 'iir_notch_filter_inst/net898' driven by pin 'iir_notch_filter_inst/mult_1394/Z_24' has no loads. (LINT-2)
Warning: In design 'deconv_kernel_estimator_top_level', net 'iir_notch_filter_inst/net897' driven by pin 'iir_notch_filter_inst/mult_1394/Z_25' has no loads. (LINT-2)
Warning: In design 'deconv_kernel_estimator_top_level', net 'iir_notch_filter_inst/net896' driven by pin 'iir_notch_filter_inst/mult_1394/Z_26' has no loads. (LINT-2)
Warning: In design 'deconv_kernel_estimator_top_level', net 'iir_notch_filter_inst/net895' driven by pin 'iir_notch_filter_inst/mult_1394/Z_27' has no loads. (LINT-2)
Warning: In design 'deconv_kernel_estimator_top_level', net 'iir_notch_filter_inst/net894' driven by pin 'iir_notch_filter_inst/mult_1394/Z_28' has no loads. (LINT-2)
Warning: In design 'deconv_kernel_estimator_top_level', net 'iir_notch_filter_inst/net893' driven by pin 'iir_notch_filter_inst/mult_1394/Z_29' has no loads. (LINT-2)
Warning: In design 'deconv_kernel_estimator_top_level', net 'iir_notch_filter_inst/net892' driven by pin 'iir_notch_filter_inst/mult_1394/Z_30' has no loads. (LINT-2)
Warning: In design 'deconv_kernel_estimator_top_level', net 'iir_notch_filter_inst/net891' driven by pin 'iir_notch_filter_inst/mult_1394/Z_31' has no loads. (LINT-2)
Warning: In design 'deconv_kernel_estimator_top_level', net 'iir_notch_filter_inst/net890' driven by pin 'iir_notch_filter_inst/mult_1396/Z_0' has no loads. (LINT-2)
Warning: In design 'deconv_kernel_estimator_top_level', net 'iir_notch_filter_inst/net889' driven by pin 'iir_notch_filter_inst/mult_1396/Z_1' has no loads. (LINT-2)
Warning: In design 'deconv_kernel_estimator_top_level', net 'iir_notch_filter_inst/net888' driven by pin 'iir_notch_filter_inst/mult_1396/Z_2' has no loads. (LINT-2)
Warning: In design 'deconv_kernel_estimator_top_level', net 'iir_notch_filter_inst/net887' driven by pin 'iir_notch_filter_inst/mult_1396/Z_3' has no loads. (LINT-2)
Warning: In design 'deconv_kernel_estimator_top_level', net 'iir_notch_filter_inst/net886' driven by pin 'iir_notch_filter_inst/mult_1396/Z_4' has no loads. (LINT-2)
Warning: In design 'deconv_kernel_estimator_top_level', net 'iir_notch_filter_inst/net885' driven by pin 'iir_notch_filter_inst/mult_1396/Z_5' has no loads. (LINT-2)
Warning: In design 'deconv_kernel_estimator_top_level', net 'iir_notch_filter_inst/net884' driven by pin 'iir_notch_filter_inst/mult_1396/Z_6' has no loads. (LINT-2)
Warning: In design 'deconv_kernel_estimator_top_level', net 'iir_notch_filter_inst/net883' driven by pin 'iir_notch_filter_inst/mult_1396/Z_7' has no loads. (LINT-2)
Warning: In design 'deconv_kernel_estimator_top_level', net 'iir_notch_filter_inst/net882' driven by pin 'iir_notch_filter_inst/mult_1396/Z_8' has no loads. (LINT-2)
Warning: In design 'deconv_kernel_estimator_top_level', net 'iir_notch_filter_inst/net881' driven by pin 'iir_notch_filter_inst/mult_1396/Z_9' has no loads. (LINT-2)
Warning: In design 'deconv_kernel_estimator_top_level', net 'iir_notch_filter_inst/net880' driven by pin 'iir_notch_filter_inst/mult_1396/Z_10' has no loads. (LINT-2)
Warning: In design 'deconv_kernel_estimator_top_level', net 'iir_notch_filter_inst/net879' driven by pin 'iir_notch_filter_inst/mult_1396/Z_11' has no loads. (LINT-2)
Warning: In design 'deconv_kernel_estimator_top_level', net 'iir_notch_filter_inst/net878' driven by pin 'iir_notch_filter_inst/mult_1396/Z_12' has no loads. (LINT-2)
Warning: In design 'deconv_kernel_estimator_top_level', net 'iir_notch_filter_inst/net877' driven by pin 'iir_notch_filter_inst/mult_1396/Z_13' has no loads. (LINT-2)
Warning: In design 'deconv_kernel_estimator_top_level', net 'iir_notch_filter_inst/net876' driven by pin 'iir_notch_filter_inst/mult_1396/Z_14' has no loads. (LINT-2)
Warning: In design 'deconv_kernel_estimator_top_level', net 'iir_notch_filter_inst/net875' driven by pin 'iir_notch_filter_inst/mult_1396/Z_15' has no loads. (LINT-2)
Warning: In design 'deconv_kernel_estimator_top_level', net 'iir_notch_filter_inst/net874' driven by pin 'iir_notch_filter_inst/mult_1396/Z_16' has no loads. (LINT-2)
Warning: In design 'deconv_kernel_estimator_top_level', net 'iir_notch_filter_inst/net873' driven by pin 'iir_notch_filter_inst/mult_1396/Z_17' has no loads. (LINT-2)
Warning: In design 'deconv_kernel_estimator_top_level', net 'iir_notch_filter_inst/net872' driven by pin 'iir_notch_filter_inst/mult_1396/Z_18' has no loads. (LINT-2)
Warning: In design 'deconv_kernel_estimator_top_level', net 'iir_notch_filter_inst/net871' driven by pin 'iir_notch_filter_inst/mult_1396/Z_19' has no loads. (LINT-2)
Warning: In design 'deconv_kernel_estimator_top_level', net 'iir_notch_filter_inst/net870' driven by pin 'iir_notch_filter_inst/mult_1396/Z_20' has no loads. (LINT-2)
Warning: In design 'deconv_kernel_estimator_top_level', net 'iir_notch_filter_inst/net869' driven by pin 'iir_notch_filter_inst/mult_1396/Z_21' has no loads. (LINT-2)
Warning: In design 'deconv_kernel_estimator_top_level', net 'iir_notch_filter_inst/net868' driven by pin 'iir_notch_filter_inst/mult_1396/Z_22' has no loads. (LINT-2)
Warning: In design 'deconv_kernel_estimator_top_level', net 'iir_notch_filter_inst/net867' driven by pin 'iir_notch_filter_inst/mult_1396/Z_23' has no loads. (LINT-2)
Warning: In design 'deconv_kernel_estimator_top_level', net 'iir_notch_filter_inst/net866' driven by pin 'iir_notch_filter_inst/mult_1396/Z_24' has no loads. (LINT-2)
Warning: In design 'deconv_kernel_estimator_top_level', net 'iir_notch_filter_inst/net865' driven by pin 'iir_notch_filter_inst/mult_1396/Z_25' has no loads. (LINT-2)
Warning: In design 'deconv_kernel_estimator_top_level', net 'iir_notch_filter_inst/net864' driven by pin 'iir_notch_filter_inst/mult_1396/Z_26' has no loads. (LINT-2)
Warning: In design 'deconv_kernel_estimator_top_level', net 'iir_notch_filter_inst/net863' driven by pin 'iir_notch_filter_inst/mult_1396/Z_27' has no loads. (LINT-2)
Warning: In design 'deconv_kernel_estimator_top_level', net 'iir_notch_filter_inst/net862' driven by pin 'iir_notch_filter_inst/mult_1396/Z_28' has no loads. (LINT-2)
Warning: In design 'deconv_kernel_estimator_top_level', net 'iir_notch_filter_inst/net861' driven by pin 'iir_notch_filter_inst/mult_1396/Z_29' has no loads. (LINT-2)
Warning: In design 'deconv_kernel_estimator_top_level', net 'iir_notch_filter_inst/net860' driven by pin 'iir_notch_filter_inst/mult_1396/Z_30' has no loads. (LINT-2)
Warning: In design 'deconv_kernel_estimator_top_level', net 'iir_notch_filter_inst/net859' driven by pin 'iir_notch_filter_inst/mult_1396/Z_31' has no loads. (LINT-2)
Warning: In design 'deconv_kernel_estimator_top_level', net 'iir_notch_filter_inst/net858' driven by pin 'iir_notch_filter_inst/mult_1385/Z_0' has no loads. (LINT-2)
Warning: In design 'deconv_kernel_estimator_top_level', net 'iir_notch_filter_inst/net857' driven by pin 'iir_notch_filter_inst/mult_1385/Z_1' has no loads. (LINT-2)
Warning: In design 'deconv_kernel_estimator_top_level', net 'iir_notch_filter_inst/net856' driven by pin 'iir_notch_filter_inst/mult_1385/Z_2' has no loads. (LINT-2)
Warning: In design 'deconv_kernel_estimator_top_level', net 'iir_notch_filter_inst/net855' driven by pin 'iir_notch_filter_inst/mult_1385/Z_3' has no loads. (LINT-2)
Warning: In design 'deconv_kernel_estimator_top_level', net 'iir_notch_filter_inst/net854' driven by pin 'iir_notch_filter_inst/mult_1385/Z_4' has no loads. (LINT-2)
Warning: In design 'deconv_kernel_estimator_top_level', net 'iir_notch_filter_inst/net853' driven by pin 'iir_notch_filter_inst/mult_1385/Z_5' has no loads. (LINT-2)
Warning: In design 'deconv_kernel_estimator_top_level', net 'iir_notch_filter_inst/net852' driven by pin 'iir_notch_filter_inst/mult_1385/Z_6' has no loads. (LINT-2)
Warning: In design 'deconv_kernel_estimator_top_level', net 'iir_notch_filter_inst/net851' driven by pin 'iir_notch_filter_inst/mult_1385/Z_7' has no loads. (LINT-2)
Warning: In design 'deconv_kernel_estimator_top_level', net 'iir_notch_filter_inst/net850' driven by pin 'iir_notch_filter_inst/mult_1385/Z_8' has no loads. (LINT-2)
Warning: In design 'deconv_kernel_estimator_top_level', net 'iir_notch_filter_inst/net849' driven by pin 'iir_notch_filter_inst/mult_1385/Z_9' has no loads. (LINT-2)
Warning: In design 'deconv_kernel_estimator_top_level', net 'iir_notch_filter_inst/net848' driven by pin 'iir_notch_filter_inst/mult_1385/Z_10' has no loads. (LINT-2)
Warning: In design 'deconv_kernel_estimator_top_level', net 'iir_notch_filter_inst/net847' driven by pin 'iir_notch_filter_inst/mult_1385/Z_11' has no loads. (LINT-2)
Warning: In design 'deconv_kernel_estimator_top_level', net 'iir_notch_filter_inst/net846' driven by pin 'iir_notch_filter_inst/mult_1385/Z_12' has no loads. (LINT-2)
Warning: In design 'deconv_kernel_estimator_top_level', net 'iir_notch_filter_inst/net845' driven by pin 'iir_notch_filter_inst/mult_1385/Z_13' has no loads. (LINT-2)
Warning: In design 'deconv_kernel_estimator_top_level', net 'iir_notch_filter_inst/net844' driven by pin 'iir_notch_filter_inst/mult_1385/Z_14' has no loads. (LINT-2)
Warning: In design 'deconv_kernel_estimator_top_level', net 'iir_notch_filter_inst/net843' driven by pin 'iir_notch_filter_inst/mult_1385/Z_15' has no loads. (LINT-2)
Warning: In design 'deconv_kernel_estimator_top_level', net 'iir_notch_filter_inst/net842' driven by pin 'iir_notch_filter_inst/mult_1385/Z_16' has no loads. (LINT-2)
Warning: In design 'deconv_kernel_estimator_top_level', net 'iir_notch_filter_inst/net841' driven by pin 'iir_notch_filter_inst/mult_1385/Z_17' has no loads. (LINT-2)
Warning: In design 'deconv_kernel_estimator_top_level', net 'iir_notch_filter_inst/net840' driven by pin 'iir_notch_filter_inst/mult_1385/Z_18' has no loads. (LINT-2)
Warning: In design 'deconv_kernel_estimator_top_level', net 'iir_notch_filter_inst/net839' driven by pin 'iir_notch_filter_inst/mult_1385/Z_19' has no loads. (LINT-2)
Warning: In design 'deconv_kernel_estimator_top_level', net 'iir_notch_filter_inst/net838' driven by pin 'iir_notch_filter_inst/mult_1385/Z_20' has no loads. (LINT-2)
Warning: In design 'deconv_kernel_estimator_top_level', net 'iir_notch_filter_inst/net837' driven by pin 'iir_notch_filter_inst/mult_1385/Z_21' has no loads. (LINT-2)
Warning: In design 'deconv_kernel_estimator_top_level', net 'iir_notch_filter_inst/net836' driven by pin 'iir_notch_filter_inst/mult_1385/Z_22' has no loads. (LINT-2)
Warning: In design 'deconv_kernel_estimator_top_level', net 'iir_notch_filter_inst/net835' driven by pin 'iir_notch_filter_inst/mult_1385/Z_23' has no loads. (LINT-2)
Warning: In design 'deconv_kernel_estimator_top_level', net 'iir_notch_filter_inst/net834' driven by pin 'iir_notch_filter_inst/mult_1385/Z_24' has no loads. (LINT-2)
Warning: In design 'deconv_kernel_estimator_top_level', net 'iir_notch_filter_inst/net833' driven by pin 'iir_notch_filter_inst/mult_1385/Z_25' has no loads. (LINT-2)
Warning: In design 'deconv_kernel_estimator_top_level', net 'iir_notch_filter_inst/net832' driven by pin 'iir_notch_filter_inst/mult_1385/Z_26' has no loads. (LINT-2)
Warning: In design 'deconv_kernel_estimator_top_level', net 'iir_notch_filter_inst/net831' driven by pin 'iir_notch_filter_inst/mult_1385/Z_27' has no loads. (LINT-2)
Warning: In design 'deconv_kernel_estimator_top_level', net 'iir_notch_filter_inst/net830' driven by pin 'iir_notch_filter_inst/mult_1385/Z_28' has no loads. (LINT-2)
Warning: In design 'deconv_kernel_estimator_top_level', net 'iir_notch_filter_inst/net829' driven by pin 'iir_notch_filter_inst/mult_1385/Z_29' has no loads. (LINT-2)
Warning: In design 'deconv_kernel_estimator_top_level', net 'iir_notch_filter_inst/net828' driven by pin 'iir_notch_filter_inst/mult_1385/Z_30' has no loads. (LINT-2)
Warning: In design 'deconv_kernel_estimator_top_level', net 'iir_notch_filter_inst/net827' driven by pin 'iir_notch_filter_inst/mult_1385/Z_31' has no loads. (LINT-2)
Warning: In design 'deconv_kernel_estimator_top_level', net 'iir_notch_filter_inst/net826' driven by pin 'iir_notch_filter_inst/mult_1385_G2/Z_0' has no loads. (LINT-2)
Warning: In design 'deconv_kernel_estimator_top_level', net 'iir_notch_filter_inst/net825' driven by pin 'iir_notch_filter_inst/mult_1385_G2/Z_1' has no loads. (LINT-2)
Warning: In design 'deconv_kernel_estimator_top_level', net 'iir_notch_filter_inst/net824' driven by pin 'iir_notch_filter_inst/mult_1385_G2/Z_2' has no loads. (LINT-2)
Warning: In design 'deconv_kernel_estimator_top_level', net 'iir_notch_filter_inst/net823' driven by pin 'iir_notch_filter_inst/mult_1385_G2/Z_3' has no loads. (LINT-2)
Warning: In design 'deconv_kernel_estimator_top_level', net 'iir_notch_filter_inst/net822' driven by pin 'iir_notch_filter_inst/mult_1385_G2/Z_4' has no loads. (LINT-2)
Warning: In design 'deconv_kernel_estimator_top_level', net 'iir_notch_filter_inst/net821' driven by pin 'iir_notch_filter_inst/mult_1385_G2/Z_5' has no loads. (LINT-2)
Warning: In design 'deconv_kernel_estimator_top_level', net 'iir_notch_filter_inst/net820' driven by pin 'iir_notch_filter_inst/mult_1385_G2/Z_6' has no loads. (LINT-2)
Warning: In design 'deconv_kernel_estimator_top_level', net 'iir_notch_filter_inst/net819' driven by pin 'iir_notch_filter_inst/mult_1385_G2/Z_7' has no loads. (LINT-2)
Warning: In design 'deconv_kernel_estimator_top_level', net 'iir_notch_filter_inst/net818' driven by pin 'iir_notch_filter_inst/mult_1385_G2/Z_8' has no loads. (LINT-2)
Warning: In design 'deconv_kernel_estimator_top_level', net 'iir_notch_filter_inst/net817' driven by pin 'iir_notch_filter_inst/mult_1385_G2/Z_9' has no loads. (LINT-2)
Warning: In design 'deconv_kernel_estimator_top_level', net 'iir_notch_filter_inst/net816' driven by pin 'iir_notch_filter_inst/mult_1385_G2/Z_10' has no loads. (LINT-2)
Warning: In design 'deconv_kernel_estimator_top_level', net 'iir_notch_filter_inst/net815' driven by pin 'iir_notch_filter_inst/mult_1385_G2/Z_11' has no loads. (LINT-2)
Warning: In design 'deconv_kernel_estimator_top_level', net 'iir_notch_filter_inst/net814' driven by pin 'iir_notch_filter_inst/mult_1385_G2/Z_12' has no loads. (LINT-2)
Warning: In design 'deconv_kernel_estimator_top_level', net 'iir_notch_filter_inst/net813' driven by pin 'iir_notch_filter_inst/mult_1385_G2/Z_13' has no loads. (LINT-2)
Warning: In design 'deconv_kernel_estimator_top_level', net 'iir_notch_filter_inst/net812' driven by pin 'iir_notch_filter_inst/mult_1385_G2/Z_14' has no loads. (LINT-2)
Warning: In design 'deconv_kernel_estimator_top_level', net 'iir_notch_filter_inst/net811' driven by pin 'iir_notch_filter_inst/mult_1385_G2/Z_15' has no loads. (LINT-2)
Warning: In design 'deconv_kernel_estimator_top_level', net 'iir_notch_filter_inst/net810' driven by pin 'iir_notch_filter_inst/mult_1385_G2/Z_16' has no loads. (LINT-2)
Warning: In design 'deconv_kernel_estimator_top_level', net 'iir_notch_filter_inst/net809' driven by pin 'iir_notch_filter_inst/mult_1385_G2/Z_17' has no loads. (LINT-2)
Warning: In design 'deconv_kernel_estimator_top_level', net 'iir_notch_filter_inst/net808' driven by pin 'iir_notch_filter_inst/mult_1385_G2/Z_18' has no loads. (LINT-2)
Warning: In design 'deconv_kernel_estimator_top_level', net 'iir_notch_filter_inst/net807' driven by pin 'iir_notch_filter_inst/mult_1385_G2/Z_19' has no loads. (LINT-2)
Warning: In design 'deconv_kernel_estimator_top_level', net 'iir_notch_filter_inst/net806' driven by pin 'iir_notch_filter_inst/mult_1385_G2/Z_20' has no loads. (LINT-2)
Warning: In design 'deconv_kernel_estimator_top_level', net 'iir_notch_filter_inst/net805' driven by pin 'iir_notch_filter_inst/mult_1385_G2/Z_21' has no loads. (LINT-2)
Warning: In design 'deconv_kernel_estimator_top_level', net 'iir_notch_filter_inst/net804' driven by pin 'iir_notch_filter_inst/mult_1385_G2/Z_22' has no loads. (LINT-2)
Warning: In design 'deconv_kernel_estimator_top_level', net 'iir_notch_filter_inst/net803' driven by pin 'iir_notch_filter_inst/mult_1385_G2/Z_23' has no loads. (LINT-2)
Warning: In design 'deconv_kernel_estimator_top_level', net 'iir_notch_filter_inst/net802' driven by pin 'iir_notch_filter_inst/mult_1385_G2/Z_24' has no loads. (LINT-2)
Warning: In design 'deconv_kernel_estimator_top_level', net 'iir_notch_filter_inst/net801' driven by pin 'iir_notch_filter_inst/mult_1385_G2/Z_25' has no loads. (LINT-2)
Warning: In design 'deconv_kernel_estimator_top_level', net 'iir_notch_filter_inst/net800' driven by pin 'iir_notch_filter_inst/mult_1385_G2/Z_26' has no loads. (LINT-2)
Warning: In design 'deconv_kernel_estimator_top_level', net 'iir_notch_filter_inst/net799' driven by pin 'iir_notch_filter_inst/mult_1385_G2/Z_27' has no loads. (LINT-2)
Warning: In design 'deconv_kernel_estimator_top_level', net 'iir_notch_filter_inst/net798' driven by pin 'iir_notch_filter_inst/mult_1385_G2/Z_28' has no loads. (LINT-2)
Warning: In design 'deconv_kernel_estimator_top_level', net 'iir_notch_filter_inst/net797' driven by pin 'iir_notch_filter_inst/mult_1385_G2/Z_29' has no loads. (LINT-2)
Warning: In design 'deconv_kernel_estimator_top_level', net 'iir_notch_filter_inst/net796' driven by pin 'iir_notch_filter_inst/mult_1385_G2/Z_30' has no loads. (LINT-2)
Warning: In design 'deconv_kernel_estimator_top_level', net 'iir_notch_filter_inst/net795' driven by pin 'iir_notch_filter_inst/mult_1385_G2/Z_31' has no loads. (LINT-2)
Warning: In design 'deconv_kernel_estimator_top_level', net 'iir_notch_filter_inst/net794' driven by pin 'iir_notch_filter_inst/mult_1383/Z_0' has no loads. (LINT-2)
Warning: In design 'deconv_kernel_estimator_top_level', net 'iir_notch_filter_inst/net793' driven by pin 'iir_notch_filter_inst/mult_1383/Z_1' has no loads. (LINT-2)
Warning: In design 'deconv_kernel_estimator_top_level', net 'iir_notch_filter_inst/net792' driven by pin 'iir_notch_filter_inst/mult_1383/Z_2' has no loads. (LINT-2)
Warning: In design 'deconv_kernel_estimator_top_level', net 'iir_notch_filter_inst/net791' driven by pin 'iir_notch_filter_inst/mult_1383/Z_3' has no loads. (LINT-2)
Warning: In design 'deconv_kernel_estimator_top_level', net 'iir_notch_filter_inst/net790' driven by pin 'iir_notch_filter_inst/mult_1383/Z_4' has no loads. (LINT-2)
Warning: In design 'deconv_kernel_estimator_top_level', net 'iir_notch_filter_inst/net789' driven by pin 'iir_notch_filter_inst/mult_1383/Z_5' has no loads. (LINT-2)
Warning: In design 'deconv_kernel_estimator_top_level', net 'iir_notch_filter_inst/net788' driven by pin 'iir_notch_filter_inst/mult_1383/Z_6' has no loads. (LINT-2)
Warning: In design 'deconv_kernel_estimator_top_level', net 'iir_notch_filter_inst/net787' driven by pin 'iir_notch_filter_inst/mult_1383/Z_7' has no loads. (LINT-2)
Warning: In design 'deconv_kernel_estimator_top_level', net 'iir_notch_filter_inst/net786' driven by pin 'iir_notch_filter_inst/mult_1383/Z_8' has no loads. (LINT-2)
Warning: In design 'deconv_kernel_estimator_top_level', net 'iir_notch_filter_inst/net785' driven by pin 'iir_notch_filter_inst/mult_1383/Z_9' has no loads. (LINT-2)
Warning: In design 'deconv_kernel_estimator_top_level', net 'iir_notch_filter_inst/net784' driven by pin 'iir_notch_filter_inst/mult_1383/Z_10' has no loads. (LINT-2)
Warning: In design 'deconv_kernel_estimator_top_level', net 'iir_notch_filter_inst/net783' driven by pin 'iir_notch_filter_inst/mult_1383/Z_11' has no loads. (LINT-2)
Warning: In design 'deconv_kernel_estimator_top_level', net 'iir_notch_filter_inst/net782' driven by pin 'iir_notch_filter_inst/mult_1383/Z_12' has no loads. (LINT-2)
Warning: In design 'deconv_kernel_estimator_top_level', net 'iir_notch_filter_inst/net781' driven by pin 'iir_notch_filter_inst/mult_1383/Z_13' has no loads. (LINT-2)
Warning: In design 'deconv_kernel_estimator_top_level', net 'iir_notch_filter_inst/net780' driven by pin 'iir_notch_filter_inst/mult_1383/Z_14' has no loads. (LINT-2)
Warning: In design 'deconv_kernel_estimator_top_level', net 'iir_notch_filter_inst/net779' driven by pin 'iir_notch_filter_inst/mult_1383/Z_15' has no loads. (LINT-2)
Warning: In design 'deconv_kernel_estimator_top_level', net 'iir_notch_filter_inst/net778' driven by pin 'iir_notch_filter_inst/mult_1383/Z_16' has no loads. (LINT-2)
Warning: In design 'deconv_kernel_estimator_top_level', net 'iir_notch_filter_inst/net777' driven by pin 'iir_notch_filter_inst/mult_1383/Z_17' has no loads. (LINT-2)
Warning: In design 'deconv_kernel_estimator_top_level', net 'iir_notch_filter_inst/net776' driven by pin 'iir_notch_filter_inst/mult_1383/Z_18' has no loads. (LINT-2)
Warning: In design 'deconv_kernel_estimator_top_level', net 'iir_notch_filter_inst/net775' driven by pin 'iir_notch_filter_inst/mult_1383/Z_19' has no loads. (LINT-2)
Warning: In design 'deconv_kernel_estimator_top_level', net 'iir_notch_filter_inst/net774' driven by pin 'iir_notch_filter_inst/mult_1383/Z_20' has no loads. (LINT-2)
Warning: In design 'deconv_kernel_estimator_top_level', net 'iir_notch_filter_inst/net773' driven by pin 'iir_notch_filter_inst/mult_1383/Z_21' has no loads. (LINT-2)
Warning: In design 'deconv_kernel_estimator_top_level', net 'iir_notch_filter_inst/net772' driven by pin 'iir_notch_filter_inst/mult_1383/Z_22' has no loads. (LINT-2)
Warning: In design 'deconv_kernel_estimator_top_level', net 'iir_notch_filter_inst/net771' driven by pin 'iir_notch_filter_inst/mult_1383/Z_23' has no loads. (LINT-2)
Warning: In design 'deconv_kernel_estimator_top_level', net 'iir_notch_filter_inst/net770' driven by pin 'iir_notch_filter_inst/mult_1383/Z_24' has no loads. (LINT-2)
Warning: In design 'deconv_kernel_estimator_top_level', net 'iir_notch_filter_inst/net769' driven by pin 'iir_notch_filter_inst/mult_1383/Z_25' has no loads. (LINT-2)
Warning: In design 'deconv_kernel_estimator_top_level', net 'iir_notch_filter_inst/net768' driven by pin 'iir_notch_filter_inst/mult_1383/Z_26' has no loads. (LINT-2)
Warning: In design 'deconv_kernel_estimator_top_level', net 'iir_notch_filter_inst/net767' driven by pin 'iir_notch_filter_inst/mult_1383/Z_27' has no loads. (LINT-2)
Warning: In design 'deconv_kernel_estimator_top_level', net 'iir_notch_filter_inst/net766' driven by pin 'iir_notch_filter_inst/mult_1383/Z_28' has no loads. (LINT-2)
Warning: In design 'deconv_kernel_estimator_top_level', net 'iir_notch_filter_inst/net765' driven by pin 'iir_notch_filter_inst/mult_1383/Z_29' has no loads. (LINT-2)
Warning: In design 'deconv_kernel_estimator_top_level', net 'iir_notch_filter_inst/net764' driven by pin 'iir_notch_filter_inst/mult_1383/Z_30' has no loads. (LINT-2)
Warning: In design 'deconv_kernel_estimator_top_level', net 'iir_notch_filter_inst/net763' driven by pin 'iir_notch_filter_inst/mult_1383/Z_31' has no loads. (LINT-2)
Warning: In design 'deconv_kernel_estimator_top_level', net 'iir_notch_filter_inst/net762' driven by pin 'iir_notch_filter_inst/mult_1383_G2/Z_0' has no loads. (LINT-2)
Warning: In design 'deconv_kernel_estimator_top_level', net 'iir_notch_filter_inst/net761' driven by pin 'iir_notch_filter_inst/mult_1383_G2/Z_1' has no loads. (LINT-2)
Warning: In design 'deconv_kernel_estimator_top_level', net 'iir_notch_filter_inst/net760' driven by pin 'iir_notch_filter_inst/mult_1383_G2/Z_2' has no loads. (LINT-2)
Warning: In design 'deconv_kernel_estimator_top_level', net 'iir_notch_filter_inst/net759' driven by pin 'iir_notch_filter_inst/mult_1383_G2/Z_3' has no loads. (LINT-2)
Warning: In design 'deconv_kernel_estimator_top_level', net 'iir_notch_filter_inst/net758' driven by pin 'iir_notch_filter_inst/mult_1383_G2/Z_4' has no loads. (LINT-2)
Warning: In design 'deconv_kernel_estimator_top_level', net 'iir_notch_filter_inst/net757' driven by pin 'iir_notch_filter_inst/mult_1383_G2/Z_5' has no loads. (LINT-2)
Warning: In design 'deconv_kernel_estimator_top_level', net 'iir_notch_filter_inst/net756' driven by pin 'iir_notch_filter_inst/mult_1383_G2/Z_6' has no loads. (LINT-2)
Warning: In design 'deconv_kernel_estimator_top_level', net 'iir_notch_filter_inst/net755' driven by pin 'iir_notch_filter_inst/mult_1383_G2/Z_7' has no loads. (LINT-2)
Warning: In design 'deconv_kernel_estimator_top_level', net 'iir_notch_filter_inst/net754' driven by pin 'iir_notch_filter_inst/mult_1383_G2/Z_8' has no loads. (LINT-2)
Warning: In design 'deconv_kernel_estimator_top_level', net 'iir_notch_filter_inst/net753' driven by pin 'iir_notch_filter_inst/mult_1383_G2/Z_9' has no loads. (LINT-2)
Warning: In design 'deconv_kernel_estimator_top_level', net 'iir_notch_filter_inst/net752' driven by pin 'iir_notch_filter_inst/mult_1383_G2/Z_10' has no loads. (LINT-2)
Warning: In design 'deconv_kernel_estimator_top_level', net 'iir_notch_filter_inst/net751' driven by pin 'iir_notch_filter_inst/mult_1383_G2/Z_11' has no loads. (LINT-2)
Warning: In design 'deconv_kernel_estimator_top_level', net 'iir_notch_filter_inst/net750' driven by pin 'iir_notch_filter_inst/mult_1383_G2/Z_12' has no loads. (LINT-2)
Warning: In design 'deconv_kernel_estimator_top_level', net 'iir_notch_filter_inst/net749' driven by pin 'iir_notch_filter_inst/mult_1383_G2/Z_13' has no loads. (LINT-2)
Warning: In design 'deconv_kernel_estimator_top_level', net 'iir_notch_filter_inst/net748' driven by pin 'iir_notch_filter_inst/mult_1383_G2/Z_14' has no loads. (LINT-2)
Warning: In design 'deconv_kernel_estimator_top_level', net 'iir_notch_filter_inst/net747' driven by pin 'iir_notch_filter_inst/mult_1383_G2/Z_15' has no loads. (LINT-2)
Warning: In design 'deconv_kernel_estimator_top_level', net 'iir_notch_filter_inst/net746' driven by pin 'iir_notch_filter_inst/mult_1383_G2/Z_16' has no loads. (LINT-2)
Warning: In design 'deconv_kernel_estimator_top_level', net 'iir_notch_filter_inst/net745' driven by pin 'iir_notch_filter_inst/mult_1383_G2/Z_17' has no loads. (LINT-2)
Warning: In design 'deconv_kernel_estimator_top_level', net 'iir_notch_filter_inst/net744' driven by pin 'iir_notch_filter_inst/mult_1383_G2/Z_18' has no loads. (LINT-2)
Warning: In design 'deconv_kernel_estimator_top_level', net 'iir_notch_filter_inst/net743' driven by pin 'iir_notch_filter_inst/mult_1383_G2/Z_19' has no loads. (LINT-2)
Warning: In design 'deconv_kernel_estimator_top_level', net 'iir_notch_filter_inst/net742' driven by pin 'iir_notch_filter_inst/mult_1383_G2/Z_20' has no loads. (LINT-2)
Warning: In design 'deconv_kernel_estimator_top_level', net 'iir_notch_filter_inst/net741' driven by pin 'iir_notch_filter_inst/mult_1383_G2/Z_21' has no loads. (LINT-2)
Warning: In design 'deconv_kernel_estimator_top_level', net 'iir_notch_filter_inst/net740' driven by pin 'iir_notch_filter_inst/mult_1383_G2/Z_22' has no loads. (LINT-2)
Warning: In design 'deconv_kernel_estimator_top_level', net 'iir_notch_filter_inst/net739' driven by pin 'iir_notch_filter_inst/mult_1383_G2/Z_23' has no loads. (LINT-2)
Warning: In design 'deconv_kernel_estimator_top_level', net 'iir_notch_filter_inst/net738' driven by pin 'iir_notch_filter_inst/mult_1383_G2/Z_24' has no loads. (LINT-2)
Warning: In design 'deconv_kernel_estimator_top_level', net 'iir_notch_filter_inst/net737' driven by pin 'iir_notch_filter_inst/mult_1383_G2/Z_25' has no loads. (LINT-2)
Warning: In design 'deconv_kernel_estimator_top_level', net 'iir_notch_filter_inst/net736' driven by pin 'iir_notch_filter_inst/mult_1383_G2/Z_26' has no loads. (LINT-2)
Warning: In design 'deconv_kernel_estimator_top_level', net 'iir_notch_filter_inst/net735' driven by pin 'iir_notch_filter_inst/mult_1383_G2/Z_27' has no loads. (LINT-2)
Warning: In design 'deconv_kernel_estimator_top_level', net 'iir_notch_filter_inst/net734' driven by pin 'iir_notch_filter_inst/mult_1383_G2/Z_28' has no loads. (LINT-2)
Warning: In design 'deconv_kernel_estimator_top_level', net 'iir_notch_filter_inst/net733' driven by pin 'iir_notch_filter_inst/mult_1383_G2/Z_29' has no loads. (LINT-2)
Warning: In design 'deconv_kernel_estimator_top_level', net 'iir_notch_filter_inst/net732' driven by pin 'iir_notch_filter_inst/mult_1383_G2/Z_30' has no loads. (LINT-2)
Warning: In design 'deconv_kernel_estimator_top_level', net 'iir_notch_filter_inst/net731' driven by pin 'iir_notch_filter_inst/mult_1383_G2/Z_31' has no loads. (LINT-2)
Warning: In design 'deconv_kernel_estimator_top_level', net 'iir_notch_filter_inst/net730' driven by pin 'iir_notch_filter_inst/C1175/Z' has no loads. (LINT-2)
Warning: In design 'deconv_kernel_estimator_top_level', net 'iir_notch_filter_inst/net729' driven by pin 'iir_notch_filter_inst/C1172/Z' has no loads. (LINT-2)
Warning: In design 'deconv_kernel_estimator_top_level', net 'iir_notch_filter_inst/fixed_div_overflow' driven by pin 'iir_notch_filter_inst/fixed_pt_div_inst/o_overflow' has no loads. (LINT-2)
Warning: In design 'deconv_kernel_estimator_top_level', net 'iir_notch_filter_inst/num_cordic_busy' driven by pin 'iir_notch_filter_inst/cordic_rect_to_polar_inst_num/o_busy' has no loads. (LINT-2)
Warning: In design 'deconv_kernel_estimator_top_level', net 'iir_notch_filter_inst/a_cordic_busy[0]' driven by pin 'iir_notch_filter_inst/genblk2[0].cordic_polar_to_rect_inst_a/o_busy' has no loads. (LINT-2)
Warning: In design 'deconv_kernel_estimator_top_level', net 'phase_vec_sram_interface_inst/net5592' driven by pin 'phase_vec_sram_interface_inst/C259/Z' has no loads. (LINT-2)
Warning: In design 'deconv_kernel_estimator_top_level', net 'phase_vec_sram_interface_inst/net5591' driven by pin 'phase_vec_sram_interface_inst/C254/Z' has no loads. (LINT-2)
Warning: In design 'deconv_kernel_estimator_top_level', net 'tf_coeff_sram_interface_inst/net5649' driven by pin 'tf_coeff_sram_interface_inst/C259/Z' has no loads. (LINT-2)
Warning: In design 'deconv_kernel_estimator_top_level', net 'tf_coeff_sram_interface_inst/net5648' driven by pin 'tf_coeff_sram_interface_inst/C254/Z' has no loads. (LINT-2)
Warning: In design 'deconv_kernel_estimator_top_level', net 'deconv_kernel_magnitude_sram_interface_inst/net5706' driven by pin 'deconv_kernel_magnitude_sram_interface_inst/C168/Z' has no loads. (LINT-2)
Warning: In design 'deconv_kernel_estimator_top_level', net 'deconv_kernel_magnitude_sram_interface_inst/net5705' driven by pin 'deconv_kernel_magnitude_sram_interface_inst/C163/Z' has no loads. (LINT-2)
Warning: In design 'deconv_kernel_estimator_top_level', net 'deconv_kernel_phase_sram_interface_inst/net5763' driven by pin 'deconv_kernel_phase_sram_interface_inst/C168/Z' has no loads. (LINT-2)
Warning: In design 'deconv_kernel_estimator_top_level', net 'deconv_kernel_phase_sram_interface_inst/net5762' driven by pin 'deconv_kernel_phase_sram_interface_inst/C163/Z' has no loads. (LINT-2)
Warning: In design 'deconv_kernel_estimator_top_level', net 'iir_notch_filter_inst/genblk2[0].cordic_polar_to_rect_inst_a/net5823' driven by pin 'iir_notch_filter_inst/genblk2[0].cordic_polar_to_rect_inst_a/add_310/Z_0' has no loads. (LINT-2)
Warning: In design 'deconv_kernel_estimator_top_level', net 'iir_notch_filter_inst/genblk2[0].cordic_polar_to_rect_inst_a/net5822' driven by pin 'iir_notch_filter_inst/genblk2[0].cordic_polar_to_rect_inst_a/add_310/Z_1' has no loads. (LINT-2)
Warning: In design 'deconv_kernel_estimator_top_level', net 'iir_notch_filter_inst/genblk2[0].cordic_polar_to_rect_inst_a/net5821' driven by pin 'iir_notch_filter_inst/genblk2[0].cordic_polar_to_rect_inst_a/add_313/Z_0' has no loads. (LINT-2)
Warning: In design 'deconv_kernel_estimator_top_level', net 'iir_notch_filter_inst/genblk2[0].cordic_polar_to_rect_inst_a/net5820' driven by pin 'iir_notch_filter_inst/genblk2[0].cordic_polar_to_rect_inst_a/add_313/Z_1' has no loads. (LINT-2)
Warning: In design 'deconv_kernel_estimator_top_level', net 'iir_notch_filter_inst/genblk2[0].cordic_polar_to_rect_inst_a/net5819' driven by pin 'iir_notch_filter_inst/genblk2[0].cordic_polar_to_rect_inst_a/C412/Z' has no loads. (LINT-2)
Warning: In design 'deconv_kernel_estimator_top_level', net 'iir_notch_filter_inst/cordic_rect_to_polar_inst_num/net13125' driven by pin 'iir_notch_filter_inst/cordic_rect_to_polar_inst_num/add_639/Z_0' has no loads. (LINT-2)
Warning: In design 'deconv_kernel_estimator_top_level', net 'iir_notch_filter_inst/cordic_rect_to_polar_inst_num/net13124' driven by pin 'iir_notch_filter_inst/cordic_rect_to_polar_inst_num/add_639/Z_1' has no loads. (LINT-2)
Warning: In design 'deconv_kernel_estimator_top_level', net 'iir_notch_filter_inst/cordic_rect_to_polar_inst_num/net13123' driven by pin 'iir_notch_filter_inst/cordic_rect_to_polar_inst_num/add_639/Z_2' has no loads. (LINT-2)
Warning: In design 'deconv_kernel_estimator_top_level', net 'iir_notch_filter_inst/cordic_rect_to_polar_inst_num/net13122' driven by pin 'iir_notch_filter_inst/cordic_rect_to_polar_inst_num/add_639/Z_3' has no loads. (LINT-2)
Warning: In design 'deconv_kernel_estimator_top_level', net 'iir_notch_filter_inst/cordic_rect_to_polar_inst_num/net13121' driven by pin 'iir_notch_filter_inst/cordic_rect_to_polar_inst_num/add_639/Z_4' has no loads. (LINT-2)
Warning: In design 'deconv_kernel_estimator_top_level', net 'iir_notch_filter_inst/cordic_rect_to_polar_inst_num/net13120' driven by pin 'iir_notch_filter_inst/cordic_rect_to_polar_inst_num/add_639/Z_5' has no loads. (LINT-2)
Warning: In design 'deconv_kernel_estimator_top_level', net 'iir_notch_filter_inst/cordic_rect_to_polar_inst_num/net13119' driven by pin 'iir_notch_filter_inst/cordic_rect_to_polar_inst_num/C361/Z' has no loads. (LINT-2)
Warning: In design 'deconv_kernel_estimator_top_level', net 'iir_notch_filter_inst/fixed_pt_div_inst/net16735' driven by pin 'iir_notch_filter_inst/fixed_pt_div_inst/C726/Z' has no loads. (LINT-2)
Warning: In design 'deconv_kernel_estimator_top_level', net 'iir_notch_filter_inst/fixed_pt_div_inst/net16734' driven by pin 'iir_notch_filter_inst/fixed_pt_div_inst/C724/Z' has no loads. (LINT-2)
Warning: In design 'deconv_kernel_estimator_top_level', net 'iir_notch_filter_inst/fixed_pt_div_inst/net16733' driven by pin 'iir_notch_filter_inst/fixed_pt_div_inst/C721/Z' has no loads. (LINT-2)
Warning: In design 'deconv_kernel_estimator_top_level', a pin on submodule 'tf_coeff_sram_interface_inst' is connected to logic 1 or logic 0. (LINT-32)
   Pin 'rwadr[11]' is connected to logic 0. 
Warning: In design 'deconv_kernel_estimator_top_level', a pin on submodule 'tf_coeff_sram_interface_inst' is connected to logic 1 or logic 0. (LINT-32)
   Pin 'rwadr[10]' is connected to logic 0. 
Warning: In design 'deconv_kernel_estimator_top_level', a pin on submodule 'tf_coeff_sram_interface_inst' is connected to logic 1 or logic 0. (LINT-32)
   Pin 'rwadr[9]' is connected to logic 0. 
Warning: In design 'deconv_kernel_estimator_top_level', a pin on submodule 'tf_coeff_sram_interface_inst' is connected to logic 1 or logic 0. (LINT-32)
   Pin 'rwadr[8]' is connected to logic 0. 
Warning: In design 'deconv_kernel_estimator_top_level', a pin on submodule 'tf_coeff_sram_interface_inst' is connected to logic 1 or logic 0. (LINT-32)
   Pin 'rwadr[7]' is connected to logic 0. 
Warning: In design 'deconv_kernel_estimator_top_level', a pin on submodule 'tf_coeff_sram_interface_inst' is connected to logic 1 or logic 0. (LINT-32)
   Pin 'rwadr[6]' is connected to logic 0. 
Warning: In design 'deconv_kernel_estimator_top_level', a pin on submodule 'tf_coeff_sram_interface_inst' is connected to logic 1 or logic 0. (LINT-32)
   Pin 'rwadr[5]' is connected to logic 0. 
Warning: In design 'deconv_kernel_estimator_top_level', a pin on submodule 'tf_coeff_sram_interface_inst' is connected to logic 1 or logic 0. (LINT-32)
   Pin 'rwadr[4]' is connected to logic 0. 
Warning: In design 'deconv_kernel_estimator_top_level', a pin on submodule 'tf_coeff_sram_interface_inst' is connected to logic 1 or logic 0. (LINT-32)
   Pin 'rwadr[3]' is connected to logic 0. 
Warning: In design 'deconv_kernel_estimator_top_level', a pin on submodule 'tf_coeff_sram_interface_inst' is connected to logic 1 or logic 0. (LINT-32)
   Pin 'rwadr[2]' is connected to logic 0. 
Warning: In design 'deconv_kernel_estimator_top_level', a pin on submodule 'tf_coeff_sram_interface_inst' is connected to logic 1 or logic 0. (LINT-32)
   Pin 'rwadr[1]' is connected to logic 0. 
Warning: In design 'deconv_kernel_estimator_top_level', a pin on submodule 'tf_coeff_sram_interface_inst' is connected to logic 1 or logic 0. (LINT-32)
   Pin 'rwadr[0]' is connected to logic 0. 
Warning: In design 'iir_notch_filter_CONFIG_SIZE12_CORDIC_XY_BITS16_CORDIC_PHASE_BITS16_ADC_BITS8_FIXED_Q13_FILTER_ORDER2_LATENCY4', a pin on submodule 'genblk2[0].cordic_polar_to_rect_inst_a' is connected to logic 1 or logic 0. (LINT-32)
   Pin 'i_aux' is connected to logic 0. 
Warning: In design 'iir_notch_filter_CONFIG_SIZE12_CORDIC_XY_BITS16_CORDIC_PHASE_BITS16_ADC_BITS8_FIXED_Q13_FILTER_ORDER2_LATENCY4', a pin on submodule 'genblk2[0].cordic_polar_to_rect_inst_a' is connected to logic 1 or logic 0. (LINT-32)
   Pin 'i_yval[15]' is connected to logic 0. 
Warning: In design 'iir_notch_filter_CONFIG_SIZE12_CORDIC_XY_BITS16_CORDIC_PHASE_BITS16_ADC_BITS8_FIXED_Q13_FILTER_ORDER2_LATENCY4', a pin on submodule 'genblk2[0].cordic_polar_to_rect_inst_a' is connected to logic 1 or logic 0. (LINT-32)
   Pin 'i_yval[14]' is connected to logic 0. 
Warning: In design 'iir_notch_filter_CONFIG_SIZE12_CORDIC_XY_BITS16_CORDIC_PHASE_BITS16_ADC_BITS8_FIXED_Q13_FILTER_ORDER2_LATENCY4', a pin on submodule 'genblk2[0].cordic_polar_to_rect_inst_a' is connected to logic 1 or logic 0. (LINT-32)
   Pin 'i_yval[13]' is connected to logic 0. 
Warning: In design 'iir_notch_filter_CONFIG_SIZE12_CORDIC_XY_BITS16_CORDIC_PHASE_BITS16_ADC_BITS8_FIXED_Q13_FILTER_ORDER2_LATENCY4', a pin on submodule 'genblk2[0].cordic_polar_to_rect_inst_a' is connected to logic 1 or logic 0. (LINT-32)
   Pin 'i_yval[12]' is connected to logic 0. 
Warning: In design 'iir_notch_filter_CONFIG_SIZE12_CORDIC_XY_BITS16_CORDIC_PHASE_BITS16_ADC_BITS8_FIXED_Q13_FILTER_ORDER2_LATENCY4', a pin on submodule 'genblk2[0].cordic_polar_to_rect_inst_a' is connected to logic 1 or logic 0. (LINT-32)
   Pin 'i_yval[11]' is connected to logic 0. 
Warning: In design 'iir_notch_filter_CONFIG_SIZE12_CORDIC_XY_BITS16_CORDIC_PHASE_BITS16_ADC_BITS8_FIXED_Q13_FILTER_ORDER2_LATENCY4', a pin on submodule 'genblk2[0].cordic_polar_to_rect_inst_a' is connected to logic 1 or logic 0. (LINT-32)
   Pin 'i_yval[10]' is connected to logic 0. 
Warning: In design 'iir_notch_filter_CONFIG_SIZE12_CORDIC_XY_BITS16_CORDIC_PHASE_BITS16_ADC_BITS8_FIXED_Q13_FILTER_ORDER2_LATENCY4', a pin on submodule 'genblk2[0].cordic_polar_to_rect_inst_a' is connected to logic 1 or logic 0. (LINT-32)
   Pin 'i_yval[9]' is connected to logic 0. 
Warning: In design 'iir_notch_filter_CONFIG_SIZE12_CORDIC_XY_BITS16_CORDIC_PHASE_BITS16_ADC_BITS8_FIXED_Q13_FILTER_ORDER2_LATENCY4', a pin on submodule 'genblk2[0].cordic_polar_to_rect_inst_a' is connected to logic 1 or logic 0. (LINT-32)
   Pin 'i_yval[8]' is connected to logic 0. 
Warning: In design 'iir_notch_filter_CONFIG_SIZE12_CORDIC_XY_BITS16_CORDIC_PHASE_BITS16_ADC_BITS8_FIXED_Q13_FILTER_ORDER2_LATENCY4', a pin on submodule 'genblk2[0].cordic_polar_to_rect_inst_a' is connected to logic 1 or logic 0. (LINT-32)
   Pin 'i_yval[7]' is connected to logic 0. 
Warning: In design 'iir_notch_filter_CONFIG_SIZE12_CORDIC_XY_BITS16_CORDIC_PHASE_BITS16_ADC_BITS8_FIXED_Q13_FILTER_ORDER2_LATENCY4', a pin on submodule 'genblk2[0].cordic_polar_to_rect_inst_a' is connected to logic 1 or logic 0. (LINT-32)
   Pin 'i_yval[6]' is connected to logic 0. 
Warning: In design 'iir_notch_filter_CONFIG_SIZE12_CORDIC_XY_BITS16_CORDIC_PHASE_BITS16_ADC_BITS8_FIXED_Q13_FILTER_ORDER2_LATENCY4', a pin on submodule 'genblk2[0].cordic_polar_to_rect_inst_a' is connected to logic 1 or logic 0. (LINT-32)
   Pin 'i_yval[5]' is connected to logic 0. 
Warning: In design 'iir_notch_filter_CONFIG_SIZE12_CORDIC_XY_BITS16_CORDIC_PHASE_BITS16_ADC_BITS8_FIXED_Q13_FILTER_ORDER2_LATENCY4', a pin on submodule 'genblk2[0].cordic_polar_to_rect_inst_a' is connected to logic 1 or logic 0. (LINT-32)
   Pin 'i_yval[4]' is connected to logic 0. 
Warning: In design 'iir_notch_filter_CONFIG_SIZE12_CORDIC_XY_BITS16_CORDIC_PHASE_BITS16_ADC_BITS8_FIXED_Q13_FILTER_ORDER2_LATENCY4', a pin on submodule 'genblk2[0].cordic_polar_to_rect_inst_a' is connected to logic 1 or logic 0. (LINT-32)
   Pin 'i_yval[3]' is connected to logic 0. 
Warning: In design 'iir_notch_filter_CONFIG_SIZE12_CORDIC_XY_BITS16_CORDIC_PHASE_BITS16_ADC_BITS8_FIXED_Q13_FILTER_ORDER2_LATENCY4', a pin on submodule 'genblk2[0].cordic_polar_to_rect_inst_a' is connected to logic 1 or logic 0. (LINT-32)
   Pin 'i_yval[2]' is connected to logic 0. 
Warning: In design 'iir_notch_filter_CONFIG_SIZE12_CORDIC_XY_BITS16_CORDIC_PHASE_BITS16_ADC_BITS8_FIXED_Q13_FILTER_ORDER2_LATENCY4', a pin on submodule 'genblk2[0].cordic_polar_to_rect_inst_a' is connected to logic 1 or logic 0. (LINT-32)
   Pin 'i_yval[1]' is connected to logic 0. 
Warning: In design 'iir_notch_filter_CONFIG_SIZE12_CORDIC_XY_BITS16_CORDIC_PHASE_BITS16_ADC_BITS8_FIXED_Q13_FILTER_ORDER2_LATENCY4', a pin on submodule 'genblk2[0].cordic_polar_to_rect_inst_a' is connected to logic 1 or logic 0. (LINT-32)
   Pin 'i_yval[0]' is connected to logic 0. 
Warning: In design 'iir_notch_filter_CONFIG_SIZE12_CORDIC_XY_BITS16_CORDIC_PHASE_BITS16_ADC_BITS8_FIXED_Q13_FILTER_ORDER2_LATENCY4', a pin on submodule 'genblk2[0].cordic_polar_to_rect_inst_b' is connected to logic 1 or logic 0. (LINT-32)
   Pin 'i_aux' is connected to logic 0. 
Warning: In design 'iir_notch_filter_CONFIG_SIZE12_CORDIC_XY_BITS16_CORDIC_PHASE_BITS16_ADC_BITS8_FIXED_Q13_FILTER_ORDER2_LATENCY4', a pin on submodule 'genblk2[0].cordic_polar_to_rect_inst_b' is connected to logic 1 or logic 0. (LINT-32)
   Pin 'i_yval[15]' is connected to logic 0. 
Warning: In design 'iir_notch_filter_CONFIG_SIZE12_CORDIC_XY_BITS16_CORDIC_PHASE_BITS16_ADC_BITS8_FIXED_Q13_FILTER_ORDER2_LATENCY4', a pin on submodule 'genblk2[0].cordic_polar_to_rect_inst_b' is connected to logic 1 or logic 0. (LINT-32)
   Pin 'i_yval[14]' is connected to logic 0. 
Warning: In design 'iir_notch_filter_CONFIG_SIZE12_CORDIC_XY_BITS16_CORDIC_PHASE_BITS16_ADC_BITS8_FIXED_Q13_FILTER_ORDER2_LATENCY4', a pin on submodule 'genblk2[0].cordic_polar_to_rect_inst_b' is connected to logic 1 or logic 0. (LINT-32)
   Pin 'i_yval[13]' is connected to logic 0. 
Warning: In design 'iir_notch_filter_CONFIG_SIZE12_CORDIC_XY_BITS16_CORDIC_PHASE_BITS16_ADC_BITS8_FIXED_Q13_FILTER_ORDER2_LATENCY4', a pin on submodule 'genblk2[0].cordic_polar_to_rect_inst_b' is connected to logic 1 or logic 0. (LINT-32)
   Pin 'i_yval[12]' is connected to logic 0. 
Warning: In design 'iir_notch_filter_CONFIG_SIZE12_CORDIC_XY_BITS16_CORDIC_PHASE_BITS16_ADC_BITS8_FIXED_Q13_FILTER_ORDER2_LATENCY4', a pin on submodule 'genblk2[0].cordic_polar_to_rect_inst_b' is connected to logic 1 or logic 0. (LINT-32)
   Pin 'i_yval[11]' is connected to logic 0. 
Warning: In design 'iir_notch_filter_CONFIG_SIZE12_CORDIC_XY_BITS16_CORDIC_PHASE_BITS16_ADC_BITS8_FIXED_Q13_FILTER_ORDER2_LATENCY4', a pin on submodule 'genblk2[0].cordic_polar_to_rect_inst_b' is connected to logic 1 or logic 0. (LINT-32)
   Pin 'i_yval[10]' is connected to logic 0. 
Warning: In design 'iir_notch_filter_CONFIG_SIZE12_CORDIC_XY_BITS16_CORDIC_PHASE_BITS16_ADC_BITS8_FIXED_Q13_FILTER_ORDER2_LATENCY4', a pin on submodule 'genblk2[0].cordic_polar_to_rect_inst_b' is connected to logic 1 or logic 0. (LINT-32)
   Pin 'i_yval[9]' is connected to logic 0. 
Warning: In design 'iir_notch_filter_CONFIG_SIZE12_CORDIC_XY_BITS16_CORDIC_PHASE_BITS16_ADC_BITS8_FIXED_Q13_FILTER_ORDER2_LATENCY4', a pin on submodule 'genblk2[0].cordic_polar_to_rect_inst_b' is connected to logic 1 or logic 0. (LINT-32)
   Pin 'i_yval[8]' is connected to logic 0. 
Warning: In design 'iir_notch_filter_CONFIG_SIZE12_CORDIC_XY_BITS16_CORDIC_PHASE_BITS16_ADC_BITS8_FIXED_Q13_FILTER_ORDER2_LATENCY4', a pin on submodule 'genblk2[0].cordic_polar_to_rect_inst_b' is connected to logic 1 or logic 0. (LINT-32)
   Pin 'i_yval[7]' is connected to logic 0. 
Warning: In design 'iir_notch_filter_CONFIG_SIZE12_CORDIC_XY_BITS16_CORDIC_PHASE_BITS16_ADC_BITS8_FIXED_Q13_FILTER_ORDER2_LATENCY4', a pin on submodule 'genblk2[0].cordic_polar_to_rect_inst_b' is connected to logic 1 or logic 0. (LINT-32)
   Pin 'i_yval[6]' is connected to logic 0. 
Warning: In design 'iir_notch_filter_CONFIG_SIZE12_CORDIC_XY_BITS16_CORDIC_PHASE_BITS16_ADC_BITS8_FIXED_Q13_FILTER_ORDER2_LATENCY4', a pin on submodule 'genblk2[0].cordic_polar_to_rect_inst_b' is connected to logic 1 or logic 0. (LINT-32)
   Pin 'i_yval[5]' is connected to logic 0. 
Warning: In design 'iir_notch_filter_CONFIG_SIZE12_CORDIC_XY_BITS16_CORDIC_PHASE_BITS16_ADC_BITS8_FIXED_Q13_FILTER_ORDER2_LATENCY4', a pin on submodule 'genblk2[0].cordic_polar_to_rect_inst_b' is connected to logic 1 or logic 0. (LINT-32)
   Pin 'i_yval[4]' is connected to logic 0. 
Warning: In design 'iir_notch_filter_CONFIG_SIZE12_CORDIC_XY_BITS16_CORDIC_PHASE_BITS16_ADC_BITS8_FIXED_Q13_FILTER_ORDER2_LATENCY4', a pin on submodule 'genblk2[0].cordic_polar_to_rect_inst_b' is connected to logic 1 or logic 0. (LINT-32)
   Pin 'i_yval[3]' is connected to logic 0. 
Warning: In design 'iir_notch_filter_CONFIG_SIZE12_CORDIC_XY_BITS16_CORDIC_PHASE_BITS16_ADC_BITS8_FIXED_Q13_FILTER_ORDER2_LATENCY4', a pin on submodule 'genblk2[0].cordic_polar_to_rect_inst_b' is connected to logic 1 or logic 0. (LINT-32)
   Pin 'i_yval[2]' is connected to logic 0. 
Warning: In design 'iir_notch_filter_CONFIG_SIZE12_CORDIC_XY_BITS16_CORDIC_PHASE_BITS16_ADC_BITS8_FIXED_Q13_FILTER_ORDER2_LATENCY4', a pin on submodule 'genblk2[0].cordic_polar_to_rect_inst_b' is connected to logic 1 or logic 0. (LINT-32)
   Pin 'i_yval[1]' is connected to logic 0. 
Warning: In design 'iir_notch_filter_CONFIG_SIZE12_CORDIC_XY_BITS16_CORDIC_PHASE_BITS16_ADC_BITS8_FIXED_Q13_FILTER_ORDER2_LATENCY4', a pin on submodule 'genblk2[0].cordic_polar_to_rect_inst_b' is connected to logic 1 or logic 0. (LINT-32)
   Pin 'i_yval[0]' is connected to logic 0. 
Warning: In design 'iir_notch_filter_CONFIG_SIZE12_CORDIC_XY_BITS16_CORDIC_PHASE_BITS16_ADC_BITS8_FIXED_Q13_FILTER_ORDER2_LATENCY4', a pin on submodule 'genblk2[1].cordic_polar_to_rect_inst_a' is connected to logic 1 or logic 0. (LINT-32)
   Pin 'i_aux' is connected to logic 0. 
Warning: In design 'iir_notch_filter_CONFIG_SIZE12_CORDIC_XY_BITS16_CORDIC_PHASE_BITS16_ADC_BITS8_FIXED_Q13_FILTER_ORDER2_LATENCY4', a pin on submodule 'genblk2[1].cordic_polar_to_rect_inst_a' is connected to logic 1 or logic 0. (LINT-32)
   Pin 'i_yval[15]' is connected to logic 0. 
Warning: In design 'iir_notch_filter_CONFIG_SIZE12_CORDIC_XY_BITS16_CORDIC_PHASE_BITS16_ADC_BITS8_FIXED_Q13_FILTER_ORDER2_LATENCY4', a pin on submodule 'genblk2[1].cordic_polar_to_rect_inst_a' is connected to logic 1 or logic 0. (LINT-32)
   Pin 'i_yval[14]' is connected to logic 0. 
Warning: In design 'iir_notch_filter_CONFIG_SIZE12_CORDIC_XY_BITS16_CORDIC_PHASE_BITS16_ADC_BITS8_FIXED_Q13_FILTER_ORDER2_LATENCY4', a pin on submodule 'genblk2[1].cordic_polar_to_rect_inst_a' is connected to logic 1 or logic 0. (LINT-32)
   Pin 'i_yval[13]' is connected to logic 0. 
Warning: In design 'iir_notch_filter_CONFIG_SIZE12_CORDIC_XY_BITS16_CORDIC_PHASE_BITS16_ADC_BITS8_FIXED_Q13_FILTER_ORDER2_LATENCY4', a pin on submodule 'genblk2[1].cordic_polar_to_rect_inst_a' is connected to logic 1 or logic 0. (LINT-32)
   Pin 'i_yval[12]' is connected to logic 0. 
Warning: In design 'iir_notch_filter_CONFIG_SIZE12_CORDIC_XY_BITS16_CORDIC_PHASE_BITS16_ADC_BITS8_FIXED_Q13_FILTER_ORDER2_LATENCY4', a pin on submodule 'genblk2[1].cordic_polar_to_rect_inst_a' is connected to logic 1 or logic 0. (LINT-32)
   Pin 'i_yval[11]' is connected to logic 0. 
Warning: In design 'iir_notch_filter_CONFIG_SIZE12_CORDIC_XY_BITS16_CORDIC_PHASE_BITS16_ADC_BITS8_FIXED_Q13_FILTER_ORDER2_LATENCY4', a pin on submodule 'genblk2[1].cordic_polar_to_rect_inst_a' is connected to logic 1 or logic 0. (LINT-32)
   Pin 'i_yval[10]' is connected to logic 0. 
Warning: In design 'iir_notch_filter_CONFIG_SIZE12_CORDIC_XY_BITS16_CORDIC_PHASE_BITS16_ADC_BITS8_FIXED_Q13_FILTER_ORDER2_LATENCY4', a pin on submodule 'genblk2[1].cordic_polar_to_rect_inst_a' is connected to logic 1 or logic 0. (LINT-32)
   Pin 'i_yval[9]' is connected to logic 0. 
Warning: In design 'iir_notch_filter_CONFIG_SIZE12_CORDIC_XY_BITS16_CORDIC_PHASE_BITS16_ADC_BITS8_FIXED_Q13_FILTER_ORDER2_LATENCY4', a pin on submodule 'genblk2[1].cordic_polar_to_rect_inst_a' is connected to logic 1 or logic 0. (LINT-32)
   Pin 'i_yval[8]' is connected to logic 0. 
Warning: In design 'iir_notch_filter_CONFIG_SIZE12_CORDIC_XY_BITS16_CORDIC_PHASE_BITS16_ADC_BITS8_FIXED_Q13_FILTER_ORDER2_LATENCY4', a pin on submodule 'genblk2[1].cordic_polar_to_rect_inst_a' is connected to logic 1 or logic 0. (LINT-32)
   Pin 'i_yval[7]' is connected to logic 0. 
Warning: In design 'iir_notch_filter_CONFIG_SIZE12_CORDIC_XY_BITS16_CORDIC_PHASE_BITS16_ADC_BITS8_FIXED_Q13_FILTER_ORDER2_LATENCY4', a pin on submodule 'genblk2[1].cordic_polar_to_rect_inst_a' is connected to logic 1 or logic 0. (LINT-32)
   Pin 'i_yval[6]' is connected to logic 0. 
Warning: In design 'iir_notch_filter_CONFIG_SIZE12_CORDIC_XY_BITS16_CORDIC_PHASE_BITS16_ADC_BITS8_FIXED_Q13_FILTER_ORDER2_LATENCY4', a pin on submodule 'genblk2[1].cordic_polar_to_rect_inst_a' is connected to logic 1 or logic 0. (LINT-32)
   Pin 'i_yval[5]' is connected to logic 0. 
Warning: In design 'iir_notch_filter_CONFIG_SIZE12_CORDIC_XY_BITS16_CORDIC_PHASE_BITS16_ADC_BITS8_FIXED_Q13_FILTER_ORDER2_LATENCY4', a pin on submodule 'genblk2[1].cordic_polar_to_rect_inst_a' is connected to logic 1 or logic 0. (LINT-32)
   Pin 'i_yval[4]' is connected to logic 0. 
Warning: In design 'iir_notch_filter_CONFIG_SIZE12_CORDIC_XY_BITS16_CORDIC_PHASE_BITS16_ADC_BITS8_FIXED_Q13_FILTER_ORDER2_LATENCY4', a pin on submodule 'genblk2[1].cordic_polar_to_rect_inst_a' is connected to logic 1 or logic 0. (LINT-32)
   Pin 'i_yval[3]' is connected to logic 0. 
Warning: In design 'iir_notch_filter_CONFIG_SIZE12_CORDIC_XY_BITS16_CORDIC_PHASE_BITS16_ADC_BITS8_FIXED_Q13_FILTER_ORDER2_LATENCY4', a pin on submodule 'genblk2[1].cordic_polar_to_rect_inst_a' is connected to logic 1 or logic 0. (LINT-32)
   Pin 'i_yval[2]' is connected to logic 0. 
Warning: In design 'iir_notch_filter_CONFIG_SIZE12_CORDIC_XY_BITS16_CORDIC_PHASE_BITS16_ADC_BITS8_FIXED_Q13_FILTER_ORDER2_LATENCY4', a pin on submodule 'genblk2[1].cordic_polar_to_rect_inst_a' is connected to logic 1 or logic 0. (LINT-32)
   Pin 'i_yval[1]' is connected to logic 0. 
Warning: In design 'iir_notch_filter_CONFIG_SIZE12_CORDIC_XY_BITS16_CORDIC_PHASE_BITS16_ADC_BITS8_FIXED_Q13_FILTER_ORDER2_LATENCY4', a pin on submodule 'genblk2[1].cordic_polar_to_rect_inst_a' is connected to logic 1 or logic 0. (LINT-32)
   Pin 'i_yval[0]' is connected to logic 0. 
Warning: In design 'iir_notch_filter_CONFIG_SIZE12_CORDIC_XY_BITS16_CORDIC_PHASE_BITS16_ADC_BITS8_FIXED_Q13_FILTER_ORDER2_LATENCY4', a pin on submodule 'genblk2[1].cordic_polar_to_rect_inst_b' is connected to logic 1 or logic 0. (LINT-32)
   Pin 'i_aux' is connected to logic 0. 
Warning: In design 'iir_notch_filter_CONFIG_SIZE12_CORDIC_XY_BITS16_CORDIC_PHASE_BITS16_ADC_BITS8_FIXED_Q13_FILTER_ORDER2_LATENCY4', a pin on submodule 'genblk2[1].cordic_polar_to_rect_inst_b' is connected to logic 1 or logic 0. (LINT-32)
   Pin 'i_yval[15]' is connected to logic 0. 
Warning: In design 'iir_notch_filter_CONFIG_SIZE12_CORDIC_XY_BITS16_CORDIC_PHASE_BITS16_ADC_BITS8_FIXED_Q13_FILTER_ORDER2_LATENCY4', a pin on submodule 'genblk2[1].cordic_polar_to_rect_inst_b' is connected to logic 1 or logic 0. (LINT-32)
   Pin 'i_yval[14]' is connected to logic 0. 
Warning: In design 'iir_notch_filter_CONFIG_SIZE12_CORDIC_XY_BITS16_CORDIC_PHASE_BITS16_ADC_BITS8_FIXED_Q13_FILTER_ORDER2_LATENCY4', a pin on submodule 'genblk2[1].cordic_polar_to_rect_inst_b' is connected to logic 1 or logic 0. (LINT-32)
   Pin 'i_yval[13]' is connected to logic 0. 
Warning: In design 'iir_notch_filter_CONFIG_SIZE12_CORDIC_XY_BITS16_CORDIC_PHASE_BITS16_ADC_BITS8_FIXED_Q13_FILTER_ORDER2_LATENCY4', a pin on submodule 'genblk2[1].cordic_polar_to_rect_inst_b' is connected to logic 1 or logic 0. (LINT-32)
   Pin 'i_yval[12]' is connected to logic 0. 
Warning: In design 'iir_notch_filter_CONFIG_SIZE12_CORDIC_XY_BITS16_CORDIC_PHASE_BITS16_ADC_BITS8_FIXED_Q13_FILTER_ORDER2_LATENCY4', a pin on submodule 'genblk2[1].cordic_polar_to_rect_inst_b' is connected to logic 1 or logic 0. (LINT-32)
   Pin 'i_yval[11]' is connected to logic 0. 
Warning: In design 'iir_notch_filter_CONFIG_SIZE12_CORDIC_XY_BITS16_CORDIC_PHASE_BITS16_ADC_BITS8_FIXED_Q13_FILTER_ORDER2_LATENCY4', a pin on submodule 'genblk2[1].cordic_polar_to_rect_inst_b' is connected to logic 1 or logic 0. (LINT-32)
   Pin 'i_yval[10]' is connected to logic 0. 
Warning: In design 'iir_notch_filter_CONFIG_SIZE12_CORDIC_XY_BITS16_CORDIC_PHASE_BITS16_ADC_BITS8_FIXED_Q13_FILTER_ORDER2_LATENCY4', a pin on submodule 'genblk2[1].cordic_polar_to_rect_inst_b' is connected to logic 1 or logic 0. (LINT-32)
   Pin 'i_yval[9]' is connected to logic 0. 
Warning: In design 'iir_notch_filter_CONFIG_SIZE12_CORDIC_XY_BITS16_CORDIC_PHASE_BITS16_ADC_BITS8_FIXED_Q13_FILTER_ORDER2_LATENCY4', a pin on submodule 'genblk2[1].cordic_polar_to_rect_inst_b' is connected to logic 1 or logic 0. (LINT-32)
   Pin 'i_yval[8]' is connected to logic 0. 
Warning: In design 'iir_notch_filter_CONFIG_SIZE12_CORDIC_XY_BITS16_CORDIC_PHASE_BITS16_ADC_BITS8_FIXED_Q13_FILTER_ORDER2_LATENCY4', a pin on submodule 'genblk2[1].cordic_polar_to_rect_inst_b' is connected to logic 1 or logic 0. (LINT-32)
   Pin 'i_yval[7]' is connected to logic 0. 
Warning: In design 'iir_notch_filter_CONFIG_SIZE12_CORDIC_XY_BITS16_CORDIC_PHASE_BITS16_ADC_BITS8_FIXED_Q13_FILTER_ORDER2_LATENCY4', a pin on submodule 'genblk2[1].cordic_polar_to_rect_inst_b' is connected to logic 1 or logic 0. (LINT-32)
   Pin 'i_yval[6]' is connected to logic 0. 
Warning: In design 'iir_notch_filter_CONFIG_SIZE12_CORDIC_XY_BITS16_CORDIC_PHASE_BITS16_ADC_BITS8_FIXED_Q13_FILTER_ORDER2_LATENCY4', a pin on submodule 'genblk2[1].cordic_polar_to_rect_inst_b' is connected to logic 1 or logic 0. (LINT-32)
   Pin 'i_yval[5]' is connected to logic 0. 
Warning: In design 'iir_notch_filter_CONFIG_SIZE12_CORDIC_XY_BITS16_CORDIC_PHASE_BITS16_ADC_BITS8_FIXED_Q13_FILTER_ORDER2_LATENCY4', a pin on submodule 'genblk2[1].cordic_polar_to_rect_inst_b' is connected to logic 1 or logic 0. (LINT-32)
   Pin 'i_yval[4]' is connected to logic 0. 
Warning: In design 'iir_notch_filter_CONFIG_SIZE12_CORDIC_XY_BITS16_CORDIC_PHASE_BITS16_ADC_BITS8_FIXED_Q13_FILTER_ORDER2_LATENCY4', a pin on submodule 'genblk2[1].cordic_polar_to_rect_inst_b' is connected to logic 1 or logic 0. (LINT-32)
   Pin 'i_yval[3]' is connected to logic 0. 
Warning: In design 'iir_notch_filter_CONFIG_SIZE12_CORDIC_XY_BITS16_CORDIC_PHASE_BITS16_ADC_BITS8_FIXED_Q13_FILTER_ORDER2_LATENCY4', a pin on submodule 'genblk2[1].cordic_polar_to_rect_inst_b' is connected to logic 1 or logic 0. (LINT-32)
   Pin 'i_yval[2]' is connected to logic 0. 
Warning: In design 'iir_notch_filter_CONFIG_SIZE12_CORDIC_XY_BITS16_CORDIC_PHASE_BITS16_ADC_BITS8_FIXED_Q13_FILTER_ORDER2_LATENCY4', a pin on submodule 'genblk2[1].cordic_polar_to_rect_inst_b' is connected to logic 1 or logic 0. (LINT-32)
   Pin 'i_yval[1]' is connected to logic 0. 
Warning: In design 'iir_notch_filter_CONFIG_SIZE12_CORDIC_XY_BITS16_CORDIC_PHASE_BITS16_ADC_BITS8_FIXED_Q13_FILTER_ORDER2_LATENCY4', a pin on submodule 'genblk2[1].cordic_polar_to_rect_inst_b' is connected to logic 1 or logic 0. (LINT-32)
   Pin 'i_yval[0]' is connected to logic 0. 
Warning: In design 'iir_notch_filter_CONFIG_SIZE12_CORDIC_XY_BITS16_CORDIC_PHASE_BITS16_ADC_BITS8_FIXED_Q13_FILTER_ORDER2_LATENCY4', a pin on submodule 'cordic_rect_to_polar_inst_num' is connected to logic 1 or logic 0. (LINT-32)
   Pin 'i_aux' is connected to logic 0. 
Warning: In design 'iir_notch_filter_CONFIG_SIZE12_CORDIC_XY_BITS16_CORDIC_PHASE_BITS16_ADC_BITS8_FIXED_Q13_FILTER_ORDER2_LATENCY4', a pin on submodule 'cordic_rect_to_polar_inst_den' is connected to logic 1 or logic 0. (LINT-32)
   Pin 'i_aux' is connected to logic 0. 
Warning: In design 'deconv_kernel_magnitude_sram_interface_DATA_WIDTH16_ADDR_WIDTH12_DEPTH2048', a pin on submodule 'ram_sync_1rw1r_inst' is connected to logic 1 or logic 0. (LINT-32)
   Pin 'rwen' is connected to logic 0. 
Warning: In design 'deconv_kernel_phase_sram_interface_DATA_WIDTH16_ADDR_WIDTH12_DEPTH2048', a pin on submodule 'ram_sync_1rw1r_inst' is connected to logic 1 or logic 0. (LINT-32)
   Pin 'rwen' is connected to logic 0. 
Warning: In design 'deconv_kernel_estimator_top_level', the same net is connected to more than one pin on submodule 'tf_coeff_sram_interface_inst'. (LINT-33)
   Net '*Logic0*' is connected to pins 'rwadr[11]', 'rwadr[10]'', 'rwadr[9]', 'rwadr[8]', 'rwadr[7]', 'rwadr[6]', 'rwadr[5]', 'rwadr[4]', 'rwadr[3]', 'rwadr[2]', 'rwadr[1]', 'rwadr[0]'.
Warning: In design 'iir_notch_filter_CONFIG_SIZE12_CORDIC_XY_BITS16_CORDIC_PHASE_BITS16_ADC_BITS8_FIXED_Q13_FILTER_ORDER2_LATENCY4', the same net is connected to more than one pin on submodule 'genblk2[0].cordic_polar_to_rect_inst_a'. (LINT-33)
   Net '*Logic0*' is connected to pins 'i_aux', 'i_yval[15]'', 'i_yval[14]', 'i_yval[13]', 'i_yval[12]', 'i_yval[11]', 'i_yval[10]', 'i_yval[9]', 'i_yval[8]', 'i_yval[7]', 'i_yval[6]', 'i_yval[5]', 'i_yval[4]', 'i_yval[3]', 'i_yval[2]', 'i_yval[1]', 'i_yval[0]'.
Warning: In design 'iir_notch_filter_CONFIG_SIZE12_CORDIC_XY_BITS16_CORDIC_PHASE_BITS16_ADC_BITS8_FIXED_Q13_FILTER_ORDER2_LATENCY4', the same net is connected to more than one pin on submodule 'genblk2[0].cordic_polar_to_rect_inst_b'. (LINT-33)
   Net '*Logic0*' is connected to pins 'i_aux', 'i_yval[15]'', 'i_yval[14]', 'i_yval[13]', 'i_yval[12]', 'i_yval[11]', 'i_yval[10]', 'i_yval[9]', 'i_yval[8]', 'i_yval[7]', 'i_yval[6]', 'i_yval[5]', 'i_yval[4]', 'i_yval[3]', 'i_yval[2]', 'i_yval[1]', 'i_yval[0]'.
Warning: In design 'iir_notch_filter_CONFIG_SIZE12_CORDIC_XY_BITS16_CORDIC_PHASE_BITS16_ADC_BITS8_FIXED_Q13_FILTER_ORDER2_LATENCY4', the same net is connected to more than one pin on submodule 'genblk2[1].cordic_polar_to_rect_inst_a'. (LINT-33)
   Net '*Logic0*' is connected to pins 'i_aux', 'i_yval[15]'', 'i_yval[14]', 'i_yval[13]', 'i_yval[12]', 'i_yval[11]', 'i_yval[10]', 'i_yval[9]', 'i_yval[8]', 'i_yval[7]', 'i_yval[6]', 'i_yval[5]', 'i_yval[4]', 'i_yval[3]', 'i_yval[2]', 'i_yval[1]', 'i_yval[0]'.
Warning: In design 'iir_notch_filter_CONFIG_SIZE12_CORDIC_XY_BITS16_CORDIC_PHASE_BITS16_ADC_BITS8_FIXED_Q13_FILTER_ORDER2_LATENCY4', the same net is connected to more than one pin on submodule 'genblk2[1].cordic_polar_to_rect_inst_b'. (LINT-33)
   Net '*Logic0*' is connected to pins 'i_aux', 'i_yval[15]'', 'i_yval[14]', 'i_yval[13]', 'i_yval[12]', 'i_yval[11]', 'i_yval[10]', 'i_yval[9]', 'i_yval[8]', 'i_yval[7]', 'i_yval[6]', 'i_yval[5]', 'i_yval[4]', 'i_yval[3]', 'i_yval[2]', 'i_yval[1]', 'i_yval[0]'.
1
