
Design          Type    Object                  New Name
--------------------------------------------------------------------------------
Warning: The specified replacement character (_) is conflicting with the specified allowed or restricted character.   (UCN-4)
deconv_kernel_estimator_top_level
                cell    clk_gate_a_coeffs_reg[2]
                                                clk_gate_a_coeffs_reg_2_
deconv_kernel_estimator_top_level
                cell    clk_gate_a_coeffs_reg[1]
                                                clk_gate_a_coeffs_reg_1_
deconv_kernel_estimator_top_level
                cell    clk_gate_a_coeffs_reg[0]
                                                clk_gate_a_coeffs_reg_0_
deconv_kernel_estimator_top_level
                cell    clk_gate_b_coeffs_reg[2]
                                                clk_gate_b_coeffs_reg_2_
deconv_kernel_estimator_top_level
                cell    config_nfft_reg[11]     config_nfft_reg_11_
deconv_kernel_estimator_top_level
                cell    config_nfft_reg[10]     config_nfft_reg_10_
deconv_kernel_estimator_top_level
                cell    config_nfft_reg[9]      config_nfft_reg_9_
deconv_kernel_estimator_top_level
                cell    config_nfft_reg[8]      config_nfft_reg_8_
deconv_kernel_estimator_top_level
                cell    config_nfft_reg[7]      config_nfft_reg_7_
deconv_kernel_estimator_top_level
                cell    config_nfft_reg[6]      config_nfft_reg_6_
deconv_kernel_estimator_top_level
                cell    config_nfft_reg[5]      config_nfft_reg_5_
deconv_kernel_estimator_top_level
                cell    config_nfft_reg[4]      config_nfft_reg_4_
deconv_kernel_estimator_top_level
                cell    config_nfft_reg[3]      config_nfft_reg_3_
deconv_kernel_estimator_top_level
                cell    config_nfft_reg[2]      config_nfft_reg_2_
deconv_kernel_estimator_top_level
                cell    config_nfft_reg[1]      config_nfft_reg_1_
deconv_kernel_estimator_top_level
                cell    config_nfft_reg[0]      config_nfft_reg_0_
deconv_kernel_estimator_top_level
                cell    nfft_cntr_reg[11]       nfft_cntr_reg_11_
deconv_kernel_estimator_top_level
                cell    nfft_cntr_reg[10]       nfft_cntr_reg_10_
deconv_kernel_estimator_top_level
                cell    nfft_cntr_reg[9]        nfft_cntr_reg_9_
deconv_kernel_estimator_top_level
                cell    nfft_cntr_reg[8]        nfft_cntr_reg_8_
deconv_kernel_estimator_top_level
                cell    nfft_cntr_reg[7]        nfft_cntr_reg_7_
deconv_kernel_estimator_top_level
                cell    nfft_cntr_reg[6]        nfft_cntr_reg_6_
deconv_kernel_estimator_top_level
                cell    nfft_cntr_reg[5]        nfft_cntr_reg_5_
deconv_kernel_estimator_top_level
                cell    nfft_cntr_reg[4]        nfft_cntr_reg_4_
deconv_kernel_estimator_top_level
                cell    nfft_cntr_reg[3]        nfft_cntr_reg_3_
deconv_kernel_estimator_top_level
                cell    nfft_cntr_reg[2]        nfft_cntr_reg_2_
deconv_kernel_estimator_top_level
                cell    nfft_cntr_reg[1]        nfft_cntr_reg_1_
deconv_kernel_estimator_top_level
                cell    nfft_cntr_reg[0]        nfft_cntr_reg_0_
deconv_kernel_estimator_top_level
                cell    coeff_table_base_addr_bypass_reg[9]
                                                coeff_table_base_addr_bypass_reg_9_
deconv_kernel_estimator_top_level
                cell    coeff_table_base_addr_bypass_reg[8]
                                                coeff_table_base_addr_bypass_reg_8_
deconv_kernel_estimator_top_level
                cell    coeff_table_base_addr_bypass_reg[7]
                                                coeff_table_base_addr_bypass_reg_7_
deconv_kernel_estimator_top_level
                cell    coeff_table_base_addr_bypass_reg[6]
                                                coeff_table_base_addr_bypass_reg_6_
deconv_kernel_estimator_top_level
                cell    coeff_table_base_addr_bypass_reg[5]
                                                coeff_table_base_addr_bypass_reg_5_
deconv_kernel_estimator_top_level
                cell    coeff_table_base_addr_bypass_reg[4]
                                                coeff_table_base_addr_bypass_reg_4_
deconv_kernel_estimator_top_level
                cell    coeff_table_base_addr_bypass_reg[3]
                                                coeff_table_base_addr_bypass_reg_3_
deconv_kernel_estimator_top_level
                cell    coeff_table_base_addr_bypass_reg[2]
                                                coeff_table_base_addr_bypass_reg_2_
deconv_kernel_estimator_top_level
                cell    coeff_table_base_addr_bypass_reg[1]
                                                coeff_table_base_addr_bypass_reg_1_
deconv_kernel_estimator_top_level
                cell    coeff_table_base_addr_bypass_reg[0]
                                                coeff_table_base_addr_bypass_reg_0_
deconv_kernel_estimator_top_level
                cell    state_r_reg[2]          state_r_reg_2_
deconv_kernel_estimator_top_level
                cell    state_r_reg[0]          state_r_reg_0_
deconv_kernel_estimator_top_level
                cell    state_r_reg[1]          state_r_reg_1_
deconv_kernel_estimator_top_level
                cell    b_coeffs_reg[1][15]     b_coeffs_reg_1__15_
deconv_kernel_estimator_top_level
                cell    b_coeffs_reg[1][14]     b_coeffs_reg_1__14_
deconv_kernel_estimator_top_level
                cell    b_coeffs_reg[1][13]     b_coeffs_reg_1__13_
deconv_kernel_estimator_top_level
                cell    b_coeffs_reg[1][12]     b_coeffs_reg_1__12_
deconv_kernel_estimator_top_level
                cell    b_coeffs_reg[1][11]     b_coeffs_reg_1__11_
deconv_kernel_estimator_top_level
                cell    b_coeffs_reg[1][10]     b_coeffs_reg_1__10_
deconv_kernel_estimator_top_level
                cell    b_coeffs_reg[1][9]      b_coeffs_reg_1__9_
deconv_kernel_estimator_top_level
                cell    b_coeffs_reg[1][8]      b_coeffs_reg_1__8_
deconv_kernel_estimator_top_level
                cell    b_coeffs_reg[1][7]      b_coeffs_reg_1__7_
deconv_kernel_estimator_top_level
                cell    b_coeffs_reg[1][6]      b_coeffs_reg_1__6_
deconv_kernel_estimator_top_level
                cell    b_coeffs_reg[1][5]      b_coeffs_reg_1__5_
deconv_kernel_estimator_top_level
                cell    b_coeffs_reg[1][4]      b_coeffs_reg_1__4_
deconv_kernel_estimator_top_level
                cell    b_coeffs_reg[1][3]      b_coeffs_reg_1__3_
deconv_kernel_estimator_top_level
                cell    b_coeffs_reg[1][2]      b_coeffs_reg_1__2_
deconv_kernel_estimator_top_level
                cell    b_coeffs_reg[1][1]      b_coeffs_reg_1__1_
deconv_kernel_estimator_top_level
                cell    b_coeffs_reg[1][0]      b_coeffs_reg_1__0_
deconv_kernel_estimator_top_level
                cell    b_coeffs_reg[0][15]     b_coeffs_reg_0__15_
deconv_kernel_estimator_top_level
                cell    b_coeffs_reg[0][14]     b_coeffs_reg_0__14_
deconv_kernel_estimator_top_level
                cell    b_coeffs_reg[0][13]     b_coeffs_reg_0__13_
deconv_kernel_estimator_top_level
                cell    b_coeffs_reg[0][12]     b_coeffs_reg_0__12_
deconv_kernel_estimator_top_level
                cell    b_coeffs_reg[0][11]     b_coeffs_reg_0__11_
deconv_kernel_estimator_top_level
                cell    b_coeffs_reg[0][10]     b_coeffs_reg_0__10_
deconv_kernel_estimator_top_level
                cell    b_coeffs_reg[0][9]      b_coeffs_reg_0__9_
deconv_kernel_estimator_top_level
                cell    b_coeffs_reg[0][8]      b_coeffs_reg_0__8_
deconv_kernel_estimator_top_level
                cell    b_coeffs_reg[0][7]      b_coeffs_reg_0__7_
deconv_kernel_estimator_top_level
                cell    b_coeffs_reg[0][6]      b_coeffs_reg_0__6_
deconv_kernel_estimator_top_level
                cell    b_coeffs_reg[0][5]      b_coeffs_reg_0__5_
deconv_kernel_estimator_top_level
                cell    b_coeffs_reg[0][4]      b_coeffs_reg_0__4_
deconv_kernel_estimator_top_level
                cell    b_coeffs_reg[0][3]      b_coeffs_reg_0__3_
deconv_kernel_estimator_top_level
                cell    b_coeffs_reg[0][2]      b_coeffs_reg_0__2_
deconv_kernel_estimator_top_level
                cell    b_coeffs_reg[0][1]      b_coeffs_reg_0__1_
deconv_kernel_estimator_top_level
                cell    b_coeffs_reg[0][0]      b_coeffs_reg_0__0_
deconv_kernel_estimator_top_level
                cell    a_coeffs_reg[0][15]     a_coeffs_reg_0__15_
deconv_kernel_estimator_top_level
                cell    a_coeffs_reg[0][14]     a_coeffs_reg_0__14_
deconv_kernel_estimator_top_level
                cell    a_coeffs_reg[0][13]     a_coeffs_reg_0__13_
deconv_kernel_estimator_top_level
                cell    a_coeffs_reg[0][12]     a_coeffs_reg_0__12_
deconv_kernel_estimator_top_level
                cell    a_coeffs_reg[0][11]     a_coeffs_reg_0__11_
deconv_kernel_estimator_top_level
                cell    a_coeffs_reg[0][10]     a_coeffs_reg_0__10_
deconv_kernel_estimator_top_level
                cell    a_coeffs_reg[0][9]      a_coeffs_reg_0__9_
deconv_kernel_estimator_top_level
                cell    a_coeffs_reg[0][8]      a_coeffs_reg_0__8_
deconv_kernel_estimator_top_level
                cell    a_coeffs_reg[0][7]      a_coeffs_reg_0__7_
deconv_kernel_estimator_top_level
                cell    a_coeffs_reg[0][6]      a_coeffs_reg_0__6_
deconv_kernel_estimator_top_level
                cell    a_coeffs_reg[0][5]      a_coeffs_reg_0__5_
deconv_kernel_estimator_top_level
                cell    a_coeffs_reg[0][4]      a_coeffs_reg_0__4_
deconv_kernel_estimator_top_level
                cell    a_coeffs_reg[0][3]      a_coeffs_reg_0__3_
deconv_kernel_estimator_top_level
                cell    a_coeffs_reg[0][2]      a_coeffs_reg_0__2_
deconv_kernel_estimator_top_level
                cell    a_coeffs_reg[0][1]      a_coeffs_reg_0__1_
deconv_kernel_estimator_top_level
                cell    a_coeffs_reg[0][0]      a_coeffs_reg_0__0_
deconv_kernel_estimator_top_level
                cell    a_coeffs_reg[2][15]     a_coeffs_reg_2__15_
deconv_kernel_estimator_top_level
                cell    a_coeffs_reg[2][14]     a_coeffs_reg_2__14_
deconv_kernel_estimator_top_level
                cell    a_coeffs_reg[2][13]     a_coeffs_reg_2__13_
deconv_kernel_estimator_top_level
                cell    a_coeffs_reg[2][12]     a_coeffs_reg_2__12_
deconv_kernel_estimator_top_level
                cell    a_coeffs_reg[2][11]     a_coeffs_reg_2__11_
deconv_kernel_estimator_top_level
                cell    a_coeffs_reg[2][10]     a_coeffs_reg_2__10_
deconv_kernel_estimator_top_level
                cell    a_coeffs_reg[2][9]      a_coeffs_reg_2__9_
deconv_kernel_estimator_top_level
                cell    a_coeffs_reg[2][8]      a_coeffs_reg_2__8_
deconv_kernel_estimator_top_level
                cell    a_coeffs_reg[2][7]      a_coeffs_reg_2__7_
deconv_kernel_estimator_top_level
                cell    a_coeffs_reg[2][6]      a_coeffs_reg_2__6_
deconv_kernel_estimator_top_level
                cell    a_coeffs_reg[2][5]      a_coeffs_reg_2__5_
deconv_kernel_estimator_top_level
                cell    a_coeffs_reg[2][4]      a_coeffs_reg_2__4_
deconv_kernel_estimator_top_level
                cell    a_coeffs_reg[2][3]      a_coeffs_reg_2__3_
deconv_kernel_estimator_top_level
                cell    a_coeffs_reg[2][2]      a_coeffs_reg_2__2_
deconv_kernel_estimator_top_level
                cell    a_coeffs_reg[2][1]      a_coeffs_reg_2__1_
deconv_kernel_estimator_top_level
                cell    a_coeffs_reg[2][0]      a_coeffs_reg_2__0_
deconv_kernel_estimator_top_level
                cell    tf_coeff_radr_reg[11]   tf_coeff_radr_reg_11_
deconv_kernel_estimator_top_level
                cell    tf_coeff_radr_reg[10]   tf_coeff_radr_reg_10_
deconv_kernel_estimator_top_level
                cell    tf_coeff_radr_reg[9]    tf_coeff_radr_reg_9_
deconv_kernel_estimator_top_level
                cell    tf_coeff_radr_reg[8]    tf_coeff_radr_reg_8_
deconv_kernel_estimator_top_level
                cell    tf_coeff_radr_reg[7]    tf_coeff_radr_reg_7_
deconv_kernel_estimator_top_level
                cell    tf_coeff_radr_reg[6]    tf_coeff_radr_reg_6_
deconv_kernel_estimator_top_level
                cell    tf_coeff_radr_reg[5]    tf_coeff_radr_reg_5_
deconv_kernel_estimator_top_level
                cell    tf_coeff_radr_reg[4]    tf_coeff_radr_reg_4_
deconv_kernel_estimator_top_level
                cell    tf_coeff_radr_reg[3]    tf_coeff_radr_reg_3_
deconv_kernel_estimator_top_level
                cell    tf_coeff_radr_reg[2]    tf_coeff_radr_reg_2_
deconv_kernel_estimator_top_level
                cell    tf_coeff_radr_reg[1]    tf_coeff_radr_reg_1_
deconv_kernel_estimator_top_level
                cell    tf_coeff_radr_reg[0]    tf_coeff_radr_reg_0_
deconv_kernel_estimator_top_level
                net     phase_mem_data[1][15]   phase_mem_data[31]
deconv_kernel_estimator_top_level
                net     phase_mem_data[1][14]   phase_mem_data[30]
deconv_kernel_estimator_top_level
                net     phase_mem_data[1][13]   phase_mem_data[29]
deconv_kernel_estimator_top_level
                net     phase_mem_data[1][12]   phase_mem_data[28]
deconv_kernel_estimator_top_level
                net     phase_mem_data[1][11]   phase_mem_data[27]
deconv_kernel_estimator_top_level
                net     phase_mem_data[1][10]   phase_mem_data[26]
deconv_kernel_estimator_top_level
                net     phase_mem_data[1][9]    phase_mem_data[25]
deconv_kernel_estimator_top_level
                net     phase_mem_data[1][8]    phase_mem_data[24]
deconv_kernel_estimator_top_level
                net     phase_mem_data[1][7]    phase_mem_data[23]
deconv_kernel_estimator_top_level
                net     phase_mem_data[1][6]    phase_mem_data[22]
deconv_kernel_estimator_top_level
                net     phase_mem_data[1][5]    phase_mem_data[21]
deconv_kernel_estimator_top_level
                net     phase_mem_data[1][4]    phase_mem_data[20]
deconv_kernel_estimator_top_level
                net     phase_mem_data[1][3]    phase_mem_data[19]
deconv_kernel_estimator_top_level
                net     phase_mem_data[1][2]    phase_mem_data[18]
deconv_kernel_estimator_top_level
                net     phase_mem_data[1][1]    phase_mem_data[17]
deconv_kernel_estimator_top_level
                net     phase_mem_data[1][0]    phase_mem_data[16]
deconv_kernel_estimator_top_level
                net     phase_mem_data[0][15]   phase_mem_data[15]
deconv_kernel_estimator_top_level
                net     phase_mem_data[0][14]   phase_mem_data[14]
deconv_kernel_estimator_top_level
                net     phase_mem_data[0][13]   phase_mem_data[13]
deconv_kernel_estimator_top_level
                net     phase_mem_data[0][12]   phase_mem_data[12]
deconv_kernel_estimator_top_level
                net     phase_mem_data[0][11]   phase_mem_data[11]
deconv_kernel_estimator_top_level
                net     phase_mem_data[0][10]   phase_mem_data[10]
deconv_kernel_estimator_top_level
                net     phase_mem_data[0][9]    phase_mem_data[9]
deconv_kernel_estimator_top_level
                net     phase_mem_data[0][8]    phase_mem_data[8]
deconv_kernel_estimator_top_level
                net     phase_mem_data[0][7]    phase_mem_data[7]
deconv_kernel_estimator_top_level
                net     phase_mem_data[0][6]    phase_mem_data[6]
deconv_kernel_estimator_top_level
                net     phase_mem_data[0][5]    phase_mem_data[5]
deconv_kernel_estimator_top_level
                net     phase_mem_data[0][4]    phase_mem_data[4]
deconv_kernel_estimator_top_level
                net     phase_mem_data[0][3]    phase_mem_data[3]
deconv_kernel_estimator_top_level
                net     phase_mem_data[0][2]    phase_mem_data[2]
deconv_kernel_estimator_top_level
                net     phase_mem_data[0][1]    phase_mem_data[1]
deconv_kernel_estimator_top_level
                net     phase_mem_data[0][0]    phase_mem_data[0]
deconv_kernel_estimator_top_level
                net     a_coeffs[2][15]         a_coeffs[31]
deconv_kernel_estimator_top_level
                net     a_coeffs[2][14]         a_coeffs[30]
deconv_kernel_estimator_top_level
                net     a_coeffs[2][13]         a_coeffs[29]
deconv_kernel_estimator_top_level
                net     a_coeffs[2][12]         a_coeffs[28]
deconv_kernel_estimator_top_level
                net     a_coeffs[2][11]         a_coeffs[27]
deconv_kernel_estimator_top_level
                net     a_coeffs[2][10]         a_coeffs[26]
deconv_kernel_estimator_top_level
                net     a_coeffs[2][9]          a_coeffs[25]
deconv_kernel_estimator_top_level
                net     a_coeffs[2][8]          a_coeffs[24]
deconv_kernel_estimator_top_level
                net     a_coeffs[2][7]          a_coeffs[23]
deconv_kernel_estimator_top_level
                net     a_coeffs[2][6]          a_coeffs[22]
deconv_kernel_estimator_top_level
                net     a_coeffs[2][5]          a_coeffs[21]
deconv_kernel_estimator_top_level
                net     a_coeffs[2][4]          a_coeffs[20]
deconv_kernel_estimator_top_level
                net     a_coeffs[2][3]          a_coeffs[19]
deconv_kernel_estimator_top_level
                net     a_coeffs[2][2]          a_coeffs[18]
deconv_kernel_estimator_top_level
                net     a_coeffs[2][1]          a_coeffs[17]
deconv_kernel_estimator_top_level
                net     a_coeffs[2][0]          a_coeffs[16]
deconv_kernel_estimator_top_level
                net     a_coeffs[0][15]         a_coeffs[15]
deconv_kernel_estimator_top_level
                net     a_coeffs[0][14]         a_coeffs[14]
deconv_kernel_estimator_top_level
                net     a_coeffs[0][13]         a_coeffs[13]
deconv_kernel_estimator_top_level
                net     a_coeffs[0][12]         a_coeffs[12]
deconv_kernel_estimator_top_level
                net     a_coeffs[0][11]         a_coeffs[11]
deconv_kernel_estimator_top_level
                net     a_coeffs[0][10]         a_coeffs[10]
deconv_kernel_estimator_top_level
                net     a_coeffs[0][9]          a_coeffs[9]
deconv_kernel_estimator_top_level
                net     a_coeffs[0][8]          a_coeffs[8]
deconv_kernel_estimator_top_level
                net     a_coeffs[0][7]          a_coeffs[7]
deconv_kernel_estimator_top_level
                net     a_coeffs[0][6]          a_coeffs[6]
deconv_kernel_estimator_top_level
                net     a_coeffs[0][5]          a_coeffs[5]
deconv_kernel_estimator_top_level
                net     a_coeffs[0][4]          a_coeffs[4]
deconv_kernel_estimator_top_level
                net     a_coeffs[0][3]          a_coeffs[3]
deconv_kernel_estimator_top_level
                net     a_coeffs[0][2]          a_coeffs[2]
deconv_kernel_estimator_top_level
                net     a_coeffs[0][1]          a_coeffs[1]
deconv_kernel_estimator_top_level
                net     a_coeffs[0][0]          a_coeffs[0]
deconv_kernel_estimator_top_level
                net     b_coeffs[1][15]         b_coeffs[31]
deconv_kernel_estimator_top_level
                net     b_coeffs[1][14]         b_coeffs[30]
deconv_kernel_estimator_top_level
                net     b_coeffs[1][13]         b_coeffs[29]
deconv_kernel_estimator_top_level
                net     b_coeffs[1][12]         b_coeffs[28]
deconv_kernel_estimator_top_level
                net     b_coeffs[1][11]         b_coeffs[27]
deconv_kernel_estimator_top_level
                net     b_coeffs[1][10]         b_coeffs[26]
deconv_kernel_estimator_top_level
                net     b_coeffs[1][9]          b_coeffs[25]
deconv_kernel_estimator_top_level
                net     b_coeffs[1][8]          b_coeffs[24]
deconv_kernel_estimator_top_level
                net     b_coeffs[1][7]          b_coeffs[23]
deconv_kernel_estimator_top_level
                net     b_coeffs[1][6]          b_coeffs[22]
deconv_kernel_estimator_top_level
                net     b_coeffs[1][5]          b_coeffs[21]
deconv_kernel_estimator_top_level
                net     b_coeffs[1][4]          b_coeffs[20]
deconv_kernel_estimator_top_level
                net     b_coeffs[1][3]          b_coeffs[19]
deconv_kernel_estimator_top_level
                net     b_coeffs[1][2]          b_coeffs[18]
deconv_kernel_estimator_top_level
                net     b_coeffs[1][1]          b_coeffs[17]
deconv_kernel_estimator_top_level
                net     b_coeffs[1][0]          b_coeffs[16]
deconv_kernel_estimator_top_level
                net     b_coeffs[0][15]         b_coeffs[15]
deconv_kernel_estimator_top_level
                net     b_coeffs[0][14]         b_coeffs[14]
deconv_kernel_estimator_top_level
                net     b_coeffs[0][13]         b_coeffs[13]
deconv_kernel_estimator_top_level
                net     b_coeffs[0][12]         b_coeffs[12]
deconv_kernel_estimator_top_level
                net     b_coeffs[0][11]         b_coeffs[11]
deconv_kernel_estimator_top_level
                net     b_coeffs[0][10]         b_coeffs[10]
deconv_kernel_estimator_top_level
                net     b_coeffs[0][9]          b_coeffs[9]
deconv_kernel_estimator_top_level
                net     b_coeffs[0][8]          b_coeffs[8]
deconv_kernel_estimator_top_level
                net     b_coeffs[0][7]          b_coeffs[7]
deconv_kernel_estimator_top_level
                net     b_coeffs[0][6]          b_coeffs[6]
deconv_kernel_estimator_top_level
                net     b_coeffs[0][5]          b_coeffs[5]
deconv_kernel_estimator_top_level
                net     b_coeffs[0][4]          b_coeffs[4]
deconv_kernel_estimator_top_level
                net     b_coeffs[0][3]          b_coeffs[3]
deconv_kernel_estimator_top_level
                net     b_coeffs[0][2]          b_coeffs[2]
deconv_kernel_estimator_top_level
                net     b_coeffs[0][1]          b_coeffs[1]
deconv_kernel_estimator_top_level
                net     b_coeffs[0][0]          b_coeffs[0]
deconv_kernel_estimator_top_level
                net     phase_mem_indices[1][11]
                                                phase_mem_indices[23]
deconv_kernel_estimator_top_level
                net     phase_mem_indices[1][10]
                                                phase_mem_indices[22]
deconv_kernel_estimator_top_level
                net     phase_mem_indices[1][9] phase_mem_indices[21]
deconv_kernel_estimator_top_level
                net     phase_mem_indices[1][8] phase_mem_indices[20]
deconv_kernel_estimator_top_level
                net     phase_mem_indices[1][7] phase_mem_indices[19]
deconv_kernel_estimator_top_level
                net     phase_mem_indices[1][6] phase_mem_indices[18]
deconv_kernel_estimator_top_level
                net     phase_mem_indices[1][5] phase_mem_indices[17]
deconv_kernel_estimator_top_level
                net     phase_mem_indices[1][4] phase_mem_indices[16]
deconv_kernel_estimator_top_level
                net     phase_mem_indices[1][3] phase_mem_indices[15]
deconv_kernel_estimator_top_level
                net     phase_mem_indices[1][2] phase_mem_indices[14]
deconv_kernel_estimator_top_level
                net     phase_mem_indices[1][1] phase_mem_indices[13]
deconv_kernel_estimator_top_level
                net     phase_mem_indices[1][0] phase_mem_indices[12]
deconv_kernel_estimator_top_level
                net     phase_mem_indices[0][11]
                                                phase_mem_indices[11]
deconv_kernel_estimator_top_level
                net     phase_mem_indices[0][10]
                                                phase_mem_indices[10]
deconv_kernel_estimator_top_level
                net     phase_mem_indices[0][9] phase_mem_indices[9]
deconv_kernel_estimator_top_level
                net     phase_mem_indices[0][8] phase_mem_indices[8]
deconv_kernel_estimator_top_level
                net     phase_mem_indices[0][7] phase_mem_indices[7]
deconv_kernel_estimator_top_level
                net     phase_mem_indices[0][6] phase_mem_indices[6]
deconv_kernel_estimator_top_level
                net     phase_mem_indices[0][5] phase_mem_indices[5]
deconv_kernel_estimator_top_level
                net     phase_mem_indices[0][4] phase_mem_indices[4]
deconv_kernel_estimator_top_level
                net     phase_mem_indices[0][3] phase_mem_indices[3]
deconv_kernel_estimator_top_level
                net     phase_mem_indices[0][2] phase_mem_indices[2]
deconv_kernel_estimator_top_level
                net     phase_mem_indices[0][1] phase_mem_indices[1]
deconv_kernel_estimator_top_level
                net     phase_mem_indices[0][0] phase_mem_indices[0]
deconv_kernel_estimator_top_level
                net     _0_net_                 n_0_net_
deconv_kernel_estimator_top_level
                net     _1_net_                 n_1_net_
deconv_kernel_estimator_top_level
                net     _2_net_                 n_2_net_
deconv_kernel_estimator_top_level
                net     _3_net_                 n_3_net_
deconv_kernel_estimator_top_level
                net     _4_net_                 n_4_net_
deconv_kernel_estimator_top_level
                net     _5_net_                 n_5_net_
deconv_kernel_estimator_top_level
                net     _6_net_                 n_6_net_
deconv_kernel_estimator_top_level
                net     _7_net_                 n_7_net_
deconv_kernel_estimator_top_level
                net     n101                    n1010
deconv_kernel_estimator_top_level
                net     n102                    n1020
deconv_kernel_estimator_top_level
                net     n111                    n1110
deconv_kernel_estimator_top_level
                net     n112                    n1120
deconv_kernel_estimator_top_level
                net     n113                    n1130
deconv_kernel_estimator_top_level
                net     n115                    n1150
deconv_kernel_estimator_top_level
                net     n116                    n1160
deconv_kernel_estimator_top_level
                net     n117                    n1170
deconv_kernel_estimator_top_level
                net     n118                    n1180
1
