 
****************************************
Report : resources
Design : deconv_kernel_estimator_top_level
Version: L-2016.03-SP5-5
Date   : Sat Jul 10 21:01:39 2021
****************************************


Resource Report for this hierarchy in file ./inputs/design.v
=============================================================================
| Cell           | Module         | Parameters | Contained Operations       |
=============================================================================
| add_x_3        | DW01_inc       | width=12   | add_770 (design.v:770)     |
|                |                |            | add_773 (design.v:773)     |
=============================================================================


Implementation Report
===============================================================================
|                    |                  | Current            | Set            |
| Cell               | Module           | Implementation     | Implementation |
===============================================================================
| add_x_3            | DW01_inc         | apparch (area)     |                |
===============================================================================

 
****************************************
Design : deconv_kernel_estimator_top_level_deconv_kernel_phase_sram_interface_DATA_WIDTH16_ADDR_WIDTH12_DEPTH2048_0
****************************************

Resource Report for this hierarchy in file ./inputs/design.v
=============================================================================
| Cell           | Module         | Parameters | Contained Operations       |
=============================================================================
| add_x_1        | DW01_inc       | width=12   | add_1112 (design.v:1112)   |
| add_x_2        | DW01_inc       | width=12   | add_1117 (design.v:1117)   |
=============================================================================


Implementation Report
===============================================================================
|                    |                  | Current            | Set            |
| Cell               | Module           | Implementation     | Implementation |
===============================================================================
| add_x_1            | DW01_inc         | apparch (area)     |                |
| add_x_2            | DW01_inc         | apparch (area)     |                |
===============================================================================


No resource sharing information to report.
 
****************************************
Design : deconv_kernel_estimator_top_level_ram_sync_1rw1r_DATA_WIDTH16_ADDR_WIDTH12_DEPTH2048_3
****************************************

No implementations to report
 
****************************************
Design : deconv_kernel_estimator_top_level_deconv_kernel_magnitude_sram_interface_DATA_WIDTH16_ADDR_WIDTH12_DEPTH2048_0
****************************************

Resource Report for this hierarchy in file ./inputs/design.v
=============================================================================
| Cell           | Module         | Parameters | Contained Operations       |
=============================================================================
| add_x_1        | DW01_inc       | width=12   | add_1049 (design.v:1049)   |
| add_x_2        | DW01_inc       | width=12   | add_1054 (design.v:1054)   |
=============================================================================


Implementation Report
===============================================================================
|                    |                  | Current            | Set            |
| Cell               | Module           | Implementation     | Implementation |
===============================================================================
| add_x_1            | DW01_inc         | apparch (area)     |                |
| add_x_2            | DW01_inc         | apparch (area)     |                |
===============================================================================


No resource sharing information to report.
 
****************************************
Design : deconv_kernel_estimator_top_level_ram_sync_1rw1r_DATA_WIDTH16_ADDR_WIDTH12_DEPTH2048_1
****************************************

No implementations to report
 
****************************************
Design : deconv_kernel_estimator_top_level_tf_coeff_sram_interface_DATA_WIDTH16_ADDR_WIDTH12_DEPTH2048_0
****************************************

Resource Report for this hierarchy in file ./inputs/design.v
=============================================================================
| Cell           | Module         | Parameters | Contained Operations       |
=============================================================================
| add_x_7        | DW01_inc       | width=12   | add_2052 (design.v:2052)   |
| add_x_8        | DW01_inc       | width=12   | add_2061 (design.v:2061)   |
=============================================================================


Implementation Report
===============================================================================
|                    |                  | Current            | Set            |
| Cell               | Module           | Implementation     | Implementation |
===============================================================================
| add_x_7            | DW01_inc         | apparch (area)     |                |
| add_x_8            | DW01_inc         | apparch (area)     |                |
===============================================================================


No resource sharing information to report.
 
****************************************
Design : deconv_kernel_estimator_top_level_ram_sync_1rw1r_DATA_WIDTH16_ADDR_WIDTH12_DEPTH2048_0
****************************************

No implementations to report
 
****************************************
Design : deconv_kernel_estimator_top_level_phase_vec_sram_interface_DATA_WIDTH16_ADDR_WIDTH12_DEPTH2048_0
****************************************

Resource Report for this hierarchy in file ./inputs/design.v
=============================================================================
| Cell           | Module         | Parameters | Contained Operations       |
=============================================================================
| add_x_7        | DW01_inc       | width=12   | add_1643 (design.v:1643)   |
| add_x_8        | DW01_inc       | width=12   | add_1652 (design.v:1652)   |
=============================================================================


Implementation Report
===============================================================================
|                    |                  | Current            | Set            |
| Cell               | Module           | Implementation     | Implementation |
===============================================================================
| add_x_7            | DW01_inc         | apparch (area)     |                |
| add_x_8            | DW01_inc         | apparch (area)     |                |
===============================================================================


No resource sharing information to report.
 
****************************************
Design : deconv_kernel_estimator_top_level_ram_sync_1rw1r_DATA_WIDTH16_ADDR_WIDTH12_DEPTH2048_2
****************************************

No implementations to report
 
****************************************
Design : deconv_kernel_estimator_top_level_iir_notch_filter_CONFIG_SIZE12_CORDIC_XY_BITS16_CORDIC_PHASE_BITS16_ADC_BITS8_FIXED_Q13_FILTER_ORDER2_LATENCY4_0
****************************************

Resource Report for this hierarchy in file ./inputs/design.v
=============================================================================
| Cell           | Module         | Parameters | Contained Operations       |
=============================================================================
| mult_x_1       | DW02_mult      | A_width=16 | mult_1383 (design.v:1383)  |
|                |                | B_width=33 |                            |
| mult_x_2       | DW02_mult      | A_width=16 | mult_1385 (design.v:1385)  |
|                |                | B_width=33 |                            |
| mult_x_3       | DW02_mult      | A_width=16 | mult_1383_G2 (design.v:1383) |
               |                | B_width=33 |                            |
| mult_x_4       | DW02_mult      | A_width=16 | mult_1385_G2 (design.v:1385) |
               |                | B_width=33 |                            |
| mult_x_5       | DW_mult_uns    | a_width=16 | mult_1394 (design.v:1394)  |
|                |                | b_width=32 |                            |
| mult_x_6       | DW_mult_uns    | a_width=16 | mult_1396 (design.v:1396)  |
|                |                | b_width=32 |                            |
| add_x_7        | DW01_add       | width=16   | add_1549 (design.v:1549)   |
| add_x_8        | DW01_add       | width=16   | add_1551 (design.v:1551)   |
| add_x_9        | DW01_inc       | width=12   | add_1552 (design.v:1552)   |
| add_x_10       | DW01_inc       | width=12   | add_1553 (design.v:1553)   |
| sub_x_11       | DW01_sub       | width=16   | sub_1559 (design.v:1559)   |
| gt_x_12        | DW_cmp         | width=32   | gt_1561 (design.v:1561)    |
| sub_x_13       | DW01_sub       | width=12   | sub_1561_2 (design.v:1561) |
| eq_x_14        | DW_cmp         | width=32   | eq_1570 (design.v:1570)    |
| add_x_51       | DW01_add       | width=14   | add_1570 (design.v:1570)   |
|                |                |            | sub_1570 (design.v:1570)   |
| DP_OP_78J3_122_9085             |            |                            |
|                | DP_OP_78J3_122_9085 |       |                            |
| DP_OP_79J3_123_8471             |            |                            |
|                | DP_OP_79J3_123_8471 |       |                            |
| DP_OP_80J3_124_8471             |            |                            |
|                | DP_OP_80J3_124_8471 |       |                            |
=============================================================================

Datapath Report for DP_OP_78J3_122_9085
==============================================================================
| Cell                 | Contained Operations                                |
==============================================================================
| DP_OP_78J3_122_9085  | sub_1552 (design.v:1552) eq_1552 (design.v:1552)    |
==============================================================================

==============================================================================
|       |      | Data     |       |                                          |
| Var   | Type | Class    | Width | Expression                               |
==============================================================================
| I1    | PI   | Unsigned | 12    |                                          |
| I2    | PI   | Unsigned | 12    |                                          |
| T62   | IFO  | Signed   | 32    | O1                                       |
| O1    | PO   | Signed   | 13    | I1 - $unsigned(1'b1) (design.v:1552)     |
| O2    | PO   | Unsigned | 1     | I2 == $unsigned(T62) (design.v:1552)     |
==============================================================================

Datapath Report for DP_OP_79J3_123_8471
==============================================================================
| Cell                 | Contained Operations                                |
==============================================================================
| DP_OP_79J3_123_8471  | add_1548 (design.v:1548) add_1548_2 (design.v:1548) |
==============================================================================

==============================================================================
|       |      | Data     |       |                                          |
| Var   | Type | Class    | Width | Expression                               |
==============================================================================
| I1    | PI   | Unsigned | 16    |                                          |
| I2    | PI   | Unsigned | 16    |                                          |
| I3    | PI   | Unsigned | 16    |                                          |
| O1    | PO   | Unsigned | 16    | I1 + I2 + I3 (design.v:1548)             |
==============================================================================

Datapath Report for DP_OP_80J3_124_8471
==============================================================================
| Cell                 | Contained Operations                                |
==============================================================================
| DP_OP_80J3_124_8471  | add_1550 (design.v:1550) add_1550_2 (design.v:1550) |
==============================================================================

==============================================================================
|       |      | Data     |       |                                          |
| Var   | Type | Class    | Width | Expression                               |
==============================================================================
| I1    | PI   | Unsigned | 16    |                                          |
| I2    | PI   | Unsigned | 16    |                                          |
| I3    | PI   | Unsigned | 16    |                                          |
| O1    | PO   | Unsigned | 16    | I1 + I2 + I3 (design.v:1550)             |
==============================================================================


Datapath Extraction Report

Information: Operator associated with resources 'add_1570 (design.v:1570) sub_1570 (design.v:1570)' in design 'iir_notch_filter_CONFIG_SIZE12_CORDIC_XY_BITS16_CORDIC_PHASE_BITS16_ADC_BITS8_FIXED_Q13_FILTER_ORDER2_LATENCY4' breaks the datapath extraction because there is leakage due to truncation on its fanout.  (HDL-120)


Implementation Report
===============================================================================
|                    |                  | Current            | Set            |
| Cell               | Module           | Implementation     | Implementation |
===============================================================================
| mult_x_1           | DW02_mult        | apparch (area)     |                |
| mult_x_2           | DW02_mult        | apparch (area)     |                |
| mult_x_3           | DW02_mult        | apparch (area)     |                |
| mult_x_4           | DW02_mult        | apparch (area)     |                |
| mult_x_5           | DW_mult_uns      | apparch (area)     |                |
| mult_x_6           | DW_mult_uns      | apparch (area)     |                |
| add_x_7            | DW01_add         | apparch (area)     |                |
| add_x_8            | DW01_add         | apparch (area)     |                |
| add_x_9            | DW01_inc         | apparch (area)     |                |
| add_x_10           | DW01_inc         | apparch (area)     |                |
| sub_x_11           | DW01_sub         | apparch (area)     |                |
| sub_x_13           | DW01_sub         | apparch (area)     |                |
| gt_x_12            | DW_cmp           | apparch (area)     |                |
| eq_x_14            | DW_cmp           | apparch (area)     |                |
| add_x_51           | DW01_add         | apparch (area)     |                |
| DP_OP_78J3_122_9085                   |                    |                |
|                    | DP_OP_78J3_122_9085 | str (area)      |                |
| DP_OP_79J3_123_8471                   |                    |                |
|                    | DP_OP_79J3_123_8471 | str (area)      |                |
| DP_OP_80J3_124_8471                   |                    |                |
|                    | DP_OP_80J3_124_8471 | str (area)      |                |
===============================================================================

 
****************************************
Design : deconv_kernel_estimator_top_level_fixed_pt_div_Q13_N16_0
****************************************

Resource Report for this hierarchy in file ./inputs/design.v
=============================================================================
| Cell           | Module         | Parameters | Contained Operations       |
=============================================================================
| gte_x_2        | DW_cmp         | width=43   | gte_1277 (design.v:1277)   |
| sub_x_3        | DW01_sub       | width=28   | sub_1279 (design.v:1279)   |
| sub_x_1        | DW01_dec       | width=16   | sub_1274 (design.v:1274)   |
|                |                |            | sub_1290 (design.v:1290)   |
=============================================================================


Implementation Report
===============================================================================
|                    |                  | Current            | Set            |
| Cell               | Module           | Implementation     | Implementation |
===============================================================================
| sub_x_1            | DW01_dec         | apparch (area)     |                |
| gte_x_2            | DW_cmp           | apparch (area)     |                |
| sub_x_3            | DW01_sub         | apparch (area)     |                |
===============================================================================

 
****************************************
Design : deconv_kernel_estimator_top_level_cordic_rect_to_polar_1
****************************************

Resource Report for this hierarchy in file ./inputs/design.v
=============================================================================
| Cell           | Module         | Parameters | Contained Operations       |
=============================================================================
| gte_x_4        | DW_cmp         | width=4    | gte_544 (design.v:544)     |
| add_x_5        | DW01_inc       | width=4    | add_580 (design.v:580)     |
| add_x_8        | DW01_add       | width=22   | add_639 (design.v:639)     |
| ashr_6         | DW_rightsh     | A_width=24 | sra_606 (design.v:606)     |
|                |                | SH_width=4 | sra_615 (design.v:615)     |
| ashr_7         | DW_rightsh     | A_width=24 | sra_607 (design.v:607)     |
|                |                | SH_width=4 | sra_616 (design.v:616)     |
| sub_x_1        | DW01_sub       | width=23   | sub_475 (design.v:475)     |
|                |                |            | sub_490 (design.v:490)     |
| DP_OP_70J1_122_3253             |            |                            |
|                | DP_OP_70J1_122_3253 |       |                            |
| sub_x_16       | DW01_sub       | width=24   | add_482 (design.v:482)     |
|                |                |            | sub_482 (design.v:482)     |
| sub_x_17       | DW01_sub       | width=24   | add_498 (design.v:498)     |
|                |                |            | sub_498 (design.v:498)     |
| DP_OP_73J1_129_6861             |            |                            |
|                | DP_OP_73J1_129_6861 |       |                            |
| DP_OP_70J1_126_5376             |            |                            |
|                | DP_OP_70J1_126_5376 |       |                            |
| DP_OP_67J1_123_1532             |            |                            |
|                | DP_OP_67J1_123_1532 |       |                            |
=============================================================================

Datapath Report for DP_OP_70J1_122_3253
==============================================================================
| Cell                 | Contained Operations                                |
==============================================================================
| DP_OP_70J1_122_3253  | add_476 (design.v:476) add_497 (design.v:497)       |
|                      | sub_489 (design.v:489) sub_489_2 (design.v:489)     |
|                      | sub_482 (design.v:482) sub_483_2 (design.v:483)     |
==============================================================================

==============================================================================
|       |      | Data     |       |                                          |
| Var   | Type | Class    | Width | Expression                               |
==============================================================================
| I1    | PI   | Signed   | 22    |                                          |
| I2    | PI   | Signed   | 22    |                                          |
| O1    | PO   | Signed   | 23    | I1 + I2 ( design.v:476 design.v:482 design.v:483 design.v:489 design.v:497 ) |
| O2    | PO   | Signed   | 24    | $signed(1'b0) - O1 ( design.v:482 design.v:483 design.v:489 ) |
==============================================================================

Datapath Report for DP_OP_73J1_129_6861
==============================================================================
| Cell                 | Contained Operations                                |
==============================================================================
| DP_OP_73J1_129_6861  | sub_608 (design.v:608) add_617 (design.v:617)       |
==============================================================================

==============================================================================
|       |      | Data     |       |                                          |
| Var   | Type | Class    | Width | Expression                               |
==============================================================================
| I1    | PI   | Signed   | 16    |                                          |
| I2    | PI   | Signed   | 16    |                                          |
| I3    | PI   | Unsigned | 1     |                                          |
| O1    | PO   | Signed   | 16    | addsub(I1,I2,I3) ( design.v:608 design.v:617 ) |
==============================================================================

Datapath Report for DP_OP_70J1_126_5376
==============================================================================
| Cell                 | Contained Operations                                |
==============================================================================
| DP_OP_70J1_126_5376  | add_607 (design.v:607) sub_616 (design.v:616)       |
==============================================================================

==============================================================================
|       |      | Data     |       |                                          |
| Var   | Type | Class    | Width | Expression                               |
==============================================================================
| I1    | PI   | Signed   | 24    |                                          |
| I2    | PI   | Signed   | 24    |                                          |
| I3    | PI   | Unsigned | 1     |                                          |
| O1    | PO   | Signed   | 24    | addsub(I1,I2,I3) ( design.v:607 design.v:616 ) |
==============================================================================

Datapath Report for DP_OP_67J1_123_1532
==============================================================================
| Cell                 | Contained Operations                                |
==============================================================================
| DP_OP_67J1_123_1532  | sub_606 (design.v:606) add_615 (design.v:615)       |
==============================================================================

==============================================================================
|       |      | Data     |       |                                          |
| Var   | Type | Class    | Width | Expression                               |
==============================================================================
| I1    | PI   | Signed   | 24    |                                          |
| I2    | PI   | Signed   | 24    |                                          |
| I3    | PI   | Unsigned | 1     |                                          |
| O1    | PO   | Signed   | 24    | addsub(I1,I2,I3) ( design.v:606 design.v:615 ) |
==============================================================================


Implementation Report
===============================================================================
|                    |                  | Current            | Set            |
| Cell               | Module           | Implementation     | Implementation |
===============================================================================
| gte_x_4            | DW_cmp           | apparch (area)     |                |
| add_x_5            | DW01_inc         | apparch (area)     |                |
| add_x_8            | DW01_add         | apparch (area)     |                |
| ashr_6             | DW_rightsh       | astr (area)        |                |
| ashr_7             | DW_rightsh       | astr (area)        |                |
| sub_x_1            | DW01_sub         | apparch (area)     |                |
| sub_x_16           | DW01_sub         | apparch (area)     |                |
| sub_x_17           | DW01_sub         | apparch (area)     |                |
| DP_OP_67J1_123_1532                   |                    |                |
|                    | DP_OP_67J1_123_1532 | str (area)      |                |
| DP_OP_70J1_126_5376                   |                    |                |
|                    | DP_OP_70J1_126_5376 | str (area)      |                |
| DP_OP_73J1_129_6861                   |                    |                |
|                    | DP_OP_73J1_129_6861 | str (area)      |                |
| DP_OP_70J1_122_3253                   |                    |                |
|                    | DP_OP_70J1_122_3253 | str (area)      |                |
===============================================================================

 
****************************************
Design : deconv_kernel_estimator_top_level_cordic_rect_to_polar_0
****************************************

Resource Report for this hierarchy in file ./inputs/design.v
=============================================================================
| Cell           | Module         | Parameters | Contained Operations       |
=============================================================================
| gte_x_4        | DW_cmp         | width=4    | gte_544 (design.v:544)     |
| add_x_5        | DW01_inc       | width=4    | add_580 (design.v:580)     |
| add_x_8        | DW01_add       | width=22   | add_639 (design.v:639)     |
| ashr_6         | DW_rightsh     | A_width=24 | sra_606 (design.v:606)     |
|                |                | SH_width=4 | sra_615 (design.v:615)     |
| ashr_7         | DW_rightsh     | A_width=24 | sra_607 (design.v:607)     |
|                |                | SH_width=4 | sra_616 (design.v:616)     |
| sub_x_1        | DW01_sub       | width=23   | sub_475 (design.v:475)     |
|                |                |            | sub_490 (design.v:490)     |
| DP_OP_70J1_122_3253             |            |                            |
|                | DP_OP_70J1_122_3253 |       |                            |
| sub_x_16       | DW01_sub       | width=24   | add_482 (design.v:482)     |
|                |                |            | sub_482 (design.v:482)     |
| sub_x_17       | DW01_sub       | width=24   | add_498 (design.v:498)     |
|                |                |            | sub_498 (design.v:498)     |
| DP_OP_73J1_129_6861             |            |                            |
|                | DP_OP_73J1_129_6861 |       |                            |
| DP_OP_70J1_126_5376             |            |                            |
|                | DP_OP_70J1_126_5376 |       |                            |
| DP_OP_67J1_123_1532             |            |                            |
|                | DP_OP_67J1_123_1532 |       |                            |
=============================================================================

Datapath Report for DP_OP_70J1_122_3253
==============================================================================
| Cell                 | Contained Operations                                |
==============================================================================
| DP_OP_70J1_122_3253  | add_476 (design.v:476) add_497 (design.v:497)       |
|                      | sub_489 (design.v:489) sub_489_2 (design.v:489)     |
|                      | sub_482 (design.v:482) sub_483_2 (design.v:483)     |
==============================================================================

==============================================================================
|       |      | Data     |       |                                          |
| Var   | Type | Class    | Width | Expression                               |
==============================================================================
| I1    | PI   | Signed   | 22    |                                          |
| I2    | PI   | Signed   | 22    |                                          |
| O1    | PO   | Signed   | 23    | I1 + I2 ( design.v:476 design.v:482 design.v:483 design.v:489 design.v:497 ) |
| O2    | PO   | Signed   | 24    | $signed(1'b0) - O1 ( design.v:482 design.v:483 design.v:489 ) |
==============================================================================

Datapath Report for DP_OP_73J1_129_6861
==============================================================================
| Cell                 | Contained Operations                                |
==============================================================================
| DP_OP_73J1_129_6861  | sub_608 (design.v:608) add_617 (design.v:617)       |
==============================================================================

==============================================================================
|       |      | Data     |       |                                          |
| Var   | Type | Class    | Width | Expression                               |
==============================================================================
| I1    | PI   | Signed   | 16    |                                          |
| I2    | PI   | Signed   | 16    |                                          |
| I3    | PI   | Unsigned | 1     |                                          |
| O1    | PO   | Signed   | 16    | addsub(I1,I2,I3) ( design.v:608 design.v:617 ) |
==============================================================================

Datapath Report for DP_OP_70J1_126_5376
==============================================================================
| Cell                 | Contained Operations                                |
==============================================================================
| DP_OP_70J1_126_5376  | add_607 (design.v:607) sub_616 (design.v:616)       |
==============================================================================

==============================================================================
|       |      | Data     |       |                                          |
| Var   | Type | Class    | Width | Expression                               |
==============================================================================
| I1    | PI   | Signed   | 24    |                                          |
| I2    | PI   | Signed   | 24    |                                          |
| I3    | PI   | Unsigned | 1     |                                          |
| O1    | PO   | Signed   | 24    | addsub(I1,I2,I3) ( design.v:607 design.v:616 ) |
==============================================================================

Datapath Report for DP_OP_67J1_123_1532
==============================================================================
| Cell                 | Contained Operations                                |
==============================================================================
| DP_OP_67J1_123_1532  | sub_606 (design.v:606) add_615 (design.v:615)       |
==============================================================================

==============================================================================
|       |      | Data     |       |                                          |
| Var   | Type | Class    | Width | Expression                               |
==============================================================================
| I1    | PI   | Signed   | 24    |                                          |
| I2    | PI   | Signed   | 24    |                                          |
| I3    | PI   | Unsigned | 1     |                                          |
| O1    | PO   | Signed   | 24    | addsub(I1,I2,I3) ( design.v:606 design.v:615 ) |
==============================================================================


Implementation Report
===============================================================================
|                    |                  | Current            | Set            |
| Cell               | Module           | Implementation     | Implementation |
===============================================================================
| gte_x_4            | DW_cmp           | apparch (area)     |                |
| add_x_5            | DW01_inc         | apparch (area)     |                |
| add_x_8            | DW01_add         | apparch (area)     |                |
| ashr_6             | DW_rightsh       | astr (area)        |                |
| ashr_7             | DW_rightsh       | astr (area)        |                |
| sub_x_1            | DW01_sub         | apparch (area)     |                |
| sub_x_16           | DW01_sub         | apparch (area)     |                |
| sub_x_17           | DW01_sub         | apparch (area)     |                |
| DP_OP_67J1_123_1532                   |                    |                |
|                    | DP_OP_67J1_123_1532 | str (area)      |                |
| DP_OP_70J1_126_5376                   |                    |                |
|                    | DP_OP_70J1_126_5376 | str (area)      |                |
| DP_OP_73J1_129_6861                   |                    |                |
|                    | DP_OP_73J1_129_6861 | str (area)      |                |
| DP_OP_70J1_122_3253                   |                    |                |
|                    | DP_OP_70J1_122_3253 | str (area)      |                |
===============================================================================

 
****************************************
Design : deconv_kernel_estimator_top_level_cordic_polar_to_rect_1
****************************************

Resource Report for this hierarchy in file ./inputs/design.v
=============================================================================
| Cell           | Module         | Parameters | Contained Operations       |
=============================================================================
| add_x_5        | DW01_inc       | width=4    | add_266 (design.v:266)     |
| add_x_8        | DW01_add       | width=18   | add_310 (design.v:310)     |
| add_x_9        | DW01_add       | width=18   | add_313 (design.v:313)     |
| gte_x_13       | DW_cmp         | width=4    | gte_323 (design.v:323)     |
|                |                |            | gte_332 (design.v:332)     |
| ashr_6         | DW_rightsh     | A_width=19 | sra_285 (design.v:285)     |
|                |                | SH_width=4 | sra_292 (design.v:292)     |
| ashr_7         | DW_rightsh     | A_width=19 | sra_286 (design.v:286)     |
|                |                | SH_width=4 | sra_293 (design.v:293)     |
| sub_x_1        | DW01_sub       | width=19   | sub_135 (design.v:135)     |
|                |                |            | sub_142 (design.v:142)     |
|                |                |            | sub_150 (design.v:150)     |
|                |                |            | sub_157 (design.v:157)     |
| sub_x_2        | DW01_sub       | width=19   | sub_149 (design.v:149)     |
|                |                |            | sub_156 (design.v:156)     |
|                |                |            | sub_164 (design.v:164)     |
|                |                |            | sub_171 (design.v:171)     |
| DP_OP_73J2_123_9847             |            |                            |
|                | DP_OP_73J2_123_9847 |       |                            |
| DP_OP_74J2_124_9847             |            |                            |
|                | DP_OP_74J2_124_9847 |       |                            |
| DP_OP_75J2_125_9847             |            |                            |
|                | DP_OP_75J2_125_9847 |       |                            |
| DP_OP_89J2_132_2642             |            |                            |
|                | DP_OP_89J2_132_2642 |       |                            |
| DP_OP_86J2_129_110              |            |                            |
|                | DP_OP_86J2_129_110 |        |                            |
| DP_OP_83J2_126_2151             |            |                            |
|                | DP_OP_83J2_126_2151 |       |                            |
=============================================================================

Datapath Report for DP_OP_73J2_123_9847
==============================================================================
| Cell                 | Contained Operations                                |
==============================================================================
| DP_OP_73J2_123_9847  | sub_137 (design.v:137) sub_144 (design.v:144)       |
==============================================================================

==============================================================================
|       |      | Data     |       |                                          |
| Var   | Type | Class    | Width | Expression                               |
==============================================================================
| I1    | PI   | Unsigned | 16    |                                          |
| O1    | PO   | Signed   | 16    | I1 - $unsigned(15'b100000000000000) ( design.v:137 design.v:144 ) |
==============================================================================

Datapath Report for DP_OP_74J2_124_9847
==============================================================================
| Cell                 | Contained Operations                                |
==============================================================================
| DP_OP_74J2_124_9847  | sub_151 (design.v:151) sub_158 (design.v:158)       |
==============================================================================

==============================================================================
|       |      | Data     |       |                                          |
| Var   | Type | Class    | Width | Expression                               |
==============================================================================
| I1    | PI   | Unsigned | 16    |                                          |
| O1    | PO   | Signed   | 16    | I1 - $unsigned(16'b1000000000000000) ( design.v:151 design.v:158 ) |
==============================================================================

Datapath Report for DP_OP_75J2_125_9847
==============================================================================
| Cell                 | Contained Operations                                |
==============================================================================
| DP_OP_75J2_125_9847  | sub_165 (design.v:165) sub_172 (design.v:172)       |
==============================================================================

==============================================================================
|       |      | Data     |       |                                          |
| Var   | Type | Class    | Width | Expression                               |
==============================================================================
| I1    | PI   | Unsigned | 16    |                                          |
| O1    | PO   | Signed   | 16    | I1 - $signed(15'b100000000000000) ( design.v:165 design.v:172 ) |
==============================================================================

Datapath Report for DP_OP_89J2_132_2642
==============================================================================
| Cell                 | Contained Operations                                |
==============================================================================
| DP_OP_89J2_132_2642  | add_287 (design.v:287) sub_294 (design.v:294)       |
==============================================================================

==============================================================================
|       |      | Data     |       |                                          |
| Var   | Type | Class    | Width | Expression                               |
==============================================================================
| I1    | PI   | Signed   | 16    |                                          |
| I2    | PI   | Signed   | 16    |                                          |
| I3    | PI   | Unsigned | 1     |                                          |
| O1    | PO   | Signed   | 16    | addsub(I1,I2,I3) ( design.v:287 design.v:294 ) |
==============================================================================

Datapath Report for DP_OP_86J2_129_110
==============================================================================
| Cell                 | Contained Operations                                |
==============================================================================
| DP_OP_86J2_129_110   | sub_286 (design.v:286) add_293 (design.v:293)       |
==============================================================================

==============================================================================
|       |      | Data     |       |                                          |
| Var   | Type | Class    | Width | Expression                               |
==============================================================================
| I1    | PI   | Signed   | 19    |                                          |
| I2    | PI   | Signed   | 19    |                                          |
| I3    | PI   | Unsigned | 1     |                                          |
| O1    | PO   | Signed   | 19    | addsub(I1,I2,I3) ( design.v:286 design.v:293 ) |
==============================================================================

Datapath Report for DP_OP_83J2_126_2151
==============================================================================
| Cell                 | Contained Operations                                |
==============================================================================
| DP_OP_83J2_126_2151  | add_285 (design.v:285) sub_292 (design.v:292)       |
==============================================================================

==============================================================================
|       |      | Data     |       |                                          |
| Var   | Type | Class    | Width | Expression                               |
==============================================================================
| I1    | PI   | Signed   | 19    |                                          |
| I2    | PI   | Signed   | 19    |                                          |
| I3    | PI   | Unsigned | 1     |                                          |
| O1    | PO   | Signed   | 19    | addsub(I1,I2,I3) ( design.v:285 design.v:292 ) |
==============================================================================


Implementation Report
===============================================================================
|                    |                  | Current            | Set            |
| Cell               | Module           | Implementation     | Implementation |
===============================================================================
| add_x_5            | DW01_inc         | apparch (area)     |                |
| add_x_8            | DW01_add         | apparch (area)     |                |
| add_x_9            | DW01_add         | apparch (area)     |                |
| gte_x_13           | DW_cmp           | apparch (area)     |                |
| ashr_6             | DW_rightsh       | astr (area)        |                |
| ashr_7             | DW_rightsh       | astr (area)        |                |
| sub_x_1            | DW01_sub         | apparch (area)     |                |
| sub_x_2            | DW01_sub         | apparch (area)     |                |
| DP_OP_83J2_126_2151                   |                    |                |
|                    | DP_OP_83J2_126_2151 | str (area)      |                |
| DP_OP_86J2_129_110 | DP_OP_86J2_129_110 | str (area)       |                |
| DP_OP_89J2_132_2642                   |                    |                |
|                    | DP_OP_89J2_132_2642 | str (area)      |                |
| DP_OP_73J2_123_9847                   |                    |                |
|                    | DP_OP_73J2_123_9847 | str (area)      |                |
| DP_OP_75J2_125_9847                   |                    |                |
|                    | DP_OP_75J2_125_9847 | str (area)      |                |
===============================================================================

 
****************************************
Design : deconv_kernel_estimator_top_level_cordic_polar_to_rect_2
****************************************

Resource Report for this hierarchy in file ./inputs/design.v
=============================================================================
| Cell           | Module         | Parameters | Contained Operations       |
=============================================================================
| add_x_5        | DW01_inc       | width=4    | add_266 (design.v:266)     |
| add_x_8        | DW01_add       | width=18   | add_310 (design.v:310)     |
| add_x_9        | DW01_add       | width=18   | add_313 (design.v:313)     |
| gte_x_13       | DW_cmp         | width=4    | gte_323 (design.v:323)     |
|                |                |            | gte_332 (design.v:332)     |
| ashr_6         | DW_rightsh     | A_width=19 | sra_285 (design.v:285)     |
|                |                | SH_width=4 | sra_292 (design.v:292)     |
| ashr_7         | DW_rightsh     | A_width=19 | sra_286 (design.v:286)     |
|                |                | SH_width=4 | sra_293 (design.v:293)     |
| sub_x_1        | DW01_sub       | width=19   | sub_135 (design.v:135)     |
|                |                |            | sub_142 (design.v:142)     |
|                |                |            | sub_150 (design.v:150)     |
|                |                |            | sub_157 (design.v:157)     |
| sub_x_2        | DW01_sub       | width=19   | sub_149 (design.v:149)     |
|                |                |            | sub_156 (design.v:156)     |
|                |                |            | sub_164 (design.v:164)     |
|                |                |            | sub_171 (design.v:171)     |
| DP_OP_73J2_123_9847             |            |                            |
|                | DP_OP_73J2_123_9847 |       |                            |
| DP_OP_74J2_124_9847             |            |                            |
|                | DP_OP_74J2_124_9847 |       |                            |
| DP_OP_75J2_125_9847             |            |                            |
|                | DP_OP_75J2_125_9847 |       |                            |
| DP_OP_89J2_132_2642             |            |                            |
|                | DP_OP_89J2_132_2642 |       |                            |
| DP_OP_86J2_129_110              |            |                            |
|                | DP_OP_86J2_129_110 |        |                            |
| DP_OP_83J2_126_2151             |            |                            |
|                | DP_OP_83J2_126_2151 |       |                            |
=============================================================================

Datapath Report for DP_OP_73J2_123_9847
==============================================================================
| Cell                 | Contained Operations                                |
==============================================================================
| DP_OP_73J2_123_9847  | sub_137 (design.v:137) sub_144 (design.v:144)       |
==============================================================================

==============================================================================
|       |      | Data     |       |                                          |
| Var   | Type | Class    | Width | Expression                               |
==============================================================================
| I1    | PI   | Unsigned | 16    |                                          |
| O1    | PO   | Signed   | 16    | I1 - $unsigned(15'b100000000000000) ( design.v:137 design.v:144 ) |
==============================================================================

Datapath Report for DP_OP_74J2_124_9847
==============================================================================
| Cell                 | Contained Operations                                |
==============================================================================
| DP_OP_74J2_124_9847  | sub_151 (design.v:151) sub_158 (design.v:158)       |
==============================================================================

==============================================================================
|       |      | Data     |       |                                          |
| Var   | Type | Class    | Width | Expression                               |
==============================================================================
| I1    | PI   | Unsigned | 16    |                                          |
| O1    | PO   | Signed   | 16    | I1 - $unsigned(16'b1000000000000000) ( design.v:151 design.v:158 ) |
==============================================================================

Datapath Report for DP_OP_75J2_125_9847
==============================================================================
| Cell                 | Contained Operations                                |
==============================================================================
| DP_OP_75J2_125_9847  | sub_165 (design.v:165) sub_172 (design.v:172)       |
==============================================================================

==============================================================================
|       |      | Data     |       |                                          |
| Var   | Type | Class    | Width | Expression                               |
==============================================================================
| I1    | PI   | Unsigned | 16    |                                          |
| O1    | PO   | Signed   | 16    | I1 - $signed(15'b100000000000000) ( design.v:165 design.v:172 ) |
==============================================================================

Datapath Report for DP_OP_89J2_132_2642
==============================================================================
| Cell                 | Contained Operations                                |
==============================================================================
| DP_OP_89J2_132_2642  | add_287 (design.v:287) sub_294 (design.v:294)       |
==============================================================================

==============================================================================
|       |      | Data     |       |                                          |
| Var   | Type | Class    | Width | Expression                               |
==============================================================================
| I1    | PI   | Signed   | 16    |                                          |
| I2    | PI   | Signed   | 16    |                                          |
| I3    | PI   | Unsigned | 1     |                                          |
| O1    | PO   | Signed   | 16    | addsub(I1,I2,I3) ( design.v:287 design.v:294 ) |
==============================================================================

Datapath Report for DP_OP_86J2_129_110
==============================================================================
| Cell                 | Contained Operations                                |
==============================================================================
| DP_OP_86J2_129_110   | sub_286 (design.v:286) add_293 (design.v:293)       |
==============================================================================

==============================================================================
|       |      | Data     |       |                                          |
| Var   | Type | Class    | Width | Expression                               |
==============================================================================
| I1    | PI   | Signed   | 19    |                                          |
| I2    | PI   | Signed   | 19    |                                          |
| I3    | PI   | Unsigned | 1     |                                          |
| O1    | PO   | Signed   | 19    | addsub(I1,I2,I3) ( design.v:286 design.v:293 ) |
==============================================================================

Datapath Report for DP_OP_83J2_126_2151
==============================================================================
| Cell                 | Contained Operations                                |
==============================================================================
| DP_OP_83J2_126_2151  | add_285 (design.v:285) sub_292 (design.v:292)       |
==============================================================================

==============================================================================
|       |      | Data     |       |                                          |
| Var   | Type | Class    | Width | Expression                               |
==============================================================================
| I1    | PI   | Signed   | 19    |                                          |
| I2    | PI   | Signed   | 19    |                                          |
| I3    | PI   | Unsigned | 1     |                                          |
| O1    | PO   | Signed   | 19    | addsub(I1,I2,I3) ( design.v:285 design.v:292 ) |
==============================================================================


Implementation Report
===============================================================================
|                    |                  | Current            | Set            |
| Cell               | Module           | Implementation     | Implementation |
===============================================================================
| add_x_5            | DW01_inc         | apparch (area)     |                |
| add_x_8            | DW01_add         | apparch (area)     |                |
| add_x_9            | DW01_add         | apparch (area)     |                |
| gte_x_13           | DW_cmp           | apparch (area)     |                |
| ashr_6             | DW_rightsh       | astr (area)        |                |
| ashr_7             | DW_rightsh       | astr (area)        |                |
| sub_x_1            | DW01_sub         | apparch (area)     |                |
| sub_x_2            | DW01_sub         | apparch (area)     |                |
| DP_OP_83J2_126_2151                   |                    |                |
|                    | DP_OP_83J2_126_2151 | str (area)      |                |
| DP_OP_86J2_129_110 | DP_OP_86J2_129_110 | str (area)       |                |
| DP_OP_89J2_132_2642                   |                    |                |
|                    | DP_OP_89J2_132_2642 | str (area)      |                |
| DP_OP_73J2_123_9847                   |                    |                |
|                    | DP_OP_73J2_123_9847 | str (area)      |                |
| DP_OP_75J2_125_9847                   |                    |                |
|                    | DP_OP_75J2_125_9847 | str (area)      |                |
===============================================================================

 
****************************************
Design : deconv_kernel_estimator_top_level_cordic_polar_to_rect_3
****************************************

Resource Report for this hierarchy in file ./inputs/design.v
=============================================================================
| Cell           | Module         | Parameters | Contained Operations       |
=============================================================================
| add_x_5        | DW01_inc       | width=4    | add_266 (design.v:266)     |
| add_x_8        | DW01_add       | width=18   | add_310 (design.v:310)     |
| add_x_9        | DW01_add       | width=18   | add_313 (design.v:313)     |
| gte_x_13       | DW_cmp         | width=4    | gte_323 (design.v:323)     |
|                |                |            | gte_332 (design.v:332)     |
| ashr_6         | DW_rightsh     | A_width=19 | sra_285 (design.v:285)     |
|                |                | SH_width=4 | sra_292 (design.v:292)     |
| ashr_7         | DW_rightsh     | A_width=19 | sra_286 (design.v:286)     |
|                |                | SH_width=4 | sra_293 (design.v:293)     |
| sub_x_1        | DW01_sub       | width=19   | sub_135 (design.v:135)     |
|                |                |            | sub_142 (design.v:142)     |
|                |                |            | sub_150 (design.v:150)     |
|                |                |            | sub_157 (design.v:157)     |
| sub_x_2        | DW01_sub       | width=19   | sub_149 (design.v:149)     |
|                |                |            | sub_156 (design.v:156)     |
|                |                |            | sub_164 (design.v:164)     |
|                |                |            | sub_171 (design.v:171)     |
| DP_OP_73J2_123_9847             |            |                            |
|                | DP_OP_73J2_123_9847 |       |                            |
| DP_OP_74J2_124_9847             |            |                            |
|                | DP_OP_74J2_124_9847 |       |                            |
| DP_OP_75J2_125_9847             |            |                            |
|                | DP_OP_75J2_125_9847 |       |                            |
| DP_OP_89J2_132_2642             |            |                            |
|                | DP_OP_89J2_132_2642 |       |                            |
| DP_OP_86J2_129_110              |            |                            |
|                | DP_OP_86J2_129_110 |        |                            |
| DP_OP_83J2_126_2151             |            |                            |
|                | DP_OP_83J2_126_2151 |       |                            |
=============================================================================

Datapath Report for DP_OP_73J2_123_9847
==============================================================================
| Cell                 | Contained Operations                                |
==============================================================================
| DP_OP_73J2_123_9847  | sub_137 (design.v:137) sub_144 (design.v:144)       |
==============================================================================

==============================================================================
|       |      | Data     |       |                                          |
| Var   | Type | Class    | Width | Expression                               |
==============================================================================
| I1    | PI   | Unsigned | 16    |                                          |
| O1    | PO   | Signed   | 16    | I1 - $unsigned(15'b100000000000000) ( design.v:137 design.v:144 ) |
==============================================================================

Datapath Report for DP_OP_74J2_124_9847
==============================================================================
| Cell                 | Contained Operations                                |
==============================================================================
| DP_OP_74J2_124_9847  | sub_151 (design.v:151) sub_158 (design.v:158)       |
==============================================================================

==============================================================================
|       |      | Data     |       |                                          |
| Var   | Type | Class    | Width | Expression                               |
==============================================================================
| I1    | PI   | Unsigned | 16    |                                          |
| O1    | PO   | Signed   | 16    | I1 - $unsigned(16'b1000000000000000) ( design.v:151 design.v:158 ) |
==============================================================================

Datapath Report for DP_OP_75J2_125_9847
==============================================================================
| Cell                 | Contained Operations                                |
==============================================================================
| DP_OP_75J2_125_9847  | sub_165 (design.v:165) sub_172 (design.v:172)       |
==============================================================================

==============================================================================
|       |      | Data     |       |                                          |
| Var   | Type | Class    | Width | Expression                               |
==============================================================================
| I1    | PI   | Unsigned | 16    |                                          |
| O1    | PO   | Signed   | 16    | I1 - $signed(15'b100000000000000) ( design.v:165 design.v:172 ) |
==============================================================================

Datapath Report for DP_OP_89J2_132_2642
==============================================================================
| Cell                 | Contained Operations                                |
==============================================================================
| DP_OP_89J2_132_2642  | add_287 (design.v:287) sub_294 (design.v:294)       |
==============================================================================

==============================================================================
|       |      | Data     |       |                                          |
| Var   | Type | Class    | Width | Expression                               |
==============================================================================
| I1    | PI   | Signed   | 16    |                                          |
| I2    | PI   | Signed   | 16    |                                          |
| I3    | PI   | Unsigned | 1     |                                          |
| O1    | PO   | Signed   | 16    | addsub(I1,I2,I3) ( design.v:287 design.v:294 ) |
==============================================================================

Datapath Report for DP_OP_86J2_129_110
==============================================================================
| Cell                 | Contained Operations                                |
==============================================================================
| DP_OP_86J2_129_110   | sub_286 (design.v:286) add_293 (design.v:293)       |
==============================================================================

==============================================================================
|       |      | Data     |       |                                          |
| Var   | Type | Class    | Width | Expression                               |
==============================================================================
| I1    | PI   | Signed   | 19    |                                          |
| I2    | PI   | Signed   | 19    |                                          |
| I3    | PI   | Unsigned | 1     |                                          |
| O1    | PO   | Signed   | 19    | addsub(I1,I2,I3) ( design.v:286 design.v:293 ) |
==============================================================================

Datapath Report for DP_OP_83J2_126_2151
==============================================================================
| Cell                 | Contained Operations                                |
==============================================================================
| DP_OP_83J2_126_2151  | add_285 (design.v:285) sub_292 (design.v:292)       |
==============================================================================

==============================================================================
|       |      | Data     |       |                                          |
| Var   | Type | Class    | Width | Expression                               |
==============================================================================
| I1    | PI   | Signed   | 19    |                                          |
| I2    | PI   | Signed   | 19    |                                          |
| I3    | PI   | Unsigned | 1     |                                          |
| O1    | PO   | Signed   | 19    | addsub(I1,I2,I3) ( design.v:285 design.v:292 ) |
==============================================================================


Implementation Report
===============================================================================
|                    |                  | Current            | Set            |
| Cell               | Module           | Implementation     | Implementation |
===============================================================================
| add_x_5            | DW01_inc         | apparch (area)     |                |
| add_x_8            | DW01_add         | apparch (area)     |                |
| add_x_9            | DW01_add         | apparch (area)     |                |
| gte_x_13           | DW_cmp           | apparch (area)     |                |
| ashr_6             | DW_rightsh       | astr (area)        |                |
| ashr_7             | DW_rightsh       | astr (area)        |                |
| sub_x_1            | DW01_sub         | apparch (area)     |                |
| sub_x_2            | DW01_sub         | apparch (area)     |                |
| DP_OP_83J2_126_2151                   |                    |                |
|                    | DP_OP_83J2_126_2151 | str (area)      |                |
| DP_OP_86J2_129_110 | DP_OP_86J2_129_110 | str (area)       |                |
| DP_OP_89J2_132_2642                   |                    |                |
|                    | DP_OP_89J2_132_2642 | str (area)      |                |
| DP_OP_73J2_123_9847                   |                    |                |
|                    | DP_OP_73J2_123_9847 | str (area)      |                |
| DP_OP_75J2_125_9847                   |                    |                |
|                    | DP_OP_75J2_125_9847 | str (area)      |                |
===============================================================================

 
****************************************
Design : deconv_kernel_estimator_top_level_cordic_polar_to_rect_0
****************************************

Resource Report for this hierarchy in file ./inputs/design.v
=============================================================================
| Cell           | Module         | Parameters | Contained Operations       |
=============================================================================
| add_x_5        | DW01_inc       | width=4    | add_266 (design.v:266)     |
| add_x_8        | DW01_add       | width=18   | add_310 (design.v:310)     |
| add_x_9        | DW01_add       | width=18   | add_313 (design.v:313)     |
| gte_x_13       | DW_cmp         | width=4    | gte_323 (design.v:323)     |
|                |                |            | gte_332 (design.v:332)     |
| ashr_6         | DW_rightsh     | A_width=19 | sra_285 (design.v:285)     |
|                |                | SH_width=4 | sra_292 (design.v:292)     |
| ashr_7         | DW_rightsh     | A_width=19 | sra_286 (design.v:286)     |
|                |                | SH_width=4 | sra_293 (design.v:293)     |
| sub_x_1        | DW01_sub       | width=19   | sub_135 (design.v:135)     |
|                |                |            | sub_142 (design.v:142)     |
|                |                |            | sub_150 (design.v:150)     |
|                |                |            | sub_157 (design.v:157)     |
| sub_x_2        | DW01_sub       | width=19   | sub_149 (design.v:149)     |
|                |                |            | sub_156 (design.v:156)     |
|                |                |            | sub_164 (design.v:164)     |
|                |                |            | sub_171 (design.v:171)     |
| DP_OP_73J2_123_9847             |            |                            |
|                | DP_OP_73J2_123_9847 |       |                            |
| DP_OP_74J2_124_9847             |            |                            |
|                | DP_OP_74J2_124_9847 |       |                            |
| DP_OP_75J2_125_9847             |            |                            |
|                | DP_OP_75J2_125_9847 |       |                            |
| DP_OP_89J2_132_2642             |            |                            |
|                | DP_OP_89J2_132_2642 |       |                            |
| DP_OP_86J2_129_110              |            |                            |
|                | DP_OP_86J2_129_110 |        |                            |
| DP_OP_83J2_126_2151             |            |                            |
|                | DP_OP_83J2_126_2151 |       |                            |
=============================================================================

Datapath Report for DP_OP_73J2_123_9847
==============================================================================
| Cell                 | Contained Operations                                |
==============================================================================
| DP_OP_73J2_123_9847  | sub_137 (design.v:137) sub_144 (design.v:144)       |
==============================================================================

==============================================================================
|       |      | Data     |       |                                          |
| Var   | Type | Class    | Width | Expression                               |
==============================================================================
| I1    | PI   | Unsigned | 16    |                                          |
| O1    | PO   | Signed   | 16    | I1 - $unsigned(15'b100000000000000) ( design.v:137 design.v:144 ) |
==============================================================================

Datapath Report for DP_OP_74J2_124_9847
==============================================================================
| Cell                 | Contained Operations                                |
==============================================================================
| DP_OP_74J2_124_9847  | sub_151 (design.v:151) sub_158 (design.v:158)       |
==============================================================================

==============================================================================
|       |      | Data     |       |                                          |
| Var   | Type | Class    | Width | Expression                               |
==============================================================================
| I1    | PI   | Unsigned | 16    |                                          |
| O1    | PO   | Signed   | 16    | I1 - $unsigned(16'b1000000000000000) ( design.v:151 design.v:158 ) |
==============================================================================

Datapath Report for DP_OP_75J2_125_9847
==============================================================================
| Cell                 | Contained Operations                                |
==============================================================================
| DP_OP_75J2_125_9847  | sub_165 (design.v:165) sub_172 (design.v:172)       |
==============================================================================

==============================================================================
|       |      | Data     |       |                                          |
| Var   | Type | Class    | Width | Expression                               |
==============================================================================
| I1    | PI   | Unsigned | 16    |                                          |
| O1    | PO   | Signed   | 16    | I1 - $signed(15'b100000000000000) ( design.v:165 design.v:172 ) |
==============================================================================

Datapath Report for DP_OP_89J2_132_2642
==============================================================================
| Cell                 | Contained Operations                                |
==============================================================================
| DP_OP_89J2_132_2642  | add_287 (design.v:287) sub_294 (design.v:294)       |
==============================================================================

==============================================================================
|       |      | Data     |       |                                          |
| Var   | Type | Class    | Width | Expression                               |
==============================================================================
| I1    | PI   | Signed   | 16    |                                          |
| I2    | PI   | Signed   | 16    |                                          |
| I3    | PI   | Unsigned | 1     |                                          |
| O1    | PO   | Signed   | 16    | addsub(I1,I2,I3) ( design.v:287 design.v:294 ) |
==============================================================================

Datapath Report for DP_OP_86J2_129_110
==============================================================================
| Cell                 | Contained Operations                                |
==============================================================================
| DP_OP_86J2_129_110   | sub_286 (design.v:286) add_293 (design.v:293)       |
==============================================================================

==============================================================================
|       |      | Data     |       |                                          |
| Var   | Type | Class    | Width | Expression                               |
==============================================================================
| I1    | PI   | Signed   | 19    |                                          |
| I2    | PI   | Signed   | 19    |                                          |
| I3    | PI   | Unsigned | 1     |                                          |
| O1    | PO   | Signed   | 19    | addsub(I1,I2,I3) ( design.v:286 design.v:293 ) |
==============================================================================

Datapath Report for DP_OP_83J2_126_2151
==============================================================================
| Cell                 | Contained Operations                                |
==============================================================================
| DP_OP_83J2_126_2151  | add_285 (design.v:285) sub_292 (design.v:292)       |
==============================================================================

==============================================================================
|       |      | Data     |       |                                          |
| Var   | Type | Class    | Width | Expression                               |
==============================================================================
| I1    | PI   | Signed   | 19    |                                          |
| I2    | PI   | Signed   | 19    |                                          |
| I3    | PI   | Unsigned | 1     |                                          |
| O1    | PO   | Signed   | 19    | addsub(I1,I2,I3) ( design.v:285 design.v:292 ) |
==============================================================================


Implementation Report
===============================================================================
|                    |                  | Current            | Set            |
| Cell               | Module           | Implementation     | Implementation |
===============================================================================
| add_x_5            | DW01_inc         | apparch (area)     |                |
| add_x_8            | DW01_add         | apparch (area)     |                |
| add_x_9            | DW01_add         | apparch (area)     |                |
| gte_x_13           | DW_cmp           | apparch (area)     |                |
| ashr_6             | DW_rightsh       | astr (area)        |                |
| ashr_7             | DW_rightsh       | astr (area)        |                |
| sub_x_1            | DW01_sub         | apparch (area)     |                |
| sub_x_2            | DW01_sub         | apparch (area)     |                |
| DP_OP_83J2_126_2151                   |                    |                |
|                    | DP_OP_83J2_126_2151 | str (area)      |                |
| DP_OP_86J2_129_110 | DP_OP_86J2_129_110 | str (area)       |                |
| DP_OP_89J2_132_2642                   |                    |                |
|                    | DP_OP_89J2_132_2642 | str (area)      |                |
| DP_OP_73J2_123_9847                   |                    |                |
|                    | DP_OP_73J2_123_9847 | str (area)      |                |
| DP_OP_75J2_125_9847                   |                    |                |
|                    | DP_OP_75J2_125_9847 | str (area)      |                |
===============================================================================

 
****************************************
Design : deconv_kernel_estimator_top_level_serializer_FETCH_WIDTH16_0
****************************************

Resource Report for this hierarchy in file ./inputs/design.v
=============================================================================
| Cell           | Module         | Parameters | Contained Operations       |
=============================================================================
| add_x_1        | DW01_inc       | width=4    | add_1974 (design.v:1974)   |
=============================================================================


Implementation Report
===============================================================================
|                    |                  | Current            | Set            |
| Cell               | Module           | Implementation     | Implementation |
===============================================================================
| add_x_1            | DW01_inc         | apparch (area)     |                |
===============================================================================

 
****************************************
Design : deconv_kernel_estimator_top_level_deserializer_FETCH_WIDTH16_0
****************************************

Resource Report for this hierarchy in file ./inputs/design.v
=============================================================================
| Cell           | Module         | Parameters | Contained Operations       |
=============================================================================
| add_x_1        | DW01_inc       | width=4    | add_1170 (design.v:1170)   |
=============================================================================


Implementation Report
===============================================================================
|                    |                  | Current            | Set            |
| Cell               | Module           | Implementation     | Implementation |
===============================================================================
| add_x_1            | DW01_inc         | apparch (area)     |                |
===============================================================================

1
