Warning: There are 30 switching activity information conflicts. (PWR-19)
 
****************************************
Report : saif
        -hier
        -rtl_saif
Design : deconv_kernel_estimator_top_level
Version: L-2016.03-SP5-5
Date   : Sat Jul 10 21:01:39 2021
****************************************

  

--------------------------------------------------------------------------------
              User              Default           Propagated
Object type   Annotated (%)     Activity (%)      Activity (%)       Total
--------------------------------------------------------------------------------
  
 Ports        26(89.66%)        0(0.00%)          3(10.34%)          29
 Seq Cells    273(18.56%)       0(0.00%)          1198(81.44%)       1471
 Tri Cells    0(0.00%)          0(0.00%)          0(0.00%)           0
--------------------------------------------------------------------------------

 List of Annotated ports :

   adc_bypass_en 
   sig_amplitude[0] 
   sig_amplitude[1] 
   sig_amplitude[2] 
   sig_amplitude[3] 
   sig_amplitude[4] 
   sig_amplitude[5] 
   sig_amplitude[6] 
   sig_amplitude[7] 
   sig_frequency[0] 
   sig_frequency[1] 
   sig_frequency[2] 
   sig_frequency[3] 
   sig_frequency[4] 
   sig_frequency[5] 
   sig_frequency[6] 
   sig_frequency[7] 
   amplitude_adc_done 
   frequency_adc_done 
   sram_select[0] 
   sram_select[1] 
   serial_in 
   debug_en 
   load_en 
   rst_n 
   clk 

 List of Annotated sequential cells :

   eval_iir_freq_resp_reg 
   tf_coeff_radr_reg_0_ 
   tf_coeff_radr_reg_1_ 
   tf_coeff_radr_reg_2_ 
   tf_coeff_radr_reg_3_ 
   tf_coeff_radr_reg_4_ 
   tf_coeff_radr_reg_5_ 
   tf_coeff_radr_reg_6_ 
   tf_coeff_radr_reg_7_ 
   tf_coeff_radr_reg_8_ 
   tf_coeff_radr_reg_9_ 
   tf_coeff_radr_reg_10_ 
   tf_coeff_radr_reg_11_ 
   phase_vec_rwen_reg 
   tf_coeff_ren_reg 
   debug_en_d2_reg 
   config_nfft_reg_0_ 
   config_nfft_reg_1_ 
   config_nfft_reg_2_ 
   config_nfft_reg_3_ 
   config_nfft_reg_4_ 
   config_nfft_reg_5_ 
   config_nfft_reg_6_ 
   config_nfft_reg_7_ 
   config_nfft_reg_8_ 
   config_nfft_reg_9_ 
   config_nfft_reg_10_ 
   config_nfft_reg_11_ 
   deconv_kernel_phase_sram_interface_inst/wadr_r_reg_0_ 
   deconv_kernel_phase_sram_interface_inst/wadr_r_reg_1_ 
   deconv_kernel_phase_sram_interface_inst/wadr_r_reg_2_ 
   deconv_kernel_phase_sram_interface_inst/wadr_r_reg_3_ 
   deconv_kernel_phase_sram_interface_inst/wadr_r_reg_4_ 
   deconv_kernel_phase_sram_interface_inst/wadr_r_reg_5_ 
   deconv_kernel_phase_sram_interface_inst/wadr_r_reg_6_ 
   deconv_kernel_phase_sram_interface_inst/wadr_r_reg_7_ 
   deconv_kernel_phase_sram_interface_inst/wadr_r_reg_8_ 
   deconv_kernel_phase_sram_interface_inst/wadr_r_reg_9_ 
   deconv_kernel_phase_sram_interface_inst/wadr_r_reg_10_ 
   deconv_kernel_phase_sram_interface_inst/wadr_r_reg_11_ 
   deconv_kernel_phase_sram_interface_inst/radr_r_reg_0_ 
   deconv_kernel_phase_sram_interface_inst/radr_r_reg_1_ 
   deconv_kernel_phase_sram_interface_inst/radr_r_reg_2_ 
   deconv_kernel_phase_sram_interface_inst/radr_r_reg_3_ 
   deconv_kernel_phase_sram_interface_inst/radr_r_reg_4_ 
   deconv_kernel_phase_sram_interface_inst/radr_r_reg_5_ 
   deconv_kernel_phase_sram_interface_inst/radr_r_reg_6_ 
   deconv_kernel_phase_sram_interface_inst/radr_r_reg_7_ 
   deconv_kernel_phase_sram_interface_inst/radr_r_reg_8_ 
   deconv_kernel_phase_sram_interface_inst/radr_r_reg_9_ 
   deconv_kernel_phase_sram_interface_inst/radr_r_reg_10_ 
   deconv_kernel_phase_sram_interface_inst/radr_r_reg_11_ 
   deconv_kernel_magnitude_sram_interface_inst/wadr_r_reg_0_ 
   deconv_kernel_magnitude_sram_interface_inst/wadr_r_reg_1_ 
   deconv_kernel_magnitude_sram_interface_inst/wadr_r_reg_2_ 
   deconv_kernel_magnitude_sram_interface_inst/wadr_r_reg_3_ 
   deconv_kernel_magnitude_sram_interface_inst/wadr_r_reg_4_ 
   deconv_kernel_magnitude_sram_interface_inst/wadr_r_reg_5_ 
   deconv_kernel_magnitude_sram_interface_inst/wadr_r_reg_6_ 
   deconv_kernel_magnitude_sram_interface_inst/wadr_r_reg_7_ 
   deconv_kernel_magnitude_sram_interface_inst/wadr_r_reg_8_ 
   deconv_kernel_magnitude_sram_interface_inst/wadr_r_reg_9_ 
   deconv_kernel_magnitude_sram_interface_inst/wadr_r_reg_10_ 
   deconv_kernel_magnitude_sram_interface_inst/wadr_r_reg_11_ 
   deconv_kernel_magnitude_sram_interface_inst/radr_r_reg_0_ 
   deconv_kernel_magnitude_sram_interface_inst/radr_r_reg_1_ 
   deconv_kernel_magnitude_sram_interface_inst/radr_r_reg_2_ 
   deconv_kernel_magnitude_sram_interface_inst/radr_r_reg_3_ 
   deconv_kernel_magnitude_sram_interface_inst/radr_r_reg_4_ 
   deconv_kernel_magnitude_sram_interface_inst/radr_r_reg_5_ 
   deconv_kernel_magnitude_sram_interface_inst/radr_r_reg_6_ 
   deconv_kernel_magnitude_sram_interface_inst/radr_r_reg_7_ 
   deconv_kernel_magnitude_sram_interface_inst/radr_r_reg_8_ 
   deconv_kernel_magnitude_sram_interface_inst/radr_r_reg_9_ 
   deconv_kernel_magnitude_sram_interface_inst/radr_r_reg_10_ 
   deconv_kernel_magnitude_sram_interface_inst/radr_r_reg_11_ 
   iir_notch_filter_inst/tf_val_magnitude_reg_0_ 
   iir_notch_filter_inst/reset_filt_reg 
   iir_notch_filter_inst/run_filt_trig_reg 
   iir_notch_filter_inst/tf_val_valid_reg 
   iir_notch_filter_inst/den_magnitude_reg_1_ 
   iir_notch_filter_inst/den_magnitude_reg_2_ 
   iir_notch_filter_inst/den_magnitude_reg_3_ 
   iir_notch_filter_inst/den_magnitude_reg_4_ 
   iir_notch_filter_inst/den_magnitude_reg_5_ 
   iir_notch_filter_inst/den_magnitude_reg_6_ 
   iir_notch_filter_inst/den_magnitude_reg_7_ 
   iir_notch_filter_inst/den_magnitude_reg_8_ 
   iir_notch_filter_inst/den_magnitude_reg_9_ 
   iir_notch_filter_inst/den_magnitude_reg_10_ 
   iir_notch_filter_inst/den_magnitude_reg_11_ 
   iir_notch_filter_inst/den_magnitude_reg_12_ 
   iir_notch_filter_inst/den_magnitude_reg_13_ 
   iir_notch_filter_inst/den_magnitude_reg_14_ 
   iir_notch_filter_inst/den_magnitude_reg_15_ 
   iir_notch_filter_inst/num_magnitude_reg_0_ 
   iir_notch_filter_inst/num_magnitude_reg_1_ 
   iir_notch_filter_inst/num_magnitude_reg_2_ 
   iir_notch_filter_inst/num_magnitude_reg_3_ 
   iir_notch_filter_inst/num_magnitude_reg_4_ 
   iir_notch_filter_inst/num_magnitude_reg_5_ 
   iir_notch_filter_inst/num_magnitude_reg_6_ 
   iir_notch_filter_inst/num_magnitude_reg_7_ 
   iir_notch_filter_inst/num_magnitude_reg_8_ 
   iir_notch_filter_inst/num_magnitude_reg_9_ 
   iir_notch_filter_inst/num_magnitude_reg_10_ 
   iir_notch_filter_inst/num_magnitude_reg_11_ 
   iir_notch_filter_inst/num_magnitude_reg_12_ 
   iir_notch_filter_inst/num_magnitude_reg_13_ 
   iir_notch_filter_inst/num_magnitude_reg_14_ 
   iir_notch_filter_inst/num_magnitude_reg_15_ 
   iir_notch_filter_inst/phase_mem_indices_reg_1__11_ 
   iir_notch_filter_inst/phase_mem_indices_reg_1__10_ 
   iir_notch_filter_inst/phase_mem_indices_reg_1__9_ 
   iir_notch_filter_inst/phase_mem_indices_reg_1__8_ 
   iir_notch_filter_inst/phase_mem_indices_reg_1__7_ 
   iir_notch_filter_inst/phase_mem_indices_reg_1__6_ 
   iir_notch_filter_inst/phase_mem_indices_reg_1__5_ 
   iir_notch_filter_inst/phase_mem_indices_reg_1__4_ 
   iir_notch_filter_inst/phase_mem_indices_reg_1__3_ 
   iir_notch_filter_inst/phase_mem_indices_reg_1__2_ 
   iir_notch_filter_inst/phase_mem_indices_reg_1__1_ 
   iir_notch_filter_inst/phase_mem_indices_reg_1__0_ 
   iir_notch_filter_inst/phase_mem_indices_reg_0__0_ 
   iir_notch_filter_inst/phase_mem_indices_reg_0__1_ 
   iir_notch_filter_inst/phase_mem_indices_reg_0__2_ 
   iir_notch_filter_inst/phase_mem_indices_reg_0__3_ 
   iir_notch_filter_inst/phase_mem_indices_reg_0__4_ 
   iir_notch_filter_inst/phase_mem_indices_reg_0__5_ 
   iir_notch_filter_inst/phase_mem_indices_reg_0__6_ 
   iir_notch_filter_inst/phase_mem_indices_reg_0__7_ 
   iir_notch_filter_inst/phase_mem_indices_reg_0__8_ 
   iir_notch_filter_inst/phase_mem_indices_reg_0__9_ 
   iir_notch_filter_inst/phase_mem_indices_reg_0__10_ 
   iir_notch_filter_inst/phase_mem_indices_reg_0__11_ 
   iir_notch_filter_inst/num_eval_imag_reg_0_ 
   iir_notch_filter_inst/num_eval_imag_reg_1_ 
   iir_notch_filter_inst/num_eval_imag_reg_2_ 
   iir_notch_filter_inst/num_eval_imag_reg_3_ 
   iir_notch_filter_inst/num_eval_imag_reg_4_ 
   iir_notch_filter_inst/num_eval_imag_reg_5_ 
   iir_notch_filter_inst/num_eval_imag_reg_6_ 
   iir_notch_filter_inst/num_eval_imag_reg_7_ 
   iir_notch_filter_inst/num_eval_imag_reg_8_ 
   iir_notch_filter_inst/num_eval_imag_reg_9_ 
   iir_notch_filter_inst/num_eval_imag_reg_10_ 
   iir_notch_filter_inst/num_eval_imag_reg_11_ 
   iir_notch_filter_inst/num_eval_imag_reg_12_ 
   iir_notch_filter_inst/num_eval_imag_reg_13_ 
   iir_notch_filter_inst/num_eval_imag_reg_14_ 
   iir_notch_filter_inst/num_eval_imag_reg_15_ 
   iir_notch_filter_inst/num_eval_real_reg_0_ 
   iir_notch_filter_inst/num_eval_real_reg_1_ 
   iir_notch_filter_inst/num_eval_real_reg_2_ 
   iir_notch_filter_inst/num_eval_real_reg_3_ 
   iir_notch_filter_inst/num_eval_real_reg_4_ 
   iir_notch_filter_inst/num_eval_real_reg_5_ 
   iir_notch_filter_inst/num_eval_real_reg_6_ 
   iir_notch_filter_inst/num_eval_real_reg_7_ 
   iir_notch_filter_inst/num_eval_real_reg_8_ 
   iir_notch_filter_inst/num_eval_real_reg_9_ 
   iir_notch_filter_inst/num_eval_real_reg_10_ 
   iir_notch_filter_inst/num_eval_real_reg_11_ 
   iir_notch_filter_inst/num_eval_real_reg_12_ 
   iir_notch_filter_inst/num_eval_real_reg_13_ 
   iir_notch_filter_inst/num_eval_real_reg_14_ 
   iir_notch_filter_inst/num_eval_real_reg_15_ 
   iir_notch_filter_inst/den_eval_imag_reg_0_ 
   iir_notch_filter_inst/den_eval_imag_reg_1_ 
   iir_notch_filter_inst/den_eval_imag_reg_2_ 
   iir_notch_filter_inst/den_eval_imag_reg_3_ 
   iir_notch_filter_inst/den_eval_imag_reg_4_ 
   iir_notch_filter_inst/den_eval_imag_reg_5_ 
   iir_notch_filter_inst/den_eval_imag_reg_6_ 
   iir_notch_filter_inst/den_eval_imag_reg_7_ 
   iir_notch_filter_inst/den_eval_imag_reg_8_ 
   iir_notch_filter_inst/den_eval_imag_reg_9_ 
   iir_notch_filter_inst/den_eval_imag_reg_10_ 
   iir_notch_filter_inst/den_eval_imag_reg_11_ 
   iir_notch_filter_inst/den_eval_imag_reg_12_ 
   iir_notch_filter_inst/den_eval_imag_reg_13_ 
   iir_notch_filter_inst/den_eval_imag_reg_14_ 
   iir_notch_filter_inst/den_eval_imag_reg_15_ 
   iir_notch_filter_inst/den_eval_real_reg_0_ 
   iir_notch_filter_inst/den_eval_real_reg_1_ 
   iir_notch_filter_inst/den_eval_real_reg_2_ 
   iir_notch_filter_inst/den_eval_real_reg_3_ 
   iir_notch_filter_inst/den_eval_real_reg_4_ 
   iir_notch_filter_inst/den_eval_real_reg_5_ 
   iir_notch_filter_inst/den_eval_real_reg_6_ 
   iir_notch_filter_inst/den_eval_real_reg_7_ 
   iir_notch_filter_inst/den_eval_real_reg_8_ 
   iir_notch_filter_inst/den_eval_real_reg_9_ 
   iir_notch_filter_inst/den_eval_real_reg_10_ 
   iir_notch_filter_inst/den_eval_real_reg_11_ 
   iir_notch_filter_inst/den_eval_real_reg_12_ 
   iir_notch_filter_inst/den_eval_real_reg_13_ 
   iir_notch_filter_inst/den_eval_real_reg_14_ 
   iir_notch_filter_inst/den_eval_real_reg_15_ 
   iir_notch_filter_inst/complex_phases_reg_0__0_ 
   iir_notch_filter_inst/complex_phases_reg_0__1_ 
   iir_notch_filter_inst/complex_phases_reg_0__2_ 
   iir_notch_filter_inst/complex_phases_reg_0__3_ 
   iir_notch_filter_inst/complex_phases_reg_0__4_ 
   iir_notch_filter_inst/complex_phases_reg_0__5_ 
   iir_notch_filter_inst/complex_phases_reg_0__6_ 
   iir_notch_filter_inst/complex_phases_reg_0__7_ 
   iir_notch_filter_inst/complex_phases_reg_0__8_ 
   iir_notch_filter_inst/complex_phases_reg_0__9_ 
   iir_notch_filter_inst/complex_phases_reg_0__10_ 
   iir_notch_filter_inst/complex_phases_reg_0__11_ 
   iir_notch_filter_inst/complex_phases_reg_0__12_ 
   iir_notch_filter_inst/complex_phases_reg_0__13_ 
   iir_notch_filter_inst/complex_phases_reg_0__14_ 
   iir_notch_filter_inst/complex_phases_reg_0__15_ 
   iir_notch_filter_inst/complex_phases_reg_1__0_ 
   iir_notch_filter_inst/complex_phases_reg_1__1_ 
   iir_notch_filter_inst/complex_phases_reg_1__2_ 
   iir_notch_filter_inst/complex_phases_reg_1__3_ 
   iir_notch_filter_inst/complex_phases_reg_1__4_ 
   iir_notch_filter_inst/complex_phases_reg_1__5_ 
   iir_notch_filter_inst/complex_phases_reg_1__6_ 
   iir_notch_filter_inst/complex_phases_reg_1__7_ 
   iir_notch_filter_inst/complex_phases_reg_1__8_ 
   iir_notch_filter_inst/complex_phases_reg_1__9_ 
   iir_notch_filter_inst/complex_phases_reg_1__10_ 
   iir_notch_filter_inst/complex_phases_reg_1__11_ 
   iir_notch_filter_inst/complex_phases_reg_1__12_ 
   iir_notch_filter_inst/complex_phases_reg_1__13_ 
   iir_notch_filter_inst/complex_phases_reg_1__14_ 
   iir_notch_filter_inst/complex_phases_reg_1__15_ 
   iir_notch_filter_inst/tf_val_phase_reg_2_ 
   iir_notch_filter_inst/tf_val_phase_reg_3_ 
   iir_notch_filter_inst/tf_val_phase_reg_5_ 
   iir_notch_filter_inst/tf_val_phase_reg_6_ 
   iir_notch_filter_inst/tf_val_phase_reg_7_ 
   iir_notch_filter_inst/tf_val_phase_reg_8_ 
   iir_notch_filter_inst/tf_val_phase_reg_10_ 
   iir_notch_filter_inst/tf_val_phase_reg_13_ 
   iir_notch_filter_inst/den_magnitude_reg_0_ 
   iir_notch_filter_inst/fixed_pt_div_inst/reg_sign_reg 
   iir_notch_filter_inst/fixed_pt_div_inst/reg_quotient_reg_0_ 
   iir_notch_filter_inst/fixed_pt_div_inst/reg_quotient_reg_1_ 
   iir_notch_filter_inst/fixed_pt_div_inst/reg_quotient_reg_2_ 
   iir_notch_filter_inst/fixed_pt_div_inst/reg_quotient_reg_3_ 
   iir_notch_filter_inst/fixed_pt_div_inst/reg_quotient_reg_4_ 
   iir_notch_filter_inst/fixed_pt_div_inst/reg_quotient_reg_5_ 
   iir_notch_filter_inst/fixed_pt_div_inst/reg_quotient_reg_6_ 
   iir_notch_filter_inst/fixed_pt_div_inst/reg_quotient_reg_7_ 
   iir_notch_filter_inst/fixed_pt_div_inst/reg_quotient_reg_8_ 
   iir_notch_filter_inst/fixed_pt_div_inst/reg_quotient_reg_9_ 
   iir_notch_filter_inst/fixed_pt_div_inst/reg_quotient_reg_10_ 
   iir_notch_filter_inst/fixed_pt_div_inst/reg_quotient_reg_11_ 
   iir_notch_filter_inst/fixed_pt_div_inst/reg_quotient_reg_12_ 
   iir_notch_filter_inst/fixed_pt_div_inst/reg_quotient_reg_13_ 
   iir_notch_filter_inst/fixed_pt_div_inst/reg_quotient_reg_14_ 
   serializer_inst/sender_deq_reg 
   deserializer_inst/parallel_data_reg_0_ 
   deserializer_inst/parallel_data_reg_1_ 
   deserializer_inst/parallel_data_reg_2_ 
   deserializer_inst/parallel_data_reg_3_ 
   deserializer_inst/parallel_data_reg_4_ 
   deserializer_inst/parallel_data_reg_5_ 
   deserializer_inst/parallel_data_reg_6_ 
   deserializer_inst/parallel_data_reg_7_ 
   deserializer_inst/parallel_data_reg_8_ 
   deserializer_inst/parallel_data_reg_9_ 
   deserializer_inst/parallel_data_reg_10_ 
   deserializer_inst/parallel_data_reg_11_ 
   deserializer_inst/parallel_data_reg_12_ 
   deserializer_inst/parallel_data_reg_13_ 
   deserializer_inst/parallel_data_reg_14_ 
   deserializer_inst/parallel_data_reg_15_ 

 List of Annotated three-state cells :

   0 three-state cells

--------------------------------------------------------------------------------
1
