Flattening unmatched subcell sky130_fd_pr__pfet_01v8_hvt_GK2P2M in circuit cs_ring_osc_stage (1)(1 instance)
Flattening unmatched subcell sky130_fd_pr__pfet_01v8_hvt_8Q5PU3 in circuit cs_ring_osc_stage (1)(2 instances)
Flattening unmatched subcell sky130_fd_pr__nfet_01v8_V6PJ6N in circuit cs_ring_osc_stage (1)(3 instances)
Flattening unmatched subcell sky130_fd_pr__cap_mim_m3_1_FAR8MD in circuit cs_ring_osc_stage (1)(1 instance)
Flattening unmatched subcell inv1 in circuit txgate_lvs (0)(1 instance)
Flattening unmatched subcell cs_ring_osc_stage_lvs_exp in circuit cs_ring_osc_lvs (0)(6 instances)
Flattening unmatched subcell dff_stdcell in circuit freq_div_lvs (0)(11 instances)
Flattening unmatched subcell inv1 in circuit freq_div_lvs (0)(11 instances)
Flattening unmatched subcell inv4 in circuit freq_div_lvs (0)(11 instances)
Flattening unmatched subcell inv in circuit pfd_cp_lpf_lvs (0)(2 instances)
Flattening unmatched subcell nand2 in circuit pfd_cp_lpf_lvs (0)(1 instance)
Flattening unmatched subcell dffr_stdcell in circuit pfd_cp_lpf_lvs (0)(2 instances)
Flattening unmatched subcell inv1 in circuit amux_2to1_lvs (0)(1 instance)
Flattening unmatched subcell nand2 in circuit and2 (0)(1 instance)
Flattening unmatched subcell inv in circuit and2 (0)(1 instance)
Flattening unmatched subcell sky130_fd_pr__nfet_01v8_lvt_ZYX5GY in circuit se_fold_casc_wide_swing_ota (1)(4 instances)
Flattening unmatched subcell sky130_fd_pr__nfet_01v8_MCKC3T in circuit se_fold_casc_wide_swing_ota (1)(10 instances)
Flattening unmatched subcell sky130_fd_pr__pfet_01v8_lvt_DHLX6D in circuit se_fold_casc_wide_swing_ota (1)(4 instances)
Flattening unmatched subcell sky130_fd_pr__pfet_01v8_MSJKJ2 in circuit se_fold_casc_wide_swing_ota (1)(4 instances)
Flattening unmatched subcell sky130_fd_pr__nfet_01v8_lvt_XH9Q8F in circuit se_fold_casc_wide_swing_ota (1)(2 instances)
Flattening unmatched subcell sky130_fd_pr__pfet_01v8_lvt_V2JKJ2 in circuit se_fold_casc_wide_swing_ota (1)(3 instances)
Flattening unmatched subcell sky130_fd_pr__nfet_01v8_FYXD5N in circuit se_fold_casc_wide_swing_ota (1)(1 instance)
Flattening unmatched subcell sky130_fd_pr__nfet_01v8_J5YDRX in circuit se_fold_casc_wide_swing_ota (1)(1 instance)
Flattening unmatched subcell sky130_fd_pr__pfet_01v8_lvt_SH2KEA in circuit se_fold_casc_wide_swing_ota (1)(2 instances)
Flattening unmatched subcell sky130_fd_pr__pfet_01v8_hvt_RC2PSP in circuit amux_2to1 (1)(2 instances)
Flattening unmatched subcell sky130_fd_pr__nfet_01v8_V7QVDJ in circuit amux_2to1 (1)(1 instance)
Flattening unmatched subcell sky130_fd_sc_hd__inv_1 in circuit amux_2to1 (1)(1 instance)
Flattening unmatched subcell sky130_fd_pr__nfet_01v8_BGQ2FN in circuit latched_comparator_folded (1)(2 instances)
Flattening unmatched subcell sky130_fd_pr__pfet_01v8_lvt_JN5RQF in circuit latched_comparator_folded (1)(2 instances)
Flattening unmatched subcell sky130_fd_pr__nfet_01v8_7DDHNL in circuit latched_comparator_folded (1)(1 instance)
Flattening unmatched subcell sky130_fd_pr__pfet_01v8_lvt_XJHVCG in circuit latched_comparator_folded (1)(1 instance)
Flattening unmatched subcell sky130_fd_pr__pfet_01v8_9JKHSP in circuit latched_comparator_folded (1)(2 instances)
Flattening unmatched subcell sky130_fd_sc_hd__nand2_1 in circuit latched_comparator_folded (1)(2 instances)
Flattening unmatched subcell sky130_fd_pr__pfet_01v8_RCENQY in circuit latched_comparator_folded (1)(1 instance)
Flattening unmatched subcell sky130_fd_sc_hd__inv_1 in circuit latched_comparator_folded (1)(4 instances)
Flattening unmatched subcell sky130_fd_pr__pfet_01v8_2Q5KMA in circuit pfd_cp_lpf (1)(2 instances)
Flattening unmatched subcell sky130_fd_pr__pfet_01v8_lvt_HJ2CZP in circuit pfd_cp_lpf (1)(1 instance)
Flattening unmatched subcell sky130_fd_pr__nfet_01v8_N6QVV6 in circuit pfd_cp_lpf (1)(1 instance)
Flattening unmatched subcell sky130_fd_pr__nfet_01v8_58Q5WU in circuit pfd_cp_lpf (1)(2 instances)
Flattening unmatched subcell sky130_fd_pr__pfet_01v8_SCHXZ7 in circuit pfd_cp_lpf (1)(1 instance)
Flattening unmatched subcell sky130_fd_sc_hd__nand2_1 in circuit pfd_cp_lpf (1)(1 instance)
Flattening unmatched subcell sky130_fd_pr__nfet_01v8_lvt_V7QMZR in circuit pfd_cp_lpf (1)(1 instance)
Flattening unmatched subcell sky130_fd_sc_hd__inv_1 in circuit pfd_cp_lpf (1)(2 instances)
Flattening unmatched subcell sky130_fd_sc_hd__inv_1 in circuit freq_div (1)(11 instances)
Flattening unmatched subcell sky130_fd_sc_hd__inv_4 in circuit freq_div (1)(11 instances)
Flattening unmatched subcell sky130_fd_sc_hd__inv_4 in circuit cs_ring_osc (1)(1 instance)
Flattening unmatched subcell sky130_fd_pr__pfet_01v8_hvt_GK2P2M in circuit cs_ring_osc (1)(1 instance)
Flattening unmatched subcell sky130_fd_pr__pfet_01v8_hvt_8Q5PU3 in circuit cs_ring_osc (1)(1 instance)
Flattening unmatched subcell cs_ring_osc_stage in circuit cs_ring_osc (1)(6 instances)
Flattening unmatched subcell sky130_fd_pr__nfet_01v8_V6PJ6N in circuit cs_ring_osc (1)(2 instances)
Flattening unmatched subcell sky130_fd_sc_hd__inv_1 in circuit cs_ring_osc (1)(1 instance)
Flattening unmatched subcell sky130_fd_pr__nfet_01v8_3YN2WN in circuit gm_c_stage (1)(2 instances)
Flattening unmatched subcell sky130_fd_pr__pfet_01v8_HVERXA in circuit gm_c_stage (1)(1 instance)
Flattening unmatched subcell sky130_fd_pr__nfet_01v8_YXNJ6N in circuit gm_c_stage (1)(2 instances)
Flattening unmatched subcell sky130_fd_pr__nfet_01v8_lvt_YXNJ6N in circuit gm_c_stage (1)(1 instance)
Flattening unmatched subcell sky130_fd_pr__pfet_01v8_hvt_SCHXZ7 in circuit txgate (1)(1 instance)
Flattening unmatched subcell sky130_fd_pr__nfet_01v8_N6QVV6 in circuit txgate (1)(1 instance)
Flattening unmatched subcell sky130_fd_sc_hd__inv_1 in circuit txgate (1)(1 instance)
Flattening unmatched subcell sky130_fd_pr__cap_mim_m3_1_VQCCU2 in circuit diff_fold_casc_ota (1)(8 instances)
Flattening unmatched subcell sky130_fd_pr__pfet_01v8_LEMKJU in circuit diff_fold_casc_ota (1)(4 instances)
Flattening unmatched subcell sky130_fd_pr__nfet_01v8_MCKC3T in circuit diff_fold_casc_ota (1)(12 instances)
Flattening unmatched subcell sky130_fd_pr__cap_mim_m3_1_P3BUE2 in circuit diff_fold_casc_ota (1)(8 instances)
Flattening unmatched subcell sky130_fd_pr__cap_mim_m3_1_KB5CJD in circuit diff_fold_casc_ota (1)(16 instances)
Flattening unmatched subcell sky130_fd_pr__nfet_01v8_Y4K3TH in circuit diff_fold_casc_ota (1)(4 instances)
Flattening unmatched subcell sky130_fd_pr__cap_mim_m3_1_FJFAMD in circuit diff_fold_casc_ota (1)(4 instances)
Flattening unmatched subcell sky130_fd_pr__pfet_01v8_MSJKJ2 in circuit diff_fold_casc_ota (1)(4 instances)
Flattening unmatched subcell sky130_fd_pr__nfet_01v8_lvt_XH9Q8F in circuit diff_fold_casc_ota (1)(2 instances)
Flattening unmatched subcell sky130_fd_pr__pfet_01v8_lvt_V2JKJ2 in circuit diff_fold_casc_ota (1)(3 instances)
Flattening unmatched subcell sky130_fd_pr__nfet_01v8_lvt_DHUKXE in circuit diff_fold_casc_ota (1)(4 instances)
Flattening unmatched subcell sky130_fd_pr__nfet_01v8_lvt_LYGCX9 in circuit diff_fold_casc_ota (1)(2 instances)
Flattening unmatched subcell txgate_lvs in circuit input_amplifier_lvs (0)(8 instances)
Flattening unmatched subcell diff_fold_casc_ota_lvs in circuit input_amplifier_lvs (0)(2 instances)
Flattening unmatched subcell inv1 in circuit input_amplifier_lvs (0)(1 instance)
Flattening unmatched subcell gm_c_stage_lvs in circuit biquad_gm_c_filter_lvs (0)(4 instances)
Flattening unmatched subcell se_fold_casc_wide_swing_ota_lvs in circuit diff_to_se_converter_lvs (0)(1 instance)
Flattening unmatched subcell txgate_lvs in circuit diff_to_se_converter_lvs (0)(2 instances)
Flattening unmatched subcell inv1 in circuit diff_to_se_converter_lvs (0)(1 instance)
Flattening unmatched subcell se_fold_casc_wide_swing_ota_lvs in circuit peak_detector_lvs (0)(2 instances)
Flattening unmatched subcell se_fold_casc_wide_swing_ota_lvs in circuit sample_and_hold_lvs (0)(1 instance)
Flattening unmatched subcell cs_ring_osc_lvs in circuit low_freq_pll_block_lvs (0)(1 instance)
Flattening unmatched subcell freq_div_lvs in circuit low_freq_pll_block_lvs (0)(1 instance)
Flattening unmatched subcell pfd_cp_lpf_lvs in circuit low_freq_pll_block_lvs (0)(1 instance)
Flattening unmatched subcell inv1 in circuit dac_8bit_lvs (0)(1 instance)
Flattening unmatched subcell se_fold_casc_wide_swing_ota_lvs in circuit dac_8bit_lvs (0)(1 instance)
Flattening unmatched subcell latched_comparator_folded_lvs in circuit dac_8bit_lvs (0)(1 instance)
Flattening unmatched subcell amux_2to1_lvs in circuit dac_8bit_lvs (0)(18 instances)
Flattening unmatched subcell dff_stdcell in circuit pulse_generator_lvs (0)(4 instances)
Flattening unmatched subcell inv1 in circuit pulse_generator_lvs (0)(1 instance)
Flattening unmatched subcell and2 in circuit pulse_generator_lvs (0)(1 instance)
Flattening unmatched subcell sky130_fd_pr__cap_mim_m3_1_KBZ9JD in circuit sample_and_hold (1)(8 instances)
Flattening unmatched subcell sky130_fd_pr__cap_mim_m3_1_VQCCU2 in circuit sample_and_hold (1)(4 instances)
Flattening unmatched subcell se_fold_casc_wide_swing_ota in circuit sample_and_hold (1)(1 instance)
Flattening unmatched subcell sky130_fd_pr__cap_mim_m3_1_5E2G4H in circuit sample_and_hold (1)(4 instances)
Flattening unmatched subcell sky130_fd_pr__cap_mim_m3_1_XQCLDR in circuit sample_and_hold (1)(4 instances)
Flattening unmatched subcell sky130_fd_pr__nfet_01v8_USKJ3F in circuit sample_and_hold (1)(2 instances)
Flattening unmatched subcell sky130_fd_sc_hd__nand2_1 in circuit pulse_generator (1)(1 instance)
Flattening unmatched subcell sky130_fd_sc_hd__inv_1 in circuit pulse_generator (1)(2 instances)
Flattening unmatched subcell sky130_fd_pr__cap_mim_m3_1_BZ3RER in circuit dac_8bit (1)(324 instances)
Flattening unmatched subcell amux_2to1 in circuit dac_8bit (1)(18 instances)
Flattening unmatched subcell se_fold_casc_wide_swing_ota in circuit dac_8bit (1)(1 instance)
Flattening unmatched subcell sky130_fd_pr__pfet_01v8_hvt_SCHXZ7 in circuit dac_8bit (1)(1 instance)
Flattening unmatched subcell sky130_fd_pr__nfet_01v8_N6QVV6 in circuit dac_8bit (1)(1 instance)
Flattening unmatched subcell latched_comparator_folded in circuit dac_8bit (1)(1 instance)
Flattening unmatched subcell sky130_fd_sc_hd__inv_1 in circuit dac_8bit (1)(1 instance)
Flattening unmatched subcell sky130_fd_pr__pfet_01v8_RC2RSP in circuit peak_detector (1)(1 instance)
Flattening unmatched subcell se_fold_casc_wide_swing_ota in circuit peak_detector (1)(2 instances)
Flattening unmatched subcell sky130_fd_pr__nfet_01v8_HFLVLW in circuit peak_detector (1)(1 instance)
Flattening unmatched subcell pfd_cp_lpf in circuit low_freq_pll (1)(1 instance)
Flattening unmatched subcell freq_div in circuit low_freq_pll (1)(1 instance)
Flattening unmatched subcell cs_ring_osc in circuit low_freq_pll (1)(1 instance)
Flattening unmatched subcell sky130_fd_pr__pfet_01v8_RC2RSP in circuit comparator (1)(2 instances)
Flattening unmatched subcell sky130_fd_pr__pfet_01v8_H2H4BB in circuit comparator (1)(2 instances)
Flattening unmatched subcell sky130_fd_pr__nfet_01v8_V7Q58M in circuit comparator (1)(1 instance)
Flattening unmatched subcell sky130_fd_pr__nfet_01v8_8B5GXQ in circuit comparator (1)(1 instance)
Flattening unmatched subcell sky130_fd_pr__pfet_01v8_hvt_ATGTW6 in circuit comparator (1)(1 instance)
Flattening unmatched subcell sky130_fd_pr__nfet_01v8_lvt_G98Z6N in circuit comparator (1)(1 instance)
Flattening unmatched subcell sky130_fd_pr__nfet_01v8_JP3XZJ in circuit comparator (1)(1 instance)
Flattening unmatched subcell gm_c_stage in circuit biquad_gm_c_filter (1)(4 instances)
Flattening unmatched subcell sky130_fd_pr__pfet_01v8_8WETQ2 in circuit bias_current_distribution (1)(5 instances)
Flattening unmatched subcell sky130_fd_pr__nfet_01v8_C5Q2Z6 in circuit bias_current_distribution (1)(2 instances)
Flattening unmatched subcell txgate in circuit input_amplifier (1)(8 instances)
Flattening unmatched subcell sky130_fd_pr__cap_mim_m3_1_JJFNVY in circuit input_amplifier (1)(22 instances)
Flattening unmatched subcell sky130_fd_pr__cap_mim_m3_1_RR5544 in circuit input_amplifier (1)(48 instances)
Flattening unmatched subcell sky130_fd_pr__cap_mim_m3_1_ZE2L9R in circuit input_amplifier (1)(20 instances)
Flattening unmatched subcell sky130_fd_pr__cap_mim_m3_1_GJFTVY in circuit input_amplifier (1)(24 instances)
Flattening unmatched subcell sky130_fd_sc_hd__inv_1 in circuit input_amplifier (1)(1 instance)
Flattening unmatched subcell diff_fold_casc_ota in circuit input_amplifier (1)(2 instances)
Flattening unmatched subcell txgate in circuit diff_to_se_converter (1)(2 instances)
Flattening unmatched subcell sky130_fd_pr__cap_mim_m3_1_JJFNVY in circuit diff_to_se_converter (1)(8 instances)
Flattening unmatched subcell sky130_fd_pr__cap_mim_m3_1_RR5544 in circuit diff_to_se_converter (1)(16 instances)
Flattening unmatched subcell se_fold_casc_wide_swing_ota in circuit diff_to_se_converter (1)(1 instance)
Flattening unmatched subcell sky130_fd_pr__cap_mim_m3_1_GJFTVY in circuit diff_to_se_converter (1)(8 instances)
Flattening unmatched subcell sky130_fd_pr__cap_mim_m3_1_ZE2L9R in circuit diff_to_se_converter (1)(8 instances)
Flattening unmatched subcell sky130_fd_sc_hd__inv_1 in circuit diff_to_se_converter (1)(1 instance)
Flattening unmatched subcell input_amplifier_lvs in circuit analog_top_level_lvs (0)(1 instance)
Flattening unmatched subcell biquad_gm_c_filter_lvs in circuit analog_top_level_lvs (0)(1 instance)
Flattening unmatched subcell diff_to_se_converter_lvs in circuit analog_top_level_lvs (0)(1 instance)
Flattening unmatched subcell bias_current_distribution_lvs in circuit analog_top_level_lvs (0)(1 instance)
Flattening unmatched subcell comparator_lvs in circuit analog_top_level_lvs (0)(1 instance)
Flattening unmatched subcell peak_detector_lvs in circuit analog_top_level_lvs (0)(1 instance)
Flattening unmatched subcell sample_and_hold_lvs in circuit analog_top_level_lvs (0)(2 instances)
Flattening unmatched subcell low_freq_pll_block_lvs in circuit analog_top_level_lvs (0)(1 instance)
Flattening unmatched subcell dac_8bit_lvs in circuit analog_top_level_lvs (0)(2 instances)
Flattening unmatched subcell pulse_generator_lvs in circuit analog_top_level_lvs (0)(1 instance)
Flattening unmatched subcell sample_and_hold in circuit analog_top_level_flat (1)(2 instances)
Flattening unmatched subcell pulse_generator in circuit analog_top_level_flat (1)(1 instance)
Flattening unmatched subcell dac_8bit in circuit analog_top_level_flat (1)(2 instances)
Flattening unmatched subcell peak_detector in circuit analog_top_level_flat (1)(1 instance)
Flattening unmatched subcell low_freq_pll in circuit analog_top_level_flat (1)(1 instance)
Flattening unmatched subcell comparator in circuit analog_top_level_flat (1)(1 instance)
Flattening unmatched subcell biquad_gm_c_filter in circuit analog_top_level_flat (1)(1 instance)
Flattening unmatched subcell bias_current_distribution in circuit analog_top_level_flat (1)(1 instance)
Flattening unmatched subcell input_amplifier in circuit analog_top_level_flat (1)(1 instance)
Flattening unmatched subcell diff_to_se_converter in circuit analog_top_level_flat (1)(1 instance)
Warning: Equate pins:  cell sky130_fd_pr__pfet_01v8_hvt has no definition, treated as a black box.
Warning: Equate pins:  cell sky130_fd_pr__pfet_01v8_hvt has no definition, treated as a black box.

Subcircuit pins:
Circuit 1: sky130_fd_pr__pfet_01v8_hvt     |Circuit 2: sky130_fd_pr__pfet_01v8_hvt     
-------------------------------------------|-------------------------------------------
1                                          |1                                          
2                                          |2                                          
3                                          |3                                          
4                                          |4                                          
---------------------------------------------------------------------------------------
Cell pin lists are equivalent.
Device classes sky130_fd_pr__pfet_01v8_hvt and sky130_fd_pr__pfet_01v8_hvt are equivalent.
Warning: Equate pins:  cell sky130_fd_pr__nfet_01v8 has no definition, treated as a black box.
Warning: Equate pins:  cell sky130_fd_pr__nfet_01v8 has no definition, treated as a black box.

Subcircuit pins:
Circuit 1: sky130_fd_pr__nfet_01v8         |Circuit 2: sky130_fd_pr__nfet_01v8         
-------------------------------------------|-------------------------------------------
1                                          |1                                          
2                                          |2                                          
3                                          |3                                          
4                                          |4                                          
---------------------------------------------------------------------------------------
Cell pin lists are equivalent.
Device classes sky130_fd_pr__nfet_01v8 and sky130_fd_pr__nfet_01v8 are equivalent.
Warning: Equate pins:  cell sky130_fd_pr__cap_mim_m3_1 has no definition, treated as a black box.
Warning: Equate pins:  cell sky130_fd_pr__cap_mim_m3_1 has no definition, treated as a black box.

Subcircuit pins:
Circuit 1: sky130_fd_pr__cap_mim_m3_1      |Circuit 2: sky130_fd_pr__cap_mim_m3_1      
-------------------------------------------|-------------------------------------------
1                                          |1                                          
2                                          |2                                          
---------------------------------------------------------------------------------------
Cell pin lists are equivalent.
Device classes sky130_fd_pr__cap_mim_m3_1 and sky130_fd_pr__cap_mim_m3_1 are equivalent.

Subcircuit summary:
Circuit 1: sky130_fd_sc_hd__dfxbp_1        |Circuit 2: sky130_fd_sc_hd__dfxbp_1        
-------------------------------------------|-------------------------------------------
sky130_fd_pr__pfet_01v8_hvt (14)           |sky130_fd_pr__pfet_01v8_hvt (14)           
sky130_fd_pr__nfet_01v8 (14)               |sky130_fd_pr__nfet_01v8 (14)               
Number of devices: 28                      |Number of devices: 28                      
Number of nets: 20                         |Number of nets: 20                         
---------------------------------------------------------------------------------------
Circuits match uniquely.
Netlists match uniquely.

Subcircuit pins:
Circuit 1: sky130_fd_sc_hd__dfxbp_1        |Circuit 2: sky130_fd_sc_hd__dfxbp_1        
-------------------------------------------|-------------------------------------------
CLK                                        |CLK                                        
D                                          |D                                          
Q                                          |Q                                          
Q_N                                        |Q_N                                        
VNB                                        |VNB                                        
VPB                                        |VPB                                        
VPWR                                       |VPWR                                       
VGND                                       |VGND                                       
---------------------------------------------------------------------------------------
Cell pin lists are equivalent.
Device classes sky130_fd_sc_hd__dfxbp_1 and sky130_fd_sc_hd__dfxbp_1 are equivalent.

Subcircuit summary:
Circuit 1: sky130_fd_sc_hd__dfrbp_1        |Circuit 2: sky130_fd_sc_hd__dfrbp_1        
-------------------------------------------|-------------------------------------------
sky130_fd_pr__pfet_01v8_hvt (16)           |sky130_fd_pr__pfet_01v8_hvt (16)           
sky130_fd_pr__nfet_01v8 (16)               |sky130_fd_pr__nfet_01v8 (16)               
Number of devices: 32                      |Number of devices: 32                      
Number of nets: 23                         |Number of nets: 23                         
---------------------------------------------------------------------------------------
Circuits match uniquely.
Netlists match uniquely.

Subcircuit pins:
Circuit 1: sky130_fd_sc_hd__dfrbp_1        |Circuit 2: sky130_fd_sc_hd__dfrbp_1        
-------------------------------------------|-------------------------------------------
RESET_B                                    |RESET_B                                    
VGND                                       |VGND                                       
VNB                                        |VNB                                        
VPB                                        |VPB                                        
VPWR                                       |VPWR                                       
CLK                                        |CLK                                        
Q_N                                        |Q_N                                        
D                                          |D                                          
Q                                          |Q                                          
---------------------------------------------------------------------------------------
Cell pin lists are equivalent.
Device classes sky130_fd_sc_hd__dfrbp_1 and sky130_fd_sc_hd__dfrbp_1 are equivalent.
Warning: Equate pins:  cell sky130_fd_pr__nfet_01v8_lvt has no definition, treated as a black box.
Warning: Equate pins:  cell sky130_fd_pr__nfet_01v8_lvt has no definition, treated as a black box.

Subcircuit pins:
Circuit 1: sky130_fd_pr__nfet_01v8_lvt     |Circuit 2: sky130_fd_pr__nfet_01v8_lvt     
-------------------------------------------|-------------------------------------------
1                                          |1                                          
2                                          |2                                          
3                                          |3                                          
4                                          |4                                          
---------------------------------------------------------------------------------------
Cell pin lists are equivalent.
Device classes sky130_fd_pr__nfet_01v8_lvt and sky130_fd_pr__nfet_01v8_lvt are equivalent.
Warning: Equate pins:  cell sky130_fd_pr__pfet_01v8_lvt has no definition, treated as a black box.
Warning: Equate pins:  cell sky130_fd_pr__pfet_01v8_lvt has no definition, treated as a black box.

Subcircuit pins:
Circuit 1: sky130_fd_pr__pfet_01v8_lvt     |Circuit 2: sky130_fd_pr__pfet_01v8_lvt     
-------------------------------------------|-------------------------------------------
1                                          |1                                          
2                                          |2                                          
3                                          |3                                          
4                                          |4                                          
---------------------------------------------------------------------------------------
Cell pin lists are equivalent.
Device classes sky130_fd_pr__pfet_01v8_lvt and sky130_fd_pr__pfet_01v8_lvt are equivalent.
Warning: Equate pins:  cell sky130_fd_pr__pfet_01v8 has no definition, treated as a black box.
Warning: Equate pins:  cell sky130_fd_pr__pfet_01v8 has no definition, treated as a black box.

Subcircuit pins:
Circuit 1: sky130_fd_pr__pfet_01v8         |Circuit 2: sky130_fd_pr__pfet_01v8         
-------------------------------------------|-------------------------------------------
1                                          |1                                          
2                                          |2                                          
3                                          |3                                          
4                                          |4                                          
---------------------------------------------------------------------------------------
Cell pin lists are equivalent.
Device classes sky130_fd_pr__pfet_01v8 and sky130_fd_pr__pfet_01v8 are equivalent.
Warning: Equate pins:  cell sky130_fd_pr__cap_mim_m3_2 has no definition, treated as a black box.
Warning: Equate pins:  cell sky130_fd_pr__cap_mim_m3_2 has no definition, treated as a black box.

Subcircuit pins:
Circuit 1: sky130_fd_pr__cap_mim_m3_2      |Circuit 2: sky130_fd_pr__cap_mim_m3_2      
-------------------------------------------|-------------------------------------------
1                                          |1                                          
2                                          |2                                          
---------------------------------------------------------------------------------------
Cell pin lists are equivalent.
Device classes sky130_fd_pr__cap_mim_m3_2 and sky130_fd_pr__cap_mim_m3_2 are equivalent.
Class analog_top_level_lvs:  Merged 180 devices.
Class analog_top_level_flat:  Merged 6480 devices.

Subcircuit summary:
Circuit 1: analog_top_level_lvs            |Circuit 2: analog_top_level_flat           
-------------------------------------------|-------------------------------------------
sky130_fd_pr__pfet_01v8_hvt (398)          |sky130_fd_pr__pfet_01v8_hvt (398)          
sky130_fd_pr__nfet_01v8 (697)              |sky130_fd_pr__nfet_01v8 (697)              
sky130_fd_pr__cap_mim_m3_1 (59)            |sky130_fd_pr__cap_mim_m3_1 (59)            
sky130_fd_pr__pfet_01v8 (270)              |sky130_fd_pr__pfet_01v8 (270)              
sky130_fd_pr__pfet_01v8_lvt (135)          |sky130_fd_pr__pfet_01v8_lvt (135)          
sky130_fd_pr__nfet_01v8_lvt (99)           |sky130_fd_pr__nfet_01v8_lvt (99)           
sky130_fd_pr__cap_mim_m3_2 (9)             |sky130_fd_pr__cap_mim_m3_2 (9)             
sky130_fd_sc_hd__dfxbp_1 (15)              |sky130_fd_sc_hd__dfxbp_1 (15)              
sky130_fd_sc_hd__dfrbp_1 (2)               |sky130_fd_sc_hd__dfrbp_1 (2)               
Number of devices: 1684                    |Number of devices: 1684                    
Number of nets: 771                        |Number of nets: 771                        
---------------------------------------------------------------------------------------
Resolving automorphisms by property value.
Netlists match uniquely.
Netlists match uniquely.
Circuits match correctly.

Subcircuit pins:
Circuit 1: analog_top_level_lvs            |Circuit 2: analog_top_level_flat           
-------------------------------------------|-------------------------------------------
vlowA                                      |vlowA                                      
vlowB                                      |vlowB                                      
vrefA                                      |vrefA                                      
vrefB                                      |vrefB                                      
vpeak_sampled                              |vpeak_sampled                              
vcp_sampled                                |vcp_sampled                                
vcp                                        |vcp                                        
sample                                     |sample                                     
vpeak                                      |vpeak                                      
adc_vcaparrayB                             |adc_vcaparrayB                             
adc_vcaparrayA                             |adc_vcaparrayA                             
peak_detector_rst                          |peak_detector_rst                          
vcomp                                      |vcomp                                      
vbiasn                                     |vbiasn                                     
vbiasp                                     |vbiasp                                     
adc_compB                                  |adc_compB                                  
adc_compA                                  |adc_compA                                  
adc_clk                                    |adc_clk                                    
vse                                        |vse                                        
vintm                                      |vintm                                      
vintp                                      |vintp                                      
vfiltm                                     |vfiltm                                     
vampp                                      |vampp                                      
vampm                                      |vampm                                      
vfiltp                                     |vfiltp                                     
vocm_filt                                  |vocm_filt                                  
q7A                                        |q6A **Mismatch**                           
q6A                                        |q5A **Mismatch**                           
q5A                                        |q4A **Mismatch**                           
q4A                                        |q2A **Mismatch**                           
q3A                                        |q7A **Mismatch**                           
q2A                                        |q3A **Mismatch**                           
q1A                                        |q1A                                        
q0A                                        |q0A                                        
q7B                                        |q6B **Mismatch**                           
q6B                                        |q5B **Mismatch**                           
q5B                                        |q4B **Mismatch**                           
q4B                                        |q2B **Mismatch**                           
q3B                                        |q7B **Mismatch**                           
q2B                                        |q3B **Mismatch**                           
q1B                                        |q1B                                        
q0B                                        |q0B                                        
rst_n                                      |rst_n                                      
vocm                                       |vocm                                       
gain_ctrl_0                                |gain_ctrl_0                                
gain_ctrl_1                                |gain_ctrl_1                                
vhpf                                       |vhpf                                       
vincm                                      |vincm                                      
VSS                                        |VSS                                        
VDD                                        |VDD                                        
---------------------------------------------------------------------------------------
Cell pin lists are equivalent.
Device classes analog_top_level_lvs and analog_top_level_flat are equivalent.
Circuits match uniquely.
