Netgen 1.5.189 compiled on Sun Jun 20 19:52:12 PDT 2021
Warning: netgen command 'format' use fully-qualified name '::netgen::format'
Warning: netgen command 'global' use fully-qualified name '::netgen::global'
Reading netlist file ../../simulations/analog_top_level_lvs.spice
Call to undefined subcircuit input_amplifier_lvs
Creating placeholder cell definition.
Call to undefined subcircuit biquad_gm_c_filter_lvs
Creating placeholder cell definition.
Call to undefined subcircuit diff_to_se_converter_lvs
Creating placeholder cell definition.
Call to undefined subcircuit bias_current_distribution_lvs
Creating placeholder cell definition.
Call to undefined subcircuit comparator_lvs
Creating placeholder cell definition.
Call to undefined subcircuit peak_detector_lvs
Creating placeholder cell definition.
Call to undefined subcircuit sample_and_hold_lvs
Creating placeholder cell definition.
Call to undefined subcircuit low_freq_pll_block_lvs
Creating placeholder cell definition.
Call to undefined subcircuit dac_8bit_lvs
Creating placeholder cell definition.
Call to undefined subcircuit pulse_generator_lvs
Creating placeholder cell definition.
Call to undefined subcircuit txgate_lvs
Creating placeholder cell definition.
Call to undefined subcircuit sky130_fd_pr__cap_mim_m3_1
Creating placeholder cell definition.
Call to undefined subcircuit diff_fold_casc_ota_lvs
Creating placeholder cell definition.
Call to undefined subcircuit inv1
Creating placeholder cell definition.
Call to undefined subcircuit gm_c_stage_lvs
Creating placeholder cell definition.
Call to undefined subcircuit se_fold_casc_wide_swing_ota_lvs
Creating placeholder cell definition.
Call to undefined subcircuit sky130_fd_pr__pfet_01v8
Creating placeholder cell definition.
Call to undefined subcircuit sky130_fd_pr__nfet_01v8
Creating placeholder cell definition.
Call to undefined subcircuit sky130_fd_pr__nfet_01v8_lvt
Creating placeholder cell definition.
Call to undefined subcircuit sky130_fd_pr__pfet_01v8_hvt
Creating placeholder cell definition.
Call to undefined subcircuit sky130_fd_pr__cap_mim_m3_2
Creating placeholder cell definition.
Call to undefined subcircuit cs_ring_osc_lvs
Creating placeholder cell definition.
Call to undefined subcircuit freq_div_lvs
Creating placeholder cell definition.
Call to undefined subcircuit pfd_cp_lpf_lvs
Creating placeholder cell definition.
Call to undefined subcircuit latched_comparator_folded_lvs
Creating placeholder cell definition.
Call to undefined subcircuit amux_2to1_lvs
Creating placeholder cell definition.
Call to undefined subcircuit dff_stdcell
Creating placeholder cell definition.
Call to undefined subcircuit and2
Creating placeholder cell definition.
Call to undefined subcircuit sky130_fd_pr__pfet_01v8_lvt
Creating placeholder cell definition.
Call to undefined subcircuit cs_ring_osc_stage_lvs_exp
Creating placeholder cell definition.
Call to undefined subcircuit inv4
Creating placeholder cell definition.
Call to undefined subcircuit inv
Creating placeholder cell definition.
Call to undefined subcircuit nand2
Creating placeholder cell definition.
Call to undefined subcircuit dffr_stdcell
Creating placeholder cell definition.
Call to undefined subcircuit sky130_fd_sc_hd__dfxbp_1
Creating placeholder cell definition.
Call to undefined subcircuit sky130_fd_sc_hd__dfrbp_1
Creating placeholder cell definition.
Reading netlist file analog_top_level_lvs_layout.spice
Call to undefined subcircuit sky130_fd_pr__cap_mim_m3_1
Creating placeholder cell definition.
Call to undefined subcircuit sky130_fd_pr__nfet_01v8_lvt
Creating placeholder cell definition.
Call to undefined subcircuit sky130_fd_pr__nfet_01v8
Creating placeholder cell definition.
Call to undefined subcircuit sky130_fd_pr__pfet_01v8_lvt
Creating placeholder cell definition.
Call to undefined subcircuit sky130_fd_pr__pfet_01v8
Creating placeholder cell definition.
Call to undefined subcircuit sky130_fd_pr__cap_mim_m3_2
Creating placeholder cell definition.
Call to undefined subcircuit sky130_fd_pr__pfet_01v8_hvt
Creating placeholder cell definition.
