###############################################################
#  Generated by:      Cadence Innovus 20.13-s083_1
#  OS:                Linux x86_64(Host ID caddy13)
#  Generated on:      Mon Jul 19 16:43:30 2021
#  Design:            sar_adc_controller
#  Command:           verifyConnectivity -noAntenna
###############################################################
Verify Connectivity Report is created on Mon Jul 19 16:43:30 2021




Multi-CPU acceleration using 16 CPU


Use pthread

Net VSS, Pin Pin: CTS_ccl_a_inv_00006/VNB; Direction: INOUT; Use: GROUND;: has an unconnected terminal at (32.805, 55.675) (32.975, 55.845)
Net VSS, Pin Pin: clk_gate_dac_select_bits_reg/LTIE/VNB; Direction: INOUT; Use: GROUND;: has an unconnected terminal at (45.685, 50.235) (45.855, 50.405)
Net VSS, Pin Pin: clk_gate_dac_select_bits_reg/latch/VNB; Direction: INOUT; Use: GROUND;: has an unconnected terminal at (43.840, 55.675) (44.010, 55.845)
Net VSS, Pin Pin: dac_mask_reg_0_/VNB; Direction: INOUT; Use: GROUND;: has an unconnected terminal at (42.465, 55.675) (42.635, 55.845)
Net VSS, Pin Pin: state_r_reg_0_/VNB; Direction: INOUT; Use: GROUND;: has an unconnected terminal at (43.845, 61.115) (44.015, 61.285)
Net VSS, Pin Pin: state_r_reg_1_/VNB; Direction: INOUT; Use: GROUND;: has an unconnected terminal at (41.545, 66.555) (41.715, 66.725)
Net VSS, Pin Pin: out_valid_reg/VNB; Direction: INOUT; Use: GROUND;: has an unconnected terminal at (43.845, 66.555) (44.015, 66.725)
Net VSS, Pin Pin: run_adc_n_reg/VNB; Direction: INOUT; Use: GROUND;: has an unconnected terminal at (42.925, 66.555) (43.095, 66.725)
Net VSS, Pin Pin: dac_mask_reg_7_/VNB; Direction: INOUT; Use: GROUND;: has an unconnected terminal at (42.465, 50.235) (42.635, 50.405)
Net VSS, Pin Pin: dac_select_bits_reg_0_/VNB; Direction: INOUT; Use: GROUND;: has an unconnected terminal at (36.025, 50.235) (36.195, 50.405)
Net VSS, Pin Pin: dac_mask_reg_6_/VNB; Direction: INOUT; Use: GROUND;: has an unconnected terminal at (36.025, 44.795) (36.195, 44.965)
Net VSS, Pin Pin: dac_select_bits_reg_6_/VNB; Direction: INOUT; Use: GROUND;: has an unconnected terminal at (42.465, 39.355) (42.635, 39.525)
Net VSS, Pin Pin: dac_mask_reg_5_/VNB; Direction: INOUT; Use: GROUND;: has an unconnected terminal at (42.925, 44.795) (43.095, 44.965)
Net VSS, Pin Pin: dac_select_bits_reg_5_/VNB; Direction: INOUT; Use: GROUND;: has an unconnected terminal at (36.025, 33.915) (36.195, 34.085)
Net VSS, Pin Pin: dac_mask_reg_4_/VNB; Direction: INOUT; Use: GROUND;: has an unconnected terminal at (49.365, 33.915) (49.535, 34.085)
Net VSS, Pin Pin: dac_select_bits_reg_4_/VNB; Direction: INOUT; Use: GROUND;: has an unconnected terminal at (34.645, 33.915) (34.815, 34.085)
Net VSS, Pin Pin: dac_mask_reg_3_/VNB; Direction: INOUT; Use: GROUND;: has an unconnected terminal at (36.485, 39.355) (36.655, 39.525)
Net VSS, Pin Pin: dac_select_bits_reg_3_/VNB; Direction: INOUT; Use: GROUND;: has an unconnected terminal at (36.025, 39.355) (36.195, 39.525)
Net VSS, Pin Pin: dac_mask_reg_2_/VNB; Direction: INOUT; Use: GROUND;: has an unconnected terminal at (36.485, 44.795) (36.655, 44.965)
Net VSS, Pin Pin: dac_select_bits_reg_2_/VNB; Direction: INOUT; Use: GROUND;: has an unconnected terminal at (39.245, 55.675) (39.415, 55.845)
Net VSS, Pin Pin: dac_mask_reg_1_/VNB; Direction: INOUT; Use: GROUND;: has an unconnected terminal at (30.045, 61.115) (30.215, 61.285)
Net VSS, Pin Pin: dac_select_bits_reg_1_/VNB; Direction: INOUT; Use: GROUND;: has an unconnected terminal at (41.085, 61.115) (41.255, 61.285)
Net VSS, Pin Pin: U18/VNB; Direction: INOUT; Use: GROUND;: has an unconnected terminal at (45.680, 66.555) (45.850, 66.725)
Net VSS, Pin Pin: U21/VNB; Direction: INOUT; Use: GROUND;: has an unconnected terminal at (50.745, 50.235) (50.915, 50.405)
Net VSS, Pin Pin: U6/VNB; Direction: INOUT; Use: GROUND;: has an unconnected terminal at (32.345, 44.795) (32.515, 44.965)
Net VSS, Pin Pin: U7/VNB; Direction: INOUT; Use: GROUND;: has an unconnected terminal at (33.265, 39.355) (33.435, 39.525)
Net VSS, Pin Pin: U9/VNB; Direction: INOUT; Use: GROUND;: has an unconnected terminal at (32.345, 33.915) (32.515, 34.085)
Net VSS, Pin Pin: U10/VNB; Direction: INOUT; Use: GROUND;: has an unconnected terminal at (48.905, 39.355) (49.075, 39.525)
Net VSS, Pin Pin: U11/VNB; Direction: INOUT; Use: GROUND;: has an unconnected terminal at (33.265, 28.475) (33.435, 28.645)
Net VSS, Pin Pin: U5/VNB; Direction: INOUT; Use: GROUND;: has an unconnected terminal at (31.885, 61.115) (32.055, 61.285)
Net VSS, Pin Pin: U12/VNB; Direction: INOUT; Use: GROUND;: has an unconnected terminal at (50.745, 44.795) (50.915, 44.965)
Net VSS, Pin Pin: U13/VNB; Direction: INOUT; Use: GROUND;: has an unconnected terminal at (39.245, 28.475) (39.415, 28.645)
Net VSS, Pin Pin: U14/VNB; Direction: INOUT; Use: GROUND;: has an unconnected terminal at (38.785, 44.795) (38.955, 44.965)
Net VSS, Pin Pin: U15/VNB; Direction: INOUT; Use: GROUND;: has an unconnected terminal at (45.225, 28.475) (45.395, 28.645)
Net VSS, Pin Pin: U8/VNB; Direction: INOUT; Use: GROUND;: has an unconnected terminal at (38.785, 39.355) (38.955, 39.525)
Net VSS, Pin Pin: U17/VNB; Direction: INOUT; Use: GROUND;: has an unconnected terminal at (39.705, 55.675) (39.875, 55.845)
Net VSS, Pin Pin: U20/VNB; Direction: INOUT; Use: GROUND;: has an unconnected terminal at (37.865, 71.995) (38.035, 72.165)
Net VSS, Pin Pin: U19/VNB; Direction: INOUT; Use: GROUND;: has an unconnected terminal at (47.985, 66.555) (48.155, 66.725)
Net VSS, Pin Pin: U22/VNB; Direction: INOUT; Use: GROUND;: has an unconnected terminal at (39.705, 61.115) (39.875, 61.285)
Net VSS, Pin Pin: U67/VNB; Direction: INOUT; Use: GROUND;: has an unconnected terminal at (47.980, 50.235) (48.150, 50.405)
Net VSS, Pin Pin: U68/VNB; Direction: INOUT; Use: GROUND;: has an unconnected terminal at (30.965, 71.995) (31.135, 72.165)
Net VSS, Pin Pin: U69/VNB; Direction: INOUT; Use: GROUND;: has an unconnected terminal at (48.910, 33.915) (49.080, 34.085)
Net VSS, Pin Pin: U71/VNB; Direction: INOUT; Use: GROUND;: has an unconnected terminal at (47.980, 28.475) (48.150, 28.645)
Net VSS, Pin Pin: U72/VNB; Direction: INOUT; Use: GROUND;: has an unconnected terminal at (30.965, 28.475) (31.135, 28.645)
Net VSS, Pin Pin: U73/VNB; Direction: INOUT; Use: GROUND;: has an unconnected terminal at (30.500, 39.355) (30.670, 39.525)
Net VSS, Pin Pin: U74/VNB; Direction: INOUT; Use: GROUND;: has an unconnected terminal at (29.585, 44.795) (29.755, 44.965)
Net VSS, Pin Pin: U75/VNB; Direction: INOUT; Use: GROUND;: has an unconnected terminal at (33.270, 50.235) (33.440, 50.405)
Net VSS, Pin Pin: U78/VNB; Direction: INOUT; Use: GROUND;: has an unconnected terminal at (33.265, 66.555) (33.435, 66.725)
Net VSS, Pin Pin: U79/VNB; Direction: INOUT; Use: GROUND;: has an unconnected terminal at (49.830, 39.355) (50.000, 39.525)
Net VSS, Pin Pin: U80/VNB; Direction: INOUT; Use: GROUND;: has an unconnected terminal at (32.805, 28.475) (32.975, 28.645)
Net VSS, Pin Pin: U81/VNB; Direction: INOUT; Use: GROUND;: has an unconnected terminal at (39.250, 39.355) (39.420, 39.525)
Net VSS, Pin Pin: U82/VNB; Direction: INOUT; Use: GROUND;: has an unconnected terminal at (31.885, 44.795) (32.055, 44.965)
Net VSS, Pin Pin: U84/VNB; Direction: INOUT; Use: GROUND;: has an unconnected terminal at (46.145, 71.995) (46.315, 72.165)
Net VSS, Pin Pin: U85/VNB; Direction: INOUT; Use: GROUND;: has an unconnected terminal at (44.310, 71.995) (44.480, 72.165)
Net VSS, Pin Pin: U86/VNB; Direction: INOUT; Use: GROUND;: has an unconnected terminal at (42.465, 66.555) (42.635, 66.725)
Net VSS, Pin Pin: U88/VNB; Direction: INOUT; Use: GROUND;: has an unconnected terminal at (33.270, 71.995) (33.440, 72.165)
Net VSS, Pin Pin: U89/VNB; Direction: INOUT; Use: GROUND;: has an unconnected terminal at (41.540, 71.995) (41.710, 72.165)
Net VSS, Pin Pin: U90/VNB; Direction: INOUT; Use: GROUND;: has an unconnected terminal at (49.830, 61.115) (50.000, 61.285)
Net VSS, Pin Pin: U91/VNB; Direction: INOUT; Use: GROUND;: has an unconnected terminal at (30.500, 50.235) (30.670, 50.405)
Net VSS, Pin Pin: U93/VNB; Direction: INOUT; Use: GROUND;: has an unconnected terminal at (35.100, 61.115) (35.270, 61.285)
Net VSS, Pin Pin: U96/VNB; Direction: INOUT; Use: GROUND;: has an unconnected terminal at (33.260, 33.915) (33.430, 34.085)
Net VSS, Pin Pin: U97/VNB; Direction: INOUT; Use: GROUND;: has an unconnected terminal at (38.780, 28.475) (38.950, 28.645)
Net VSS, Pin Pin: U98/VNB; Direction: INOUT; Use: GROUND;: has an unconnected terminal at (45.690, 28.475) (45.860, 28.645)
Net VSS, Pin Pin: U99/VNB; Direction: INOUT; Use: GROUND;: has an unconnected terminal at (49.830, 71.995) (50.000, 72.165)
Net VSS, Pin Pin: U100/VNB; Direction: INOUT; Use: GROUND;: has an unconnected terminal at (49.825, 50.235) (49.995, 50.405)
Net VSS, Pin Pin: U101/VNB; Direction: INOUT; Use: GROUND;: has an unconnected terminal at (48.905, 66.555) (49.075, 66.725)
Net VSS, Pin Pin: U103/VNB; Direction: INOUT; Use: GROUND;: has an unconnected terminal at (36.030, 61.115) (36.200, 61.285)
Net VSS, Pin Pin: U104/VNB; Direction: INOUT; Use: GROUND;: has an unconnected terminal at (47.985, 44.795) (48.155, 44.965)
Net VSS, Pin Pin: U105/VNB; Direction: INOUT; Use: GROUND;: has an unconnected terminal at (46.145, 39.355) (46.315, 39.525)
Net VSS, Pin Pin: U106/VNB; Direction: INOUT; Use: GROUND;: has an unconnected terminal at (50.745, 28.475) (50.915, 28.645)
Net VSS, Pin Pin: U107/VNB; Direction: INOUT; Use: GROUND;: has an unconnected terminal at (41.085, 44.795) (41.255, 44.965)
Net VSS, Pin Pin: U108/VNB; Direction: INOUT; Use: GROUND;: has an unconnected terminal at (30.965, 39.355) (31.135, 39.525)
Net VSS, Pin Pin: U109/VNB; Direction: INOUT; Use: GROUND;: has an unconnected terminal at (35.105, 55.675) (35.275, 55.845)
Net VSS, Pin Pin: FILL_2/VNB; Direction: INOUT; Use: GROUND;: has an unconnected terminal at (44.290, 55.710) (44.510, 55.880)
Net VSS, Pin Pin: FILL_3/VNB; Direction: INOUT; Use: GROUND;: has an unconnected terminal at (43.370, 33.950) (43.590, 34.120)
Net VSS, Pin Pin: FILL_4/VNB; Direction: INOUT; Use: GROUND;: has an unconnected terminal at (36.055, 72.020) (36.165, 72.140)
Net VSS, Pin Pin: FILL_5/VNB; Direction: INOUT; Use: GROUND;: has an unconnected terminal at (33.755, 72.020) (33.865, 72.140)
Net VSS, Pin Pin: FILL_6/VNB; Direction: INOUT; Use: GROUND;: has an unconnected terminal at (29.615, 66.580) (29.725, 66.700)
Net VSS, Pin Pin: FILL_7/VNB; Direction: INOUT; Use: GROUND;: has an unconnected terminal at (31.915, 66.580) (32.025, 66.700)
Net VSS, Pin Pin: FILL_8/VNB; Direction: INOUT; Use: GROUND;: has an unconnected terminal at (29.155, 50.260) (29.265, 50.380)
Net VSS, Pin Pin: FILL_9/VNB; Direction: INOUT; Use: GROUND;: has an unconnected terminal at (43.415, 44.820) (43.525, 44.940)
Net VSS, Pin Pin: FILL_10/VNB; Direction: INOUT; Use: GROUND;: has an unconnected terminal at (43.415, 39.380) (43.525, 39.500)
Net VSS, Pin Pin: FILL_11/VNB; Direction: INOUT; Use: GROUND;: has an unconnected terminal at (33.755, 33.940) (33.865, 34.060)
Net VSS, Pin Pin: FILL_12/VNB; Direction: INOUT; Use: GROUND;: has an unconnected terminal at (36.055, 28.500) (36.165, 28.620)
Net VSS, Pin Pin: FILL_13/VNB; Direction: INOUT; Use: GROUND;: has an unconnected terminal at (48.915, 72.020) (49.075, 72.130)
Net VSS, Pin Pin: FILL_14/VNB; Direction: INOUT; Use: GROUND;: has an unconnected terminal at (47.535, 72.020) (47.695, 72.130)
Net VSS, Pin Pin: FILL_15/VNB; Direction: INOUT; Use: GROUND;: has an unconnected terminal at (44.775, 72.020) (44.935, 72.130)
Net VSS, Pin Pin: FILL_16/VNB; Direction: INOUT; Use: GROUND;: has an unconnected terminal at (42.475, 72.020) (42.635, 72.130)
Net VSS, Pin Pin: FILL_17/VNB; Direction: INOUT; Use: GROUND;: has an unconnected terminal at (31.435, 72.020) (31.595, 72.130)
Net VSS, Pin Pin: FILL_20/VNB; Direction: INOUT; Use: GROUND;: has an unconnected terminal at (50.755, 66.580) (50.915, 66.690)
Net VSS, Pin Pin: FILL_21/VNB; Direction: INOUT; Use: GROUND;: has an unconnected terminal at (29.135, 66.580) (29.295, 66.690)
Net VSS, Pin Pin: FILL_22/VNB; Direction: INOUT; Use: GROUND;: has an unconnected terminal at (42.475, 61.150) (42.635, 61.260)
Net VSS, Pin Pin: FILL_23/VNB; Direction: INOUT; Use: GROUND;: has an unconnected terminal at (50.295, 61.140) (50.455, 61.250)
Net VSS, Pin Pin: FILL_24/VNB; Direction: INOUT; Use: GROUND;: has an unconnected terminal at (29.135, 55.700) (29.295, 55.810)
Net VSS, Pin Pin: FILL_25/VNB; Direction: INOUT; Use: GROUND;: has an unconnected terminal at (46.155, 50.260) (46.315, 50.370)
Net VSS, Pin Pin: FILL_26/VNB; Direction: INOUT; Use: GROUND;: has an unconnected terminal at (43.395, 50.260) (43.555, 50.370)
Net VSS, Pin Pin: FILL_28/VNB; Direction: INOUT; Use: GROUND;: has an unconnected terminal at (50.295, 44.830) (50.455, 44.940)
Net VSS, Pin Pin: FILL_29/VNB; Direction: INOUT; Use: GROUND;: has an unconnected terminal at (45.235, 44.820) (45.395, 44.930)
Net VSS, Pin Pin: FILL_30/VNB; Direction: INOUT; Use: GROUND;: has an unconnected terminal at (34.655, 44.820) (34.815, 44.930)
Net VSS, Pin Pin: FILL_31/VNB; Direction: INOUT; Use: GROUND;: has an unconnected terminal at (40.635, 39.390) (40.795, 39.500)
Net VSS, Pin Pin: FILL_32/VNB; Direction: INOUT; Use: GROUND;: has an unconnected terminal at (45.235, 39.380) (45.395, 39.490)
Net VSS, Pin Pin: FILL_33/VNB; Direction: INOUT; Use: GROUND;: has an unconnected terminal at (49.835, 33.950) (49.995, 34.060)
Net VSS, Pin Pin: FILL_34/VNB; Direction: INOUT; Use: GROUND;: has an unconnected terminal at (50.295, 33.940) (50.455, 34.050)
Net VSS, Pin Pin: FILL_35/VNB; Direction: INOUT; Use: GROUND;: has an unconnected terminal at (47.075, 33.940) (47.235, 34.050)
Net VSS, Pin Pin: FILL_36/VNB; Direction: INOUT; Use: GROUND;: has an unconnected terminal at (30.975, 33.940) (31.135, 34.050)
Net VSS, Pin Pin: FILL_37/VNB; Direction: INOUT; Use: GROUND;: has an unconnected terminal at (42.475, 28.510) (42.635, 28.620)
Net VSS, Pin Pin: FILL_38/VNB; Direction: INOUT; Use: GROUND;: has an unconnected terminal at (51.200, 72.025) (51.320, 72.135)
Net VSS, Pin Pin: FILL_39/VNB; Direction: INOUT; Use: GROUND;: has an unconnected terminal at (45.680, 72.025) (45.800, 72.135)
Net VSS, Pin Pin: FILL_40/VNB; Direction: INOUT; Use: GROUND;: has an unconnected terminal at (29.580, 72.025) (29.700, 72.135)
Net VSS, Pin Pin: FILL_41/VNB; Direction: INOUT; Use: GROUND;: has an unconnected terminal at (43.380, 66.585) (43.500, 66.695)
Net VSS, Pin Pin: FILL_42/VNB; Direction: INOUT; Use: GROUND;: has an unconnected terminal at (35.100, 66.585) (35.220, 66.695)
Net VSS, Pin Pin: FILL_43/VNB; Direction: INOUT; Use: GROUND;: has an unconnected terminal at (30.040, 66.585) (30.160, 66.695)
Net VSS, Pin Pin: FILL_44/VNB; Direction: INOUT; Use: GROUND;: has an unconnected terminal at (43.380, 61.145) (43.500, 61.255)
Net VSS, Pin Pin: FILL_46/VNB; Direction: INOUT; Use: GROUND;: has an unconnected terminal at (51.200, 61.145) (51.320, 61.255)
Net VSS, Pin Pin: FILL_47/VNB; Direction: INOUT; Use: GROUND;: has an unconnected terminal at (29.120, 61.145) (29.240, 61.255)
Net VSS, Pin Pin: FILL_48/VNB; Direction: INOUT; Use: GROUND;: has an unconnected terminal at (29.580, 55.705) (29.700, 55.815)
Net VSS, Pin Pin: FILL_49/VNB; Direction: INOUT; Use: GROUND;: has an unconnected terminal at (51.200, 55.705) (51.320, 55.815)
Net VSS, Pin Pin: FILL_50/VNB; Direction: INOUT; Use: GROUND;: has an unconnected terminal at (48.900, 55.705) (49.020, 55.815)
Net VSS, Pin Pin: FILL_51/VNB; Direction: INOUT; Use: GROUND;: has an unconnected terminal at (47.980, 55.705) (48.100, 55.815)
Net VSS, Pin Pin: FILL_52/VNB; Direction: INOUT; Use: GROUND;: has an unconnected terminal at (51.200, 50.265) (51.320, 50.375)
Net VSS, Pin Pin: FILL_53/VNB; Direction: INOUT; Use: GROUND;: has an unconnected terminal at (44.300, 50.265) (44.420, 50.375)
Net VSS, Pin Pin: FILL_54/VNB; Direction: INOUT; Use: GROUND;: has an unconnected terminal at (35.100, 50.265) (35.220, 50.375)
Net VSS, Pin Pin: FILL_55/VNB; Direction: INOUT; Use: GROUND;: has an unconnected terminal at (42.460, 44.825) (42.580, 44.935)
Net VSS, Pin Pin: FILL_56/VNB; Direction: INOUT; Use: GROUND;: has an unconnected terminal at (41.540, 44.825) (41.660, 44.935)
Net VSS, Pin Pin: FILL_57/VNB; Direction: INOUT; Use: GROUND;: has an unconnected terminal at (51.200, 44.825) (51.320, 44.935)
Net VSS, Pin Pin: FILL_58/VNB; Direction: INOUT; Use: GROUND;: has an unconnected terminal at (29.120, 44.825) (29.240, 44.935)
Net VSS, Pin Pin: FILL_59/VNB; Direction: INOUT; Use: GROUND;: has an unconnected terminal at (41.540, 39.385) (41.660, 39.495)
Net VSS, Pin Pin: FILL_60/VNB; Direction: INOUT; Use: GROUND;: has an unconnected terminal at (51.200, 39.385) (51.320, 39.495)
Net VSS, Pin Pin: FILL_61/VNB; Direction: INOUT; Use: GROUND;: has an unconnected terminal at (29.120, 39.385) (29.240, 39.495)
Net VSS, Pin Pin: FILL_62/VNB; Direction: INOUT; Use: GROUND;: has an unconnected terminal at (50.740, 33.945) (50.860, 34.055)
Net VSS, Pin Pin: FILL_63/VNB; Direction: INOUT; Use: GROUND;: has an unconnected terminal at (51.200, 33.945) (51.320, 34.055)
Net VSS, Pin Pin: FILL_64/VNB; Direction: INOUT; Use: GROUND;: has an unconnected terminal at (47.980, 33.945) (48.100, 34.055)
Net VSS, Pin Pin: FILL_66/VNB; Direction: INOUT; Use: GROUND;: has an unconnected terminal at (29.120, 33.945) (29.240, 34.055)
Net VSS, Pin Pin: FILL_67/VNB; Direction: INOUT; Use: GROUND;: has an unconnected terminal at (51.200, 28.505) (51.320, 28.615)
Net VSS, Pin Pin: FILL_68/VNB; Direction: INOUT; Use: GROUND;: has an unconnected terminal at (41.540, 28.505) (41.660, 28.615)
Net VSS, Pin Pin: FILL_69/VNB; Direction: INOUT; Use: GROUND;: has an unconnected terminal at (31.420, 28.505) (31.540, 28.615)
Net VSS, Pin Pin: FILL_70/VNB; Direction: INOUT; Use: GROUND;: has an unconnected terminal at (29.580, 28.505) (29.700, 28.615)
Net VSS: has special routes with opens at (0.000, 0.000) (80.500, 100.640)
Net VSS: has regular routing with opens at (31.880, 33.915) (32.050, 34.085)
Net VSS: has regular routing with opens at (29.580, 61.115) (29.755, 61.285)
Net VSS: has regular routing with opens at (30.965, 50.235) (31.135, 50.405)
Net VSS: has regular routing with opens at (31.425, 66.555) (31.595, 66.725)
Net VSS: has regular routing with opens at (33.730, 66.555) (33.900, 66.725)
Net VSS: has regular routing with opens at (37.390, 61.115) (37.610, 61.320)
Net VSS: has regular routing with opens at (50.740, 55.675) (50.915, 55.845)
Net VSS: has regular routing with opens at (30.500, 33.915) (30.675, 34.085)
Net VSS: has regular routing with opens at (30.045, 55.675) (30.220, 55.845)
Net VSS: has regular routing with opens at (34.645, 50.235) (34.815, 50.405)

Begin Summary
    137 Problem(s) (IMPVFC-96): Terminal(s) are not connected.
    1 Problem(s) (IMPVFC-200): Special Wires: Pieces of the net are not connected together.
    10 Problem(s) (IMPVFC-92): Pieces of the net are not connected together.
    148 total info(s) created.
End Summary
