//  v2lvs v2019.1_18.11    Thu Jan 10 13:52:35 PST 2019
//
//  Copyright (c) 1992, 1993 Regents of the University of California
//         All rights reserved.
//
//        Copyright Mentor Graphics Corporation 1996-2019
//                       All Rights Reserved.
//   THIS WORK CONTAINS TRADE SECRET AND PROPRIETARY INFORMATION
//      WHICH IS THE PROPERTY OF MENTOR GRAPHICS CORPORATION
//        OR ITS LICENSORS AND IS SUBJECT TO LICENSE TERMS.
//
//  The registered trademark Linux is used pursuant to a sublicense from LMI, the
//  exclusive licensee of Linus Torvalds, owner of the mark on a world-wide basis.
//
//  Mentor Graphics software executing under x86-64 Linux
//
Running /cad/mentor/2019.1/aoi_cal_2019.1_18.11/pkgs/icv/pvt/v2lvs -i -lsp inputs/design_extracted.spice -s inputs/design_extracted.spice -lsp source.added -s source.added -o design_extracted_calibre.spice

Info: Creating Spice Library Database ...
Warning: No BUSDELIMITER statement in inputs/design_extracted.spice spice file, it will be set to [
Warning: No BUSDELIMITER statement in source.added spice file, it will be set to [
Info: Creating Design Database ...
Info: Converting Design ...

CPU TIME = 0  REAL TIME = 0  MALLOC = 5/5/5
