###############################################################
#  Generated by:      Cadence Innovus 20.13-s083_1
#  OS:                Linux x86_64(Host ID caddy13)
#  Generated on:      Mon Jul 19 16:30:07 2021
#  Design:            sar_adc_controller
#  Command:           checkDesign -all
###############################################################
Design: sar_adc_controller

------ Design Summary:
Total Standard Cell Number   (cells) : 84
Total Block Cell Number      (cells) : 0
Total I/O Pad Cell Number    (cells) : 0
Total Standard Cell Area     ( um^2) : 726.95
Total Block Cell Area        ( um^2) : 0.00
Total I/O Pad Cell Area      ( um^2) : 0.00

------ Design Statistics:

Number of Instances            : 84
Number of Non-uniquified Insts : 78
Number of Nets                 : 99
Average number of Pins per Net : 2.61
Maximum number of Pins in Net  : 22

------ I/O Port summary

Number of Primary I/O Ports    : 14
Number of Input Ports          : 4
Number of Output Ports         : 10
Number of Bidirectional Ports  : 0
Number of Power/Ground Ports   : 0



------------------------------------------------------------
Detail report:


------ I/O Pad/Port Checking


