Warning: Equate pins:  cell sky130_fd_pr__nfet_01v8 has no definition, treated as a black box.
Warning: Equate pins:  cell sky130_fd_pr__nfet_01v8 has no definition, treated as a black box.

Subcircuit pins:
Circuit 1: sky130_fd_pr__nfet_01v8         |Circuit 2: sky130_fd_pr__nfet_01v8         
-------------------------------------------|-------------------------------------------
1                                          |1                                          
2                                          |2                                          
3                                          |3                                          
4                                          |4                                          
---------------------------------------------------------------------------------------
Cell pin lists are equivalent.
Device classes sky130_fd_pr__nfet_01v8 and sky130_fd_pr__nfet_01v8 are equivalent.
Warning: Equate pins:  cell sky130_fd_pr__pfet_01v8_hvt has no definition, treated as a black box.
Warning: Equate pins:  cell sky130_fd_pr__pfet_01v8_hvt has no definition, treated as a black box.

Subcircuit pins:
Circuit 1: sky130_fd_pr__pfet_01v8_hvt     |Circuit 2: sky130_fd_pr__pfet_01v8_hvt     
-------------------------------------------|-------------------------------------------
1                                          |1                                          
2                                          |2                                          
3                                          |3                                          
4                                          |4                                          
---------------------------------------------------------------------------------------
Cell pin lists are equivalent.
Device classes sky130_fd_pr__pfet_01v8_hvt and sky130_fd_pr__pfet_01v8_hvt are equivalent.
Warning: Equate pins:  cell sky130_fd_pr__cap_mim_m3_1 has no definition, treated as a black box.
Warning: Equate pins:  cell sky130_fd_pr__cap_mim_m3_1 has no definition, treated as a black box.

Subcircuit pins:
Circuit 1: sky130_fd_pr__cap_mim_m3_1      |Circuit 2: sky130_fd_pr__cap_mim_m3_1      
-------------------------------------------|-------------------------------------------
1                                          |1                                          
2                                          |2                                          
---------------------------------------------------------------------------------------
Cell pin lists are equivalent.
Device classes sky130_fd_pr__cap_mim_m3_1 and sky130_fd_pr__cap_mim_m3_1 are equivalent.
Class cs_ring_osc_stage_lvs_exp:  Merged 1 devices.
Class cs_ring_osc_stage_flat:  Merged 35 devices.

Subcircuit summary:
Circuit 1: cs_ring_osc_stage_lvs_exp       |Circuit 2: cs_ring_osc_stage_flat          
-------------------------------------------|-------------------------------------------
sky130_fd_pr__nfet_01v8 (28)               |sky130_fd_pr__nfet_01v8 (28)               
sky130_fd_pr__pfet_01v8_hvt (28)           |sky130_fd_pr__pfet_01v8_hvt (28)           
sky130_fd_pr__cap_mim_m3_1 (2)             |sky130_fd_pr__cap_mim_m3_1 (2)             
Number of devices: 58                      |Number of devices: 58                      
Number of nets: 51                         |Number of nets: 51                         
---------------------------------------------------------------------------------------
Circuits match uniquely.
Netlists match uniquely.

Subcircuit pins:
Circuit 1: cs_ring_osc_stage_lvs_exp       |Circuit 2: cs_ring_osc_stage_flat          
-------------------------------------------|-------------------------------------------
vout                                       |vout                                       
VDD                                        |VDD                                        
vbiasp                                     |vbiasp                                     
vbiasn                                     |vbiasn                                     
VSS                                        |VSS                                        
vin                                        |vin                                        
---------------------------------------------------------------------------------------
Cell pin lists are equivalent.
Device classes cs_ring_osc_stage_lvs_exp and cs_ring_osc_stage_flat are equivalent.
Circuits match uniquely.
